Initializing document watcher...
elearning/resources/js/src/views/studio/editor/topMenu.vue: {}
elearning/resources/js/src/views/studio/editor/create.vue: {}
elearning/resources/js/src/router.js: {}
elearning/resources/js/src/views/studio/editor/create.vue: {}
elearning/resources/js/src/router.js: {}
elearning/resources/js/src/router.js: Using EditorConfig core...
elearning/resources/js/src/views/studio/editor/create.vue: {}
elearning/resources/js/src/views/components/QuizForm.vue: {}
elearning/resources/js/src/views/studio/editor/create.vue: {}
elearning/resources/js/src/views/studio/editor/create.vue: Using EditorConfig core...
elearning/resources/js/src/views/studio/editor/create.vue: Using EditorConfig core...
elearning/resources/js/src/views/studio/editor/create.vue: {}
elearning/resources/js/src/views/studio/editor/create.vue: Using EditorConfig core...
elearning/resources/js/src/views/studio/editor/create.vue: Using EditorConfig core...
elearning/resources/js/src/views/studio/editor/create.vue: {}
elearning/resources/js/src/views/studio/editor/create.vue: {}
elearning/resources/js/src/views/studio/editor/create.vue: {}
elearning/resources/js/src/views/studio/editor/topMenu.vue: {}
elearning/resources/js/src/views/studio/editor/create.vue: {}
elearning/resources/js/src/views/studio/editor/create.vue: {}
elearning/resources/js/src/views/studio/editor/create.vue: {}
elearning/resources/js/src/views/studio/editor/create.vue: {}
elearning/resources/js/src/views/studio/editor/create.vue: Using EditorConfig core...
elearning/resources/js/src/views/studio/editor/create.vue: {}
elearning/resources/js/src/views/studio/editor/create.vue: {}
elearning/resources/js/src/views/studio/editor/create.vue: {}
elearning/resources/js/src/views/studio/editor/create.vue: {}
elearning/resources/js/src/views/studio/Contenteditable.vue: {}
elearning/resources/js/src/views/studio/editor/topMenu.vue: {}
elearning/resources/js/src/views/studio/editor/create.vue: {}
elearning/resources/js/src/views/studio/Contenteditable.vue: {}
elearning/resources/js/src/views/studio/editor/topMenu.vue: {}
elearning/resources/js/src/views/studio/editor/topMenu.vue: {}
elearning/resources/js/src/views/studio/editor/topMenu.vue: {}
elearning/resources/js/src/views/studio/editor/topMenu.vue: Using EditorConfig core...
elearning/resources/js/src/views/studio/editor/Contenteditable.vue: {}
elearning/resources/js/src/views/studio/editor/create.vue: {}
elearning/resources/js/src/views/studio/editor/create.vue: Using EditorConfig core...
elearning/resources/js/src/views/studio/editor/topMenu.vue: {}
elearning/resources/js/src/views/studio/editor/topMenu.vue: Using EditorConfig core...
elearning/resources/js/src/views/studio/editor/create.vue: {}
elearning/resources/js/src/views/studio/editor/mainEdit.vue: {}
elearning/resources/js/src/views/studio/editor/topMenu.vue: {}
elearning/resources/js/src/views/studio/editor/topMenu.vue: {}
elearning/resources/js/src/views/studio/editor/topMenu.vue: {}
elearning/resources/js/src/views/studio/editor/topMenu.vue: {}
elearning/resources/js/src/views/studio/editor/topMenu.vue: Using EditorConfig core...
elearning/resources/js/src/views/studio/editor/mainEdit.vue: {}
elearning/resources/js/src/views/studio/editor/mainEdit.vue: Using EditorConfig core...
elearning/resources/js/src/views/studio/editor/create.vue: {}
elearning/resources/js/src/views/studio/editor/create.vue: Using EditorConfig core...
elearning/resources/js/src/views/studio/editor/Contenteditable.vue: {}
undefined: {}
elearning/resources/js/src/views/studio/editor/Contenteditable.vue: {}
elearning/resources/js/src/views/studio/editor/Contenteditable.vue: Using EditorConfig core...
undefined: {}
elearning/resources/js/src/views/studio/editor/create.vue: {}
elearning/resources/js/src/views/studio/editor/mainEdit.vue: {}
elearning/resources/js/src/views/studio/editor/create.vue: {}
elearning/resources/js/src/views/studio/editor/create.vue: Using EditorConfig core...
elearning/resources/js/src/views/studio/editor/create.vue: Using EditorConfig core...
elearning/resources/js/src/views/studio/editor/mainEdit.vue: {}
elearning/resources/js/src/views/studio/editor/mainEdit.vue: Using EditorConfig core...
elearning/resources/js/src/views/studio/editor/create.vue: {}
elearning/resources/js/src/views/studio/editor/mainEdit.vue: {}
elearning/resources/js/src/views/studio/editor/topMenu.vue: {}
elearning/resources/js/src/views/studio/editor/mainEdit.vue: {}
elearning/resources/js/src/views/studio/editor/topMenu.vue: {}
elearning/resources/js/src/views/studio/editor/mainEdit.vue: {}
elearning/resources/js/src/views/studio/editor/topMenu.vue: {}
elearning/resources/js/src/views/studio/editor/create.vue: {}
elearning/resources/js/src/views/studio/editor/mainEdit.vue: {}
elearning/resources/js/src/views/studio/editor/topMenu.vue: {}
elearning/resources/js/src/views/studio/editor/mainEdit.vue: {}
elearning/resources/js/src/views/studio/editor/topMenu.vue: {}
elearning/resources/js/src/views/studio/editor/topMenu.vue: Using EditorConfig core...
elearning/resources/js/src/views/studio/editor/topMenu.vue: {}
