["INFO" - 9:05:10 AM] Extension Name: esbenp.prettier-vscode.
["INFO" - 9:05:10 AM] Extension Version: 9.0.0.
["INFO" - 9:42:14 AM] Formatting file:///var/www/soft1.myvirtualtours.io/resources/js/src/views/pages/whitelabel.vue
["INFO" - 9:42:14 AM] Using config file at '/var/www/soft1.myvirtualtours.io/.prettierrc'
["INFO" - 9:42:14 AM] Using ignore file (if present) at /var/www/soft1.myvirtualtours.io/.prettierignore
["INFO" - 9:42:14 AM] File Info:
{
  "ignored": false,
  "inferredParser": "vue"
}
["INFO" - 9:42:14 AM] Detected local configuration (i.e. .prettierrc or .editorconfig), VS Code configuration will not be used
["INFO" - 9:42:14 AM] Prettier Options:
{
  "filepath": "/var/www/soft1.myvirtualtours.io/resources/js/src/views/pages/whitelabel.vue",
  "parser": "vue",
  "tabWidth": 2,
  "useTabs": false
}
["ERROR" - 9:42:14 AM] Error formatting document.
["ERROR" - 9:42:14 AM] Unexpected closing tag "vs-tabs". It may happen when the tag has already been closed by another tag. For more info see https://www.w3.org/TR/html5/syntax.html#closing-elements-that-have-implied-end-tags (289:21)
  287 |                     </vs-tab>
  288 |
> 289 |                     </vs-tabs>
      |                     ^^^^^^^^^^
  290 |             </div>
  291 |     <vs-popup class="holamundo"  title="Please Upgrade" :active.sync="upgradepopup">
  292 |       <p class="text-center">
SyntaxError: Unexpected closing tag "vs-tabs". It may happen when the tag has already been closed by another tag. For more info see https://www.w3.org/TR/html5/syntax.html#closing-elements-that-have-implied-end-tags (289:21)
  287 |                     </vs-tab>
  288 |
> 289 |                     </vs-tabs>
      |                     ^^^^^^^^^^
  290 |             </div>
  291 |     <vs-popup class="holamundo"  title="Please Upgrade" :active.sync="upgradepopup">
  292 |       <p class="text-center">
    at j (/var/www/soft1.myvirtualtours.io/node_modules/prettier/parser-html.js:40:2619)
    at jo (/var/www/soft1.myvirtualtours.io/node_modules/prettier/parser-html.js:132:2300)
    at Uo (/var/www/soft1.myvirtualtours.io/node_modules/prettier/parser-html.js:132:3778)
    at Object.parse (/var/www/soft1.myvirtualtours.io/node_modules/prettier/parser-html.js:132:4480)
    at Object.parse$a [as parse] (/var/www/soft1.myvirtualtours.io/node_modules/prettier/index.js:12513:19)
    at coreFormat (/var/www/soft1.myvirtualtours.io/node_modules/prettier/index.js:14044:16)
    at formatWithCursor$1 (/var/www/soft1.myvirtualtours.io/node_modules/prettier/index.js:14284:14)
    at /var/www/soft1.myvirtualtours.io/node_modules/prettier/index.js:59304:12
    at Object.Success [as format] (/var/www/soft1.myvirtualtours.io/node_modules/prettier/index.js:59324:12)
    at t.default.<anonymous> (/home/dotnet/.vscode/extensions/esbenp.prettier-vscode-9.0.0/src/PrettierEditService.ts:434:45)
    at Generator.next (<anonymous>)
    at s (/home/dotnet/.vscode/extensions/esbenp.prettier-vscode-9.0.0/dist/extension.js:1:7872)
["INFO" - 9:42:15 AM] Formatting completed in 0.181ms.
["INFO" - 9:42:36 AM] Forced formatting will not use ignore files.
["INFO" - 9:42:36 AM] Formatting file:///var/www/soft1.myvirtualtours.io/resources/js/src/views/pages/whitelabel.vue
["INFO" - 9:42:36 AM] Using config file at '/var/www/soft1.myvirtualtours.io/.prettierrc'
["INFO" - 9:42:36 AM] Using ignore file (if present) at /var/www/soft1.myvirtualtours.io/.prettierignore
["INFO" - 9:42:36 AM] File Info:
{
  "ignored": false,
  "inferredParser": "vue"
}
["INFO" - 9:42:36 AM] Detected local configuration (i.e. .prettierrc or .editorconfig), VS Code configuration will not be used
["INFO" - 9:42:36 AM] Prettier Options:
{
  "filepath": "/var/www/soft1.myvirtualtours.io/resources/js/src/views/pages/whitelabel.vue",
  "parser": "vue",
  "tabWidth": 2,
  "useTabs": false
}
["ERROR" - 9:42:36 AM] Error formatting document.
["ERROR" - 9:42:36 AM] Unexpected closing tag "vs-tabs". It may happen when the tag has already been closed by another tag. For more info see https://www.w3.org/TR/html5/syntax.html#closing-elements-that-have-implied-end-tags (289:21)
  287 |                     </vs-tab>
  288 |
> 289 |                     </vs-tabs>
      |                     ^^^^^^^^^^
  290 |             </div>
  291 |     <vs-popup class="holamundo"  title="Please Upgrade" :active.sync="upgradepopup">
  292 |       <p class="text-center">
SyntaxError: Unexpected closing tag "vs-tabs". It may happen when the tag has already been closed by another tag. For more info see https://www.w3.org/TR/html5/syntax.html#closing-elements-that-have-implied-end-tags (289:21)
  287 |                     </vs-tab>
  288 |
> 289 |                     </vs-tabs>
      |                     ^^^^^^^^^^
  290 |             </div>
  291 |     <vs-popup class="holamundo"  title="Please Upgrade" :active.sync="upgradepopup">
  292 |       <p class="text-center">
    at j (/var/www/soft1.myvirtualtours.io/node_modules/prettier/parser-html.js:40:2619)
    at jo (/var/www/soft1.myvirtualtours.io/node_modules/prettier/parser-html.js:132:2300)
    at Uo (/var/www/soft1.myvirtualtours.io/node_modules/prettier/parser-html.js:132:3778)
    at Object.parse (/var/www/soft1.myvirtualtours.io/node_modules/prettier/parser-html.js:132:4480)
    at Object.parse$a [as parse] (/var/www/soft1.myvirtualtours.io/node_modules/prettier/index.js:12513:19)
    at coreFormat (/var/www/soft1.myvirtualtours.io/node_modules/prettier/index.js:14044:16)
    at formatWithCursor$1 (/var/www/soft1.myvirtualtours.io/node_modules/prettier/index.js:14284:14)
    at /var/www/soft1.myvirtualtours.io/node_modules/prettier/index.js:59304:12
    at Object.Success [as format] (/var/www/soft1.myvirtualtours.io/node_modules/prettier/index.js:59324:12)
    at t.default.<anonymous> (/home/dotnet/.vscode/extensions/esbenp.prettier-vscode-9.0.0/src/PrettierEditService.ts:434:45)
    at Generator.next (<anonymous>)
    at s (/home/dotnet/.vscode/extensions/esbenp.prettier-vscode-9.0.0/dist/extension.js:1:7872)
["INFO" - 9:42:36 AM] Formatting completed in 0.079ms.
["INFO" - 10:53:07 AM] Formatting file:///var/www/soft1.myvirtualtours.io/resources/js/src/views/pages/whitelabel.vue
["INFO" - 10:53:07 AM] Using config file at '/var/www/soft1.myvirtualtours.io/.prettierrc'
["INFO" - 10:53:07 AM] Using ignore file (if present) at /var/www/soft1.myvirtualtours.io/.prettierignore
["INFO" - 10:53:07 AM] File Info:
{
  "ignored": false,
  "inferredParser": "vue"
}
["INFO" - 10:53:07 AM] Detected local configuration (i.e. .prettierrc or .editorconfig), VS Code configuration will not be used
["INFO" - 10:53:07 AM] Prettier Options:
{
  "filepath": "/var/www/soft1.myvirtualtours.io/resources/js/src/views/pages/whitelabel.vue",
  "parser": "vue",
  "tabWidth": 2,
  "useTabs": false
}
["ERROR" - 10:53:07 AM] Error formatting document.
["ERROR" - 10:53:07 AM] Unexpected closing tag "vs-tabs". It may happen when the tag has already been closed by another tag. For more info see https://www.w3.org/TR/html5/syntax.html#closing-elements-that-have-implied-end-tags (289:21)
  287 |                     </vs-tab>
  288 |
> 289 |                     </vs-tabs>
      |                     ^^^^^^^^^^
  290 |             </div>
  291 |     <vs-popup class="holamundo"  title="Please Upgrade" :active.sync="upgradepopup">
  292 |       <p class="text-center">
SyntaxError: Unexpected closing tag "vs-tabs". It may happen when the tag has already been closed by another tag. For more info see https://www.w3.org/TR/html5/syntax.html#closing-elements-that-have-implied-end-tags (289:21)
  287 |                     </vs-tab>
  288 |
> 289 |                     </vs-tabs>
      |                     ^^^^^^^^^^
  290 |             </div>
  291 |     <vs-popup class="holamundo"  title="Please Upgrade" :active.sync="upgradepopup">
  292 |       <p class="text-center">
    at j (/var/www/soft1.myvirtualtours.io/node_modules/prettier/parser-html.js:40:2619)
    at jo (/var/www/soft1.myvirtualtours.io/node_modules/prettier/parser-html.js:132:2300)
    at Uo (/var/www/soft1.myvirtualtours.io/node_modules/prettier/parser-html.js:132:3778)
    at Object.parse (/var/www/soft1.myvirtualtours.io/node_modules/prettier/parser-html.js:132:4480)
    at Object.parse$a [as parse] (/var/www/soft1.myvirtualtours.io/node_modules/prettier/index.js:12513:19)
    at coreFormat (/var/www/soft1.myvirtualtours.io/node_modules/prettier/index.js:14044:16)
    at formatWithCursor$1 (/var/www/soft1.myvirtualtours.io/node_modules/prettier/index.js:14284:14)
    at /var/www/soft1.myvirtualtours.io/node_modules/prettier/index.js:59304:12
    at Object.Success [as format] (/var/www/soft1.myvirtualtours.io/node_modules/prettier/index.js:59324:12)
    at t.default.<anonymous> (/home/dotnet/.vscode/extensions/esbenp.prettier-vscode-9.0.0/src/PrettierEditService.ts:434:45)
    at Generator.next (<anonymous>)
    at s (/home/dotnet/.vscode/extensions/esbenp.prettier-vscode-9.0.0/dist/extension.js:1:7872)
["INFO" - 10:53:07 AM] Formatting completed in 0.067ms.
["INFO" - 11:16:01 AM] Formatting file:///var/www/soft1.myvirtualtours.io/resources/js/src/views/pages/whitelabel.vue
["INFO" - 11:16:01 AM] Using config file at '/var/www/soft1.myvirtualtours.io/.prettierrc'
["INFO" - 11:16:01 AM] Using ignore file (if present) at /var/www/soft1.myvirtualtours.io/.prettierignore
["INFO" - 11:16:01 AM] File Info:
{
  "ignored": false,
  "inferredParser": "vue"
}
["INFO" - 11:16:01 AM] Detected local configuration (i.e. .prettierrc or .editorconfig), VS Code configuration will not be used
["INFO" - 11:16:01 AM] Prettier Options:
{
  "filepath": "/var/www/soft1.myvirtualtours.io/resources/js/src/views/pages/whitelabel.vue",
  "parser": "vue",
  "tabWidth": 2,
  "useTabs": false
}
["ERROR" - 11:16:01 AM] Error formatting document.
["ERROR" - 11:16:01 AM] Unexpected closing tag "vs-tabs". It may happen when the tag has already been closed by another tag. For more info see https://www.w3.org/TR/html5/syntax.html#closing-elements-that-have-implied-end-tags (289:21)
  287 |                     </vs-tab>
  288 |
> 289 |                     </vs-tabs>
      |                     ^^^^^^^^^^
  290 |             </div>
  291 |     <vs-popup class="holamundo"  title="Please Upgrade" :active.sync="upgradepopup">
  292 |       <p class="text-center">
SyntaxError: Unexpected closing tag "vs-tabs". It may happen when the tag has already been closed by another tag. For more info see https://www.w3.org/TR/html5/syntax.html#closing-elements-that-have-implied-end-tags (289:21)
  287 |                     </vs-tab>
  288 |
> 289 |                     </vs-tabs>
      |                     ^^^^^^^^^^
  290 |             </div>
  291 |     <vs-popup class="holamundo"  title="Please Upgrade" :active.sync="upgradepopup">
  292 |       <p class="text-center">
    at j (/var/www/soft1.myvirtualtours.io/node_modules/prettier/parser-html.js:40:2619)
    at jo (/var/www/soft1.myvirtualtours.io/node_modules/prettier/parser-html.js:132:2300)
    at Uo (/var/www/soft1.myvirtualtours.io/node_modules/prettier/parser-html.js:132:3778)
    at Object.parse (/var/www/soft1.myvirtualtours.io/node_modules/prettier/parser-html.js:132:4480)
    at Object.parse$a [as parse] (/var/www/soft1.myvirtualtours.io/node_modules/prettier/index.js:12513:19)
    at coreFormat (/var/www/soft1.myvirtualtours.io/node_modules/prettier/index.js:14044:16)
    at formatWithCursor$1 (/var/www/soft1.myvirtualtours.io/node_modules/prettier/index.js:14284:14)
    at /var/www/soft1.myvirtualtours.io/node_modules/prettier/index.js:59304:12
    at Object.Success [as format] (/var/www/soft1.myvirtualtours.io/node_modules/prettier/index.js:59324:12)
    at t.default.<anonymous> (/home/dotnet/.vscode/extensions/esbenp.prettier-vscode-9.0.0/src/PrettierEditService.ts:434:45)
    at Generator.next (<anonymous>)
    at s (/home/dotnet/.vscode/extensions/esbenp.prettier-vscode-9.0.0/dist/extension.js:1:7872)
["INFO" - 11:16:01 AM] Formatting completed in 0.067ms.
["INFO" - 12:10:23 PM] Formatting file:///var/www/soft1.myvirtualtours.io/resources/js/src/views/Bonus.vue
["INFO" - 12:10:23 PM] Using config file at '/var/www/soft1.myvirtualtours.io/.prettierrc'
["INFO" - 12:10:23 PM] Using ignore file (if present) at /var/www/soft1.myvirtualtours.io/.prettierignore
["INFO" - 12:10:23 PM] File Info:
{
  "ignored": false,
  "inferredParser": "vue"
}
["INFO" - 12:10:23 PM] Detected local configuration (i.e. .prettierrc or .editorconfig), VS Code configuration will not be used
["INFO" - 12:10:23 PM] Prettier Options:
{
  "filepath": "/var/www/soft1.myvirtualtours.io/resources/js/src/views/Bonus.vue",
  "parser": "vue",
  "tabWidth": 2,
  "useTabs": false
}
["INFO" - 12:10:23 PM] Formatting completed in 0.117ms.
["INFO" - 12:49:04 PM] Formatting file:///var/www/soft1.myvirtualtours.io/resources/js/src/views/pages/new.vue
["INFO" - 12:49:04 PM] Using config file at '/var/www/soft1.myvirtualtours.io/.prettierrc'
["INFO" - 12:49:04 PM] Using ignore file (if present) at /var/www/soft1.myvirtualtours.io/.prettierignore
["INFO" - 12:49:04 PM] File Info:
{
  "ignored": false,
  "inferredParser": "vue"
}
["INFO" - 12:49:04 PM] Detected local configuration (i.e. .prettierrc or .editorconfig), VS Code configuration will not be used
["INFO" - 12:49:04 PM] Prettier Options:
{
  "filepath": "/var/www/soft1.myvirtualtours.io/resources/js/src/views/pages/new.vue",
  "parser": "vue",
  "tabWidth": 2,
  "useTabs": false
}
["INFO" - 12:49:05 PM] Formatting completed in 0.28ms.
["INFO" - 2:10:10 PM] Formatting file:///var/www/soft1.myvirtualtours.io/resources/js/src/views/pages/new.vue
["INFO" - 2:10:10 PM] Using config file at '/var/www/soft1.myvirtualtours.io/.prettierrc'
["INFO" - 2:10:10 PM] Using ignore file (if present) at /var/www/soft1.myvirtualtours.io/.prettierignore
["INFO" - 2:10:10 PM] File Info:
{
  "ignored": false,
  "inferredParser": "vue"
}
["INFO" - 2:10:10 PM] Detected local configuration (i.e. .prettierrc or .editorconfig), VS Code configuration will not be used
["INFO" - 2:10:10 PM] Prettier Options:
{
  "filepath": "/var/www/soft1.myvirtualtours.io/resources/js/src/views/pages/new.vue",
  "parser": "vue",
  "tabWidth": 2,
  "useTabs": false
}
["INFO" - 2:10:10 PM] Formatting completed in 0.438ms.
["INFO" - 4:34:03 PM] Formatting file:///var/www/soft1.myvirtualtours.io/resources/js/src/views/pages/passwordReset.vue
["INFO" - 4:34:04 PM] Using config file at '/var/www/soft1.myvirtualtours.io/.prettierrc'
["INFO" - 4:34:04 PM] Using ignore file (if present) at /var/www/soft1.myvirtualtours.io/.prettierignore
["INFO" - 4:34:04 PM] File Info:
{
  "ignored": false,
  "inferredParser": "vue"
}
["INFO" - 4:34:04 PM] Detected local configuration (i.e. .prettierrc or .editorconfig), VS Code configuration will not be used
["INFO" - 4:34:04 PM] Prettier Options:
{
  "filepath": "/var/www/soft1.myvirtualtours.io/resources/js/src/views/pages/passwordReset.vue",
  "parser": "vue",
  "tabWidth": 2,
  "useTabs": false
}
["INFO" - 4:34:04 PM] Formatting completed in 0.128ms.
["INFO" - 5:05:04 PM] Formatting file:///var/www/soft1.myvirtualtours.io/resources/js/src/views/dashboard.vue
["INFO" - 5:05:04 PM] Using config file at '/var/www/soft1.myvirtualtours.io/.prettierrc'
["INFO" - 5:05:04 PM] Using ignore file (if present) at /var/www/soft1.myvirtualtours.io/.prettierignore
["INFO" - 5:05:04 PM] File Info:
{
  "ignored": false,
  "inferredParser": "vue"
}
["INFO" - 5:05:04 PM] Detected local configuration (i.e. .prettierrc or .editorconfig), VS Code configuration will not be used
["INFO" - 5:05:04 PM] Prettier Options:
{
  "filepath": "/var/www/soft1.myvirtualtours.io/resources/js/src/views/dashboard.vue",
  "parser": "vue",
  "tabWidth": 2,
  "useTabs": false
}
["ERROR" - 5:05:04 PM] Error formatting document.
["ERROR" - 5:05:04 PM] Unexpected closing tag "div". It may happen when the tag has already been closed by another tag. For more info see https://www.w3.org/TR/html5/syntax.html#closing-elements-that-have-implied-end-tags (106:5)
  104 |     </div>-->
  105 |   </div>
> 106 |     </div>
      |     ^^^^^^
  107 | </template>
  108 |
  109 | <script>
SyntaxError: Unexpected closing tag "div". It may happen when the tag has already been closed by another tag. For more info see https://www.w3.org/TR/html5/syntax.html#closing-elements-that-have-implied-end-tags (106:5)
  104 |     </div>-->
  105 |   </div>
> 106 |     </div>
      |     ^^^^^^
  107 | </template>
  108 |
  109 | <script>
    at j (/var/www/soft1.myvirtualtours.io/node_modules/prettier/parser-html.js:40:2619)
    at jo (/var/www/soft1.myvirtualtours.io/node_modules/prettier/parser-html.js:132:2300)
    at Uo (/var/www/soft1.myvirtualtours.io/node_modules/prettier/parser-html.js:132:3778)
    at Object.parse (/var/www/soft1.myvirtualtours.io/node_modules/prettier/parser-html.js:132:4480)
    at Object.parse$a [as parse] (/var/www/soft1.myvirtualtours.io/node_modules/prettier/index.js:12513:19)
    at coreFormat (/var/www/soft1.myvirtualtours.io/node_modules/prettier/index.js:14044:16)
    at formatWithCursor$1 (/var/www/soft1.myvirtualtours.io/node_modules/prettier/index.js:14284:14)
    at /var/www/soft1.myvirtualtours.io/node_modules/prettier/index.js:59304:12
    at Object.Success [as format] (/var/www/soft1.myvirtualtours.io/node_modules/prettier/index.js:59324:12)
    at t.default.<anonymous> (/home/dotnet/.vscode/extensions/esbenp.prettier-vscode-9.0.0/src/PrettierEditService.ts:434:45)
    at Generator.next (<anonymous>)
    at s (/home/dotnet/.vscode/extensions/esbenp.prettier-vscode-9.0.0/dist/extension.js:1:7872)
["INFO" - 5:05:04 PM] Formatting completed in 0.059ms.
