[2021-11-29 20:45:57.476] [settingssync] [info] Using settings sync service https://vscode-sync.trafficmanager.net/
[2021-11-29 20:45:57.476] [settingssync] [info] Auto Sync is enabled.
[2021-11-29 20:45:57.476] [settingssync] [info] Auto Sync: Suspended until auth token is available.
[2021-11-29 20:46:06.164] [settingssync] [info] Auto Sync: Started
[2021-11-29 20:46:06.164] [settingssync] [info] Auto Sync: Triggered by Interval
[2021-11-29 20:46:24.013] [settingssync] [info] Settings: No changes found during synchronizing settings.
[2021-11-29 20:46:24.522] [settingssync] [info] Keybindings: No changes found during synchronizing keybindings.
[2021-11-29 20:46:24.543] [settingssync] [info] Snippets: No changes found during synchronizing snippets.
[2021-11-29 20:46:24.619] [settingssync] [info] GlobalState: No changes found during synchronizing ui state.
[2021-11-29 20:46:24.849] [settingssync] [info] Extensions: No changes found during synchronizing extensions.
[2021-11-29 20:46:24.859] [settingssync] [info] Sync done. Took 1443ms
[2021-11-29 20:46:24.862] [settingssync] [info] Auto Sync: Triggered by Activity
[2021-11-29 20:46:25.022] [settingssync] [info] Settings: No changes found during synchronizing settings.
[2021-11-29 20:46:25.027] [settingssync] [info] Keybindings: No changes found during synchronizing keybindings.
[2021-11-29 20:46:25.049] [settingssync] [info] Snippets: No changes found during synchronizing snippets.
[2021-11-29 20:46:25.078] [settingssync] [info] GlobalState: No changes found during synchronizing ui state.
[2021-11-29 20:46:25.254] [settingssync] [info] Extensions: No changes found during synchronizing extensions.
[2021-11-29 20:46:25.255] [settingssync] [info] Sync done. Took 262ms
[2021-11-29 20:47:04.657] [settingssync] [info] Auto Sync: Triggered by Activity
[2021-11-29 20:47:04.940] [settingssync] [info] Settings: No changes found during synchronizing settings.
[2021-11-29 20:47:04.943] [settingssync] [info] Keybindings: No changes found during synchronizing keybindings.
[2021-11-29 20:47:04.948] [settingssync] [info] Snippets: No changes found during synchronizing snippets.
[2021-11-29 20:47:04.983] [settingssync] [info] GlobalState: No changes found during synchronizing ui state.
[2021-11-29 20:47:05.103] [settingssync] [info] Extensions: No changes found during synchronizing extensions.
[2021-11-29 20:47:05.104] [settingssync] [info] Sync done. Took 173ms
[2021-11-29 20:48:17.884] [settingssync] [info] Auto Sync: Triggered by Activity
[2021-11-29 20:48:18.157] [settingssync] [info] Settings: No changes found during synchronizing settings.
[2021-11-29 20:48:18.161] [settingssync] [info] Keybindings: No changes found during synchronizing keybindings.
[2021-11-29 20:48:18.166] [settingssync] [info] Snippets: No changes found during synchronizing snippets.
[2021-11-29 20:48:18.210] [settingssync] [info] GlobalState: No changes found during synchronizing ui state.
[2021-11-29 20:48:18.364] [settingssync] [info] Extensions: No changes found during synchronizing extensions.
[2021-11-29 20:48:18.366] [settingssync] [info] Sync done. Took 258ms
[2021-11-29 20:48:28.476] [settingssync] [info] Auto Sync: Triggered by Activity
[2021-11-29 20:48:28.699] [settingssync] [info] Settings: No changes found during synchronizing settings.
[2021-11-29 20:48:28.710] [settingssync] [info] Keybindings: No changes found during synchronizing keybindings.
[2021-11-29 20:48:28.714] [settingssync] [info] Snippets: No changes found during synchronizing snippets.
[2021-11-29 20:48:28.761] [settingssync] [info] GlobalState: No changes found during synchronizing ui state.
[2021-11-29 20:48:28.889] [settingssync] [info] Extensions: No changes found during synchronizing extensions.
[2021-11-29 20:48:28.894] [settingssync] [info] Sync done. Took 220ms
[2021-11-29 20:48:50.479] [settingssync] [info] Auto Sync: Triggered by Activity
[2021-11-29 20:48:50.636] [settingssync] [info] Settings: No changes found during synchronizing settings.
[2021-11-29 20:48:50.638] [settingssync] [info] Keybindings: No changes found during synchronizing keybindings.
[2021-11-29 20:48:50.642] [settingssync] [info] Snippets: No changes found during synchronizing snippets.
[2021-11-29 20:48:50.674] [settingssync] [info] GlobalState: No changes found during synchronizing ui state.
[2021-11-29 20:48:50.787] [settingssync] [info] Extensions: No changes found during synchronizing extensions.
[2021-11-29 20:48:50.788] [settingssync] [info] Sync done. Took 180ms
[2021-11-29 20:49:37.152] [settingssync] [info] Auto Sync: Triggered by Activity
[2021-11-29 20:49:38.325] [settingssync] [info] Settings: No changes found during synchronizing settings.
[2021-11-29 20:49:38.327] [settingssync] [info] Keybindings: No changes found during synchronizing keybindings.
[2021-11-29 20:49:38.333] [settingssync] [info] Snippets: No changes found during synchronizing snippets.
[2021-11-29 20:49:38.368] [settingssync] [info] GlobalState: No changes found during synchronizing ui state.
[2021-11-29 20:49:38.478] [settingssync] [info] Extensions: No changes found during synchronizing extensions.
[2021-11-29 20:49:38.479] [settingssync] [info] Sync done. Took 186ms
[2021-11-29 20:49:58.130] [settingssync] [info] Auto Sync: Triggered by Activity
[2021-11-29 20:49:59.158] [settingssync] [info] Settings: No changes found during synchronizing settings.
[2021-11-29 20:49:59.162] [settingssync] [info] Keybindings: No changes found during synchronizing keybindings.
[2021-11-29 20:49:59.171] [settingssync] [info] Snippets: No changes found during synchronizing snippets.
[2021-11-29 20:49:59.221] [settingssync] [info] GlobalState: No changes found during synchronizing ui state.
[2021-11-29 20:49:59.360] [settingssync] [info] Extensions: No changes found during synchronizing extensions.
[2021-11-29 20:49:59.361] [settingssync] [info] Sync done. Took 230ms
[2021-11-29 20:50:44.137] [settingssync] [info] Auto Sync: Triggered by Activity
[2021-11-29 20:50:44.409] [settingssync] [info] Settings: No changes found during synchronizing settings.
[2021-11-29 20:50:44.412] [settingssync] [info] Keybindings: No changes found during synchronizing keybindings.
[2021-11-29 20:50:44.420] [settingssync] [info] Snippets: No changes found during synchronizing snippets.
[2021-11-29 20:50:44.454] [settingssync] [info] GlobalState: No changes found during synchronizing ui state.
[2021-11-29 20:50:44.583] [settingssync] [info] Extensions: No changes found during synchronizing extensions.
[2021-11-29 20:50:44.584] [settingssync] [info] Sync done. Took 244ms
[2021-11-29 20:50:59.060] [settingssync] [info] Auto Sync: Triggered by Activity
[2021-11-29 20:50:59.207] [settingssync] [info] Settings: No changes found during synchronizing settings.
[2021-11-29 20:50:59.212] [settingssync] [info] Keybindings: No changes found during synchronizing keybindings.
[2021-11-29 20:50:59.219] [settingssync] [info] Snippets: No changes found during synchronizing snippets.
[2021-11-29 20:50:59.252] [settingssync] [info] GlobalState: No changes found during synchronizing ui state.
[2021-11-29 20:50:59.376] [settingssync] [info] Extensions: No changes found during synchronizing extensions.
[2021-11-29 20:50:59.377] [settingssync] [info] Sync done. Took 188ms
[2021-11-29 20:51:40.435] [settingssync] [info] Auto Sync: Triggered by Activity
[2021-11-29 20:51:40.590] [settingssync] [info] Settings: No changes found during synchronizing settings.
[2021-11-29 20:51:40.598] [settingssync] [info] Keybindings: No changes found during synchronizing keybindings.
[2021-11-29 20:51:40.601] [settingssync] [info] Snippets: No changes found during synchronizing snippets.
[2021-11-29 20:51:40.631] [settingssync] [info] GlobalState: No changes found during synchronizing ui state.
[2021-11-29 20:51:40.767] [settingssync] [info] Extensions: No changes found during synchronizing extensions.
[2021-11-29 20:51:40.768] [settingssync] [info] Sync done. Took 210ms
[2021-11-29 20:51:52.029] [settingssync] [info] Auto Sync: Triggered by Activity
[2021-11-29 20:51:52.178] [settingssync] [info] Settings: No changes found during synchronizing settings.
[2021-11-29 20:51:52.185] [settingssync] [info] Keybindings: No changes found during synchronizing keybindings.
[2021-11-29 20:51:52.188] [settingssync] [info] Snippets: No changes found during synchronizing snippets.
[2021-11-29 20:51:52.217] [settingssync] [info] GlobalState: No changes found during synchronizing ui state.
[2021-11-29 20:51:52.329] [settingssync] [info] Extensions: No changes found during synchronizing extensions.
[2021-11-29 20:51:52.331] [settingssync] [info] Sync done. Took 172ms
[2021-11-29 20:52:14.238] [settingssync] [info] Auto Sync: Triggered by Activity
[2021-11-29 20:52:14.483] [settingssync] [info] Settings: No changes found during synchronizing settings.
[2021-11-29 20:52:14.490] [settingssync] [info] Keybindings: No changes found during synchronizing keybindings.
[2021-11-29 20:52:14.499] [settingssync] [info] Snippets: No changes found during synchronizing snippets.
[2021-11-29 20:52:14.566] [settingssync] [info] GlobalState: No changes found during synchronizing ui state.
[2021-11-29 20:52:14.841] [settingssync] [info] Extensions: No changes found during synchronizing extensions.
[2021-11-29 20:52:14.844] [settingssync] [info] Sync done. Took 415ms
[2021-11-29 20:53:49.712] [settingssync] [info] Auto Sync: Triggered by Activity
[2021-11-29 20:53:50.405] [settingssync] [info] Settings: No changes found during synchronizing settings.
[2021-11-29 20:53:50.406] [settingssync] [info] Keybindings: No changes found during synchronizing keybindings.
[2021-11-29 20:53:50.412] [settingssync] [info] Snippets: No changes found during synchronizing snippets.
[2021-11-29 20:53:50.448] [settingssync] [info] GlobalState: No changes found during synchronizing ui state.
[2021-11-29 20:53:50.562] [settingssync] [info] Extensions: No changes found during synchronizing extensions.
[2021-11-29 20:53:50.564] [settingssync] [info] Sync done. Took 182ms
[2021-11-29 20:55:07.364] [settingssync] [info] Auto Sync: Triggered by Activity
[2021-11-29 20:55:07.713] [settingssync] [info] Settings: No changes found during synchronizing settings.
[2021-11-29 20:55:07.719] [settingssync] [info] Keybindings: No changes found during synchronizing keybindings.
[2021-11-29 20:55:07.724] [settingssync] [info] Snippets: No changes found during synchronizing snippets.
[2021-11-29 20:55:07.751] [settingssync] [info] GlobalState: No changes found during synchronizing ui state.
[2021-11-29 20:55:07.846] [settingssync] [info] Extensions: No changes found during synchronizing extensions.
[2021-11-29 20:55:07.846] [settingssync] [info] Sync done. Took 155ms
[2021-11-29 20:56:15.155] [settingssync] [info] Auto Sync: Triggered by Activity
[2021-11-29 20:56:15.531] [settingssync] [info] Settings: No changes found during synchronizing settings.
[2021-11-29 20:56:15.534] [settingssync] [info] Keybindings: No changes found during synchronizing keybindings.
[2021-11-29 20:56:15.538] [settingssync] [info] Snippets: No changes found during synchronizing snippets.
[2021-11-29 20:56:15.572] [settingssync] [info] GlobalState: No changes found during synchronizing ui state.
[2021-11-29 20:56:15.684] [settingssync] [info] Extensions: No changes found during synchronizing extensions.
[2021-11-29 20:56:15.686] [settingssync] [info] Sync done. Took 171ms
[2021-11-29 20:56:44.002] [settingssync] [info] Auto Sync: Triggered by Activity
[2021-11-29 20:56:44.349] [settingssync] [info] Settings: No changes found during synchronizing settings.
[2021-11-29 20:56:44.353] [settingssync] [info] Keybindings: No changes found during synchronizing keybindings.
[2021-11-29 20:56:44.378] [settingssync] [info] Snippets: No changes found during synchronizing snippets.
[2021-11-29 20:56:44.496] [settingssync] [info] GlobalState: No changes found during synchronizing ui state.
[2021-11-29 20:56:44.751] [settingssync] [info] Extensions: No changes found during synchronizing extensions.
[2021-11-29 20:56:44.753] [settingssync] [info] Sync done. Took 487ms
[2021-11-29 20:57:08.591] [settingssync] [info] Auto Sync: Triggered by Activity
[2021-11-29 20:57:08.828] [settingssync] [info] Settings: No changes found during synchronizing settings.
[2021-11-29 20:57:08.830] [settingssync] [info] Keybindings: No changes found during synchronizing keybindings.
[2021-11-29 20:57:08.840] [settingssync] [info] Snippets: No changes found during synchronizing snippets.
[2021-11-29 20:57:08.892] [settingssync] [info] GlobalState: No changes found during synchronizing ui state.
[2021-11-29 20:57:09.306] [settingssync] [info] Extensions: No changes found during synchronizing extensions.
[2021-11-29 20:57:09.309] [settingssync] [info] Sync done. Took 536ms
[2021-11-29 20:57:20.229] [settingssync] [info] Auto Sync: Triggered by Activity
[2021-11-29 20:57:20.435] [settingssync] [info] Settings: No changes found during synchronizing settings.
[2021-11-29 20:57:20.437] [settingssync] [info] Keybindings: No changes found during synchronizing keybindings.
[2021-11-29 20:57:20.440] [settingssync] [info] Snippets: No changes found during synchronizing snippets.
[2021-11-29 20:57:20.467] [settingssync] [info] GlobalState: No changes found during synchronizing ui state.
[2021-11-29 20:57:20.547] [settingssync] [info] Extensions: No changes found during synchronizing extensions.
[2021-11-29 20:57:20.552] [settingssync] [info] Sync done. Took 142ms
[2021-11-29 20:57:31.781] [settingssync] [info] Auto Sync: Triggered by Activity
[2021-11-29 20:57:32.499] [settingssync] [info] Settings: No changes found during synchronizing settings.
[2021-11-29 20:57:32.502] [settingssync] [info] Keybindings: No changes found during synchronizing keybindings.
[2021-11-29 20:57:32.506] [settingssync] [info] Snippets: No changes found during synchronizing snippets.
[2021-11-29 20:57:32.536] [settingssync] [info] GlobalState: No changes found during synchronizing ui state.
[2021-11-29 20:57:32.740] [settingssync] [info] Extensions: No changes found during synchronizing extensions.
[2021-11-29 20:57:32.741] [settingssync] [info] Sync done. Took 271ms
[2021-11-29 20:57:49.685] [settingssync] [info] Auto Sync: Triggered by Activity
[2021-11-29 20:57:49.928] [settingssync] [info] Settings: No changes found during synchronizing settings.
[2021-11-29 20:57:49.939] [settingssync] [info] Keybindings: No changes found during synchronizing keybindings.
[2021-11-29 20:57:49.954] [settingssync] [info] Snippets: No changes found during synchronizing snippets.
[2021-11-29 20:57:50.073] [settingssync] [info] GlobalState: No changes found during synchronizing ui state.
[2021-11-29 20:57:50.334] [settingssync] [info] Extensions: No changes found during synchronizing extensions.
[2021-11-29 20:57:50.335] [settingssync] [info] Sync done. Took 484ms
[2021-11-29 20:58:58.650] [settingssync] [info] Auto Sync: Triggered by Activity
[2021-11-29 20:59:00.159] [settingssync] [info] Settings: No changes found during synchronizing settings.
[2021-11-29 20:59:00.161] [settingssync] [info] Keybindings: No changes found during synchronizing keybindings.
[2021-11-29 20:59:00.165] [settingssync] [info] Snippets: No changes found during synchronizing snippets.
[2021-11-29 20:59:03.380] [settingssync] [info] GlobalState: Updated remote ui state
[2021-11-29 20:59:03.394] [settingssync] [info] GlobalState: Updated last synchronized ui state
[2021-11-29 20:59:03.507] [settingssync] [info] Extensions: No changes found during synchronizing extensions.
[2021-11-29 20:59:03.508] [settingssync] [info] Sync done. Took 3373ms
[2021-11-29 21:00:27.131] [settingssync] [info] Auto Sync: Triggered by Activity
[2021-11-29 21:00:28.337] [settingssync] [info] Settings: Updated remote settings
[2021-11-29 21:00:28.349] [settingssync] [info] Settings: Updated last synchronized settings
[2021-11-29 21:00:28.350] [settingssync] [info] Keybindings: No changes found during synchronizing keybindings.
[2021-11-29 21:00:28.354] [settingssync] [info] Snippets: No changes found during synchronizing snippets.
[2021-11-29 21:00:28.377] [settingssync] [info] GlobalState: No changes found during synchronizing ui state.
[2021-11-29 21:00:28.476] [settingssync] [info] Extensions: No changes found during synchronizing extensions.
[2021-11-29 21:00:28.477] [settingssync] [info] Sync done. Took 1199ms
[2021-11-29 21:00:44.050] [settingssync] [info] Auto Sync: Triggered by Activity
[2021-11-29 21:00:44.190] [settingssync] [info] Settings: No changes found during synchronizing settings.
[2021-11-29 21:00:44.197] [settingssync] [info] Keybindings: No changes found during synchronizing keybindings.
[2021-11-29 21:00:44.201] [settingssync] [info] Snippets: No changes found during synchronizing snippets.
[2021-11-29 21:00:44.242] [settingssync] [info] GlobalState: No changes found during synchronizing ui state.
[2021-11-29 21:00:44.370] [settingssync] [info] Extensions: No changes found during synchronizing extensions.
[2021-11-29 21:00:44.371] [settingssync] [info] Sync done. Took 197ms
[2021-11-29 21:01:07.605] [settingssync] [info] Auto Sync: Triggered by Activity
[2021-11-29 21:01:07.948] [settingssync] [info] Settings: No changes found during synchronizing settings.
[2021-11-29 21:01:07.950] [settingssync] [info] Keybindings: No changes found during synchronizing keybindings.
[2021-11-29 21:01:07.955] [settingssync] [info] Snippets: No changes found during synchronizing snippets.
[2021-11-29 21:01:07.992] [settingssync] [info] GlobalState: No changes found during synchronizing ui state.
[2021-11-29 21:01:08.107] [settingssync] [info] Extensions: No changes found during synchronizing extensions.
[2021-11-29 21:01:08.109] [settingssync] [info] Sync done. Took 190ms
[2021-11-29 21:03:50.936] [settingssync] [info] Auto Sync: Triggered by Activity
[2021-11-29 21:03:51.735] [settingssync] [info] Settings: No changes found during synchronizing settings.
[2021-11-29 21:03:51.738] [settingssync] [info] Keybindings: No changes found during synchronizing keybindings.
[2021-11-29 21:03:51.742] [settingssync] [info] Snippets: No changes found during synchronizing snippets.
[2021-11-29 21:03:51.780] [settingssync] [info] GlobalState: No changes found during synchronizing ui state.
[2021-11-29 21:03:51.901] [settingssync] [info] Extensions: No changes found during synchronizing extensions.
[2021-11-29 21:03:51.902] [settingssync] [info] Sync done. Took 188ms
[2021-11-29 21:04:21.564] [settingssync] [info] Auto Sync: Triggered by Activity
[2021-11-29 21:04:21.700] [settingssync] [info] Settings: No changes found during synchronizing settings.
[2021-11-29 21:04:21.702] [settingssync] [info] Keybindings: No changes found during synchronizing keybindings.
[2021-11-29 21:04:21.706] [settingssync] [info] Snippets: No changes found during synchronizing snippets.
[2021-11-29 21:04:21.735] [settingssync] [info] GlobalState: No changes found during synchronizing ui state.
[2021-11-29 21:04:21.831] [settingssync] [info] Extensions: No changes found during synchronizing extensions.
[2021-11-29 21:04:21.832] [settingssync] [info] Sync done. Took 146ms
[2021-11-29 21:09:21.837] [settingssync] [info] Auto Sync: Triggered by Interval
[2021-11-29 21:11:02.836] [settingssync] [info] Request failed https://vscode-sync.trafficmanager.net/v1/manifest
[2021-11-29 21:11:02.854] [settingssync] [error] RequestFailed (UserDataSyncError) syncResource:unknown operationId:unknown: Connection refused for the request 'https://vscode-sync.trafficmanager.net/v1/manifest'.
    at m.request (vscode-file://vscode-app/usr/share/code/resources/app/out/vs/code/electron-browser/sharedProcess/sharedProcessMain.js:76:173289)
    at async manifest (vscode-file://vscode-app/usr/share/code/resources/app/out/vs/code/electron-browser/sharedProcess/sharedProcessMain.js:76:171014)
    at async o.createSyncTask (vscode-file://vscode-app/usr/share/code/resources/app/out/vs/code/electron-browser/sharedProcess/sharedProcessMain.js:76:141881)
    at async a.doSync (vscode-file://vscode-app/usr/share/code/resources/app/out/vs/code/electron-browser/sharedProcess/sharedProcessMain.js:76:136268)
[2021-11-29 21:11:02.855] [settingssync] [error] RequestFailed (UserDataSyncError) syncResource:unknown operationId:unknown: Connection refused for the request 'https://vscode-sync.trafficmanager.net/v1/manifest'.
    at m.request (vscode-file://vscode-app/usr/share/code/resources/app/out/vs/code/electron-browser/sharedProcess/sharedProcessMain.js:76:173289)
    at async manifest (vscode-file://vscode-app/usr/share/code/resources/app/out/vs/code/electron-browser/sharedProcess/sharedProcessMain.js:76:171014)
    at async o.createSyncTask (vscode-file://vscode-app/usr/share/code/resources/app/out/vs/code/electron-browser/sharedProcess/sharedProcessMain.js:76:141881)
    at async a.doSync (vscode-file://vscode-app/usr/share/code/resources/app/out/vs/code/electron-browser/sharedProcess/sharedProcessMain.js:76:136268)
[2021-11-29 21:11:02.856] [settingssync] [info] Auto Sync: Triggered by Activity
[2021-11-29 21:11:40.372] [settingssync] [info] Request failed https://vscode-sync.trafficmanager.net/v1/manifest
[2021-11-29 21:11:40.372] [settingssync] [error] RequestFailed (UserDataSyncError) syncResource:unknown operationId:unknown: Connection refused for the request 'https://vscode-sync.trafficmanager.net/v1/manifest'.
    at m.request (vscode-file://vscode-app/usr/share/code/resources/app/out/vs/code/electron-browser/sharedProcess/sharedProcessMain.js:76:173289)
    at async manifest (vscode-file://vscode-app/usr/share/code/resources/app/out/vs/code/electron-browser/sharedProcess/sharedProcessMain.js:76:171014)
    at async o.createSyncTask (vscode-file://vscode-app/usr/share/code/resources/app/out/vs/code/electron-browser/sharedProcess/sharedProcessMain.js:76:141881)
    at async a.doSync (vscode-file://vscode-app/usr/share/code/resources/app/out/vs/code/electron-browser/sharedProcess/sharedProcessMain.js:76:136268)
[2021-11-29 21:11:40.372] [settingssync] [error] RequestFailed (UserDataSyncError) syncResource:unknown operationId:unknown: Connection refused for the request 'https://vscode-sync.trafficmanager.net/v1/manifest'.
    at m.request (vscode-file://vscode-app/usr/share/code/resources/app/out/vs/code/electron-browser/sharedProcess/sharedProcessMain.js:76:173289)
    at async manifest (vscode-file://vscode-app/usr/share/code/resources/app/out/vs/code/electron-browser/sharedProcess/sharedProcessMain.js:76:171014)
    at async o.createSyncTask (vscode-file://vscode-app/usr/share/code/resources/app/out/vs/code/electron-browser/sharedProcess/sharedProcessMain.js:76:141881)
    at async a.doSync (vscode-file://vscode-app/usr/share/code/resources/app/out/vs/code/electron-browser/sharedProcess/sharedProcessMain.js:76:136268)
[2021-11-29 21:11:40.372] [settingssync] [info] Auto Sync: Triggered by Activity
[2021-11-29 21:12:14.268] [settingssync] [info] Request failed https://vscode-sync.trafficmanager.net/v1/manifest
[2021-11-29 21:12:14.268] [settingssync] [error] RequestFailed (UserDataSyncError) syncResource:unknown operationId:unknown: Connection refused for the request 'https://vscode-sync.trafficmanager.net/v1/manifest'.
    at m.request (vscode-file://vscode-app/usr/share/code/resources/app/out/vs/code/electron-browser/sharedProcess/sharedProcessMain.js:76:173289)
    at async manifest (vscode-file://vscode-app/usr/share/code/resources/app/out/vs/code/electron-browser/sharedProcess/sharedProcessMain.js:76:171014)
    at async o.createSyncTask (vscode-file://vscode-app/usr/share/code/resources/app/out/vs/code/electron-browser/sharedProcess/sharedProcessMain.js:76:141881)
    at async a.doSync (vscode-file://vscode-app/usr/share/code/resources/app/out/vs/code/electron-browser/sharedProcess/sharedProcessMain.js:76:136268)
[2021-11-29 21:12:14.268] [settingssync] [error] RequestFailed (UserDataSyncError) syncResource:unknown operationId:unknown: Connection refused for the request 'https://vscode-sync.trafficmanager.net/v1/manifest'.
    at m.request (vscode-file://vscode-app/usr/share/code/resources/app/out/vs/code/electron-browser/sharedProcess/sharedProcessMain.js:76:173289)
    at async manifest (vscode-file://vscode-app/usr/share/code/resources/app/out/vs/code/electron-browser/sharedProcess/sharedProcessMain.js:76:171014)
    at async o.createSyncTask (vscode-file://vscode-app/usr/share/code/resources/app/out/vs/code/electron-browser/sharedProcess/sharedProcessMain.js:76:141881)
    at async a.doSync (vscode-file://vscode-app/usr/share/code/resources/app/out/vs/code/electron-browser/sharedProcess/sharedProcessMain.js:76:136268)
[2021-11-29 21:12:14.269] [settingssync] [info] Auto Sync: Triggered by Activity
[2021-11-29 21:12:36.633] [settingssync] [info] Request failed https://vscode-sync.trafficmanager.net/v1/manifest
[2021-11-29 21:12:36.634] [settingssync] [error] RequestFailed (UserDataSyncError) syncResource:unknown operationId:unknown: Connection refused for the request 'https://vscode-sync.trafficmanager.net/v1/manifest'.
    at m.request (vscode-file://vscode-app/usr/share/code/resources/app/out/vs/code/electron-browser/sharedProcess/sharedProcessMain.js:76:173289)
    at async manifest (vscode-file://vscode-app/usr/share/code/resources/app/out/vs/code/electron-browser/sharedProcess/sharedProcessMain.js:76:171014)
    at async o.createSyncTask (vscode-file://vscode-app/usr/share/code/resources/app/out/vs/code/electron-browser/sharedProcess/sharedProcessMain.js:76:141881)
    at async a.doSync (vscode-file://vscode-app/usr/share/code/resources/app/out/vs/code/electron-browser/sharedProcess/sharedProcessMain.js:76:136268)
[2021-11-29 21:12:36.634] [settingssync] [error] RequestFailed (UserDataSyncError) syncResource:unknown operationId:unknown: Connection refused for the request 'https://vscode-sync.trafficmanager.net/v1/manifest'.
    at m.request (vscode-file://vscode-app/usr/share/code/resources/app/out/vs/code/electron-browser/sharedProcess/sharedProcessMain.js:76:173289)
    at async manifest (vscode-file://vscode-app/usr/share/code/resources/app/out/vs/code/electron-browser/sharedProcess/sharedProcessMain.js:76:171014)
    at async o.createSyncTask (vscode-file://vscode-app/usr/share/code/resources/app/out/vs/code/electron-browser/sharedProcess/sharedProcessMain.js:76:141881)
    at async a.doSync (vscode-file://vscode-app/usr/share/code/resources/app/out/vs/code/electron-browser/sharedProcess/sharedProcessMain.js:76:136268)
[2021-11-29 21:14:32.161] [settingssync] [info] Auto Sync: Triggered by Activity
[2021-11-29 21:15:03.985] [settingssync] [info] Request failed https://vscode-sync.trafficmanager.net/v1/manifest
[2021-11-29 21:15:03.985] [settingssync] [error] RequestFailed (UserDataSyncError) syncResource:unknown operationId:unknown: Connection refused for the request 'https://vscode-sync.trafficmanager.net/v1/manifest'.
    at m.request (vscode-file://vscode-app/usr/share/code/resources/app/out/vs/code/electron-browser/sharedProcess/sharedProcessMain.js:76:173289)
    at async manifest (vscode-file://vscode-app/usr/share/code/resources/app/out/vs/code/electron-browser/sharedProcess/sharedProcessMain.js:76:171014)
    at async o.createSyncTask (vscode-file://vscode-app/usr/share/code/resources/app/out/vs/code/electron-browser/sharedProcess/sharedProcessMain.js:76:141881)
    at async a.doSync (vscode-file://vscode-app/usr/share/code/resources/app/out/vs/code/electron-browser/sharedProcess/sharedProcessMain.js:76:136268)
[2021-11-29 21:15:03.985] [settingssync] [error] RequestFailed (UserDataSyncError) syncResource:unknown operationId:unknown: Connection refused for the request 'https://vscode-sync.trafficmanager.net/v1/manifest'.
    at m.request (vscode-file://vscode-app/usr/share/code/resources/app/out/vs/code/electron-browser/sharedProcess/sharedProcessMain.js:76:173289)
    at async manifest (vscode-file://vscode-app/usr/share/code/resources/app/out/vs/code/electron-browser/sharedProcess/sharedProcessMain.js:76:171014)
    at async o.createSyncTask (vscode-file://vscode-app/usr/share/code/resources/app/out/vs/code/electron-browser/sharedProcess/sharedProcessMain.js:76:141881)
    at async a.doSync (vscode-file://vscode-app/usr/share/code/resources/app/out/vs/code/electron-browser/sharedProcess/sharedProcessMain.js:76:136268)
[2021-11-29 21:16:30.817] [settingssync] [info] Auto Sync: Triggered by Activity
[2021-11-29 21:16:37.285] [settingssync] [info] Settings: No changes found during synchronizing settings.
[2021-11-29 21:16:37.287] [settingssync] [info] Keybindings: No changes found during synchronizing keybindings.
[2021-11-29 21:16:37.290] [settingssync] [info] Snippets: No changes found during synchronizing snippets.
[2021-11-29 21:16:37.311] [settingssync] [info] GlobalState: No changes found during synchronizing ui state.
[2021-11-29 21:16:37.393] [settingssync] [info] Extensions: No changes found during synchronizing extensions.
[2021-11-29 21:16:37.393] [settingssync] [info] Sync done. Took 128ms
[2021-11-29 21:17:31.677] [settingssync] [info] Auto Sync: Triggered by Activity
[2021-11-29 21:17:31.840] [settingssync] [info] Settings: No changes found during synchronizing settings.
[2021-11-29 21:17:31.843] [settingssync] [info] Keybindings: No changes found during synchronizing keybindings.
[2021-11-29 21:17:31.851] [settingssync] [info] Snippets: No changes found during synchronizing snippets.
[2021-11-29 21:17:31.875] [settingssync] [info] GlobalState: No changes found during synchronizing ui state.
[2021-11-29 21:17:31.971] [settingssync] [info] Extensions: No changes found during synchronizing extensions.
[2021-11-29 21:17:31.973] [settingssync] [info] Sync done. Took 155ms
[2021-11-29 21:18:08.802] [settingssync] [info] Auto Sync: Triggered by Activity
[2021-11-29 21:18:08.955] [settingssync] [info] Settings: No changes found during synchronizing settings.
[2021-11-29 21:18:08.960] [settingssync] [info] Keybindings: No changes found during synchronizing keybindings.
[2021-11-29 21:18:08.962] [settingssync] [info] Snippets: No changes found during synchronizing snippets.
[2021-11-29 21:18:08.987] [settingssync] [info] GlobalState: No changes found during synchronizing ui state.
[2021-11-29 21:18:09.067] [settingssync] [info] Extensions: No changes found during synchronizing extensions.
[2021-11-29 21:18:09.067] [settingssync] [info] Sync done. Took 125ms
[2021-11-29 21:19:15.077] [settingssync] [info] Auto Sync: Triggered by Activity
[2021-11-29 21:19:16.031] [settingssync] [info] Settings: Updated remote settings
[2021-11-29 21:19:16.045] [settingssync] [info] Settings: Updated last synchronized settings
[2021-11-29 21:19:16.051] [settingssync] [info] Keybindings: No changes found during synchronizing keybindings.
[2021-11-29 21:19:16.056] [settingssync] [info] Snippets: No changes found during synchronizing snippets.
[2021-11-29 21:19:16.084] [settingssync] [info] GlobalState: No changes found during synchronizing ui state.
[2021-11-29 21:19:16.173] [settingssync] [info] Extensions: No changes found during synchronizing extensions.
[2021-11-29 21:19:16.173] [settingssync] [info] Sync done. Took 961ms
[2021-11-29 21:20:51.074] [settingssync] [info] Auto Sync: Triggered by Activity
[2021-11-29 21:20:51.276] [settingssync] [info] Settings: No changes found during synchronizing settings.
[2021-11-29 21:20:51.277] [settingssync] [info] Keybindings: No changes found during synchronizing keybindings.
[2021-11-29 21:20:51.279] [settingssync] [info] Snippets: No changes found during synchronizing snippets.
[2021-11-29 21:20:51.306] [settingssync] [info] GlobalState: No changes found during synchronizing ui state.
[2021-11-29 21:20:51.384] [settingssync] [info] Extensions: No changes found during synchronizing extensions.
[2021-11-29 21:20:51.384] [settingssync] [info] Sync done. Took 126ms
[2021-11-29 21:21:09.304] [settingssync] [info] Auto Sync: Triggered by Activity
[2021-11-29 21:21:10.297] [settingssync] [info] Settings: No changes found during synchronizing settings.
[2021-11-29 21:21:10.298] [settingssync] [info] Keybindings: No changes found during synchronizing keybindings.
[2021-11-29 21:21:10.306] [settingssync] [info] Snippets: No changes found during synchronizing snippets.
[2021-11-29 21:21:10.328] [settingssync] [info] GlobalState: No changes found during synchronizing ui state.
[2021-11-29 21:21:10.405] [settingssync] [info] Extensions: No changes found during synchronizing extensions.
[2021-11-29 21:21:10.405] [settingssync] [info] Sync done. Took 135ms
[2021-11-29 21:21:19.894] [settingssync] [info] Auto Sync: Triggered by Activity
[2021-11-29 21:21:20.643] [settingssync] [info] Settings: No changes found during synchronizing settings.
[2021-11-29 21:21:20.646] [settingssync] [info] Keybindings: No changes found during synchronizing keybindings.
[2021-11-29 21:21:20.651] [settingssync] [info] Snippets: No changes found during synchronizing snippets.
[2021-11-29 21:21:20.673] [settingssync] [info] GlobalState: No changes found during synchronizing ui state.
[2021-11-29 21:21:20.745] [settingssync] [info] Extensions: No changes found during synchronizing extensions.
[2021-11-29 21:21:20.746] [settingssync] [info] Sync done. Took 115ms
[2021-11-29 21:21:37.499] [settingssync] [info] Auto Sync: Triggered by Activity
[2021-11-29 21:21:37.636] [settingssync] [info] Settings: No changes found during synchronizing settings.
[2021-11-29 21:21:37.637] [settingssync] [info] Keybindings: No changes found during synchronizing keybindings.
[2021-11-29 21:21:37.639] [settingssync] [info] Snippets: No changes found during synchronizing snippets.
[2021-11-29 21:21:37.666] [settingssync] [info] GlobalState: No changes found during synchronizing ui state.
[2021-11-29 21:21:37.738] [settingssync] [info] Extensions: No changes found during synchronizing extensions.
[2021-11-29 21:21:37.739] [settingssync] [info] Sync done. Took 115ms
[2021-11-29 21:22:22.974] [settingssync] [info] Auto Sync: Triggered by Activity
[2021-11-29 21:22:23.211] [settingssync] [info] Settings: No changes found during synchronizing settings.
[2021-11-29 21:22:23.213] [settingssync] [info] Keybindings: No changes found during synchronizing keybindings.
[2021-11-29 21:22:23.215] [settingssync] [info] Snippets: No changes found during synchronizing snippets.
[2021-11-29 21:22:23.235] [settingssync] [info] GlobalState: No changes found during synchronizing ui state.
[2021-11-29 21:22:23.306] [settingssync] [info] Extensions: No changes found during synchronizing extensions.
[2021-11-29 21:22:23.307] [settingssync] [info] Sync done. Took 107ms
[2021-11-29 21:22:33.665] [settingssync] [info] Auto Sync: Triggered by Activity
[2021-11-29 21:22:33.830] [settingssync] [info] Settings: No changes found during synchronizing settings.
[2021-11-29 21:22:33.832] [settingssync] [info] Keybindings: No changes found during synchronizing keybindings.
[2021-11-29 21:22:33.835] [settingssync] [info] Snippets: No changes found during synchronizing snippets.
[2021-11-29 21:22:33.852] [settingssync] [info] GlobalState: No changes found during synchronizing ui state.
[2021-11-29 21:22:33.923] [settingssync] [info] Extensions: No changes found during synchronizing extensions.
[2021-11-29 21:22:33.923] [settingssync] [info] Sync done. Took 104ms
[2021-11-29 21:22:47.048] [settingssync] [info] Auto Sync: Triggered by Activity
[2021-11-29 21:22:47.245] [settingssync] [info] Settings: No changes found during synchronizing settings.
[2021-11-29 21:22:47.245] [settingssync] [info] Keybindings: No changes found during synchronizing keybindings.
[2021-11-29 21:22:47.269] [settingssync] [info] Snippets: No changes found during synchronizing snippets.
[2021-11-29 21:22:47.294] [settingssync] [info] GlobalState: No changes found during synchronizing ui state.
[2021-11-29 21:22:47.385] [settingssync] [info] Extensions: No changes found during synchronizing extensions.
[2021-11-29 21:22:47.386] [settingssync] [info] Sync done. Took 155ms
[2021-11-29 21:24:18.119] [settingssync] [info] Auto Sync: Triggered by Activity
[2021-11-29 21:24:18.311] [settingssync] [info] Settings: No changes found during synchronizing settings.
[2021-11-29 21:24:18.317] [settingssync] [info] Keybindings: No changes found during synchronizing keybindings.
[2021-11-29 21:24:18.323] [settingssync] [info] Snippets: No changes found during synchronizing snippets.
[2021-11-29 21:24:18.385] [settingssync] [info] GlobalState: No changes found during synchronizing ui state.
[2021-11-29 21:24:18.499] [settingssync] [info] Extensions: No changes found during synchronizing extensions.
[2021-11-29 21:24:18.502] [settingssync] [info] Sync done. Took 238ms
[2021-11-29 21:24:41.078] [settingssync] [info] Auto Sync: Triggered by Activity
[2021-11-29 21:24:41.428] [settingssync] [info] Settings: No changes found during synchronizing settings.
[2021-11-29 21:24:41.436] [settingssync] [info] Keybindings: No changes found during synchronizing keybindings.
[2021-11-29 21:24:41.443] [settingssync] [info] Snippets: No changes found during synchronizing snippets.
[2021-11-29 21:24:41.498] [settingssync] [info] GlobalState: No changes found during synchronizing ui state.
[2021-11-29 21:24:41.649] [settingssync] [info] Extensions: No changes found during synchronizing extensions.
[2021-11-29 21:24:41.650] [settingssync] [info] Sync done. Took 283ms
[2021-11-29 21:24:59.725] [settingssync] [info] Auto Sync: Triggered by Activity
[2021-11-29 21:24:59.934] [settingssync] [info] Settings: No changes found during synchronizing settings.
[2021-11-29 21:24:59.937] [settingssync] [info] Keybindings: No changes found during synchronizing keybindings.
[2021-11-29 21:24:59.940] [settingssync] [info] Snippets: No changes found during synchronizing snippets.
[2021-11-29 21:24:59.961] [settingssync] [info] GlobalState: No changes found during synchronizing ui state.
[2021-11-29 21:25:00.037] [settingssync] [info] Extensions: No changes found during synchronizing extensions.
[2021-11-29 21:25:00.038] [settingssync] [info] Sync done. Took 114ms
[2021-11-29 21:25:05.810] [settingssync] [info] Auto Sync: Triggered by Activity
[2021-11-29 21:25:05.966] [settingssync] [info] Settings: No changes found during synchronizing settings.
[2021-11-29 21:25:05.971] [settingssync] [info] Keybindings: No changes found during synchronizing keybindings.
[2021-11-29 21:25:05.977] [settingssync] [info] Snippets: No changes found during synchronizing snippets.
[2021-11-29 21:25:06.003] [settingssync] [info] GlobalState: No changes found during synchronizing ui state.
[2021-11-29 21:25:06.367] [settingssync] [info] Extensions: Updated remote extensions. Updated: ["vscodevim.vim"].
[2021-11-29 21:25:06.380] [settingssync] [info] Extensions: Updated last synchronized extensions.
[2021-11-29 21:25:06.382] [settingssync] [info] Sync done. Took 437ms
[2021-11-29 21:25:18.380] [settingssync] [info] Auto Sync: Triggered by Activity
[2021-11-29 21:25:18.525] [settingssync] [info] Settings: No changes found during synchronizing settings.
[2021-11-29 21:25:18.526] [settingssync] [info] Keybindings: No changes found during synchronizing keybindings.
[2021-11-29 21:25:18.529] [settingssync] [info] Snippets: No changes found during synchronizing snippets.
[2021-11-29 21:25:18.548] [settingssync] [info] GlobalState: No changes found during synchronizing ui state.
[2021-11-29 21:25:18.613] [settingssync] [info] Extensions: No changes found during synchronizing extensions.
[2021-11-29 21:25:18.614] [settingssync] [info] Sync done. Took 95ms
[2021-11-29 21:26:38.854] [settingssync] [info] Auto Sync: Triggered by Activity
[2021-11-29 21:26:39.069] [settingssync] [info] Settings: No changes found during synchronizing settings.
[2021-11-29 21:26:39.071] [settingssync] [info] Keybindings: No changes found during synchronizing keybindings.
[2021-11-29 21:26:39.075] [settingssync] [info] Snippets: No changes found during synchronizing snippets.
[2021-11-29 21:26:39.094] [settingssync] [info] GlobalState: No changes found during synchronizing ui state.
[2021-11-29 21:26:39.609] [settingssync] [info] Extensions: Updated remote extensions. Updated: ["dariofuzinato.vue-peek"].
[2021-11-29 21:26:39.622] [settingssync] [info] Extensions: Updated last synchronized extensions.
[2021-11-29 21:26:39.625] [settingssync] [info] Sync done. Took 568ms
[2021-11-29 21:26:48.627] [settingssync] [info] Auto Sync: Triggered by Activity
[2021-11-29 21:26:48.779] [settingssync] [info] Settings: No changes found during synchronizing settings.
[2021-11-29 21:26:48.780] [settingssync] [info] Keybindings: No changes found during synchronizing keybindings.
[2021-11-29 21:26:48.783] [settingssync] [info] Snippets: No changes found during synchronizing snippets.
[2021-11-29 21:26:48.798] [settingssync] [info] GlobalState: No changes found during synchronizing ui state.
[2021-11-29 21:26:49.131] [settingssync] [info] Extensions: Updated remote extensions. Removed: ["wayou.vscode-todo-highlight"].
[2021-11-29 21:26:49.137] [settingssync] [info] Extensions: Updated last synchronized extensions.
[2021-11-29 21:26:49.138] [settingssync] [info] Sync done. Took 371ms
[2021-11-29 21:26:51.083] [settingssync] [info] Auto Sync: Triggered by Activity
[2021-11-29 21:26:51.232] [settingssync] [info] Settings: No changes found during synchronizing settings.
[2021-11-29 21:26:51.235] [settingssync] [info] Keybindings: No changes found during synchronizing keybindings.
[2021-11-29 21:26:51.238] [settingssync] [info] Snippets: No changes found during synchronizing snippets.
[2021-11-29 21:26:51.253] [settingssync] [info] GlobalState: No changes found during synchronizing ui state.
[2021-11-29 21:26:51.304] [settingssync] [info] Extensions: No changes found during synchronizing extensions.
[2021-11-29 21:26:51.305] [settingssync] [info] Sync done. Took 85ms
[2021-11-29 21:26:54.891] [settingssync] [info] Auto Sync: Triggered by Activity
[2021-11-29 21:26:55.029] [settingssync] [info] Settings: No changes found during synchronizing settings.
[2021-11-29 21:26:55.030] [settingssync] [info] Keybindings: No changes found during synchronizing keybindings.
[2021-11-29 21:26:55.032] [settingssync] [info] Snippets: No changes found during synchronizing snippets.
[2021-11-29 21:26:55.047] [settingssync] [info] GlobalState: No changes found during synchronizing ui state.
[2021-11-29 21:26:55.965] [settingssync] [info] Extensions: Updated remote extensions. Removed: ["dariofuzinato.vue-peek"].
[2021-11-29 21:26:55.977] [settingssync] [info] Extensions: Updated last synchronized extensions.
[2021-11-29 21:26:55.978] [settingssync] [info] Sync done. Took 962ms
