Initializing document watcher...
app.lilya.test/.env: {"insertSpaces":true,"tabSize":4}
app.lilya.test/.env: Using EditorConfig core...
.env: editor.action.trimTrailingWhitespace
app.lilya.test/.env: Using EditorConfig core...
.env: editor.action.trimTrailingWhitespace
app.lilya.test/.env: Using EditorConfig core...
.env: editor.action.trimTrailingWhitespace
app.lilya.test/.env: Using EditorConfig core...
.env: editor.action.trimTrailingWhitespace
app.lilya.test/.env: Using EditorConfig core...
.env: editor.action.trimTrailingWhitespace
app.lilya.test/.env: Using EditorConfig core...
.env: editor.action.trimTrailingWhitespace
app.lilya.test/.env: Using EditorConfig core...
.env: editor.action.trimTrailingWhitespace
app.lilya.test/.env: Using EditorConfig core...
.env: editor.action.trimTrailingWhitespace
app.lilya.test/.env: Using EditorConfig core...
.env: editor.action.trimTrailingWhitespace
app.lilya.test/.env: {"insertSpaces":true,"tabSize":4}
app.lilya.test/.env: {"insertSpaces":true,"tabSize":4}
app.lilya.test/.env: {}
