[2021-11-26 14:27:54.672] [exthost] [info] extension host started
[2021-11-26 14:27:54.748] [exthost] [info] ExtensionService#_doActivateExtension vscode.microsoft-authentication, startup: false, activationEvent: 'onAuthenticationRequest:microsoft'
[2021-11-26 14:27:54.749] [exthost] [info] ExtensionService#loadCommonJSModule file:///usr/share/code/resources/app/extensions/microsoft-authentication/dist/extension.js
[2021-11-26 14:27:54.761] [exthost] [info] ExtensionService#_doActivateExtension vscode.debug-auto-launch, startup: true, activationEvent: '*'
[2021-11-26 14:27:54.761] [exthost] [info] ExtensionService#loadCommonJSModule file:///usr/share/code/resources/app/extensions/debug-auto-launch/dist/extension
[2021-11-26 14:27:54.766] [exthost] [info] ExtensionService#_doActivateExtension vscode.git, startup: true, activationEvent: '*', root cause: vscode.github
[2021-11-26 14:27:54.766] [exthost] [info] ExtensionService#loadCommonJSModule file:///usr/share/code/resources/app/extensions/git/dist/main
[2021-11-26 14:27:54.780] [exthost] [info] ExtensionService#_doActivateExtension asvetliakov.vscode-neovim, startup: true, activationEvent: '*'
[2021-11-26 14:27:54.780] [exthost] [info] ExtensionService#loadCommonJSModule file:///home/dotnet/.vscode/extensions/asvetliakov.vscode-neovim-0.0.82/dist/extension.js
[2021-11-26 14:27:54.790] [exthost] [info] ExtensionService#_doActivateExtension CoenraadS.bracket-pair-colorizer, startup: true, activationEvent: '*'
[2021-11-26 14:27:54.790] [exthost] [info] ExtensionService#loadCommonJSModule file:///home/dotnet/.vscode/extensions/coenraads.bracket-pair-colorizer-1.0.61/out/src/extension
[2021-11-26 14:27:54.808] [exthost] [info] ExtensionService#_doActivateExtension dariofuzinato.vue-peek, startup: true, activationEvent: '*'
[2021-11-26 14:27:54.808] [exthost] [info] ExtensionService#loadCommonJSModule file:///home/dotnet/.vscode/extensions/dariofuzinato.vue-peek-1.0.2/out/src/extension
[2021-11-26 14:27:54.809] [exthost] [info] ExtensionService#_doActivateExtension EditorConfig.EditorConfig, startup: true, activationEvent: '*'
[2021-11-26 14:27:54.809] [exthost] [info] ExtensionService#loadCommonJSModule file:///home/dotnet/.vscode/extensions/editorconfig.editorconfig-0.16.4/out/editorConfigMain.js
[2021-11-26 14:27:54.822] [exthost] [info] ExtensionService#_doActivateExtension Equinusocio.vsc-material-theme, startup: true, activationEvent: '*'
[2021-11-26 14:27:54.823] [exthost] [info] ExtensionService#loadCommonJSModule file:///home/dotnet/.vscode/extensions/equinusocio.vsc-material-theme-33.2.2/build/material.theme.config
[2021-11-26 14:27:54.829] [exthost] [info] ExtensionService#_doActivateExtension equinusocio.vsc-material-theme-icons, startup: true, activationEvent: '*'
[2021-11-26 14:27:54.829] [exthost] [info] ExtensionService#loadCommonJSModule file:///home/dotnet/.vscode/extensions/equinusocio.vsc-material-theme-icons-2.2.1/out/src/extension
[2021-11-26 14:27:54.849] [exthost] [info] ExtensionService#_doActivateExtension formulahendry.auto-close-tag, startup: true, activationEvent: '*'
[2021-11-26 14:27:54.849] [exthost] [info] ExtensionService#loadCommonJSModule file:///home/dotnet/.vscode/extensions/formulahendry.auto-close-tag-0.5.13/out/src/extension
[2021-11-26 14:27:54.850] [exthost] [info] ExtensionService#_doActivateExtension formulahendry.auto-rename-tag, startup: true, activationEvent: '*'
[2021-11-26 14:27:54.850] [exthost] [info] ExtensionService#loadCommonJSModule file:///home/dotnet/.vscode/extensions/formulahendry.auto-rename-tag-0.1.9/packages/extension/dist/extensionMain.js
[2021-11-26 14:27:54.856] [exthost] [info] ExtensionService#_doActivateExtension GraphQL.vscode-graphql, startup: true, activationEvent: '*'
[2021-11-26 14:27:54.856] [exthost] [info] ExtensionService#loadCommonJSModule file:///home/dotnet/.vscode/extensions/graphql.vscode-graphql-0.3.23/out/extension
[2021-11-26 14:27:54.965] [exthost] [info] ExtensionService#_doActivateExtension HookyQR.beautify, startup: true, activationEvent: '*'
[2021-11-26 14:27:54.965] [exthost] [info] ExtensionService#loadCommonJSModule file:///home/dotnet/.vscode/extensions/hookyqr.beautify-1.5.0/extension
[2021-11-26 14:27:54.997] [exthost] [info] ExtensionService#_doActivateExtension mohamedbenhida.laravel-intellisense, startup: true, activationEvent: '*'
[2021-11-26 14:27:54.997] [exthost] [info] ExtensionService#loadCommonJSModule file:///home/dotnet/.vscode/extensions/mohamedbenhida.laravel-intellisense-0.2.0/dist/extension.js
[2021-11-26 14:27:55.003] [exthost] [info] ExtensionService#_doActivateExtension ms-vscode.sublime-keybindings, startup: true, activationEvent: '*'
[2021-11-26 14:27:55.003] [exthost] [info] ExtensionService#loadCommonJSModule file:///home/dotnet/.vscode/extensions/ms-vscode.sublime-keybindings-4.0.10/dist/extension.js
[2021-11-26 14:27:55.005] [exthost] [info] ExtensionService#_doActivateExtension naumovs.color-highlight, startup: true, activationEvent: '*'
[2021-11-26 14:27:55.005] [exthost] [info] ExtensionService#loadCommonJSModule file:///home/dotnet/.vscode/extensions/naumovs.color-highlight-2.5.0/dist/extension-node.js
[2021-11-26 14:27:55.008] [exthost] [info] ExtensionService#_doActivateExtension stef-k.laravel-goto-controller, startup: true, activationEvent: '*'
[2021-11-26 14:27:55.008] [exthost] [info] ExtensionService#loadCommonJSModule file:///home/dotnet/.vscode/extensions/stef-k.laravel-goto-controller-0.0.15/out/extension
[2021-11-26 14:27:55.012] [exthost] [info] ExtensionService#_doActivateExtension wayou.vscode-todo-highlight, startup: true, activationEvent: '*'
[2021-11-26 14:27:55.012] [exthost] [info] ExtensionService#loadCommonJSModule file:///home/dotnet/.vscode/extensions/wayou.vscode-todo-highlight-1.0.5/src/extension
[2021-11-26 14:27:55.236] [exthost] [error] Activating extension mohamedbenhida.laravel-intellisense failed due to an error:
[2021-11-26 14:27:55.236] [exthost] [error] TypeError: Cannot use 'in' operator to search for 'uri' in undefined
    at registerCommand (/home/dotnet/.vscode/extensions/mohamedbenhida.laravel-intellisense-0.2.0/src/utils.ts:59:6)
    at x (/home/dotnet/.vscode/extensions/mohamedbenhida.laravel-intellisense-0.2.0/src/extension.ts:16:14)
    at Function._callActivateOptional (/usr/share/code/resources/app/out/vs/workbench/services/extensions/node/extensionHostProcess.js:99:15028)
    at Function._callActivate (/usr/share/code/resources/app/out/vs/workbench/services/extensions/node/extensionHostProcess.js:99:14704)
    at /usr/share/code/resources/app/out/vs/workbench/services/extensions/node/extensionHostProcess.js:99:12907
    at processTicksAndRejections (internal/process/task_queues.js:93:5)
    at async Promise.all (index 12)
    at async Promise.all (index 0)
[2021-11-26 14:27:55.393] [exthost] [info] ExtensionService#_doActivateExtension ms-vscode.js-debug, startup: false, activationEvent: 'onCommand:extension.js-debug.clearAutoAttachVariables'
[2021-11-26 14:27:55.393] [exthost] [info] ExtensionService#loadCommonJSModule file:///usr/share/code/resources/app/extensions/ms-vscode.js-debug/src/extension.js
[2021-11-26 14:27:55.487] [exthost] [info] ExtensionService#_doActivateExtension vscode.github, startup: false, activationEvent: '*'
[2021-11-26 14:27:55.487] [exthost] [info] ExtensionService#loadCommonJSModule file:///usr/share/code/resources/app/extensions/github/dist/extension.js
[2021-11-26 14:27:55.536] [exthost] [info] ExtensionService#_doActivateExtension vscode.github-authentication, startup: false, activationEvent: 'onAuthenticationRequest:github'
[2021-11-26 14:27:55.536] [exthost] [info] ExtensionService#loadCommonJSModule file:///usr/share/code/resources/app/extensions/github-authentication/dist/extension.js
[2021-11-26 14:27:55.546] [exthost] [info] eager extensions activated
[2021-11-26 14:27:55.598] [exthost] [info] ExtensionService#_doActivateExtension vscode.emmet, startup: false, activationEvent: 'onStartupFinished'
[2021-11-26 14:27:55.598] [exthost] [info] ExtensionService#loadCommonJSModule file:///usr/share/code/resources/app/extensions/emmet/dist/node/emmetNodeMain
[2021-11-26 14:27:55.603] [exthost] [info] ExtensionService#_doActivateExtension vscode.merge-conflict, startup: false, activationEvent: 'onStartupFinished'
[2021-11-26 14:27:55.603] [exthost] [info] ExtensionService#loadCommonJSModule file:///usr/share/code/resources/app/extensions/merge-conflict/dist/mergeConflictMain
[2021-11-26 14:27:55.606] [exthost] [info] ExtensionService#_doActivateExtension bradlc.vscode-tailwindcss, startup: false, activationEvent: 'onStartupFinished'
[2021-11-26 14:27:55.606] [exthost] [info] ExtensionService#loadCommonJSModule file:///home/dotnet/.vscode/extensions/bradlc.vscode-tailwindcss-0.7.2/dist/extension/index.js
[2021-11-26 14:27:55.614] [exthost] [info] ExtensionService#_doActivateExtension dbaeumer.vscode-eslint, startup: false, activationEvent: 'onStartupFinished'
[2021-11-26 14:27:55.615] [exthost] [info] ExtensionService#loadCommonJSModule file:///home/dotnet/.vscode/extensions/dbaeumer.vscode-eslint-2.2.2/client/out/extension
[2021-11-26 14:27:55.621] [exthost] [info] ExtensionService#_doActivateExtension eamodio.gitlens, startup: false, activationEvent: 'onStartupFinished'
[2021-11-26 14:27:55.621] [exthost] [info] ExtensionService#loadCommonJSModule file:///home/dotnet/.vscode/extensions/eamodio.gitlens-11.6.1/dist/gitlens
[2021-11-26 14:27:55.649] [exthost] [info] ExtensionService#_doActivateExtension esbenp.prettier-vscode, startup: false, activationEvent: 'onStartupFinished'
[2021-11-26 14:27:55.649] [exthost] [info] ExtensionService#loadCommonJSModule file:///home/dotnet/.vscode/extensions/esbenp.prettier-vscode-9.0.0/dist/extension
[2021-11-26 14:27:56.050] [exthost] [info] extension host terminating: renderer closed the socket
[2021-11-26 14:27:57.064] [exthost] [info] exiting with code 0
