Vetur initialized
[INFO ] Loaded bundled typescript@4.4.4.
[INFO ] Loaded bundled prettier.
[INFO ] Loaded bundled @starptech/prettyhtml.
[INFO ] Loaded bundled prettier-eslint.
[INFO ] Loaded bundled prettier-tslint.
[INFO ] Loaded bundled stylus-supremacy.
[INFO ] Loaded bundled @prettier/plugin-pug.
[INFO ] update /var/www/elearning/public/mix-manifest.json in ts language service.
[INFO ] update /var/www/elearning/public/mix-manifest.json in ts language service.
[INFO ] update /var/www/elearning/public/mix-manifest.json in ts language service.
[INFO ] update /var/www/elearning/public/js/chunks/12.js in ts language service.
[INFO ] update /var/www/elearning/public/js/chunks/12.js in ts language service.
[INFO ] update /var/www/elearning/public/js/chunks/12.js in ts language service.
[INFO ] update /var/www/elearning/public/css/material-icons/codepoints.json in ts language service.
[INFO ] update /var/www/elearning/public/css/material-icons/codepoints.json in ts language service.
[INFO ] update /var/www/elearning/public/css/material-icons/codepoints.json in ts language service.
[INFO ] update /var/www/elearning/public/mix-manifest.json in ts language service.
[INFO ] update /var/www/elearning/public/mix-manifest.json in ts language service.
[INFO ] update /var/www/elearning/public/mix-manifest.json in ts language service.
[INFO ] update /var/www/elearning/public/js/chunks/12.js in ts language service.
[INFO ] update /var/www/elearning/public/js/chunks/12.js in ts language service.
[INFO ] update /var/www/elearning/public/js/chunks/12.js in ts language service.
[INFO ] update /var/www/elearning/public/css/material-icons/codepoints.json in ts language service.
[INFO ] update /var/www/elearning/public/css/material-icons/codepoints.json in ts language service.
[INFO ] update /var/www/elearning/public/css/material-icons/codepoints.json in ts language service.
[INFO ] update /var/www/elearning/public/mix-manifest.json in ts language service.
[INFO ] update /var/www/elearning/public/mix-manifest.json in ts language service.
[INFO ] update /var/www/elearning/public/mix-manifest.json in ts language service.
[INFO ] update /var/www/elearning/public/js/chunks/19.js in ts language service.
[INFO ] update /var/www/elearning/public/js/chunks/19.js in ts language service.
[INFO ] update /var/www/elearning/public/js/chunks/19.js in ts language service.
[INFO ] update /var/www/elearning/public/css/material-icons/codepoints.json in ts language service.
[INFO ] update /var/www/elearning/public/css/material-icons/codepoints.json in ts language service.
[INFO ] update /var/www/elearning/public/css/material-icons/codepoints.json in ts language service.
[INFO ] update /var/www/elearning/public/mix-manifest.json in ts language service.
[INFO ] update /var/www/elearning/public/mix-manifest.json in ts language service.
[INFO ] update /var/www/elearning/public/mix-manifest.json in ts language service.
[INFO ] update /var/www/elearning/public/js/chunks/19.js in ts language service.
[INFO ] update /var/www/elearning/public/js/chunks/19.js in ts language service.
[INFO ] update /var/www/elearning/public/js/chunks/19.js in ts language service.
[INFO ] update /var/www/elearning/public/css/material-icons/codepoints.json in ts language service.
[INFO ] update /var/www/elearning/public/css/material-icons/codepoints.json in ts language service.
[INFO ] update /var/www/elearning/public/css/material-icons/codepoints.json in ts language service.
[INFO ] update /var/www/elearning/public/mix-manifest.json in ts language service.
[INFO ] update /var/www/elearning/public/mix-manifest.json in ts language service.
[INFO ] update /var/www/elearning/public/mix-manifest.json in ts language service.
[INFO ] update /var/www/elearning/public/js/chunks/19.js in ts language service.
[INFO ] update /var/www/elearning/public/js/chunks/19.js in ts language service.
[INFO ] update /var/www/elearning/public/js/chunks/19.js in ts language service.
[INFO ] update /var/www/elearning/public/css/material-icons/codepoints.json in ts language service.
[INFO ] update /var/www/elearning/public/css/material-icons/codepoints.json in ts language service.
[INFO ] update /var/www/elearning/public/css/material-icons/codepoints.json in ts language service.
[INFO ] update /var/www/elearning/public/mix-manifest.json in ts language service.
[INFO ] update /var/www/elearning/public/mix-manifest.json in ts language service.
[INFO ] update /var/www/elearning/public/mix-manifest.json in ts language service.
[INFO ] update /var/www/elearning/public/js/chunks/19.js in ts language service.
[INFO ] update /var/www/elearning/public/js/chunks/19.js in ts language service.
[INFO ] update /var/www/elearning/public/js/chunks/19.js in ts language service.
[INFO ] update /var/www/elearning/public/css/material-icons/codepoints.json in ts language service.
[INFO ] update /var/www/elearning/public/css/material-icons/codepoints.json in ts language service.
[INFO ] update /var/www/elearning/public/css/material-icons/codepoints.json in ts language service.
[INFO ] update /var/www/elearning/public/mix-manifest.json in ts language service.
[INFO ] update /var/www/elearning/public/mix-manifest.json in ts language service.
[INFO ] update /var/www/elearning/public/mix-manifest.json in ts language service.
[INFO ] update /var/www/elearning/public/js/chunks/19.js in ts language service.
[INFO ] update /var/www/elearning/public/js/chunks/19.js in ts language service.
[INFO ] update /var/www/elearning/public/js/chunks/19.js in ts language service.
[INFO ] update /var/www/elearning/public/css/material-icons/codepoints.json in ts language service.
[INFO ] update /var/www/elearning/public/css/material-icons/codepoints.json in ts language service.
[INFO ] update /var/www/elearning/public/css/material-icons/codepoints.json in ts language service.
[INFO ] update /var/www/elearning/public/mix-manifest.json in ts language service.
[INFO ] update /var/www/elearning/public/mix-manifest.json in ts language service.
[INFO ] update /var/www/elearning/public/mix-manifest.json in ts language service.
[INFO ] update /var/www/elearning/public/css/material-icons/codepoints.json in ts language service.
[INFO ] update /var/www/elearning/public/css/material-icons/codepoints.json in ts language service.
[INFO ] update /var/www/elearning/public/css/material-icons/codepoints.json in ts language service.
[INFO ] update /var/www/elearning/public/mix-manifest.json in ts language service.
[INFO ] update /var/www/elearning/public/mix-manifest.json in ts language service.
[INFO ] update /var/www/elearning/public/mix-manifest.json in ts language service.
[INFO ] update /var/www/elearning/public/js/chunks/5.js in ts language service.
[INFO ] update /var/www/elearning/public/js/chunks/5.js in ts language service.
[INFO ] update /var/www/elearning/public/js/chunks/5.js in ts language service.
[INFO ] update /var/www/elearning/public/css/material-icons/codepoints.json in ts language service.
[INFO ] update /var/www/elearning/public/css/material-icons/codepoints.json in ts language service.
[INFO ] update /var/www/elearning/public/css/material-icons/codepoints.json in ts language service.
[INFO ] update /var/www/elearning/public/mix-manifest.json in ts language service.
[INFO ] update /var/www/elearning/public/mix-manifest.json in ts language service.
[INFO ] update /var/www/elearning/public/mix-manifest.json in ts language service.
[INFO ] update /var/www/elearning/public/js/chunks/12.js in ts language service.
[INFO ] update /var/www/elearning/public/js/chunks/12.js in ts language service.
[INFO ] update /var/www/elearning/public/js/chunks/12.js in ts language service.
[INFO ] update /var/www/elearning/public/css/material-icons/codepoints.json in ts language service.
[INFO ] update /var/www/elearning/public/css/material-icons/codepoints.json in ts language service.
[INFO ] update /var/www/elearning/public/css/material-icons/codepoints.json in ts language service.
[INFO ] update /var/www/elearning/public/mix-manifest.json in ts language service.
[INFO ] update /var/www/elearning/public/mix-manifest.json in ts language service.
[INFO ] update /var/www/elearning/public/mix-manifest.json in ts language service.
[INFO ] update /var/www/elearning/public/js/chunks/12.js in ts language service.
[INFO ] update /var/www/elearning/public/js/chunks/12.js in ts language service.
[INFO ] update /var/www/elearning/public/js/chunks/12.js in ts language service.
[INFO ] update /var/www/elearning/public/css/material-icons/codepoints.json in ts language service.
[INFO ] update /var/www/elearning/public/css/material-icons/codepoints.json in ts language service.
[INFO ] update /var/www/elearning/public/css/material-icons/codepoints.json in ts language service.
[INFO ] update /var/www/elearning/public/mix-manifest.json in ts language service.
[INFO ] update /var/www/elearning/public/mix-manifest.json in ts language service.
[INFO ] update /var/www/elearning/public/mix-manifest.json in ts language service.
[INFO ] update /var/www/elearning/public/js/chunks/12.js in ts language service.
[INFO ] update /var/www/elearning/public/js/chunks/12.js in ts language service.
[INFO ] update /var/www/elearning/public/js/chunks/12.js in ts language service.
[INFO ] update /var/www/elearning/public/css/material-icons/codepoints.json in ts language service.
[INFO ] update /var/www/elearning/public/css/material-icons/codepoints.json in ts language service.
[INFO ] update /var/www/elearning/public/css/material-icons/codepoints.json in ts language service.
[INFO ] update /var/www/elearning/public/mix-manifest.json in ts language service.
[INFO ] update /var/www/elearning/public/mix-manifest.json in ts language service.
[INFO ] update /var/www/elearning/public/mix-manifest.json in ts language service.
[INFO ] update /var/www/elearning/public/css/material-icons/codepoints.json in ts language service.
[INFO ] update /var/www/elearning/public/css/material-icons/codepoints.json in ts language service.
[INFO ] update /var/www/elearning/public/css/material-icons/codepoints.json in ts language service.
[INFO ] update /var/www/elearning/public/mix-manifest.json in ts language service.
[INFO ] update /var/www/elearning/public/mix-manifest.json in ts language service.
[INFO ] update /var/www/elearning/public/mix-manifest.json in ts language service.
[INFO ] update /var/www/elearning/public/css/material-icons/codepoints.json in ts language service.
[INFO ] update /var/www/elearning/public/css/material-icons/codepoints.json in ts language service.
[INFO ] update /var/www/elearning/public/css/material-icons/codepoints.json in ts language service.
[INFO ] update /var/www/elearning/public/mix-manifest.json in ts language service.
[INFO ] update /var/www/elearning/public/mix-manifest.json in ts language service.
[INFO ] update /var/www/elearning/public/mix-manifest.json in ts language service.
[INFO ] update /var/www/elearning/public/js/chunks/12.js in ts language service.
[INFO ] update /var/www/elearning/public/js/chunks/12.js in ts language service.
[INFO ] update /var/www/elearning/public/js/chunks/12.js in ts language service.
[INFO ] update /var/www/elearning/public/css/material-icons/codepoints.json in ts language service.
[INFO ] update /var/www/elearning/public/css/material-icons/codepoints.json in ts language service.
[INFO ] update /var/www/elearning/public/css/material-icons/codepoints.json in ts language service.
[INFO ] update /var/www/elearning/public/mix-manifest.json in ts language service.
[INFO ] update /var/www/elearning/public/mix-manifest.json in ts language service.
[INFO ] update /var/www/elearning/public/mix-manifest.json in ts language service.
[INFO ] update /var/www/elearning/public/js/chunks/12.js in ts language service.
[INFO ] update /var/www/elearning/public/js/chunks/12.js in ts language service.
[INFO ] update /var/www/elearning/public/js/chunks/12.js in ts language service.
[INFO ] update /var/www/elearning/public/css/material-icons/codepoints.json in ts language service.
[INFO ] update /var/www/elearning/public/css/material-icons/codepoints.json in ts language service.
[INFO ] update /var/www/elearning/public/css/material-icons/codepoints.json in ts language service.
[INFO ] update /var/www/elearning/public/mix-manifest.json in ts language service.
[INFO ] update /var/www/elearning/public/mix-manifest.json in ts language service.
[INFO ] update /var/www/elearning/public/mix-manifest.json in ts language service.
[INFO ] update /var/www/elearning/public/css/material-icons/codepoints.json in ts language service.
[INFO ] update /var/www/elearning/public/css/material-icons/codepoints.json in ts language service.
[INFO ] update /var/www/elearning/public/css/material-icons/codepoints.json in ts language service.
[INFO ] update /var/www/elearning/public/mix-manifest.json in ts language service.
[INFO ] update /var/www/elearning/public/mix-manifest.json in ts language service.
[INFO ] update /var/www/elearning/public/mix-manifest.json in ts language service.
[INFO ] update /var/www/elearning/public/mix-manifest.json in ts language service.
[INFO ] update /var/www/elearning/public/mix-manifest.json in ts language service.
[INFO ] update /var/www/elearning/public/mix-manifest.json in ts language service.
[INFO ] update /var/www/elearning/public/js/chunks/12.js in ts language service.
[INFO ] update /var/www/elearning/public/js/chunks/12.js in ts language service.
[INFO ] update /var/www/elearning/public/js/chunks/12.js in ts language service.
[INFO ] update /var/www/elearning/public/css/material-icons/codepoints.json in ts language service.
[INFO ] update /var/www/elearning/public/css/material-icons/codepoints.json in ts language service.
[INFO ] update /var/www/elearning/public/css/material-icons/codepoints.json in ts language service.
[INFO ] update /var/www/elearning/public/mix-manifest.json in ts language service.
[INFO ] update /var/www/elearning/public/mix-manifest.json in ts language service.
[INFO ] update /var/www/elearning/public/mix-manifest.json in ts language service.
[INFO ] update /var/www/elearning/public/css/material-icons/codepoints.json in ts language service.
[INFO ] update /var/www/elearning/public/css/material-icons/codepoints.json in ts language service.
[INFO ] update /var/www/elearning/public/css/material-icons/codepoints.json in ts language service.
[INFO ] update /var/www/elearning/public/mix-manifest.json in ts language service.
[INFO ] update /var/www/elearning/public/mix-manifest.json in ts language service.
[INFO ] update /var/www/elearning/public/mix-manifest.json in ts language service.
[INFO ] update /var/www/elearning/public/js/chunks/12.js in ts language service.
[INFO ] update /var/www/elearning/public/js/chunks/12.js in ts language service.
[INFO ] update /var/www/elearning/public/js/chunks/12.js in ts language service.
[INFO ] update /var/www/elearning/public/css/material-icons/codepoints.json in ts language service.
[INFO ] update /var/www/elearning/public/css/material-icons/codepoints.json in ts language service.
[INFO ] update /var/www/elearning/public/css/material-icons/codepoints.json in ts language service.
[INFO ] update /var/www/elearning/public/mix-manifest.json in ts language service.
[INFO ] update /var/www/elearning/public/mix-manifest.json in ts language service.
[INFO ] update /var/www/elearning/public/mix-manifest.json in ts language service.
[INFO ] update /var/www/elearning/public/css/material-icons/codepoints.json in ts language service.
[INFO ] update /var/www/elearning/public/css/material-icons/codepoints.json in ts language service.
[INFO ] update /var/www/elearning/public/css/material-icons/codepoints.json in ts language service.
[INFO ] update /var/www/elearning/public/mix-manifest.json in ts language service.
[INFO ] update /var/www/elearning/public/mix-manifest.json in ts language service.
[INFO ] update /var/www/elearning/public/mix-manifest.json in ts language service.
[INFO ] update /var/www/elearning/public/css/material-icons/codepoints.json in ts language service.
[INFO ] update /var/www/elearning/public/css/material-icons/codepoints.json in ts language service.
[INFO ] update /var/www/elearning/public/css/material-icons/codepoints.json in ts language service.
[INFO ] update /var/www/elearning/public/mix-manifest.json in ts language service.
[INFO ] update /var/www/elearning/public/mix-manifest.json in ts language service.
[INFO ] update /var/www/elearning/public/mix-manifest.json in ts language service.
[INFO ] update /var/www/elearning/public/js/chunks/12.js in ts language service.
[INFO ] update /var/www/elearning/public/js/chunks/12.js in ts language service.
[INFO ] update /var/www/elearning/public/js/chunks/12.js in ts language service.
[INFO ] update /var/www/elearning/public/css/material-icons/codepoints.json in ts language service.
[INFO ] update /var/www/elearning/public/css/material-icons/codepoints.json in ts language service.
[INFO ] update /var/www/elearning/public/css/material-icons/codepoints.json in ts language service.
[INFO ] update /var/www/elearning/public/mix-manifest.json in ts language service.
[INFO ] update /var/www/elearning/public/mix-manifest.json in ts language service.
[INFO ] update /var/www/elearning/public/mix-manifest.json in ts language service.
[INFO ] update /var/www/elearning/public/css/material-icons/codepoints.json in ts language service.
[INFO ] update /var/www/elearning/public/css/material-icons/codepoints.json in ts language service.
[INFO ] update /var/www/elearning/public/css/material-icons/codepoints.json in ts language service.
[INFO ] update /var/www/elearning/public/mix-manifest.json in ts language service.
[INFO ] update /var/www/elearning/public/mix-manifest.json in ts language service.
[INFO ] update /var/www/elearning/public/mix-manifest.json in ts language service.
[INFO ] update /var/www/elearning/public/js/chunks/12.js in ts language service.
[INFO ] update /var/www/elearning/public/js/chunks/12.js in ts language service.
[INFO ] update /var/www/elearning/public/js/chunks/12.js in ts language service.
[INFO ] update /var/www/elearning/public/css/material-icons/codepoints.json in ts language service.
[INFO ] update /var/www/elearning/public/css/material-icons/codepoints.json in ts language service.
[INFO ] update /var/www/elearning/public/css/material-icons/codepoints.json in ts language service.
[INFO ] update /var/www/elearning/public/mix-manifest.json in ts language service.
[INFO ] update /var/www/elearning/public/mix-manifest.json in ts language service.
[INFO ] update /var/www/elearning/public/mix-manifest.json in ts language service.
[INFO ] update /var/www/elearning/public/css/material-icons/codepoints.json in ts language service.
[INFO ] update /var/www/elearning/public/css/material-icons/codepoints.json in ts language service.
[INFO ] update /var/www/elearning/public/css/material-icons/codepoints.json in ts language service.
[INFO ] update /var/www/elearning/public/mix-manifest.json in ts language service.
[INFO ] update /var/www/elearning/public/mix-manifest.json in ts language service.
[INFO ] update /var/www/elearning/public/mix-manifest.json in ts language service.
[INFO ] update /var/www/elearning/public/css/material-icons/codepoints.json in ts language service.
[INFO ] update /var/www/elearning/public/css/material-icons/codepoints.json in ts language service.
[INFO ] update /var/www/elearning/public/css/material-icons/codepoints.json in ts language service.
[INFO ] update /var/www/elearning/public/mix-manifest.json in ts language service.
[INFO ] update /var/www/elearning/public/mix-manifest.json in ts language service.
[INFO ] update /var/www/elearning/public/mix-manifest.json in ts language service.
[INFO ] update /var/www/elearning/public/css/material-icons/codepoints.json in ts language service.
[INFO ] update /var/www/elearning/public/css/material-icons/codepoints.json in ts language service.
[INFO ] update /var/www/elearning/public/css/material-icons/codepoints.json in ts language service.
[INFO ] update /var/www/elearning/public/mix-manifest.json in ts language service.
[INFO ] update /var/www/elearning/public/mix-manifest.json in ts language service.
[INFO ] update /var/www/elearning/public/mix-manifest.json in ts language service.
[INFO ] update /var/www/elearning/public/js/chunks/12.js in ts language service.
[INFO ] update /var/www/elearning/public/js/chunks/12.js in ts language service.
[INFO ] update /var/www/elearning/public/js/chunks/12.js in ts language service.
[INFO ] update /var/www/elearning/public/css/material-icons/codepoints.json in ts language service.
[INFO ] update /var/www/elearning/public/css/material-icons/codepoints.json in ts language service.
[INFO ] update /var/www/elearning/public/css/material-icons/codepoints.json in ts language service.
[INFO ] update /var/www/elearning/public/mix-manifest.json in ts language service.
[INFO ] update /var/www/elearning/public/mix-manifest.json in ts language service.
[INFO ] update /var/www/elearning/public/mix-manifest.json in ts language service.
[INFO ] update /var/www/elearning/public/css/material-icons/codepoints.json in ts language service.
[INFO ] update /var/www/elearning/public/css/material-icons/codepoints.json in ts language service.
[INFO ] update /var/www/elearning/public/css/material-icons/codepoints.json in ts language service.
[INFO ] update /var/www/elearning/public/mix-manifest.json in ts language service.
[INFO ] update /var/www/elearning/public/mix-manifest.json in ts language service.
[INFO ] update /var/www/elearning/public/mix-manifest.json in ts language service.
[INFO ] update /var/www/elearning/public/js/chunks/12.js in ts language service.
[INFO ] update /var/www/elearning/public/js/chunks/12.js in ts language service.
[INFO ] update /var/www/elearning/public/js/chunks/12.js in ts language service.
[INFO ] update /var/www/elearning/public/css/material-icons/codepoints.json in ts language service.
[INFO ] update /var/www/elearning/public/css/material-icons/codepoints.json in ts language service.
[INFO ] update /var/www/elearning/public/css/material-icons/codepoints.json in ts language service.
[INFO ] update /var/www/elearning/public/mix-manifest.json in ts language service.
[INFO ] update /var/www/elearning/public/mix-manifest.json in ts language service.
[INFO ] update /var/www/elearning/public/mix-manifest.json in ts language service.
[INFO ] update /var/www/elearning/public/mix-manifest.json in ts language service.
[INFO ] update /var/www/elearning/public/mix-manifest.json in ts language service.
[INFO ] update /var/www/elearning/public/mix-manifest.json in ts language service.
[INFO ] update /var/www/elearning/public/css/material-icons/codepoints.json in ts language service.
[INFO ] update /var/www/elearning/public/css/material-icons/codepoints.json in ts language service.
[INFO ] update /var/www/elearning/public/css/material-icons/codepoints.json in ts language service.
[INFO ] update /var/www/elearning/public/mix-manifest.json in ts language service.
[INFO ] update /var/www/elearning/public/mix-manifest.json in ts language service.
[INFO ] update /var/www/elearning/public/mix-manifest.json in ts language service.
[INFO ] update /var/www/elearning/public/js/chunks/0.js in ts language service.
[INFO ] update /var/www/elearning/public/js/chunks/0.js in ts language service.
[INFO ] update /var/www/elearning/public/js/chunks/0.js in ts language service.
[INFO ] update /var/www/elearning/public/js/chunks/1.js in ts language service.
[INFO ] update /var/www/elearning/public/js/chunks/1.js in ts language service.
[INFO ] update /var/www/elearning/public/js/chunks/1.js in ts language service.
[INFO ] update /var/www/elearning/public/js/chunks/2.js in ts language service.
[INFO ] update /var/www/elearning/public/js/chunks/2.js in ts language service.
[INFO ] update /var/www/elearning/public/js/chunks/2.js in ts language service.
[INFO ] update /var/www/elearning/public/js/chunks/3.js in ts language service.
[INFO ] update /var/www/elearning/public/js/chunks/3.js in ts language service.
[INFO ] update /var/www/elearning/public/js/chunks/3.js in ts language service.
[INFO ] update /var/www/elearning/public/js/chunks/4.js in ts language service.
[INFO ] update /var/www/elearning/public/js/chunks/4.js in ts language service.
[INFO ] update /var/www/elearning/public/js/chunks/4.js in ts language service.
[INFO ] update /var/www/elearning/public/js/chunks/5.js in ts language service.
[INFO ] update /var/www/elearning/public/js/chunks/5.js in ts language service.
[INFO ] update /var/www/elearning/public/js/chunks/5.js in ts language service.
[INFO ] update /var/www/elearning/public/js/chunks/6.js in ts language service.
[INFO ] update /var/www/elearning/public/js/chunks/6.js in ts language service.
[INFO ] update /var/www/elearning/public/js/chunks/6.js in ts language service.
[INFO ] update /var/www/elearning/public/js/chunks/7.js in ts language service.
[INFO ] update /var/www/elearning/public/js/chunks/7.js in ts language service.
[INFO ] update /var/www/elearning/public/js/chunks/7.js in ts language service.
[INFO ] update /var/www/elearning/public/js/chunks/8.js in ts language service.
[INFO ] update /var/www/elearning/public/js/chunks/8.js in ts language service.
[INFO ] update /var/www/elearning/public/js/chunks/8.js in ts language service.
[INFO ] update /var/www/elearning/public/js/chunks/9.js in ts language service.
[INFO ] update /var/www/elearning/public/js/chunks/9.js in ts language service.
[INFO ] update /var/www/elearning/public/js/chunks/9.js in ts language service.
[INFO ] update /var/www/elearning/public/js/chunks/10.js in ts language service.
[INFO ] update /var/www/elearning/public/js/chunks/10.js in ts language service.
[INFO ] update /var/www/elearning/public/js/chunks/10.js in ts language service.
[INFO ] update /var/www/elearning/public/js/chunks/11.js in ts language service.
[INFO ] update /var/www/elearning/public/js/chunks/11.js in ts language service.
[INFO ] update /var/www/elearning/public/js/chunks/11.js in ts language service.
[INFO ] update /var/www/elearning/public/js/chunks/12.js in ts language service.
[INFO ] update /var/www/elearning/public/js/chunks/12.js in ts language service.
[INFO ] update /var/www/elearning/public/js/chunks/12.js in ts language service.
[INFO ] update /var/www/elearning/public/js/chunks/13.js in ts language service.
[INFO ] update /var/www/elearning/public/js/chunks/13.js in ts language service.
[INFO ] update /var/www/elearning/public/js/chunks/13.js in ts language service.
[INFO ] update /var/www/elearning/public/js/chunks/14.js in ts language service.
[INFO ] update /var/www/elearning/public/js/chunks/14.js in ts language service.
[INFO ] update /var/www/elearning/public/js/chunks/14.js in ts language service.
[INFO ] update /var/www/elearning/public/js/chunks/15.js in ts language service.
[INFO ] update /var/www/elearning/public/js/chunks/15.js in ts language service.
[INFO ] update /var/www/elearning/public/js/chunks/15.js in ts language service.
[INFO ] update /var/www/elearning/public/js/chunks/16.js in ts language service.
[INFO ] update /var/www/elearning/public/js/chunks/16.js in ts language service.
[INFO ] update /var/www/elearning/public/js/chunks/16.js in ts language service.
[INFO ] update /var/www/elearning/public/js/chunks/17.js in ts language service.
[INFO ] update /var/www/elearning/public/js/chunks/17.js in ts language service.
[INFO ] update /var/www/elearning/public/js/chunks/17.js in ts language service.
[INFO ] update /var/www/elearning/public/js/chunks/18.js in ts language service.
[INFO ] update /var/www/elearning/public/js/chunks/18.js in ts language service.
[INFO ] update /var/www/elearning/public/js/chunks/18.js in ts language service.
[INFO ] update /var/www/elearning/public/js/chunks/19.js in ts language service.
[INFO ] update /var/www/elearning/public/js/chunks/19.js in ts language service.
[INFO ] update /var/www/elearning/public/js/chunks/19.js in ts language service.
[INFO ] update /var/www/elearning/public/js/chunks/20.js in ts language service.
[INFO ] update /var/www/elearning/public/js/chunks/20.js in ts language service.
[INFO ] update /var/www/elearning/public/js/chunks/20.js in ts language service.
[INFO ] update /var/www/elearning/public/js/chunks/21.js in ts language service.
[INFO ] update /var/www/elearning/public/js/chunks/21.js in ts language service.
[INFO ] update /var/www/elearning/public/js/chunks/21.js in ts language service.
[INFO ] update /var/www/elearning/public/js/chunks/22.js in ts language service.
[INFO ] update /var/www/elearning/public/js/chunks/22.js in ts language service.
[INFO ] update /var/www/elearning/public/js/chunks/22.js in ts language service.
[INFO ] update /var/www/elearning/public/js/chunks/23.js in ts language service.
[INFO ] update /var/www/elearning/public/js/chunks/23.js in ts language service.
[INFO ] update /var/www/elearning/public/js/chunks/23.js in ts language service.
[INFO ] update /var/www/elearning/public/js/chunks/24.js in ts language service.
[INFO ] update /var/www/elearning/public/js/chunks/24.js in ts language service.
[INFO ] update /var/www/elearning/public/js/chunks/24.js in ts language service.
[INFO ] update /var/www/elearning/public/js/chunks/25.js in ts language service.
[INFO ] update /var/www/elearning/public/js/chunks/25.js in ts language service.
[INFO ] update /var/www/elearning/public/js/chunks/25.js in ts language service.
[INFO ] update /var/www/elearning/public/js/chunks/26.js in ts language service.
[INFO ] update /var/www/elearning/public/js/chunks/26.js in ts language service.
[INFO ] update /var/www/elearning/public/js/chunks/26.js in ts language service.
[INFO ] update /var/www/elearning/public/js/chunks/27.js in ts language service.
[INFO ] update /var/www/elearning/public/js/chunks/27.js in ts language service.
[INFO ] update /var/www/elearning/public/js/chunks/27.js in ts language service.
[INFO ] update /var/www/elearning/public/js/chunks/28.js in ts language service.
[INFO ] update /var/www/elearning/public/js/chunks/28.js in ts language service.
[INFO ] update /var/www/elearning/public/js/chunks/28.js in ts language service.
[INFO ] update /var/www/elearning/public/js/chunks/29.js in ts language service.
[INFO ] update /var/www/elearning/public/js/chunks/29.js in ts language service.
[INFO ] update /var/www/elearning/public/js/chunks/29.js in ts language service.
[INFO ] update /var/www/elearning/public/js/chunks/30.js in ts language service.
[INFO ] update /var/www/elearning/public/js/chunks/30.js in ts language service.
[INFO ] update /var/www/elearning/public/js/chunks/30.js in ts language service.
[INFO ] update /var/www/elearning/public/js/chunks/31.js in ts language service.
[INFO ] update /var/www/elearning/public/js/chunks/31.js in ts language service.
[INFO ] update /var/www/elearning/public/js/chunks/31.js in ts language service.
[INFO ] update /var/www/elearning/public/js/chunks/32.js in ts language service.
[INFO ] update /var/www/elearning/public/js/chunks/32.js in ts language service.
[INFO ] update /var/www/elearning/public/js/chunks/32.js in ts language service.
[INFO ] update /var/www/elearning/public/js/chunks/33.js in ts language service.
[INFO ] update /var/www/elearning/public/js/chunks/33.js in ts language service.
[INFO ] update /var/www/elearning/public/js/chunks/33.js in ts language service.
[INFO ] update /var/www/elearning/public/js/chunks/34.js in ts language service.
[INFO ] update /var/www/elearning/public/js/chunks/34.js in ts language service.
[INFO ] update /var/www/elearning/public/js/chunks/34.js in ts language service.
[INFO ] update /var/www/elearning/public/js/chunks/35.js in ts language service.
[INFO ] update /var/www/elearning/public/js/chunks/35.js in ts language service.
[INFO ] update /var/www/elearning/public/js/chunks/35.js in ts language service.
[INFO ] update /var/www/elearning/public/js/chunks/36.js in ts language service.
[INFO ] update /var/www/elearning/public/js/chunks/36.js in ts language service.
[INFO ] update /var/www/elearning/public/js/chunks/36.js in ts language service.
[INFO ] update /var/www/elearning/public/js/chunks/37.js in ts language service.
[INFO ] update /var/www/elearning/public/js/chunks/37.js in ts language service.
[INFO ] update /var/www/elearning/public/js/chunks/37.js in ts language service.
[INFO ] update /var/www/elearning/public/js/chunks/38.js in ts language service.
[INFO ] update /var/www/elearning/public/js/chunks/38.js in ts language service.
[INFO ] update /var/www/elearning/public/js/chunks/38.js in ts language service.
[INFO ] update /var/www/elearning/public/js/chunks/39.js in ts language service.
[INFO ] update /var/www/elearning/public/js/chunks/39.js in ts language service.
[INFO ] update /var/www/elearning/public/js/chunks/39.js in ts language service.
[INFO ] update /var/www/elearning/public/js/chunks/40.js in ts language service.
[INFO ] update /var/www/elearning/public/js/chunks/40.js in ts language service.
[INFO ] update /var/www/elearning/public/js/chunks/40.js in ts language service.
[INFO ] update /var/www/elearning/public/js/chunks/41.js in ts language service.
[INFO ] update /var/www/elearning/public/js/chunks/41.js in ts language service.
[INFO ] update /var/www/elearning/public/js/chunks/41.js in ts language service.
[INFO ] update /var/www/elearning/public/js/chunks/42.js in ts language service.
[INFO ] update /var/www/elearning/public/js/chunks/42.js in ts language service.
[INFO ] update /var/www/elearning/public/js/chunks/42.js in ts language service.
[INFO ] update /var/www/elearning/public/js/chunks/43.js in ts language service.
[INFO ] update /var/www/elearning/public/js/chunks/43.js in ts language service.
[INFO ] update /var/www/elearning/public/js/chunks/43.js in ts language service.
[INFO ] update /var/www/elearning/public/js/chunks/44.js in ts language service.
[INFO ] update /var/www/elearning/public/js/chunks/44.js in ts language service.
[INFO ] update /var/www/elearning/public/js/chunks/44.js in ts language service.
[INFO ] update /var/www/elearning/public/js/chunks/45.js in ts language service.
[INFO ] update /var/www/elearning/public/js/chunks/45.js in ts language service.
[INFO ] update /var/www/elearning/public/js/chunks/45.js in ts language service.
[INFO ] update /var/www/elearning/public/js/chunks/46.js in ts language service.
[INFO ] update /var/www/elearning/public/js/chunks/46.js in ts language service.
[INFO ] update /var/www/elearning/public/js/chunks/46.js in ts language service.
[INFO ] update /var/www/elearning/public/js/chunks/47.js in ts language service.
[INFO ] update /var/www/elearning/public/js/chunks/47.js in ts language service.
[INFO ] update /var/www/elearning/public/js/chunks/47.js in ts language service.
[INFO ] update /var/www/elearning/public/js/chunks/48.js in ts language service.
[INFO ] update /var/www/elearning/public/js/chunks/48.js in ts language service.
[INFO ] update /var/www/elearning/public/js/chunks/48.js in ts language service.
[INFO ] update /var/www/elearning/public/js/chunks/49.js in ts language service.
[INFO ] update /var/www/elearning/public/js/chunks/49.js in ts language service.
[INFO ] update /var/www/elearning/public/js/chunks/49.js in ts language service.
[INFO ] update /var/www/elearning/public/js/chunks/50.js in ts language service.
[INFO ] update /var/www/elearning/public/js/chunks/50.js in ts language service.
[INFO ] update /var/www/elearning/public/js/chunks/50.js in ts language service.
[INFO ] update /var/www/elearning/public/js/chunks/52.js in ts language service.
[INFO ] update /var/www/elearning/public/js/chunks/52.js in ts language service.
[INFO ] update /var/www/elearning/public/js/chunks/52.js in ts language service.
[INFO ] update /var/www/elearning/public/js/chunks/51.js in ts language service.
[INFO ] update /var/www/elearning/public/js/chunks/51.js in ts language service.
[INFO ] update /var/www/elearning/public/js/chunks/51.js in ts language service.
[INFO ] update /var/www/elearning/public/js/app.js in ts language service.
[INFO ] update /var/www/elearning/public/js/app.js in ts language service.
[INFO ] update /var/www/elearning/public/js/app.js in ts language service.
[INFO ] update /var/www/elearning/public/css/material-icons/codepoints.json in ts language service.
[INFO ] update /var/www/elearning/public/css/material-icons/codepoints.json in ts language service.
[INFO ] update /var/www/elearning/public/css/material-icons/codepoints.json in ts language service.
[INFO ] update /var/www/elearning/public/mix-manifest.json in ts language service.
[INFO ] update /var/www/elearning/public/mix-manifest.json in ts language service.
[INFO ] update /var/www/elearning/public/mix-manifest.json in ts language service.
[INFO ] update /var/www/elearning/public/js/chunks/12.js in ts language service.
[INFO ] update /var/www/elearning/public/js/chunks/12.js in ts language service.
[INFO ] update /var/www/elearning/public/js/chunks/12.js in ts language service.
[INFO ] update /var/www/elearning/public/css/material-icons/codepoints.json in ts language service.
[INFO ] update /var/www/elearning/public/css/material-icons/codepoints.json in ts language service.
[INFO ] update /var/www/elearning/public/css/material-icons/codepoints.json in ts language service.
[INFO ] update /var/www/elearning/public/mix-manifest.json in ts language service.
[INFO ] update /var/www/elearning/public/mix-manifest.json in ts language service.
[INFO ] update /var/www/elearning/public/mix-manifest.json in ts language service.
[INFO ] update /var/www/elearning/public/js/chunks/12.js in ts language service.
[INFO ] update /var/www/elearning/public/js/chunks/12.js in ts language service.
[INFO ] update /var/www/elearning/public/js/chunks/12.js in ts language service.
[INFO ] update /var/www/elearning/public/mix-manifest.json in ts language service.
[INFO ] update /var/www/elearning/public/mix-manifest.json in ts language service.
[INFO ] update /var/www/elearning/public/mix-manifest.json in ts language service.
[INFO ] update /var/www/elearning/public/css/material-icons/codepoints.json in ts language service.
[INFO ] update /var/www/elearning/public/css/material-icons/codepoints.json in ts language service.
[INFO ] update /var/www/elearning/public/css/material-icons/codepoints.json in ts language service.
[INFO ] update /var/www/elearning/public/mix-manifest.json in ts language service.
[INFO ] update /var/www/elearning/public/mix-manifest.json in ts language service.
[INFO ] update /var/www/elearning/public/mix-manifest.json in ts language service.
[INFO ] update /var/www/elearning/public/css/material-icons/codepoints.json in ts language service.
[INFO ] update /var/www/elearning/public/css/material-icons/codepoints.json in ts language service.
[INFO ] update /var/www/elearning/public/css/material-icons/codepoints.json in ts language service.
[INFO ] update /var/www/elearning/public/mix-manifest.json in ts language service.
[INFO ] update /var/www/elearning/public/mix-manifest.json in ts language service.
[INFO ] update /var/www/elearning/public/mix-manifest.json in ts language service.
[INFO ] update /var/www/elearning/public/js/chunks/12.js in ts language service.
[INFO ] update /var/www/elearning/public/js/chunks/12.js in ts language service.
[INFO ] update /var/www/elearning/public/js/chunks/12.js in ts language service.
[INFO ] update /var/www/elearning/public/css/material-icons/codepoints.json in ts language service.
[INFO ] update /var/www/elearning/public/css/material-icons/codepoints.json in ts language service.
[INFO ] update /var/www/elearning/public/css/material-icons/codepoints.json in ts language service.
[INFO ] update /var/www/elearning/public/mix-manifest.json in ts language service.
[INFO ] update /var/www/elearning/public/mix-manifest.json in ts language service.
[INFO ] update /var/www/elearning/public/mix-manifest.json in ts language service.
[INFO ] update /var/www/elearning/public/mix-manifest.json in ts language service.
[INFO ] update /var/www/elearning/public/mix-manifest.json in ts language service.
[INFO ] update /var/www/elearning/public/mix-manifest.json in ts language service.
[INFO ] update /var/www/elearning/public/js/chunks/12.js in ts language service.
[INFO ] update /var/www/elearning/public/js/chunks/12.js in ts language service.
[INFO ] update /var/www/elearning/public/js/chunks/12.js in ts language service.
[INFO ] update /var/www/elearning/public/css/material-icons/codepoints.json in ts language service.
[INFO ] update /var/www/elearning/public/css/material-icons/codepoints.json in ts language service.
[INFO ] update /var/www/elearning/public/css/material-icons/codepoints.json in ts language service.
[INFO ] update /var/www/elearning/public/mix-manifest.json in ts language service.
[INFO ] update /var/www/elearning/public/mix-manifest.json in ts language service.
[INFO ] update /var/www/elearning/public/mix-manifest.json in ts language service.
[INFO ] update /var/www/elearning/public/css/material-icons/codepoints.json in ts language service.
[INFO ] update /var/www/elearning/public/css/material-icons/codepoints.json in ts language service.
[INFO ] update /var/www/elearning/public/css/material-icons/codepoints.json in ts language service.
[INFO ] update /var/www/elearning/public/mix-manifest.json in ts language service.
[INFO ] update /var/www/elearning/public/mix-manifest.json in ts language service.
[INFO ] update /var/www/elearning/public/mix-manifest.json in ts language service.
[INFO ] update /var/www/elearning/public/css/material-icons/codepoints.json in ts language service.
[INFO ] update /var/www/elearning/public/css/material-icons/codepoints.json in ts language service.
[INFO ] update /var/www/elearning/public/css/material-icons/codepoints.json in ts language service.
[INFO ] update /var/www/elearning/public/mix-manifest.json in ts language service.
[INFO ] update /var/www/elearning/public/mix-manifest.json in ts language service.
[INFO ] update /var/www/elearning/public/mix-manifest.json in ts language service.
[INFO ] update /var/www/elearning/public/css/material-icons/codepoints.json in ts language service.
[INFO ] update /var/www/elearning/public/css/material-icons/codepoints.json in ts language service.
[INFO ] update /var/www/elearning/public/css/material-icons/codepoints.json in ts language service.
[INFO ] update /var/www/elearning/public/mix-manifest.json in ts language service.
[INFO ] update /var/www/elearning/public/mix-manifest.json in ts language service.
[INFO ] update /var/www/elearning/public/mix-manifest.json in ts language service.
[INFO ] update /var/www/elearning/public/css/material-icons/codepoints.json in ts language service.
[INFO ] update /var/www/elearning/public/css/material-icons/codepoints.json in ts language service.
[INFO ] update /var/www/elearning/public/css/material-icons/codepoints.json in ts language service.
[INFO ] update /var/www/elearning/public/mix-manifest.json in ts language service.
[INFO ] update /var/www/elearning/public/mix-manifest.json in ts language service.
[INFO ] update /var/www/elearning/public/mix-manifest.json in ts language service.
[INFO ] update /var/www/elearning/public/css/material-icons/codepoints.json in ts language service.
[INFO ] update /var/www/elearning/public/css/material-icons/codepoints.json in ts language service.
[INFO ] update /var/www/elearning/public/css/material-icons/codepoints.json in ts language service.
[INFO ] update /var/www/elearning/public/mix-manifest.json in ts language service.
[INFO ] update /var/www/elearning/public/mix-manifest.json in ts language service.
[INFO ] update /var/www/elearning/public/mix-manifest.json in ts language service.
[INFO ] update /var/www/elearning/public/js/chunks/12.js in ts language service.
[INFO ] update /var/www/elearning/public/js/chunks/12.js in ts language service.
[INFO ] update /var/www/elearning/public/js/chunks/12.js in ts language service.
[INFO ] update /var/www/elearning/public/css/material-icons/codepoints.json in ts language service.
[INFO ] update /var/www/elearning/public/css/material-icons/codepoints.json in ts language service.
[INFO ] update /var/www/elearning/public/css/material-icons/codepoints.json in ts language service.
[INFO ] update /var/www/elearning/public/mix-manifest.json in ts language service.
[INFO ] update /var/www/elearning/public/mix-manifest.json in ts language service.
[INFO ] update /var/www/elearning/public/mix-manifest.json in ts language service.
[INFO ] update /var/www/elearning/public/js/chunks/12.js in ts language service.
[INFO ] update /var/www/elearning/public/js/chunks/12.js in ts language service.
[INFO ] update /var/www/elearning/public/js/chunks/12.js in ts language service.
[INFO ] update /var/www/elearning/public/css/material-icons/codepoints.json in ts language service.
[INFO ] update /var/www/elearning/public/css/material-icons/codepoints.json in ts language service.
[INFO ] update /var/www/elearning/public/css/material-icons/codepoints.json in ts language service.
[INFO ] update /var/www/elearning/public/mix-manifest.json in ts language service.
[INFO ] update /var/www/elearning/public/mix-manifest.json in ts language service.
[INFO ] update /var/www/elearning/public/mix-manifest.json in ts language service.
[INFO ] update /var/www/elearning/public/css/material-icons/codepoints.json in ts language service.
[INFO ] update /var/www/elearning/public/css/material-icons/codepoints.json in ts language service.
[INFO ] update /var/www/elearning/public/css/material-icons/codepoints.json in ts language service.
[INFO ] update /var/www/elearning/public/mix-manifest.json in ts language service.
[INFO ] update /var/www/elearning/public/mix-manifest.json in ts language service.
[INFO ] update /var/www/elearning/public/mix-manifest.json in ts language service.
[INFO ] update /var/www/elearning/public/js/chunks/12.js in ts language service.
[INFO ] update /var/www/elearning/public/js/chunks/12.js in ts language service.
[INFO ] update /var/www/elearning/public/js/chunks/12.js in ts language service.
[INFO ] update /var/www/elearning/public/css/material-icons/codepoints.json in ts language service.
[INFO ] update /var/www/elearning/public/css/material-icons/codepoints.json in ts language service.
[INFO ] update /var/www/elearning/public/css/material-icons/codepoints.json in ts language service.
[INFO ] update /var/www/elearning/public/mix-manifest.json in ts language service.
[INFO ] update /var/www/elearning/public/mix-manifest.json in ts language service.
[INFO ] update /var/www/elearning/public/mix-manifest.json in ts language service.
[INFO ] update /var/www/elearning/public/js/chunks/12.js in ts language service.
[INFO ] update /var/www/elearning/public/js/chunks/12.js in ts language service.
[INFO ] update /var/www/elearning/public/js/chunks/12.js in ts language service.
[INFO ] update /var/www/elearning/public/mix-manifest.json in ts language service.
[INFO ] update /var/www/elearning/public/mix-manifest.json in ts language service.
[INFO ] update /var/www/elearning/public/mix-manifest.json in ts language service.
[INFO ] update /var/www/elearning/public/css/material-icons/codepoints.json in ts language service.
[INFO ] update /var/www/elearning/public/css/material-icons/codepoints.json in ts language service.
[INFO ] update /var/www/elearning/public/css/material-icons/codepoints.json in ts language service.
[INFO ] update /var/www/elearning/public/mix-manifest.json in ts language service.
[INFO ] update /var/www/elearning/public/mix-manifest.json in ts language service.
[INFO ] update /var/www/elearning/public/mix-manifest.json in ts language service.
[INFO ] update /var/www/elearning/public/mix-manifest.json in ts language service.
[INFO ] update /var/www/elearning/public/mix-manifest.json in ts language service.
[INFO ] update /var/www/elearning/public/mix-manifest.json in ts language service.
[INFO ] update /var/www/elearning/public/css/material-icons/codepoints.json in ts language service.
[INFO ] update /var/www/elearning/public/css/material-icons/codepoints.json in ts language service.
[INFO ] update /var/www/elearning/public/css/material-icons/codepoints.json in ts language service.
[INFO ] update /var/www/elearning/public/mix-manifest.json in ts language service.
[INFO ] update /var/www/elearning/public/mix-manifest.json in ts language service.
[INFO ] update /var/www/elearning/public/mix-manifest.json in ts language service.
[INFO ] update /var/www/elearning/public/js/chunks/12.js in ts language service.
[INFO ] update /var/www/elearning/public/js/chunks/12.js in ts language service.
[INFO ] update /var/www/elearning/public/js/chunks/12.js in ts language service.
[INFO ] update /var/www/elearning/public/css/material-icons/codepoints.json in ts language service.
[INFO ] update /var/www/elearning/public/css/material-icons/codepoints.json in ts language service.
[INFO ] update /var/www/elearning/public/css/material-icons/codepoints.json in ts language service.
[INFO ] update /var/www/elearning/public/mix-manifest.json in ts language service.
[INFO ] update /var/www/elearning/public/mix-manifest.json in ts language service.
[INFO ] update /var/www/elearning/public/mix-manifest.json in ts language service.
[INFO ] update /var/www/elearning/public/mix-manifest.json in ts language service.
[INFO ] update /var/www/elearning/public/mix-manifest.json in ts language service.
[INFO ] update /var/www/elearning/public/mix-manifest.json in ts language service.
[INFO ] update /var/www/elearning/public/js/chunks/12.js in ts language service.
[INFO ] update /var/www/elearning/public/js/chunks/12.js in ts language service.
[INFO ] update /var/www/elearning/public/js/chunks/12.js in ts language service.
[INFO ] update /var/www/elearning/public/css/material-icons/codepoints.json in ts language service.
[INFO ] update /var/www/elearning/public/css/material-icons/codepoints.json in ts language service.
[INFO ] update /var/www/elearning/public/css/material-icons/codepoints.json in ts language service.
[INFO ] update /var/www/elearning/public/mix-manifest.json in ts language service.
[INFO ] update /var/www/elearning/public/mix-manifest.json in ts language service.
[INFO ] update /var/www/elearning/public/mix-manifest.json in ts language service.
[INFO ] update /var/www/elearning/public/css/material-icons/codepoints.json in ts language service.
[INFO ] update /var/www/elearning/public/css/material-icons/codepoints.json in ts language service.
[INFO ] update /var/www/elearning/public/css/material-icons/codepoints.json in ts language service.
[INFO ] update /var/www/elearning/public/mix-manifest.json in ts language service.
[INFO ] update /var/www/elearning/public/mix-manifest.json in ts language service.
[INFO ] update /var/www/elearning/public/mix-manifest.json in ts language service.
[INFO ] update /var/www/elearning/public/js/chunks/12.js in ts language service.
[INFO ] update /var/www/elearning/public/js/chunks/12.js in ts language service.
[INFO ] update /var/www/elearning/public/js/chunks/12.js in ts language service.
[INFO ] update /var/www/elearning/public/css/material-icons/codepoints.json in ts language service.
[INFO ] update /var/www/elearning/public/css/material-icons/codepoints.json in ts language service.
[INFO ] update /var/www/elearning/public/css/material-icons/codepoints.json in ts language service.
[INFO ] update /var/www/elearning/public/mix-manifest.json in ts language service.
[INFO ] update /var/www/elearning/public/mix-manifest.json in ts language service.
[INFO ] update /var/www/elearning/public/mix-manifest.json in ts language service.
[INFO ] update /var/www/elearning/public/js/chunks/12.js in ts language service.
[INFO ] update /var/www/elearning/public/js/chunks/12.js in ts language service.
[INFO ] update /var/www/elearning/public/js/chunks/12.js in ts language service.
[INFO ] update /var/www/elearning/public/css/material-icons/codepoints.json in ts language service.
[INFO ] update /var/www/elearning/public/css/material-icons/codepoints.json in ts language service.
[INFO ] update /var/www/elearning/public/css/material-icons/codepoints.json in ts language service.
[INFO ] update /var/www/elearning/public/mix-manifest.json in ts language service.
[INFO ] update /var/www/elearning/public/mix-manifest.json in ts language service.
[INFO ] update /var/www/elearning/public/mix-manifest.json in ts language service.
[INFO ] update /var/www/elearning/public/css/material-icons/codepoints.json in ts language service.
[INFO ] update /var/www/elearning/public/css/material-icons/codepoints.json in ts language service.
[INFO ] update /var/www/elearning/public/css/material-icons/codepoints.json in ts language service.
[INFO ] update /var/www/elearning/public/mix-manifest.json in ts language service.
[INFO ] update /var/www/elearning/public/mix-manifest.json in ts language service.
[INFO ] update /var/www/elearning/public/mix-manifest.json in ts language service.
[INFO ] update /var/www/elearning/public/css/material-icons/codepoints.json in ts language service.
[INFO ] update /var/www/elearning/public/css/material-icons/codepoints.json in ts language service.
[INFO ] update /var/www/elearning/public/css/material-icons/codepoints.json in ts language service.
[INFO ] update /var/www/elearning/public/mix-manifest.json in ts language service.
[INFO ] update /var/www/elearning/public/mix-manifest.json in ts language service.
[INFO ] update /var/www/elearning/public/mix-manifest.json in ts language service.
[INFO ] update /var/www/elearning/public/css/material-icons/codepoints.json in ts language service.
[INFO ] update /var/www/elearning/public/css/material-icons/codepoints.json in ts language service.
[INFO ] update /var/www/elearning/public/css/material-icons/codepoints.json in ts language service.
[INFO ] update /var/www/elearning/public/mix-manifest.json in ts language service.
[INFO ] update /var/www/elearning/public/mix-manifest.json in ts language service.
[INFO ] update /var/www/elearning/public/mix-manifest.json in ts language service.
[INFO ] update /var/www/elearning/public/css/material-icons/codepoints.json in ts language service.
[INFO ] update /var/www/elearning/public/css/material-icons/codepoints.json in ts language service.
[INFO ] update /var/www/elearning/public/css/material-icons/codepoints.json in ts language service.
[INFO ] update /var/www/elearning/public/mix-manifest.json in ts language service.
[INFO ] update /var/www/elearning/public/mix-manifest.json in ts language service.
[INFO ] update /var/www/elearning/public/mix-manifest.json in ts language service.
[INFO ] update /var/www/elearning/public/js/chunks/12.js in ts language service.
[INFO ] update /var/www/elearning/public/js/chunks/12.js in ts language service.
[INFO ] update /var/www/elearning/public/js/chunks/12.js in ts language service.
[INFO ] update /var/www/elearning/public/css/material-icons/codepoints.json in ts language service.
[INFO ] update /var/www/elearning/public/css/material-icons/codepoints.json in ts language service.
[INFO ] update /var/www/elearning/public/css/material-icons/codepoints.json in ts language service.
[INFO ] update /var/www/elearning/public/mix-manifest.json in ts language service.
[INFO ] update /var/www/elearning/public/mix-manifest.json in ts language service.
[INFO ] update /var/www/elearning/public/mix-manifest.json in ts language service.
[INFO ] update /var/www/elearning/public/js/chunks/12.js in ts language service.
[INFO ] update /var/www/elearning/public/js/chunks/12.js in ts language service.
[INFO ] update /var/www/elearning/public/js/chunks/12.js in ts language service.
[INFO ] update /var/www/elearning/public/css/material-icons/codepoints.json in ts language service.
[INFO ] update /var/www/elearning/public/css/material-icons/codepoints.json in ts language service.
[INFO ] update /var/www/elearning/public/css/material-icons/codepoints.json in ts language service.
[INFO ] update /var/www/elearning/public/mix-manifest.json in ts language service.
[INFO ] update /var/www/elearning/public/mix-manifest.json in ts language service.
[INFO ] update /var/www/elearning/public/mix-manifest.json in ts language service.
[INFO ] update /var/www/elearning/public/js/chunks/12.js in ts language service.
[INFO ] update /var/www/elearning/public/js/chunks/12.js in ts language service.
[INFO ] update /var/www/elearning/public/js/chunks/12.js in ts language service.
[INFO ] update /var/www/elearning/public/css/material-icons/codepoints.json in ts language service.
[INFO ] update /var/www/elearning/public/css/material-icons/codepoints.json in ts language service.
[INFO ] update /var/www/elearning/public/css/material-icons/codepoints.json in ts language service.
[INFO ] update /var/www/elearning/public/mix-manifest.json in ts language service.
[INFO ] update /var/www/elearning/public/mix-manifest.json in ts language service.
[INFO ] update /var/www/elearning/public/mix-manifest.json in ts language service.
[INFO ] update /var/www/elearning/public/css/material-icons/codepoints.json in ts language service.
[INFO ] update /var/www/elearning/public/css/material-icons/codepoints.json in ts language service.
[INFO ] update /var/www/elearning/public/css/material-icons/codepoints.json in ts language service.
[INFO ] update /var/www/elearning/public/mix-manifest.json in ts language service.
[INFO ] update /var/www/elearning/public/mix-manifest.json in ts language service.
[INFO ] update /var/www/elearning/public/mix-manifest.json in ts language service.
[INFO ] update /var/www/elearning/public/js/chunks/12.js in ts language service.
[INFO ] update /var/www/elearning/public/js/chunks/12.js in ts language service.
[INFO ] update /var/www/elearning/public/js/chunks/12.js in ts language service.
[INFO ] update /var/www/elearning/public/mix-manifest.json in ts language service.
[INFO ] update /var/www/elearning/public/mix-manifest.json in ts language service.
[INFO ] update /var/www/elearning/public/mix-manifest.json in ts language service.
[INFO ] update /var/www/elearning/public/css/material-icons/codepoints.json in ts language service.
[INFO ] update /var/www/elearning/public/css/material-icons/codepoints.json in ts language service.
[INFO ] update /var/www/elearning/public/css/material-icons/codepoints.json in ts language service.
[INFO ] update /var/www/elearning/public/mix-manifest.json in ts language service.
[INFO ] update /var/www/elearning/public/mix-manifest.json in ts language service.
[INFO ] update /var/www/elearning/public/mix-manifest.json in ts language service.
[INFO ] update /var/www/elearning/public/css/material-icons/codepoints.json in ts language service.
[INFO ] update /var/www/elearning/public/css/material-icons/codepoints.json in ts language service.
[INFO ] update /var/www/elearning/public/css/material-icons/codepoints.json in ts language service.
[INFO ] update /var/www/elearning/public/mix-manifest.json in ts language service.
[INFO ] update /var/www/elearning/public/mix-manifest.json in ts language service.
[INFO ] update /var/www/elearning/public/mix-manifest.json in ts language service.
[INFO ] update /var/www/elearning/public/js/chunks/12.js in ts language service.
[INFO ] update /var/www/elearning/public/js/chunks/12.js in ts language service.
[INFO ] update /var/www/elearning/public/js/chunks/12.js in ts language service.
[INFO ] update /var/www/elearning/public/css/material-icons/codepoints.json in ts language service.
[INFO ] update /var/www/elearning/public/css/material-icons/codepoints.json in ts language service.
[INFO ] update /var/www/elearning/public/css/material-icons/codepoints.json in ts language service.
[INFO ] update /var/www/elearning/public/mix-manifest.json in ts language service.
[INFO ] update /var/www/elearning/public/mix-manifest.json in ts language service.
[INFO ] update /var/www/elearning/public/mix-manifest.json in ts language service.
[INFO ] update /var/www/elearning/public/js/chunks/12.js in ts language service.
[INFO ] update /var/www/elearning/public/js/chunks/12.js in ts language service.
[INFO ] update /var/www/elearning/public/js/chunks/12.js in ts language service.
[INFO ] update /var/www/elearning/public/css/material-icons/codepoints.json in ts language service.
[INFO ] update /var/www/elearning/public/css/material-icons/codepoints.json in ts language service.
[INFO ] update /var/www/elearning/public/css/material-icons/codepoints.json in ts language service.
[INFO ] update /var/www/elearning/public/mix-manifest.json in ts language service.
[INFO ] update /var/www/elearning/public/mix-manifest.json in ts language service.
[INFO ] update /var/www/elearning/public/mix-manifest.json in ts language service.
[INFO ] update /var/www/elearning/public/js/chunks/12.js in ts language service.
[INFO ] update /var/www/elearning/public/js/chunks/12.js in ts language service.
[INFO ] update /var/www/elearning/public/js/chunks/12.js in ts language service.
[INFO ] update /var/www/elearning/public/mix-manifest.json in ts language service.
[INFO ] update /var/www/elearning/public/mix-manifest.json in ts language service.
[INFO ] update /var/www/elearning/public/mix-manifest.json in ts language service.
[INFO ] update /var/www/elearning/public/css/material-icons/codepoints.json in ts language service.
[INFO ] update /var/www/elearning/public/css/material-icons/codepoints.json in ts language service.
[INFO ] update /var/www/elearning/public/css/material-icons/codepoints.json in ts language service.
[INFO ] update /var/www/elearning/public/mix-manifest.json in ts language service.
[INFO ] update /var/www/elearning/public/mix-manifest.json in ts language service.
[INFO ] update /var/www/elearning/public/mix-manifest.json in ts language service.
[INFO ] update /var/www/elearning/public/js/chunks/12.js in ts language service.
[INFO ] update /var/www/elearning/public/js/chunks/12.js in ts language service.
[INFO ] update /var/www/elearning/public/js/chunks/12.js in ts language service.
[INFO ] update /var/www/elearning/public/mix-manifest.json in ts language service.
[INFO ] update /var/www/elearning/public/mix-manifest.json in ts language service.
[INFO ] update /var/www/elearning/public/mix-manifest.json in ts language service.
[INFO ] update /var/www/elearning/public/js/chunks/12.js in ts language service.
[INFO ] update /var/www/elearning/public/js/chunks/12.js in ts language service.
[INFO ] update /var/www/elearning/public/js/chunks/12.js in ts language service.
[INFO ] update /var/www/elearning/public/css/material-icons/codepoints.json in ts language service.
[INFO ] update /var/www/elearning/public/css/material-icons/codepoints.json in ts language service.
[INFO ] update /var/www/elearning/public/css/material-icons/codepoints.json in ts language service.
[INFO ] update /var/www/elearning/public/mix-manifest.json in ts language service.
[INFO ] update /var/www/elearning/public/mix-manifest.json in ts language service.
[INFO ] update /var/www/elearning/public/mix-manifest.json in ts language service.
[INFO ] update /var/www/elearning/public/js/chunks/12.js in ts language service.
[INFO ] update /var/www/elearning/public/js/chunks/12.js in ts language service.
[INFO ] update /var/www/elearning/public/js/chunks/12.js in ts language service.
[INFO ] update /var/www/elearning/public/css/material-icons/codepoints.json in ts language service.
[INFO ] update /var/www/elearning/public/css/material-icons/codepoints.json in ts language service.
[INFO ] update /var/www/elearning/public/css/material-icons/codepoints.json in ts language service.
[INFO ] update /var/www/elearning/public/mix-manifest.json in ts language service.
[INFO ] update /var/www/elearning/public/mix-manifest.json in ts language service.
[INFO ] update /var/www/elearning/public/mix-manifest.json in ts language service.
[INFO ] update /var/www/elearning/public/js/chunks/12.js in ts language service.
[INFO ] update /var/www/elearning/public/js/chunks/12.js in ts language service.
[INFO ] update /var/www/elearning/public/js/chunks/12.js in ts language service.
[INFO ] update /var/www/elearning/public/css/material-icons/codepoints.json in ts language service.
[INFO ] update /var/www/elearning/public/css/material-icons/codepoints.json in ts language service.
[INFO ] update /var/www/elearning/public/css/material-icons/codepoints.json in ts language service.
[INFO ] update /var/www/elearning/public/mix-manifest.json in ts language service.
[INFO ] update /var/www/elearning/public/mix-manifest.json in ts language service.
[INFO ] update /var/www/elearning/public/mix-manifest.json in ts language service.
[INFO ] update /var/www/elearning/public/mix-manifest.json in ts language service.
[INFO ] update /var/www/elearning/public/mix-manifest.json in ts language service.
[INFO ] update /var/www/elearning/public/mix-manifest.json in ts language service.
[INFO ] update /var/www/elearning/public/js/chunks/12.js in ts language service.
[INFO ] update /var/www/elearning/public/js/chunks/12.js in ts language service.
[INFO ] update /var/www/elearning/public/js/chunks/12.js in ts language service.
[INFO ] update /var/www/elearning/public/css/material-icons/codepoints.json in ts language service.
[INFO ] update /var/www/elearning/public/css/material-icons/codepoints.json in ts language service.
[INFO ] update /var/www/elearning/public/css/material-icons/codepoints.json in ts language service.
[INFO ] update /var/www/elearning/public/mix-manifest.json in ts language service.
[INFO ] update /var/www/elearning/public/mix-manifest.json in ts language service.
[INFO ] update /var/www/elearning/public/mix-manifest.json in ts language service.
[INFO ] update /var/www/elearning/public/js/chunks/12.js in ts language service.
[INFO ] update /var/www/elearning/public/js/chunks/12.js in ts language service.
[INFO ] update /var/www/elearning/public/js/chunks/12.js in ts language service.
[INFO ] update /var/www/elearning/public/css/material-icons/codepoints.json in ts language service.
[INFO ] update /var/www/elearning/public/css/material-icons/codepoints.json in ts language service.
[INFO ] update /var/www/elearning/public/css/material-icons/codepoints.json in ts language service.
[INFO ] update /var/www/elearning/public/mix-manifest.json in ts language service.
[INFO ] update /var/www/elearning/public/mix-manifest.json in ts language service.
[INFO ] update /var/www/elearning/public/mix-manifest.json in ts language service.
[INFO ] update /var/www/elearning/public/js/chunks/12.js in ts language service.
[INFO ] update /var/www/elearning/public/js/chunks/12.js in ts language service.
[INFO ] update /var/www/elearning/public/js/chunks/12.js in ts language service.
[INFO ] update /var/www/elearning/public/css/material-icons/codepoints.json in ts language service.
[INFO ] update /var/www/elearning/public/css/material-icons/codepoints.json in ts language service.
[INFO ] update /var/www/elearning/public/css/material-icons/codepoints.json in ts language service.
[INFO ] update /var/www/elearning/public/mix-manifest.json in ts language service.
[INFO ] update /var/www/elearning/public/mix-manifest.json in ts language service.
[INFO ] update /var/www/elearning/public/mix-manifest.json in ts language service.
[INFO ] update /var/www/elearning/public/js/chunks/12.js in ts language service.
[INFO ] update /var/www/elearning/public/js/chunks/12.js in ts language service.
[INFO ] update /var/www/elearning/public/js/chunks/12.js in ts language service.
[INFO ] update /var/www/elearning/public/css/material-icons/codepoints.json in ts language service.
[INFO ] update /var/www/elearning/public/css/material-icons/codepoints.json in ts language service.
[INFO ] update /var/www/elearning/public/css/material-icons/codepoints.json in ts language service.
[INFO ] update /var/www/elearning/public/mix-manifest.json in ts language service.
[INFO ] update /var/www/elearning/public/mix-manifest.json in ts language service.
[INFO ] update /var/www/elearning/public/mix-manifest.json in ts language service.
[INFO ] update /var/www/elearning/public/js/chunks/12.js in ts language service.
[INFO ] update /var/www/elearning/public/js/chunks/12.js in ts language service.
[INFO ] update /var/www/elearning/public/js/chunks/12.js in ts language service.
[INFO ] update /var/www/elearning/public/css/material-icons/codepoints.json in ts language service.
[INFO ] update /var/www/elearning/public/css/material-icons/codepoints.json in ts language service.
[INFO ] update /var/www/elearning/public/css/material-icons/codepoints.json in ts language service.
[INFO ] update /var/www/elearning/public/mix-manifest.json in ts language service.
[INFO ] update /var/www/elearning/public/mix-manifest.json in ts language service.
[INFO ] update /var/www/elearning/public/mix-manifest.json in ts language service.
[INFO ] update /var/www/elearning/public/js/chunks/12.js in ts language service.
[INFO ] update /var/www/elearning/public/js/chunks/12.js in ts language service.
[INFO ] update /var/www/elearning/public/js/chunks/12.js in ts language service.
[INFO ] update /var/www/elearning/public/css/material-icons/codepoints.json in ts language service.
[INFO ] update /var/www/elearning/public/css/material-icons/codepoints.json in ts language service.
[INFO ] update /var/www/elearning/public/css/material-icons/codepoints.json in ts language service.
[INFO ] update /var/www/elearning/public/mix-manifest.json in ts language service.
[INFO ] update /var/www/elearning/public/mix-manifest.json in ts language service.
[INFO ] update /var/www/elearning/public/mix-manifest.json in ts language service.
[INFO ] update /var/www/elearning/public/js/chunks/12.js in ts language service.
[INFO ] update /var/www/elearning/public/js/chunks/12.js in ts language service.
[INFO ] update /var/www/elearning/public/js/chunks/12.js in ts language service.
[INFO ] update /var/www/elearning/public/css/material-icons/codepoints.json in ts language service.
[INFO ] update /var/www/elearning/public/css/material-icons/codepoints.json in ts language service.
[INFO ] update /var/www/elearning/public/css/material-icons/codepoints.json in ts language service.
[INFO ] update /var/www/elearning/public/mix-manifest.json in ts language service.
[INFO ] update /var/www/elearning/public/mix-manifest.json in ts language service.
[INFO ] update /var/www/elearning/public/mix-manifest.json in ts language service.
[INFO ] update /var/www/elearning/public/js/chunks/12.js in ts language service.
[INFO ] update /var/www/elearning/public/js/chunks/12.js in ts language service.
[INFO ] update /var/www/elearning/public/js/chunks/12.js in ts language service.
[INFO ] update /var/www/elearning/public/css/material-icons/codepoints.json in ts language service.
[INFO ] update /var/www/elearning/public/css/material-icons/codepoints.json in ts language service.
[INFO ] update /var/www/elearning/public/css/material-icons/codepoints.json in ts language service.
[INFO ] update /var/www/elearning/public/mix-manifest.json in ts language service.
[INFO ] update /var/www/elearning/public/mix-manifest.json in ts language service.
[INFO ] update /var/www/elearning/public/mix-manifest.json in ts language service.
[INFO ] update /var/www/elearning/public/js/chunks/12.js in ts language service.
[INFO ] update /var/www/elearning/public/js/chunks/12.js in ts language service.
[INFO ] update /var/www/elearning/public/js/chunks/12.js in ts language service.
[INFO ] update /var/www/elearning/public/css/material-icons/codepoints.json in ts language service.
[INFO ] update /var/www/elearning/public/css/material-icons/codepoints.json in ts language service.
[INFO ] update /var/www/elearning/public/css/material-icons/codepoints.json in ts language service.
