[Info  - 10:20:27 AM] Initialising intelephense 1.7.1
[Info  - 10:20:27 AM] Initialised in 20 ms
[Info  - 10:20:27 AM] Environment changed. Refreshing 1 in memory documents.
[Warn  - 10:20:28 AM] file:///var/www/lilya.com/vendor/fakerphp/faker/src/Faker/Provider/nl_BE/Text.php is over the maximum file size of 1000000 bytes.
[Info  - 10:20:28 AM] Indexing started.
[Info  - 10:20:40 AM] Indexing ended. 6735 files indexed in 12s.
[Info  - 10:20:40 AM] Writing state to /home/dotnet/.config/Code/User/workspaceStorage/4335e337635f4c4839734daabee17dcf/bmewburn.vscode-intelephense-client/7403bfaa.
[Info  - 10:20:41 AM] Wrote state in 1.0s.
[Info  - 10:22:54 AM] Indexing started.
[Info  - 10:22:54 AM] Indexing ended. 1 files indexed in 0s.
[Info  - 10:26:25 AM] Indexing started.
[Info  - 10:26:26 AM] Indexing ended. 1 files indexed in 0s.
[Info  - 10:28:13 AM] Indexing started.
[Info  - 10:28:13 AM] Indexing ended. 1 files indexed in 0s.
[Info  - 10:28:46 AM] Indexing started.
[Info  - 10:28:46 AM] Indexing ended. 1 files indexed in 0s.
[Info  - 10:29:25 AM] Indexing started.
[Info  - 10:29:25 AM] Indexing ended. 1 files indexed in 0s.
[Info  - 10:29:47 AM] Indexing started.
[Info  - 10:29:48 AM] Indexing ended. 1 files indexed in 0s.
[Info  - 10:30:25 AM] Indexing started.
[Info  - 10:30:25 AM] Indexing ended. 1 files indexed in 0s.
[Info  - 10:31:19 AM] Indexing started.
[Info  - 10:31:19 AM] Indexing ended. 1 files indexed in 0s.
[Info  - 10:31:41 AM] Indexing started.
[Info  - 10:31:41 AM] Indexing ended. 1 files indexed in 0s.
[Info  - 10:31:57 AM] Indexing started.
[Info  - 10:31:57 AM] Indexing ended. 1 files indexed in 0s.
[Info  - 10:37:18 AM] Indexing started.
[Info  - 10:37:18 AM] Indexing ended. 1 files indexed in 0s.
[Info  - 10:41:37 AM] Indexing started.
[Info  - 10:41:37 AM] Indexing ended. 1 files indexed in 0s.
