[2021-11-26 12:51:03.265] [exthost] [info] extension host started
[2021-11-26 12:51:03.265] [exthost] [info] Skipping acquiring lock for /home/dotnet/.config/Code/User/workspaceStorage/3d740f17f4364a78968bd16d5e08f550.
[2021-11-26 12:51:03.482] [exthost] [info] ExtensionService#_doActivateExtension vscode.microsoft-authentication, startup: false, activationEvent: 'onAuthenticationRequest:microsoft'
[2021-11-26 12:51:03.482] [exthost] [info] ExtensionService#loadCommonJSModule file:///usr/share/code/resources/app/extensions/microsoft-authentication/dist/extension.js
[2021-11-26 12:51:03.489] [exthost] [info] ExtensionService#_doActivateExtension vscode.configuration-editing, startup: false, activationEvent: 'onLanguage:jsonc'
[2021-11-26 12:51:03.489] [exthost] [info] ExtensionService#loadCommonJSModule file:///usr/share/code/resources/app/extensions/configuration-editing/dist/configurationEditingMain
[2021-11-26 12:51:03.497] [exthost] [info] ExtensionService#_doActivateExtension vscode.json-language-features, startup: false, activationEvent: 'onLanguage:jsonc'
[2021-11-26 12:51:03.497] [exthost] [info] ExtensionService#loadCommonJSModule file:///usr/share/code/resources/app/extensions/json-language-features/client/dist/node/jsonClientMain
[2021-11-26 12:51:03.509] [exthost] [info] ExtensionService#_doActivateExtension vscode.typescript-language-features, startup: false, activationEvent: 'onLanguage:jsonc'
[2021-11-26 12:51:03.509] [exthost] [info] ExtensionService#loadCommonJSModule file:///usr/share/code/resources/app/extensions/typescript-language-features/dist/extension
[2021-11-26 12:51:03.520] [exthost] [info] ExtensionService#_doActivateExtension vscode.debug-auto-launch, startup: true, activationEvent: '*'
[2021-11-26 12:51:03.520] [exthost] [info] ExtensionService#loadCommonJSModule file:///usr/share/code/resources/app/extensions/debug-auto-launch/dist/extension
[2021-11-26 12:51:03.528] [exthost] [info] ExtensionService#_doActivateExtension vscode.git, startup: true, activationEvent: '*', root cause: vscode.github
[2021-11-26 12:51:03.528] [exthost] [info] ExtensionService#loadCommonJSModule file:///usr/share/code/resources/app/extensions/git/dist/main
[2021-11-26 12:51:03.544] [exthost] [info] ExtensionService#_doActivateExtension asvetliakov.vscode-neovim, startup: true, activationEvent: '*'
[2021-11-26 12:51:03.544] [exthost] [info] ExtensionService#loadCommonJSModule file:///home/dotnet/.vscode/extensions/asvetliakov.vscode-neovim-0.0.82/dist/extension.js
[2021-11-26 12:51:03.559] [exthost] [info] ExtensionService#_doActivateExtension CoenraadS.bracket-pair-colorizer, startup: true, activationEvent: '*'
[2021-11-26 12:51:03.559] [exthost] [info] ExtensionService#loadCommonJSModule file:///home/dotnet/.vscode/extensions/coenraads.bracket-pair-colorizer-1.0.61/out/src/extension
[2021-11-26 12:51:03.594] [exthost] [info] ExtensionService#_doActivateExtension dariofuzinato.vue-peek, startup: true, activationEvent: '*'
[2021-11-26 12:51:03.594] [exthost] [info] ExtensionService#loadCommonJSModule file:///home/dotnet/.vscode/extensions/dariofuzinato.vue-peek-1.0.2/out/src/extension
[2021-11-26 12:51:03.596] [exthost] [info] ExtensionService#_doActivateExtension EditorConfig.EditorConfig, startup: true, activationEvent: '*'
[2021-11-26 12:51:03.596] [exthost] [info] ExtensionService#loadCommonJSModule file:///home/dotnet/.vscode/extensions/editorconfig.editorconfig-0.16.4/out/editorConfigMain.js
[2021-11-26 12:51:03.618] [exthost] [info] ExtensionService#_doActivateExtension Equinusocio.vsc-material-theme, startup: true, activationEvent: '*'
[2021-11-26 12:51:03.618] [exthost] [info] ExtensionService#loadCommonJSModule file:///home/dotnet/.vscode/extensions/equinusocio.vsc-material-theme-33.2.2/build/material.theme.config
[2021-11-26 12:51:03.631] [exthost] [info] ExtensionService#_doActivateExtension equinusocio.vsc-material-theme-icons, startup: true, activationEvent: '*'
[2021-11-26 12:51:03.631] [exthost] [info] ExtensionService#loadCommonJSModule file:///home/dotnet/.vscode/extensions/equinusocio.vsc-material-theme-icons-2.2.1/out/src/extension
[2021-11-26 12:51:03.652] [exthost] [info] ExtensionService#_doActivateExtension formulahendry.auto-close-tag, startup: true, activationEvent: '*'
[2021-11-26 12:51:03.653] [exthost] [info] ExtensionService#loadCommonJSModule file:///home/dotnet/.vscode/extensions/formulahendry.auto-close-tag-0.5.13/out/src/extension
[2021-11-26 12:51:03.654] [exthost] [info] ExtensionService#_doActivateExtension formulahendry.auto-rename-tag, startup: true, activationEvent: '*'
[2021-11-26 12:51:03.654] [exthost] [info] ExtensionService#loadCommonJSModule file:///home/dotnet/.vscode/extensions/formulahendry.auto-rename-tag-0.1.9/packages/extension/dist/extensionMain.js
[2021-11-26 12:51:03.661] [exthost] [info] ExtensionService#_doActivateExtension HookyQR.beautify, startup: true, activationEvent: '*'
[2021-11-26 12:51:03.661] [exthost] [info] ExtensionService#loadCommonJSModule file:///home/dotnet/.vscode/extensions/hookyqr.beautify-1.5.0/extension
[2021-11-26 12:51:03.716] [exthost] [info] ExtensionService#_doActivateExtension mohamedbenhida.laravel-intellisense, startup: true, activationEvent: '*'
[2021-11-26 12:51:03.716] [exthost] [info] ExtensionService#loadCommonJSModule file:///home/dotnet/.vscode/extensions/mohamedbenhida.laravel-intellisense-0.2.0/dist/extension.js
[2021-11-26 12:51:03.720] [exthost] [info] ExtensionService#_doActivateExtension ms-vscode.sublime-keybindings, startup: true, activationEvent: '*'
[2021-11-26 12:51:03.720] [exthost] [info] ExtensionService#loadCommonJSModule file:///home/dotnet/.vscode/extensions/ms-vscode.sublime-keybindings-4.0.10/dist/extension.js
[2021-11-26 12:51:03.724] [exthost] [info] ExtensionService#_doActivateExtension naumovs.color-highlight, startup: true, activationEvent: '*'
[2021-11-26 12:51:03.724] [exthost] [info] ExtensionService#loadCommonJSModule file:///home/dotnet/.vscode/extensions/naumovs.color-highlight-2.5.0/dist/extension-node.js
[2021-11-26 12:51:03.745] [exthost] [info] ExtensionService#_doActivateExtension stef-k.laravel-goto-controller, startup: true, activationEvent: '*'
[2021-11-26 12:51:03.745] [exthost] [info] ExtensionService#loadCommonJSModule file:///home/dotnet/.vscode/extensions/stef-k.laravel-goto-controller-0.0.15/out/extension
[2021-11-26 12:51:03.747] [exthost] [info] ExtensionService#_doActivateExtension wayou.vscode-todo-highlight, startup: true, activationEvent: '*'
[2021-11-26 12:51:03.747] [exthost] [info] ExtensionService#loadCommonJSModule file:///home/dotnet/.vscode/extensions/wayou.vscode-todo-highlight-1.0.5/src/extension
[2021-11-26 12:51:03.749] [exthost] [info] ExtensionService#_doActivateExtension vscode.npm, startup: true, activationEvent: 'workspaceContains:package.json'
[2021-11-26 12:51:03.749] [exthost] [info] ExtensionService#loadCommonJSModule file:///usr/share/code/resources/app/extensions/npm/dist/npmMain
[2021-11-26 12:51:04.458] [exthost] [info] ExtensionService#_doActivateExtension ms-vscode.js-debug, startup: false, activationEvent: 'onCommand:extension.js-debug.clearAutoAttachVariables'
[2021-11-26 12:51:04.459] [exthost] [info] ExtensionService#loadCommonJSModule file:///usr/share/code/resources/app/extensions/ms-vscode.js-debug/src/extension.js
[2021-11-26 12:51:04.554] [exthost] [info] ExtensionService#_doActivateExtension vscode.github, startup: false, activationEvent: '*'
[2021-11-26 12:51:04.554] [exthost] [info] ExtensionService#loadCommonJSModule file:///usr/share/code/resources/app/extensions/github/dist/extension.js
[2021-11-26 12:51:04.700] [exthost] [info] ExtensionService#_doActivateExtension vscode.github-authentication, startup: false, activationEvent: 'onAuthenticationRequest:github'
[2021-11-26 12:51:04.700] [exthost] [info] ExtensionService#loadCommonJSModule file:///usr/share/code/resources/app/extensions/github-authentication/dist/extension.js
[2021-11-26 12:51:04.706] [exthost] [info] eager extensions activated
[2021-11-26 12:51:04.712] [exthost] [info] ExtensionService#_doActivateExtension vscode.emmet, startup: false, activationEvent: 'onStartupFinished'
[2021-11-26 12:51:04.712] [exthost] [info] ExtensionService#loadCommonJSModule file:///usr/share/code/resources/app/extensions/emmet/dist/node/emmetNodeMain
[2021-11-26 12:51:04.717] [exthost] [info] ExtensionService#_doActivateExtension vscode.merge-conflict, startup: false, activationEvent: 'onStartupFinished'
[2021-11-26 12:51:04.717] [exthost] [info] ExtensionService#loadCommonJSModule file:///usr/share/code/resources/app/extensions/merge-conflict/dist/mergeConflictMain
[2021-11-26 12:51:04.718] [exthost] [info] ExtensionService#_doActivateExtension bradlc.vscode-tailwindcss, startup: false, activationEvent: 'onStartupFinished'
[2021-11-26 12:51:04.718] [exthost] [info] ExtensionService#loadCommonJSModule file:///home/dotnet/.vscode/extensions/bradlc.vscode-tailwindcss-0.7.2/dist/extension/index.js
[2021-11-26 12:51:04.724] [exthost] [info] ExtensionService#_doActivateExtension dbaeumer.vscode-eslint, startup: false, activationEvent: 'onStartupFinished'
[2021-11-26 12:51:04.724] [exthost] [info] ExtensionService#loadCommonJSModule file:///home/dotnet/.vscode/extensions/dbaeumer.vscode-eslint-2.2.2/client/out/extension
[2021-11-26 12:51:04.731] [exthost] [info] ExtensionService#_doActivateExtension eamodio.gitlens, startup: false, activationEvent: 'onStartupFinished'
[2021-11-26 12:51:04.731] [exthost] [info] ExtensionService#loadCommonJSModule file:///home/dotnet/.vscode/extensions/eamodio.gitlens-11.6.1/dist/gitlens
[2021-11-26 12:51:04.754] [exthost] [info] ExtensionService#_doActivateExtension esbenp.prettier-vscode, startup: false, activationEvent: 'onStartupFinished'
[2021-11-26 12:51:04.754] [exthost] [info] ExtensionService#loadCommonJSModule file:///home/dotnet/.vscode/extensions/esbenp.prettier-vscode-9.0.0/dist/extension
[2021-11-26 12:51:25.573] [exthost] [info] extension host terminating: renderer closed the socket
[2021-11-26 12:51:26.581] [exthost] [info] exiting with code 0
[2021-11-26 12:51:27.029] [exthost] [info] extension host started
[2021-11-26 12:51:27.029] [exthost] [info] Skipping acquiring lock for /home/dotnet/.config/Code/User/workspaceStorage/6475d6b31512b3c55b24e486862cf03f.
[2021-11-26 12:51:27.098] [exthost] [info] ExtensionService#_doActivateExtension vscode.microsoft-authentication, startup: false, activationEvent: 'onAuthenticationRequest:microsoft'
[2021-11-26 12:51:27.098] [exthost] [info] ExtensionService#loadCommonJSModule file:///usr/share/code/resources/app/extensions/microsoft-authentication/dist/extension.js
[2021-11-26 12:51:27.105] [exthost] [info] ExtensionService#_doActivateExtension vscode.debug-auto-launch, startup: true, activationEvent: '*'
[2021-11-26 12:51:27.105] [exthost] [info] ExtensionService#loadCommonJSModule file:///usr/share/code/resources/app/extensions/debug-auto-launch/dist/extension
[2021-11-26 12:51:27.106] [exthost] [info] ExtensionService#_doActivateExtension vscode.git, startup: true, activationEvent: '*', root cause: vscode.github
[2021-11-26 12:51:27.106] [exthost] [info] ExtensionService#loadCommonJSModule file:///usr/share/code/resources/app/extensions/git/dist/main
[2021-11-26 12:51:27.127] [exthost] [info] ExtensionService#_doActivateExtension asvetliakov.vscode-neovim, startup: true, activationEvent: '*'
[2021-11-26 12:51:27.127] [exthost] [info] ExtensionService#loadCommonJSModule file:///home/dotnet/.vscode/extensions/asvetliakov.vscode-neovim-0.0.82/dist/extension.js
[2021-11-26 12:51:27.137] [exthost] [info] ExtensionService#_doActivateExtension CoenraadS.bracket-pair-colorizer, startup: true, activationEvent: '*'
[2021-11-26 12:51:27.137] [exthost] [info] ExtensionService#loadCommonJSModule file:///home/dotnet/.vscode/extensions/coenraads.bracket-pair-colorizer-1.0.61/out/src/extension
[2021-11-26 12:51:27.157] [exthost] [info] ExtensionService#_doActivateExtension dariofuzinato.vue-peek, startup: true, activationEvent: '*'
[2021-11-26 12:51:27.157] [exthost] [info] ExtensionService#loadCommonJSModule file:///home/dotnet/.vscode/extensions/dariofuzinato.vue-peek-1.0.2/out/src/extension
[2021-11-26 12:51:27.158] [exthost] [info] ExtensionService#_doActivateExtension EditorConfig.EditorConfig, startup: true, activationEvent: '*'
[2021-11-26 12:51:27.158] [exthost] [info] ExtensionService#loadCommonJSModule file:///home/dotnet/.vscode/extensions/editorconfig.editorconfig-0.16.4/out/editorConfigMain.js
[2021-11-26 12:51:27.180] [exthost] [info] ExtensionService#_doActivateExtension Equinusocio.vsc-material-theme, startup: true, activationEvent: '*'
[2021-11-26 12:51:27.180] [exthost] [info] ExtensionService#loadCommonJSModule file:///home/dotnet/.vscode/extensions/equinusocio.vsc-material-theme-33.2.2/build/material.theme.config
[2021-11-26 12:51:27.187] [exthost] [info] ExtensionService#_doActivateExtension equinusocio.vsc-material-theme-icons, startup: true, activationEvent: '*'
[2021-11-26 12:51:27.187] [exthost] [info] ExtensionService#loadCommonJSModule file:///home/dotnet/.vscode/extensions/equinusocio.vsc-material-theme-icons-2.2.1/out/src/extension
[2021-11-26 12:51:27.222] [exthost] [info] ExtensionService#_doActivateExtension formulahendry.auto-close-tag, startup: true, activationEvent: '*'
[2021-11-26 12:51:27.222] [exthost] [info] ExtensionService#loadCommonJSModule file:///home/dotnet/.vscode/extensions/formulahendry.auto-close-tag-0.5.13/out/src/extension
[2021-11-26 12:51:27.223] [exthost] [info] ExtensionService#_doActivateExtension formulahendry.auto-rename-tag, startup: true, activationEvent: '*'
[2021-11-26 12:51:27.223] [exthost] [info] ExtensionService#loadCommonJSModule file:///home/dotnet/.vscode/extensions/formulahendry.auto-rename-tag-0.1.9/packages/extension/dist/extensionMain.js
[2021-11-26 12:51:27.231] [exthost] [info] ExtensionService#_doActivateExtension mohamedbenhida.laravel-intellisense, startup: true, activationEvent: '*'
[2021-11-26 12:51:27.231] [exthost] [info] ExtensionService#loadCommonJSModule file:///home/dotnet/.vscode/extensions/mohamedbenhida.laravel-intellisense-0.2.0/dist/extension.js
[2021-11-26 12:51:27.235] [exthost] [info] ExtensionService#_doActivateExtension ms-vscode.sublime-keybindings, startup: true, activationEvent: '*'
[2021-11-26 12:51:27.235] [exthost] [info] ExtensionService#loadCommonJSModule file:///home/dotnet/.vscode/extensions/ms-vscode.sublime-keybindings-4.0.10/dist/extension.js
[2021-11-26 12:51:27.236] [exthost] [info] ExtensionService#_doActivateExtension naumovs.color-highlight, startup: true, activationEvent: '*'
[2021-11-26 12:51:27.236] [exthost] [info] ExtensionService#loadCommonJSModule file:///home/dotnet/.vscode/extensions/naumovs.color-highlight-2.5.0/dist/extension-node.js
[2021-11-26 12:51:27.239] [exthost] [info] ExtensionService#_doActivateExtension stef-k.laravel-goto-controller, startup: true, activationEvent: '*'
[2021-11-26 12:51:27.239] [exthost] [info] ExtensionService#loadCommonJSModule file:///home/dotnet/.vscode/extensions/stef-k.laravel-goto-controller-0.0.15/out/extension
[2021-11-26 12:51:27.250] [exthost] [info] ExtensionService#_doActivateExtension wayou.vscode-todo-highlight, startup: true, activationEvent: '*'
[2021-11-26 12:51:27.250] [exthost] [info] ExtensionService#loadCommonJSModule file:///home/dotnet/.vscode/extensions/wayou.vscode-todo-highlight-1.0.5/src/extension
[2021-11-26 12:51:27.251] [exthost] [info] ExtensionService#_doActivateExtension vscode.npm, startup: true, activationEvent: 'workspaceContains:package.json'
[2021-11-26 12:51:27.251] [exthost] [info] ExtensionService#loadCommonJSModule file:///usr/share/code/resources/app/extensions/npm/dist/npmMain
[2021-11-26 12:51:27.640] [exthost] [info] ExtensionService#_doActivateExtension ms-vscode.js-debug, startup: false, activationEvent: 'onCommand:extension.js-debug.clearAutoAttachVariables'
[2021-11-26 12:51:27.640] [exthost] [info] ExtensionService#loadCommonJSModule file:///usr/share/code/resources/app/extensions/ms-vscode.js-debug/src/extension.js
[2021-11-26 12:51:27.765] [exthost] [info] ExtensionService#_doActivateExtension vscode.github, startup: false, activationEvent: '*'
[2021-11-26 12:51:27.765] [exthost] [info] ExtensionService#loadCommonJSModule file:///usr/share/code/resources/app/extensions/github/dist/extension.js
[2021-11-26 12:51:27.848] [exthost] [info] ExtensionService#_doActivateExtension vscode.github-authentication, startup: false, activationEvent: 'onAuthenticationRequest:github'
[2021-11-26 12:51:27.848] [exthost] [info] ExtensionService#loadCommonJSModule file:///usr/share/code/resources/app/extensions/github-authentication/dist/extension.js
[2021-11-26 12:51:27.857] [exthost] [info] eager extensions activated
[2021-11-26 12:51:27.895] [exthost] [info] ExtensionService#_doActivateExtension vscode.emmet, startup: false, activationEvent: 'onStartupFinished'
[2021-11-26 12:51:27.896] [exthost] [info] ExtensionService#loadCommonJSModule file:///usr/share/code/resources/app/extensions/emmet/dist/node/emmetNodeMain
[2021-11-26 12:51:27.902] [exthost] [info] ExtensionService#_doActivateExtension vscode.merge-conflict, startup: false, activationEvent: 'onStartupFinished'
[2021-11-26 12:51:27.902] [exthost] [info] ExtensionService#loadCommonJSModule file:///usr/share/code/resources/app/extensions/merge-conflict/dist/mergeConflictMain
[2021-11-26 12:51:27.903] [exthost] [info] ExtensionService#_doActivateExtension dbaeumer.vscode-eslint, startup: false, activationEvent: 'onStartupFinished'
[2021-11-26 12:51:27.903] [exthost] [info] ExtensionService#loadCommonJSModule file:///home/dotnet/.vscode/extensions/dbaeumer.vscode-eslint-2.2.2/client/out/extension
[2021-11-26 12:51:27.909] [exthost] [info] ExtensionService#_doActivateExtension eamodio.gitlens, startup: false, activationEvent: 'onStartupFinished'
[2021-11-26 12:51:27.909] [exthost] [info] ExtensionService#loadCommonJSModule file:///home/dotnet/.vscode/extensions/eamodio.gitlens-11.6.1/dist/gitlens
[2021-11-26 12:51:27.940] [exthost] [info] ExtensionService#_doActivateExtension esbenp.prettier-vscode, startup: false, activationEvent: 'onStartupFinished'
[2021-11-26 12:51:27.940] [exthost] [info] ExtensionService#loadCommonJSModule file:///home/dotnet/.vscode/extensions/esbenp.prettier-vscode-9.0.0/dist/extension
[2021-11-26 12:51:30.812] [exthost] [info] ExtensionService#_doActivateExtension octref.vetur, startup: false, activationEvent: 'onLanguage:vue'
[2021-11-26 12:51:30.812] [exthost] [info] ExtensionService#loadCommonJSModule file:///home/dotnet/.vscode/extensions/octref.vetur-0.35.0/dist/vueMain.js
[2021-11-26 12:51:30.837] [exthost] [info] ExtensionService#_doActivateExtension wix.vscode-import-cost, startup: false, activationEvent: 'onLanguage:vue'
[2021-11-26 12:51:30.837] [exthost] [info] ExtensionService#loadCommonJSModule file:///home/dotnet/.vscode/extensions/wix.vscode-import-cost-2.15.0/out/extension.js
[2021-11-26 12:51:44.679] [exthost] [info] ExtensionService#_doActivateExtension vscode.typescript-language-features, startup: false, activationEvent: 'onLanguage:typescript'
[2021-11-26 12:51:44.679] [exthost] [info] ExtensionService#loadCommonJSModule file:///usr/share/code/resources/app/extensions/typescript-language-features/dist/extension
[2021-11-26 12:51:44.696] [exthost] [info] ExtensionService#_doActivateExtension Angular.ng-template, startup: false, activationEvent: 'onLanguage:typescript'
[2021-11-26 12:51:44.696] [exthost] [info] ExtensionService#loadCommonJSModule file:///home/dotnet/.vscode/extensions/angular.ng-template-13.0.0/index
[2021-11-26 12:51:44.814] [exthost] [info] ExtensionService#_doActivateExtension christian-kohler.npm-intellisense, startup: false, activationEvent: 'onLanguage:typescript'
[2021-11-26 12:51:44.814] [exthost] [info] ExtensionService#loadCommonJSModule file:///home/dotnet/.vscode/extensions/christian-kohler.npm-intellisense-1.4.0/out/src/extension
[2021-11-26 12:51:44.827] [exthost] [info] ExtensionService#_doActivateExtension steoates.autoimport, startup: false, activationEvent: 'onLanguage:typescript'
[2021-11-26 12:51:44.827] [exthost] [info] ExtensionService#loadCommonJSModule file:///home/dotnet/.vscode/extensions/steoates.autoimport-1.5.4/out/src/extension
[2021-11-26 12:52:22.738] [exthost] [warning] TextEditor is closed/disposed
[2021-11-26 12:52:25.350] [exthost] [warning] TextEditor is closed/disposed
[2021-11-26 12:52:33.874] [exthost] [info] ExtensionService#_doActivateExtension vscode.configuration-editing, startup: false, activationEvent: 'onLanguage:jsonc'
[2021-11-26 12:52:33.874] [exthost] [info] ExtensionService#loadCommonJSModule file:///usr/share/code/resources/app/extensions/configuration-editing/dist/configurationEditingMain
[2021-11-26 12:52:33.891] [exthost] [info] ExtensionService#_doActivateExtension vscode.json-language-features, startup: false, activationEvent: 'onLanguage:jsonc'
[2021-11-26 12:52:33.892] [exthost] [info] ExtensionService#loadCommonJSModule file:///usr/share/code/resources/app/extensions/json-language-features/client/dist/node/jsonClientMain
[2021-11-26 12:52:37.775] [exthost] [warning] TextEditor is closed/disposed
[2021-11-26 14:33:15.519] [exthost] [warning] TextEditor is closed/disposed
[2021-11-26 14:33:17.989] [exthost] [info] ExtensionService#_doActivateExtension Atishay-Jain.All-Autocomplete, startup: false, activationEvent: '*'
[2021-11-26 14:33:17.989] [exthost] [info] ExtensionService#loadCommonJSModule file:///home/dotnet/.vscode/extensions/atishay-jain.all-autocomplete-0.0.23/dist/extension
[2021-11-26 14:33:25.756] [exthost] [warning] TextEditor is closed/disposed
[2021-11-26 14:58:47.758] [exthost] [error] [Atishay-Jain.All-Autocomplete] provider FAILED
[2021-11-26 14:58:47.765] [exthost] [error] TypeError: Cannot read property 'push' of undefined
    at /home/dotnet/.vscode/extensions/atishay-jain.all-autocomplete-0.0.23/dist/extension.js:1:11378
    at Array.forEach (<anonymous>)
    at Object.provideCompletionItems (/home/dotnet/.vscode/extensions/atishay-jain.all-autocomplete-0.0.23/dist/extension.js:1:11315)
    at U.provideCompletionItems (/usr/share/code/resources/app/out/vs/workbench/services/extensions/node/extensionHostProcess.js:94:180724)
    at /usr/share/code/resources/app/out/vs/workbench/services/extensions/node/extensionHostProcess.js:94:200950
    at xe._withAdapter (/usr/share/code/resources/app/out/vs/workbench/services/extensions/node/extensionHostProcess.js:94:191024)
    at xe.$provideCompletionItems (/usr/share/code/resources/app/out/vs/workbench/services/extensions/node/extensionHostProcess.js:94:200926)
    at i._doInvokeHandler (/usr/share/code/resources/app/out/vs/workbench/services/extensions/node/extensionHostProcess.js:98:13802)
    at i._invokeHandler (/usr/share/code/resources/app/out/vs/workbench/services/extensions/node/extensionHostProcess.js:98:13486)
    at i._receiveRequest (/usr/share/code/resources/app/out/vs/workbench/services/extensions/node/extensionHostProcess.js:98:12097)
    at i._receiveOneMessage (/usr/share/code/resources/app/out/vs/workbench/services/extensions/node/extensionHostProcess.js:98:10826)
    at /usr/share/code/resources/app/out/vs/workbench/services/extensions/node/extensionHostProcess.js:98:8922
    at a.fire (/usr/share/code/resources/app/out/vs/workbench/services/extensions/node/extensionHostProcess.js:66:1712)
    at l.fire (/usr/share/code/resources/app/out/vs/workbench/services/extensions/node/extensionHostProcess.js:74:15990)
    at /usr/share/code/resources/app/out/vs/workbench/services/extensions/node/extensionHostProcess.js:113:30514
    at a.fire (/usr/share/code/resources/app/out/vs/workbench/services/extensions/node/extensionHostProcess.js:66:1712)
    at l.fire (/usr/share/code/resources/app/out/vs/workbench/services/extensions/node/extensionHostProcess.js:74:15990)
    at u._receiveMessage (/usr/share/code/resources/app/out/vs/workbench/services/extensions/node/extensionHostProcess.js:74:21260)
    at /usr/share/code/resources/app/out/vs/workbench/services/extensions/node/extensionHostProcess.js:74:18138
    at a.fire (/usr/share/code/resources/app/out/vs/workbench/services/extensions/node/extensionHostProcess.js:66:1712)
    at w.acceptChunk (/usr/share/code/resources/app/out/vs/workbench/services/extensions/node/extensionHostProcess.js:74:13351)
    at /usr/share/code/resources/app/out/vs/workbench/services/extensions/node/extensionHostProcess.js:74:12699
    at Socket.v (/usr/share/code/resources/app/out/vs/workbench/services/extensions/node/extensionHostProcess.js:113:13465)
    at Socket.emit (events.js:315:20)
    at Socket.EventEmitter.emit (domain.js:467:12)
    at addChunk (internal/streams/readable.js:309:12)
    at readableAddChunk (internal/streams/readable.js:284:9)
    at Socket.Readable.push (internal/streams/readable.js:223:10)
    at Pipe.onStreamRead (internal/stream_base_commons.js:188:23)
[2021-11-26 14:58:51.993] [exthost] [error] [Atishay-Jain.All-Autocomplete] provider FAILED
[2021-11-26 14:58:51.993] [exthost] [error] TypeError: Cannot read property 'push' of undefined
    at /home/dotnet/.vscode/extensions/atishay-jain.all-autocomplete-0.0.23/dist/extension.js:1:11378
    at Array.forEach (<anonymous>)
    at Object.provideCompletionItems (/home/dotnet/.vscode/extensions/atishay-jain.all-autocomplete-0.0.23/dist/extension.js:1:11315)
    at U.provideCompletionItems (/usr/share/code/resources/app/out/vs/workbench/services/extensions/node/extensionHostProcess.js:94:180724)
    at /usr/share/code/resources/app/out/vs/workbench/services/extensions/node/extensionHostProcess.js:94:200950
    at xe._withAdapter (/usr/share/code/resources/app/out/vs/workbench/services/extensions/node/extensionHostProcess.js:94:191024)
    at xe.$provideCompletionItems (/usr/share/code/resources/app/out/vs/workbench/services/extensions/node/extensionHostProcess.js:94:200926)
    at i._doInvokeHandler (/usr/share/code/resources/app/out/vs/workbench/services/extensions/node/extensionHostProcess.js:98:13802)
    at i._invokeHandler (/usr/share/code/resources/app/out/vs/workbench/services/extensions/node/extensionHostProcess.js:98:13486)
    at i._receiveRequest (/usr/share/code/resources/app/out/vs/workbench/services/extensions/node/extensionHostProcess.js:98:12097)
    at i._receiveOneMessage (/usr/share/code/resources/app/out/vs/workbench/services/extensions/node/extensionHostProcess.js:98:10826)
    at /usr/share/code/resources/app/out/vs/workbench/services/extensions/node/extensionHostProcess.js:98:8922
    at a.fire (/usr/share/code/resources/app/out/vs/workbench/services/extensions/node/extensionHostProcess.js:66:1712)
    at l.fire (/usr/share/code/resources/app/out/vs/workbench/services/extensions/node/extensionHostProcess.js:74:15990)
    at /usr/share/code/resources/app/out/vs/workbench/services/extensions/node/extensionHostProcess.js:113:30514
    at a.fire (/usr/share/code/resources/app/out/vs/workbench/services/extensions/node/extensionHostProcess.js:66:1712)
    at l.fire (/usr/share/code/resources/app/out/vs/workbench/services/extensions/node/extensionHostProcess.js:74:15990)
    at u._receiveMessage (/usr/share/code/resources/app/out/vs/workbench/services/extensions/node/extensionHostProcess.js:74:21260)
    at /usr/share/code/resources/app/out/vs/workbench/services/extensions/node/extensionHostProcess.js:74:18138
    at a.fire (/usr/share/code/resources/app/out/vs/workbench/services/extensions/node/extensionHostProcess.js:66:1712)
    at w.acceptChunk (/usr/share/code/resources/app/out/vs/workbench/services/extensions/node/extensionHostProcess.js:74:13351)
    at /usr/share/code/resources/app/out/vs/workbench/services/extensions/node/extensionHostProcess.js:74:12699
    at Socket.v (/usr/share/code/resources/app/out/vs/workbench/services/extensions/node/extensionHostProcess.js:113:13465)
    at Socket.emit (events.js:315:20)
    at Socket.EventEmitter.emit (domain.js:467:12)
    at addChunk (internal/streams/readable.js:309:12)
    at readableAddChunk (internal/streams/readable.js:284:9)
    at Socket.Readable.push (internal/streams/readable.js:223:10)
    at Pipe.onStreamRead (internal/stream_base_commons.js:188:23)
[2021-11-26 14:58:54.205] [exthost] [error] [Atishay-Jain.All-Autocomplete] provider FAILED
[2021-11-26 14:58:54.205] [exthost] [error] TypeError: Cannot read property 'push' of undefined
    at /home/dotnet/.vscode/extensions/atishay-jain.all-autocomplete-0.0.23/dist/extension.js:1:11378
    at Array.forEach (<anonymous>)
    at Object.provideCompletionItems (/home/dotnet/.vscode/extensions/atishay-jain.all-autocomplete-0.0.23/dist/extension.js:1:11315)
    at U.provideCompletionItems (/usr/share/code/resources/app/out/vs/workbench/services/extensions/node/extensionHostProcess.js:94:180724)
    at /usr/share/code/resources/app/out/vs/workbench/services/extensions/node/extensionHostProcess.js:94:200950
    at xe._withAdapter (/usr/share/code/resources/app/out/vs/workbench/services/extensions/node/extensionHostProcess.js:94:191024)
    at xe.$provideCompletionItems (/usr/share/code/resources/app/out/vs/workbench/services/extensions/node/extensionHostProcess.js:94:200926)
    at i._doInvokeHandler (/usr/share/code/resources/app/out/vs/workbench/services/extensions/node/extensionHostProcess.js:98:13802)
    at i._invokeHandler (/usr/share/code/resources/app/out/vs/workbench/services/extensions/node/extensionHostProcess.js:98:13486)
    at i._receiveRequest (/usr/share/code/resources/app/out/vs/workbench/services/extensions/node/extensionHostProcess.js:98:12097)
    at i._receiveOneMessage (/usr/share/code/resources/app/out/vs/workbench/services/extensions/node/extensionHostProcess.js:98:10826)
    at /usr/share/code/resources/app/out/vs/workbench/services/extensions/node/extensionHostProcess.js:98:8922
    at a.fire (/usr/share/code/resources/app/out/vs/workbench/services/extensions/node/extensionHostProcess.js:66:1712)
    at l.fire (/usr/share/code/resources/app/out/vs/workbench/services/extensions/node/extensionHostProcess.js:74:15990)
    at /usr/share/code/resources/app/out/vs/workbench/services/extensions/node/extensionHostProcess.js:113:30514
    at a.fire (/usr/share/code/resources/app/out/vs/workbench/services/extensions/node/extensionHostProcess.js:66:1712)
    at l.fire (/usr/share/code/resources/app/out/vs/workbench/services/extensions/node/extensionHostProcess.js:74:15990)
    at u._receiveMessage (/usr/share/code/resources/app/out/vs/workbench/services/extensions/node/extensionHostProcess.js:74:21260)
    at /usr/share/code/resources/app/out/vs/workbench/services/extensions/node/extensionHostProcess.js:74:18138
    at a.fire (/usr/share/code/resources/app/out/vs/workbench/services/extensions/node/extensionHostProcess.js:66:1712)
    at w.acceptChunk (/usr/share/code/resources/app/out/vs/workbench/services/extensions/node/extensionHostProcess.js:74:13351)
    at /usr/share/code/resources/app/out/vs/workbench/services/extensions/node/extensionHostProcess.js:74:12699
    at Socket.v (/usr/share/code/resources/app/out/vs/workbench/services/extensions/node/extensionHostProcess.js:113:13465)
    at Socket.emit (events.js:315:20)
    at Socket.EventEmitter.emit (domain.js:467:12)
    at addChunk (internal/streams/readable.js:309:12)
    at readableAddChunk (internal/streams/readable.js:284:9)
    at Socket.Readable.push (internal/streams/readable.js:223:10)
    at Pipe.onStreamRead (internal/stream_base_commons.js:188:23)
[2021-11-26 15:07:30.075] [exthost] [warning] TextEditor is closed/disposed
[2021-11-26 15:09:45.880] [exthost] [warning] TextEditor is closed/disposed
[2021-11-26 15:27:32.363] [exthost] [info] extension host terminating: renderer closed the socket
[2021-11-26 15:27:32.526] [exthost] [error] SyntaxError: Unexpected end of JSON input
    at JSON.parse (<anonymous>)
    at /home/dotnet/.vscode/extensions/mohamedbenhida.laravel-intellisense-0.2.0/src/ViewItemProvider.ts:63:30
[2021-11-26 15:27:32.526] [exthost] [error] SyntaxError: Unexpected end of JSON input
    at JSON.parse (<anonymous>)
    at /home/dotnet/.vscode/extensions/mohamedbenhida.laravel-intellisense-0.2.0/src/ViewItemProvider.ts:63:30
    at runMicrotasks (<anonymous>)
    at runNextTicks (internal/process/task_queues.js:58:5)
    at listOnTimeout (internal/timers.js:523:9)
    at processTimers (internal/timers.js:497:7)
[2021-11-26 15:27:32.526] [exthost] [error] SyntaxError: Unexpected end of JSON input
    at JSON.parse (<anonymous>)
    at /home/dotnet/.vscode/extensions/mohamedbenhida.laravel-intellisense-0.2.0/src/ViewItemProvider.ts:63:30
[2021-11-26 15:27:32.526] [exthost] [error] SyntaxError: Unexpected end of JSON input
    at JSON.parse (<anonymous>)
    at /home/dotnet/.vscode/extensions/mohamedbenhida.laravel-intellisense-0.2.0/src/ViewItemProvider.ts:63:30
[2021-11-26 15:27:32.712] [exthost] [error] SyntaxError: Unexpected end of JSON input
    at JSON.parse (<anonymous>)
    at /home/dotnet/.vscode/extensions/mohamedbenhida.laravel-intellisense-0.2.0/src/ViewItemProvider.ts:63:30
    at runMicrotasks (<anonymous>)
    at runNextTicks (internal/process/task_queues.js:58:5)
    at listOnTimeout (internal/timers.js:523:9)
    at processTimers (internal/timers.js:497:7)
[2021-11-26 15:27:32.712] [exthost] [error] SyntaxError: Unexpected end of JSON input
    at JSON.parse (<anonymous>)
    at /home/dotnet/.vscode/extensions/mohamedbenhida.laravel-intellisense-0.2.0/src/ViewItemProvider.ts:63:30
[2021-11-26 15:27:32.928] [exthost] [error] SyntaxError: Unexpected end of JSON input
    at JSON.parse (<anonymous>)
    at /home/dotnet/.vscode/extensions/mohamedbenhida.laravel-intellisense-0.2.0/src/ViewItemProvider.ts:63:30
[2021-11-26 15:27:32.943] [exthost] [error] SyntaxError: Unexpected end of JSON input
    at JSON.parse (<anonymous>)
    at /home/dotnet/.vscode/extensions/mohamedbenhida.laravel-intellisense-0.2.0/src/ViewItemProvider.ts:63:30
[2021-11-26 15:27:32.944] [exthost] [error] SyntaxError: Unexpected end of JSON input
    at JSON.parse (<anonymous>)
    at /home/dotnet/.vscode/extensions/mohamedbenhida.laravel-intellisense-0.2.0/src/ViewItemProvider.ts:63:30
[2021-11-26 15:27:33.344] [exthost] [error] SyntaxError: Unexpected end of JSON input
    at JSON.parse (<anonymous>)
    at /home/dotnet/.vscode/extensions/mohamedbenhida.laravel-intellisense-0.2.0/src/ViewItemProvider.ts:63:30
[2021-11-26 15:27:33.345] [exthost] [error] SyntaxError: Unexpected end of JSON input
    at JSON.parse (<anonymous>)
    at /home/dotnet/.vscode/extensions/mohamedbenhida.laravel-intellisense-0.2.0/src/ViewItemProvider.ts:63:30
[2021-11-26 15:27:33.391] [exthost] [info] exiting with code 0
