[2021-11-29 20:45:59.138] [exthost] [info] extension host started
[2021-11-29 20:45:59.138] [exthost] [info] Skipping acquiring lock for /home/dotnet/.config/Code/User/workspaceStorage/6475d6b31512b3c55b24e486862cf03f.
[2021-11-29 20:46:00.146] [exthost] [info] ExtensionService#_doActivateExtension vscode.microsoft-authentication, startup: false, activationEvent: 'onAuthenticationRequest:microsoft'
[2021-11-29 20:46:00.146] [exthost] [info] ExtensionService#loadCommonJSModule file:///usr/share/code/resources/app/extensions/microsoft-authentication/dist/extension.js
[2021-11-29 20:46:00.167] [exthost] [info] ExtensionService#_doActivateExtension octref.vetur, startup: false, activationEvent: 'onLanguage:vue'
[2021-11-29 20:46:00.167] [exthost] [info] ExtensionService#loadCommonJSModule file:///home/dotnet/.vscode/extensions/octref.vetur-0.35.0/dist/vueMain.js
[2021-11-29 20:46:00.244] [exthost] [info] ExtensionService#_doActivateExtension wix.vscode-import-cost, startup: false, activationEvent: 'onLanguage:vue'
[2021-11-29 20:46:00.244] [exthost] [info] ExtensionService#loadCommonJSModule file:///home/dotnet/.vscode/extensions/wix.vscode-import-cost-2.15.0/out/extension.js
[2021-11-29 20:46:01.235] [exthost] [info] ExtensionService#_doActivateExtension vscode.debug-auto-launch, startup: true, activationEvent: '*'
[2021-11-29 20:46:01.235] [exthost] [info] ExtensionService#loadCommonJSModule file:///usr/share/code/resources/app/extensions/debug-auto-launch/dist/extension
[2021-11-29 20:46:01.246] [exthost] [info] ExtensionService#_doActivateExtension vscode.git, startup: true, activationEvent: '*', root cause: vscode.github
[2021-11-29 20:46:01.246] [exthost] [info] ExtensionService#loadCommonJSModule file:///usr/share/code/resources/app/extensions/git/dist/main
[2021-11-29 20:46:01.311] [exthost] [info] ExtensionService#_doActivateExtension asvetliakov.vscode-neovim, startup: true, activationEvent: '*'
[2021-11-29 20:46:01.311] [exthost] [info] ExtensionService#loadCommonJSModule file:///home/dotnet/.vscode/extensions/asvetliakov.vscode-neovim-0.0.82/dist/extension.js
[2021-11-29 20:46:01.349] [exthost] [info] ExtensionService#_doActivateExtension Atishay-Jain.All-Autocomplete, startup: true, activationEvent: '*'
[2021-11-29 20:46:01.349] [exthost] [info] ExtensionService#loadCommonJSModule file:///home/dotnet/.vscode/extensions/atishay-jain.all-autocomplete-0.0.23/dist/extension
[2021-11-29 20:46:01.354] [exthost] [info] ExtensionService#_doActivateExtension CoenraadS.bracket-pair-colorizer, startup: true, activationEvent: '*'
[2021-11-29 20:46:01.354] [exthost] [info] ExtensionService#loadCommonJSModule file:///home/dotnet/.vscode/extensions/coenraads.bracket-pair-colorizer-1.0.61/out/src/extension
[2021-11-29 20:46:01.422] [exthost] [info] ExtensionService#_doActivateExtension dariofuzinato.vue-peek, startup: true, activationEvent: '*'
[2021-11-29 20:46:01.423] [exthost] [info] ExtensionService#loadCommonJSModule file:///home/dotnet/.vscode/extensions/dariofuzinato.vue-peek-1.0.2/out/src/extension
[2021-11-29 20:46:01.428] [exthost] [info] ExtensionService#_doActivateExtension EditorConfig.EditorConfig, startup: true, activationEvent: '*'
[2021-11-29 20:46:01.428] [exthost] [info] ExtensionService#loadCommonJSModule file:///home/dotnet/.vscode/extensions/editorconfig.editorconfig-0.16.4/out/editorConfigMain.js
[2021-11-29 20:46:01.514] [exthost] [info] ExtensionService#_doActivateExtension Equinusocio.vsc-material-theme, startup: true, activationEvent: '*'
[2021-11-29 20:46:01.514] [exthost] [info] ExtensionService#loadCommonJSModule file:///home/dotnet/.vscode/extensions/equinusocio.vsc-material-theme-33.2.2/build/material.theme.config
[2021-11-29 20:46:01.526] [exthost] [info] ExtensionService#_doActivateExtension equinusocio.vsc-material-theme-icons, startup: true, activationEvent: '*'
[2021-11-29 20:46:01.526] [exthost] [info] ExtensionService#loadCommonJSModule file:///home/dotnet/.vscode/extensions/equinusocio.vsc-material-theme-icons-2.2.1/out/src/extension
[2021-11-29 20:46:01.627] [exthost] [info] ExtensionService#_doActivateExtension formulahendry.auto-close-tag, startup: true, activationEvent: '*'
[2021-11-29 20:46:01.627] [exthost] [info] ExtensionService#loadCommonJSModule file:///home/dotnet/.vscode/extensions/formulahendry.auto-close-tag-0.5.13/out/src/extension
[2021-11-29 20:46:01.629] [exthost] [info] ExtensionService#_doActivateExtension formulahendry.auto-rename-tag, startup: true, activationEvent: '*'
[2021-11-29 20:46:01.629] [exthost] [info] ExtensionService#loadCommonJSModule file:///home/dotnet/.vscode/extensions/formulahendry.auto-rename-tag-0.1.9/packages/extension/dist/extensionMain.js
[2021-11-29 20:46:01.640] [exthost] [info] ExtensionService#_doActivateExtension mohamedbenhida.laravel-intellisense, startup: true, activationEvent: '*'
[2021-11-29 20:46:01.640] [exthost] [info] ExtensionService#loadCommonJSModule file:///home/dotnet/.vscode/extensions/mohamedbenhida.laravel-intellisense-0.2.0/dist/extension.js
[2021-11-29 20:46:01.649] [exthost] [info] ExtensionService#_doActivateExtension ms-vscode.sublime-keybindings, startup: true, activationEvent: '*'
[2021-11-29 20:46:01.650] [exthost] [info] ExtensionService#loadCommonJSModule file:///home/dotnet/.vscode/extensions/ms-vscode.sublime-keybindings-4.0.10/dist/extension.js
[2021-11-29 20:46:01.660] [exthost] [info] ExtensionService#_doActivateExtension naumovs.color-highlight, startup: true, activationEvent: '*'
[2021-11-29 20:46:01.660] [exthost] [info] ExtensionService#loadCommonJSModule file:///home/dotnet/.vscode/extensions/naumovs.color-highlight-2.5.0/dist/extension-node.js
[2021-11-29 20:46:01.675] [exthost] [info] ExtensionService#_doActivateExtension stef-k.laravel-goto-controller, startup: true, activationEvent: '*'
[2021-11-29 20:46:01.675] [exthost] [info] ExtensionService#loadCommonJSModule file:///home/dotnet/.vscode/extensions/stef-k.laravel-goto-controller-0.0.15/out/extension
[2021-11-29 20:46:01.683] [exthost] [info] ExtensionService#_doActivateExtension wayou.vscode-todo-highlight, startup: true, activationEvent: '*'
[2021-11-29 20:46:01.683] [exthost] [info] ExtensionService#loadCommonJSModule file:///home/dotnet/.vscode/extensions/wayou.vscode-todo-highlight-1.0.5/src/extension
[2021-11-29 20:46:01.689] [exthost] [info] ExtensionService#_doActivateExtension vscode.npm, startup: true, activationEvent: 'workspaceContains:package.json'
[2021-11-29 20:46:01.689] [exthost] [info] ExtensionService#loadCommonJSModule file:///usr/share/code/resources/app/extensions/npm/dist/npmMain
[2021-11-29 20:46:04.539] [exthost] [info] ExtensionService#_doActivateExtension ms-vscode.js-debug, startup: false, activationEvent: 'onCommand:extension.js-debug.clearAutoAttachVariables'
[2021-11-29 20:46:04.539] [exthost] [info] ExtensionService#loadCommonJSModule file:///usr/share/code/resources/app/extensions/ms-vscode.js-debug/src/extension.js
[2021-11-29 20:46:04.957] [exthost] [info] ExtensionService#_doActivateExtension vscode.github, startup: false, activationEvent: '*'
[2021-11-29 20:46:04.957] [exthost] [info] ExtensionService#loadCommonJSModule file:///usr/share/code/resources/app/extensions/github/dist/extension.js
[2021-11-29 20:46:05.463] [exthost] [info] ExtensionService#_doActivateExtension vscode.github-authentication, startup: false, activationEvent: 'onAuthenticationRequest:github'
[2021-11-29 20:46:05.464] [exthost] [info] ExtensionService#loadCommonJSModule file:///usr/share/code/resources/app/extensions/github-authentication/dist/extension.js
[2021-11-29 20:46:06.146] [exthost] [info] eager extensions activated
[2021-11-29 20:46:06.168] [exthost] [info] ExtensionService#_doActivateExtension vscode.emmet, startup: false, activationEvent: 'onStartupFinished'
[2021-11-29 20:46:06.169] [exthost] [info] ExtensionService#loadCommonJSModule file:///usr/share/code/resources/app/extensions/emmet/dist/node/emmetNodeMain
[2021-11-29 20:46:06.178] [exthost] [info] ExtensionService#_doActivateExtension vscode.merge-conflict, startup: false, activationEvent: 'onStartupFinished'
[2021-11-29 20:46:06.178] [exthost] [info] ExtensionService#loadCommonJSModule file:///usr/share/code/resources/app/extensions/merge-conflict/dist/mergeConflictMain
[2021-11-29 20:46:06.180] [exthost] [info] ExtensionService#_doActivateExtension dbaeumer.vscode-eslint, startup: false, activationEvent: 'onStartupFinished'
[2021-11-29 20:46:06.180] [exthost] [info] ExtensionService#loadCommonJSModule file:///home/dotnet/.vscode/extensions/dbaeumer.vscode-eslint-2.2.2/client/out/extension
[2021-11-29 20:46:06.206] [exthost] [info] ExtensionService#_doActivateExtension eamodio.gitlens, startup: false, activationEvent: 'onStartupFinished'
[2021-11-29 20:46:06.206] [exthost] [info] ExtensionService#loadCommonJSModule file:///home/dotnet/.vscode/extensions/eamodio.gitlens-11.6.1/dist/gitlens
[2021-11-29 20:46:06.332] [exthost] [info] ExtensionService#_doActivateExtension esbenp.prettier-vscode, startup: false, activationEvent: 'onStartupFinished'
[2021-11-29 20:46:06.332] [exthost] [info] ExtensionService#loadCommonJSModule file:///home/dotnet/.vscode/extensions/esbenp.prettier-vscode-9.0.0/dist/extension
[2021-11-29 20:46:24.070] [exthost] [info] ExtensionService#_doActivateExtension vscode.configuration-editing, startup: false, activationEvent: 'onLanguage:jsonc'
[2021-11-29 20:46:24.070] [exthost] [info] ExtensionService#loadCommonJSModule file:///usr/share/code/resources/app/extensions/configuration-editing/dist/configurationEditingMain
[2021-11-29 20:46:24.080] [exthost] [info] ExtensionService#_doActivateExtension vscode.json-language-features, startup: false, activationEvent: 'onLanguage:jsonc'
[2021-11-29 20:46:24.080] [exthost] [info] ExtensionService#loadCommonJSModule file:///usr/share/code/resources/app/extensions/json-language-features/client/dist/node/jsonClientMain
[2021-11-29 20:46:24.114] [exthost] [info] ExtensionService#_doActivateExtension vscode.typescript-language-features, startup: false, activationEvent: 'onLanguage:jsonc'
[2021-11-29 20:46:24.114] [exthost] [info] ExtensionService#loadCommonJSModule file:///usr/share/code/resources/app/extensions/typescript-language-features/dist/extension
[2021-11-29 20:52:13.271] [exthost] [warning] TextEditor is closed/disposed
[2021-11-29 20:52:13.272] [exthost] [warning] TextEditor is closed/disposed
[2021-11-29 20:52:13.272] [exthost] [warning] TextEditor is closed/disposed
[2021-11-29 20:52:41.962] [exthost] [warning] TextEditor is closed/disposed
[2021-11-29 20:53:18.521] [exthost] [warning] TextEditor is closed/disposed
[2021-11-29 20:53:33.556] [exthost] [warning] TextEditor is closed/disposed
[2021-11-29 20:54:43.414] [exthost] [warning] TextEditor is closed/disposed
[2021-11-29 20:57:07.732] [exthost] [warning] TextEditor is closed/disposed
[2021-11-29 20:57:48.472] [exthost] [warning] TextEditor is closed/disposed
[2021-11-29 20:57:48.505] [exthost] [warning] TextEditor is closed/disposed
[2021-11-29 20:57:48.509] [exthost] [warning] TextEditor is closed/disposed
[2021-11-29 21:01:39.696] [exthost] [warning] TextEditor is closed/disposed
[2021-11-29 21:03:56.313] [exthost] [warning] TextEditor is closed/disposed
[2021-11-29 21:17:39.226] [exthost] [warning] TextEditor is closed/disposed
[2021-11-29 21:17:39.307] [exthost] [info] ExtensionService#_doActivateExtension vscode.php-language-features, startup: false, activationEvent: 'onLanguage:php'
[2021-11-29 21:17:39.307] [exthost] [info] ExtensionService#loadCommonJSModule file:///usr/share/code/resources/app/extensions/php-language-features/dist/phpMain
[2021-11-29 21:17:39.321] [exthost] [info] ExtensionService#_doActivateExtension amiralizadeh9480.laravel-extra-intellisense, startup: false, activationEvent: 'onLanguage:php'
[2021-11-29 21:17:39.321] [exthost] [info] ExtensionService#loadCommonJSModule file:///home/dotnet/.vscode/extensions/amiralizadeh9480.laravel-extra-intellisense-0.6.1/dist/extension.js
[2021-11-29 21:17:39.324] [exthost] [info] ExtensionService#_doActivateExtension bmewburn.vscode-intelephense-client, startup: false, activationEvent: 'onLanguage:php'
[2021-11-29 21:17:39.325] [exthost] [info] ExtensionService#loadCommonJSModule file:///home/dotnet/.vscode/extensions/bmewburn.vscode-intelephense-client-1.7.1/lib/extension
[2021-11-29 21:17:39.389] [exthost] [info] ExtensionService#_doActivateExtension codingyu.laravel-goto-view, startup: false, activationEvent: 'onLanguage:php'
[2021-11-29 21:17:39.389] [exthost] [info] ExtensionService#loadCommonJSModule file:///home/dotnet/.vscode/extensions/codingyu.laravel-goto-view-1.3.4/out/src/extension
[2021-11-29 21:17:39.399] [exthost] [info] ExtensionService#_doActivateExtension junstyle.php-cs-fixer, startup: false, activationEvent: 'onLanguage:php'
[2021-11-29 21:17:39.399] [exthost] [info] ExtensionService#loadCommonJSModule file:///home/dotnet/.vscode/extensions/junstyle.php-cs-fixer-0.2.8/index
[2021-11-29 21:17:39.424] [exthost] [info] ExtensionService#_doActivateExtension MehediDracula.php-constructor, startup: false, activationEvent: 'onLanguage:php'
[2021-11-29 21:17:39.424] [exthost] [info] ExtensionService#loadCommonJSModule file:///home/dotnet/.vscode/extensions/mehedidracula.php-constructor-0.1.2/src/extension
[2021-11-29 21:17:39.439] [exthost] [info] ExtensionService#_doActivateExtension MehediDracula.php-namespace-resolver, startup: false, activationEvent: 'onLanguage:php'
[2021-11-29 21:17:39.439] [exthost] [info] ExtensionService#loadCommonJSModule file:///home/dotnet/.vscode/extensions/mehedidracula.php-namespace-resolver-1.1.8/src/extension
[2021-11-29 21:17:39.442] [exthost] [info] ExtensionService#_doActivateExtension neilbrayfield.php-docblocker, startup: false, activationEvent: 'onLanguage:php'
[2021-11-29 21:17:39.442] [exthost] [info] ExtensionService#loadCommonJSModule file:///home/dotnet/.vscode/extensions/neilbrayfield.php-docblocker-2.6.1/out/src/extension.js
[2021-11-29 21:17:42.531] [exthost] [warning] TextEditor is closed/disposed
[2021-11-29 21:21:01.649] [exthost] [warning] TextEditor is closed/disposed
[2021-11-29 21:21:49.293] [exthost] [warning] TextEditor is closed/disposed
[2021-11-29 21:24:35.934] [exthost] [warning] TextEditor is closed/disposed
[2021-11-29 21:25:01.304] [exthost] [warning] TextEditor is closed/disposed
[2021-11-29 21:25:01.602] [exthost] [info] ExtensionService#_doActivateExtension vscode.extension-editing, startup: false, activationEvent: 'onLanguage:json'
[2021-11-29 21:25:01.602] [exthost] [info] ExtensionService#loadCommonJSModule file:///usr/share/code/resources/app/extensions/extension-editing/dist/extensionEditingMain
[2021-11-29 21:25:01.624] [exthost] [info] ExtensionService#_doActivateExtension eg2.vscode-npm-script, startup: false, activationEvent: 'onLanguage:json'
[2021-11-29 21:25:01.624] [exthost] [info] ExtensionService#loadCommonJSModule file:///home/dotnet/.vscode/extensions/eg2.vscode-npm-script-0.3.23/dist/extension
[2021-11-29 21:25:03.064] [exthost] [info] ExtensionService#_doActivateExtension vscodevim.vim, startup: false, activationEvent: '*'
[2021-11-29 21:25:03.064] [exthost] [info] ExtensionService#loadCommonJSModule file:///home/dotnet/.vscode/extensions/vscodevim.vim-1.21.10/out/extension
[2021-11-29 21:26:31.177] [exthost] [warning] TextEditor is closed/disposed
[2021-11-29 21:26:43.212] [exthost] [info] ExtensionService#_doActivateExtension christian-kohler.npm-intellisense, startup: false, activationEvent: 'onLanguage:javascript'
[2021-11-29 21:26:43.212] [exthost] [info] ExtensionService#loadCommonJSModule file:///home/dotnet/.vscode/extensions/christian-kohler.npm-intellisense-1.4.0/out/src/extension
[2021-11-29 21:28:06.060] [exthost] [info] extension host terminating: renderer closed the socket
[2021-11-29 21:28:06.089] [exthost] [error] TypeError: Cannot read private member from an object whose class did not declare it
    at Ne (/usr/share/code/resources/app/out/vs/workbench/services/extensions/node/extensionHostProcess.js:99:6779)
    at Object.dispose (/usr/share/code/resources/app/out/vs/workbench/services/extensions/node/extensionHostProcess.js:87:17637)
    at d (/usr/share/code/resources/app/out/vs/workbench/services/extensions/node/extensionHostProcess.js:14:4961)
    at w._deactivate (/usr/share/code/resources/app/out/vs/workbench/services/extensions/node/extensionHostProcess.js:99:11412)
    at /usr/share/code/resources/app/out/vs/workbench/services/extensions/node/extensionHostProcess.js:99:9991
    at Array.map (<anonymous>)
    at w.deactivateAll (/usr/share/code/resources/app/out/vs/workbench/services/extensions/node/extensionHostProcess.js:99:9979)
    at b.terminate (/usr/share/code/resources/app/out/vs/workbench/services/extensions/node/extensionHostProcess.js:103:723)
    at o (/usr/share/code/resources/app/out/vs/workbench/services/extensions/node/extensionHostProcess.js:113:32535)
    at Socket.<anonymous> (/usr/share/code/resources/app/out/vs/workbench/services/extensions/node/extensionHostProcess.js:113:30185)
    at Socket.emit (events.js:327:22)
    at Socket.EventEmitter.emit (domain.js:467:12)
    at Pipe.<anonymous> (net.js:673:12)
[2021-11-29 21:28:06.107] [exthost] [error] TypeError: c.dispose is not a function
    at d (/usr/share/code/resources/app/out/vs/workbench/services/extensions/node/extensionHostProcess.js:14:4961)
    at w._deactivate (/usr/share/code/resources/app/out/vs/workbench/services/extensions/node/extensionHostProcess.js:99:11412)
    at /usr/share/code/resources/app/out/vs/workbench/services/extensions/node/extensionHostProcess.js:99:9991
    at Array.map (<anonymous>)
    at w.deactivateAll (/usr/share/code/resources/app/out/vs/workbench/services/extensions/node/extensionHostProcess.js:99:9979)
    at b.terminate (/usr/share/code/resources/app/out/vs/workbench/services/extensions/node/extensionHostProcess.js:103:723)
    at o (/usr/share/code/resources/app/out/vs/workbench/services/extensions/node/extensionHostProcess.js:113:32535)
    at Socket.<anonymous> (/usr/share/code/resources/app/out/vs/workbench/services/extensions/node/extensionHostProcess.js:113:30185)
    at Socket.emit (events.js:327:22)
    at Socket.EventEmitter.emit (domain.js:467:12)
    at Pipe.<anonymous> (net.js:673:12)
[2021-11-29 21:28:06.107] [exthost] [error] TypeError: c.dispose is not a function
    at d (/usr/share/code/resources/app/out/vs/workbench/services/extensions/node/extensionHostProcess.js:14:4961)
    at w._deactivate (/usr/share/code/resources/app/out/vs/workbench/services/extensions/node/extensionHostProcess.js:99:11412)
    at /usr/share/code/resources/app/out/vs/workbench/services/extensions/node/extensionHostProcess.js:99:9991
    at Array.map (<anonymous>)
    at w.deactivateAll (/usr/share/code/resources/app/out/vs/workbench/services/extensions/node/extensionHostProcess.js:99:9979)
    at b.terminate (/usr/share/code/resources/app/out/vs/workbench/services/extensions/node/extensionHostProcess.js:103:723)
    at o (/usr/share/code/resources/app/out/vs/workbench/services/extensions/node/extensionHostProcess.js:113:32535)
    at Socket.<anonymous> (/usr/share/code/resources/app/out/vs/workbench/services/extensions/node/extensionHostProcess.js:113:30185)
    at Socket.emit (events.js:327:22)
    at Socket.EventEmitter.emit (domain.js:467:12)
    at Pipe.<anonymous> (net.js:673:12)
[2021-11-29 21:28:06.819] [exthost] [error] SyntaxError: Unexpected end of JSON input
    at JSON.parse (<anonymous>)
    at /home/dotnet/.vscode/extensions/mohamedbenhida.laravel-intellisense-0.2.0/src/ViewItemProvider.ts:63:30
    at runMicrotasks (<anonymous>)
    at runNextTicks (internal/process/task_queues.js:58:5)
    at listOnTimeout (internal/timers.js:523:9)
    at processTimers (internal/timers.js:497:7)
[2021-11-29 21:28:06.819] [exthost] [error] SyntaxError: Unexpected end of JSON input
    at JSON.parse (<anonymous>)
    at /home/dotnet/.vscode/extensions/mohamedbenhida.laravel-intellisense-0.2.0/src/ViewItemProvider.ts:63:30
    at runMicrotasks (<anonymous>)
    at runNextTicks (internal/process/task_queues.js:58:5)
    at listOnTimeout (internal/timers.js:523:9)
    at processTimers (internal/timers.js:497:7)
[2021-11-29 21:28:06.819] [exthost] [error] SyntaxError: Unexpected end of JSON input
    at JSON.parse (<anonymous>)
    at /home/dotnet/.vscode/extensions/mohamedbenhida.laravel-intellisense-0.2.0/src/ViewItemProvider.ts:63:30
    at runMicrotasks (<anonymous>)
    at runNextTicks (internal/process/task_queues.js:58:5)
    at listOnTimeout (internal/timers.js:523:9)
    at processTimers (internal/timers.js:497:7)
[2021-11-29 21:28:06.819] [exthost] [error] SyntaxError: Unexpected end of JSON input
    at JSON.parse (<anonymous>)
    at /home/dotnet/.vscode/extensions/mohamedbenhida.laravel-intellisense-0.2.0/src/ViewItemProvider.ts:63:30
[2021-11-29 21:28:06.905] [exthost] [error] SyntaxError: Unexpected end of JSON input
    at JSON.parse (<anonymous>)
    at /home/dotnet/.vscode/extensions/mohamedbenhida.laravel-intellisense-0.2.0/src/ViewItemProvider.ts:63:30
[2021-11-29 21:28:07.138] [exthost] [info] exiting with code 0
