Initializing document watcher...
elearning/resources/js/src/views/studio/create.vue: {}
elearning/resources/js/src/views/studio/Contenteditable.vue: {}
elearning/resources/js/src/views/studio/create.vue: {}
elearning/resources/js/src/views/studio/.eslintrc.js: {}
elearning/resources/js/src/views/studio/.eslintrc.js: {}
elearning/resources/.eslintrc.js: {}
elearning/resources/.eslintrc.js: {}
elearning/resources/.eslintrc.js: {}
elearning/resources/js/src/views/studio/create.vue: {}
elearning/resources/js/src/views/studio/create.vue: {}
elearning/resources/js/src/views/studio/create.vue: {}
elearning/resources/js/src/views/studio/create.vue: Using EditorConfig core...
elearning/resources/js/src/views/studio/create.vue: {}
elearning/resources/js/src/views/studio/create.vue: Using EditorConfig core...
elearning/resources/js/src/views/studio/create.vue: Using EditorConfig core...
elearning/resources/js/src/views/studio/create.vue: Using EditorConfig core...
elearning/resources/js/src/views/studio/create.vue: Using EditorConfig core...
elearning/resources/js/src/views/studio/create.vue: Using EditorConfig core...
elearning/resources/js/src/views/studio/create.vue: Using EditorConfig core...
elearning/resources/js/src/views/studio/create.vue: {}
elearning/resources/js/src/views/studio/create.vue: {}
elearning/resources/js/src/views/studio/create.vue: Using EditorConfig core...
elearning/resources/js/src/views/studio/create.vue: Using EditorConfig core...
elearning/resources/js/src/views/studio/create.vue: Using EditorConfig core...
elearning/resources/js/src/views/studio/create.vue: Using EditorConfig core...
elearning/resources/js/src/views/studio/create.vue: Using EditorConfig core...
elearning/resources/js/src/views/studio/create.vue: Using EditorConfig core...
elearning/resources/js/src/views/studio/create.vue: Using EditorConfig core...
elearning/resources/js/src/views/studio/create.vue: Using EditorConfig core...
elearning/resources/js/src/views/studio/create.vue: Using EditorConfig core...
elearning/resources/js/src/views/studio/create.vue: Using EditorConfig core...
elearning/resources/js/src/views/studio/create.vue: Using EditorConfig core...
elearning/resources/js/src/views/studio/create.vue: {}
elearning/resources/js/src/views/studio/create.vue: Using EditorConfig core...
elearning/resources/js/src/views/studio/create.vue: Using EditorConfig core...
elearning/resources/js/src/views/studio/create.vue: Using EditorConfig core...
elearning/resources/js/src/views/studio/create.vue: Using EditorConfig core...
elearning/resources/js/src/views/studio/create.vue: {}
elearning/resources/js/src/views/studio/create.vue: {}
elearning/resources/js/src/views/studio/create.vue: {}
elearning/resources/js/src/views/studio/create.vue: Using EditorConfig core...
elearning/resources/js/src/views/studio/create.vue: Using EditorConfig core...
elearning/resources/js/src/views/studio/create.vue: {}
elearning/resources/js/src/views/studio/create.vue: {}
elearning/resources/js/src/views/studio/create.vue: Using EditorConfig core...
elearning/resources/js/src/views/studio/create.vue: Using EditorConfig core...
elearning/resources/js/src/views/studio/create.vue: {}
elearning/resources/js/src/views/studio/create.vue: Using EditorConfig core...
elearning/resources/js/src/views/studio/create.vue: Using EditorConfig core...
elearning/resources/js/src/views/studio/create.vue: Using EditorConfig core...
elearning/resources/js/src/views/studio/create.vue: Using EditorConfig core...
elearning/resources/js/src/views/studio/create.vue: Using EditorConfig core...
elearning/resources/js/src/views/studio/create.vue: Using EditorConfig core...
elearning/resources/js/src/views/studio/create.vue: Using EditorConfig core...
elearning/resources/js/src/views/studio/create.vue: Using EditorConfig core...
elearning/resources/js/src/views/studio/create.vue: Using EditorConfig core...
elearning/resources/js/src/views/studio/create.vue: Using EditorConfig core...
elearning/resources/js/src/views/studio/create.vue: Using EditorConfig core...
elearning/resources/js/src/views/studio/create.vue: Using EditorConfig core...
elearning/resources/js/src/views/studio/create.vue: Using EditorConfig core...
elearning/resources/js/src/views/studio/create.vue: Using EditorConfig core...
elearning/resources/js/src/views/studio/create.vue: Using EditorConfig core...
elearning/resources/js/src/views/studio/create.vue: Using EditorConfig core...
/home/dotnet/.config/Code/User/settings.json: {}
/home/dotnet/.config/Code/User/settings.json: Using EditorConfig core...
/home/dotnet/.config/Code/User/settings.json: Using EditorConfig core...
/home/dotnet/.config/Code/User/settings.json: {}
/home/dotnet/.config/Code/User/settings.json: Using EditorConfig core...
/home/dotnet/.config/Code/User/settings.json: {}
elearning/resources/js/src/views/studio/create.vue: {}
elearning/resources/js/src/views/studio/create.vue: Using EditorConfig core...
/home/dotnet/.config/Code/User/settings.json: {}
elearning/resources/js/src/views/studio/create.vue: {}
elearning/resources/js/src/views/studio/create.vue: Using EditorConfig core...
elearning/resources/js/src/views/studio/create.vue: Using EditorConfig core...
/home/dotnet/.config/Code/User/settings.json: {}
elearning/resources/js/src/views/studio/create.vue: {}
elearning/resources/js/src/views/studio/create.vue: Using EditorConfig core...
elearning/resources/js/src/views/studio/create.vue: {}
elearning/resources/js/src/views/studio/create.vue: {}
elearning/resources/js/src/views/studio/create.vue: {}
elearning/resources/js/src/views/studio/create.vue: Using EditorConfig core...
elearning/resources/js/src/views/studio/create.vue: {}
elearning/resources/js/src/views/studio/create.vue: Using EditorConfig core...
elearning/resources/js/src/views/studio/create.vue: Using EditorConfig core...
elearning/resources/js/src/views/studio/create.vue: Using EditorConfig core...
elearning/resources/js/src/views/studio/create.vue: Using EditorConfig core...
elearning/resources/js/src/views/studio/create.vue: Using EditorConfig core...
elearning/resources/js/src/views/studio/create.vue: {}
elearning/resources/js/src/views/studio/create.vue: Using EditorConfig core...
elearning/resources/js/src/views/studio/create.vue: {}
