Initializing document watcher...
rewriter.com/frontend/src/components/Header/index.tsx: {}
rewriter.com/frontend/src/components/Header/index.tsx: Using EditorConfig core...
rewriter.com/frontend/src/components/Header/index.tsx: Using EditorConfig core...
rewriter.com/frontend/src/components/Header/index.tsx: Using EditorConfig core...
rewriter.com/frontend/src/components/Header/index.tsx: Using EditorConfig core...
rewriter.com/frontend/src/components/Header/index.tsx: Using EditorConfig core...
rewriter.com/frontend/src/components/Header/index.tsx: Using EditorConfig core...
rewriter.com/frontend/src/components/Header/index.tsx: Using EditorConfig core...
rewriter.com/frontend/src/components/Header/index.tsx: Using EditorConfig core...
rewriter.com/frontend/src/components/Header/index.tsx: Using EditorConfig core...
rewriter.com/frontend/src/components/Header/index.tsx: Using EditorConfig core...
rewriter.com/frontend/src/components/Header/index.tsx: Using EditorConfig core...
rewriter.com/frontend/src/components/Header/index.tsx: Using EditorConfig core...
rewriter.com/frontend/src/components/Header/index.tsx: Using EditorConfig core...
rewriter.com/frontend/src/components/Header/index.tsx: Using EditorConfig core...
rewriter.com/frontend/src/components/Header/index.tsx: Using EditorConfig core...
rewriter.com/frontend/src/components/Header/index.tsx: Using EditorConfig core...
rewriter.com/frontend/src/components/Header/index.tsx: Using EditorConfig core...
rewriter.com/frontend/src/components/Header/index.tsx: Using EditorConfig core...
rewriter.com/frontend/src/components/Header/index.tsx: {}
rewriter.com/frontend/src/components/Header/index.tsx: Using EditorConfig core...
rewriter.com/frontend/src/components/Header/index.tsx: Using EditorConfig core...
rewriter.com/frontend/src/components/Header/index.tsx: Using EditorConfig core...
rewriter.com/frontend/src/components/Header/index.tsx: Using EditorConfig core...
rewriter.com/frontend/src/components/Header/index.tsx: Using EditorConfig core...
rewriter.com/frontend/src/components/Header/index.tsx: Using EditorConfig core...
rewriter.com/frontend/src/components/Header/index.tsx: Using EditorConfig core...
rewriter.com/frontend/src/pages/_document.tsx: {}
rewriter.com/frontend/layouts/Default.tsx: {}
rewriter.com/frontend/layouts/Default.tsx: Using EditorConfig core...
rewriter.com/frontend/layouts/Default.tsx: Using EditorConfig core...
rewriter.com/frontend/layouts/Default.tsx: Using EditorConfig core...
rewriter.com/frontend/layouts/Default.tsx: Using EditorConfig core...
rewriter.com/frontend/layouts/Default.tsx: Using EditorConfig core...
rewriter.com/frontend/layouts/Default.tsx: Using EditorConfig core...
rewriter.com/frontend/layouts/Default.tsx: Using EditorConfig core...
rewriter.com/frontend/layouts/Default.tsx: Using EditorConfig core...
rewriter.com/frontend/layouts/Default.tsx: Using EditorConfig core...
rewriter.com/frontend/layouts/Default.tsx: Using EditorConfig core...
rewriter.com/frontend/layouts/Default.tsx: Using EditorConfig core...
rewriter.com/frontend/layouts/Default.tsx: Using EditorConfig core...
rewriter.com/frontend/layouts/Default.tsx: Using EditorConfig core...
rewriter.com/frontend/layouts/Default.tsx: Using EditorConfig core...
rewriter.com/frontend/layouts/Default.tsx: Using EditorConfig core...
rewriter.com/frontend/layouts/Default.tsx: Using EditorConfig core...
rewriter.com/frontend/layouts/Default.tsx: Using EditorConfig core...
rewriter.com/frontend/layouts/Default.tsx: Using EditorConfig core...
rewriter.com/frontend/layouts/Default.tsx: Using EditorConfig core...
rewriter.com/frontend/layouts/Default.tsx: Using EditorConfig core...
rewriter.com/frontend/layouts/Default.tsx: Using EditorConfig core...
rewriter.com/frontend/layouts/Default.tsx: Using EditorConfig core...
rewriter.com/frontend/layouts/Default.tsx: Using EditorConfig core...
rewriter.com/frontend/layouts/Default.tsx: Using EditorConfig core...
rewriter.com/frontend/layouts/Default.tsx: Using EditorConfig core...
rewriter.com/frontend/layouts/Default.tsx: Using EditorConfig core...
rewriter.com/frontend/layouts/Default.tsx: Using EditorConfig core...
rewriter.com/frontend/layouts/Default.tsx: Using EditorConfig core...
rewriter.com/frontend/layouts/Default.tsx: Using EditorConfig core...
rewriter.com/frontend/layouts/Default.tsx: Using EditorConfig core...
rewriter.com/frontend/layouts/Default.tsx: {}
/home/dotnet/.config/Code/User/snippets/typescriptreact.json: {}
/home/dotnet/.config/Code/User/snippets/typescriptreact.json: Using EditorConfig core...
/home/dotnet/.config/Code/User/snippets/typescriptreact.json: Using EditorConfig core...
/home/dotnet/.config/Code/User/snippets/typescriptreact.json: Using EditorConfig core...
/home/dotnet/.config/Code/User/snippets/typescriptreact.json: Using EditorConfig core...
rewriter.com/frontend/layouts/Default.tsx: {}
rewriter.com/frontend/layouts/Default.tsx: {}
rewriter.com/frontend/layouts/Default.tsx: Using EditorConfig core...
rewriter.com/frontend/layouts/Default.tsx: Using EditorConfig core...
rewriter.com/frontend/layouts/Default.tsx: {}
rewriter.com/frontend/layouts/Default.tsx: {}
rewriter.com/frontend/layouts/Default.tsx: Using EditorConfig core...
/home/dotnet/.config/Code/User/snippets/typescriptreact.json: {}
rewriter.com/frontend/src/components/Header/Logo.tsx: {}
rewriter.com/frontend/src/components/Header/Logo.tsx: Using EditorConfig core...
rewriter.com/frontend/src/components/Header/Logo.tsx: Using EditorConfig core...
rewriter.com/frontend/src/components/Header/Logo.tsx: Using EditorConfig core...
rewriter.com/frontend/src/components/Header/Logo.tsx: Using EditorConfig core...
rewriter.com/frontend/src/components/Header/Logo.tsx: Using EditorConfig core...
rewriter.com/frontend/src/components/Header/index.tsx: {}
rewriter.com/frontend/src/components/Header/NavLinks.tsx: {}
rewriter.com/frontend/src/components/Header/NavLinks.tsx: Using EditorConfig core...
rewriter.com/frontend/src/components/Header/NavLinks.tsx: Using EditorConfig core...
rewriter.com/frontend/src/components/Header/NavLinks.tsx: Using EditorConfig core...
rewriter.com/frontend/src/components/Header/NavLinks.tsx: Using EditorConfig core...
rewriter.com/frontend/layouts/Default.tsx: {}
rewriter.com/frontend/src/pages/index.tsx: {}
rewriter.com/frontend/src/pages/index.tsx: Using EditorConfig core...
rewriter.com/frontend/src/pages/index.tsx: Using EditorConfig core...
rewriter.com/frontend/src/components/Dashboard/index.tsx: {}
rewriter.com/frontend/src/components/Dashboard/index.tsx: Using EditorConfig core...
rewriter.com/frontend/src/components/Dashboard/index.tsx: Using EditorConfig core...
rewriter.com/frontend/src/components/Dashboard/index.tsx: Using EditorConfig core...
rewriter.com/frontend/src/components/Dashboard/index.tsx: Using EditorConfig core...
rewriter.com/frontend/src/components/Dashboard/index.tsx: Using EditorConfig core...
rewriter.com/frontend/src/components/Dashboard/index.tsx: Using EditorConfig core...
rewriter.com/frontend/src/components/Dashboard/index.tsx: Using EditorConfig core...
rewriter.com/frontend/src/components/Dashboard/index.tsx: Using EditorConfig core...
rewriter.com/frontend/src/components/Dashboard/index.tsx: Using EditorConfig core...
rewriter.com/frontend/src/components/Dashboard/index.tsx: Using EditorConfig core...
rewriter.com/frontend/src/components/Dashboard/index.tsx: Using EditorConfig core...
rewriter.com/frontend/src/components/Dashboard/index.tsx: Using EditorConfig core...
rewriter.com/frontend/src/pages/index.tsx: {}
rewriter.com/frontend/src/components/Dashboard/index.tsx: {}
rewriter.com/frontend/src/pages/index.tsx: {}
rewriter.com/frontend/node_modules/next/types/global.d.ts: {}
rewriter.com/frontend/src/pages/index.tsx: {}
rewriter.com/frontend/node_modules/next/types/global.d.ts: {}
rewriter.com/frontend/src/pages/index.tsx: {}
rewriter.com/frontend/src/styles/Home.module.css: {}
rewriter.com/frontend/src/pages/index.tsx: {}
rewriter.com/frontend/src/styles/Home.module.css: {}
rewriter.com/frontend/src/pages/index.tsx: {}
rewriter.com/frontend/src/pages/index.tsx: Using EditorConfig core...
rewriter.com/frontend/src/pages/index.tsx: Using EditorConfig core...
rewriter.com/frontend/src/pages/index.tsx: Using EditorConfig core...
rewriter.com/frontend/src/pages/index.tsx: Using EditorConfig core...
rewriter.com/frontend/src/pages/index.tsx: Using EditorConfig core...
rewriter.com/frontend/src/components/Dashboard/index.tsx: {}
rewriter.com/frontend/src/pages/index.tsx: {}
rewriter.com/frontend/src/components/Dashboard/index.tsx: {}
rewriter.com/frontend/src/components/Dashboard/index.tsx: {}
rewriter.com/frontend/src/components/Dashboard/index.tsx: Using EditorConfig core...
rewriter.com/frontend/src/components/Dashboard/index.tsx: Using EditorConfig core...
rewriter.com/frontend/src/components/Dashboard/index.tsx: Using EditorConfig core...
rewriter.com/frontend/src/components/Dashboard/index.tsx: Using EditorConfig core...
rewriter.com/frontend/src/styles/Home.module.css: {}
rewriter.com/frontend/src/components/Dashboard/index.tsx: {}
rewriter.com/frontend/src/pages/index.tsx: {}
rewriter.com/frontend/src/components/Dashboard/index.tsx: {}
rewriter.com/frontend/src/components/Dashboard/index.tsx: {}
rewriter.com/frontend/src/components/Dashboard/index.tsx: Using EditorConfig core...
rewriter.com/frontend/src/styles/globals.css: {}
rewriter.com/frontend/src/styles/globals.css: Using EditorConfig core...
rewriter.com/frontend/src/styles/globals.css: Using EditorConfig core...
rewriter.com/frontend/src/styles/globals.css: Using EditorConfig core...
rewriter.com/frontend/src/styles/globals.css: Using EditorConfig core...
rewriter.com/frontend/src/styles/globals.css: Using EditorConfig core...
rewriter.com/frontend/src/styles/globals.css: Using EditorConfig core...
rewriter.com/frontend/src/styles/globals.css: Using EditorConfig core...
rewriter.com/frontend/src/styles/globals.css: Using EditorConfig core...
rewriter.com/frontend/src/styles/globals.css: Using EditorConfig core...
rewriter.com/frontend/src/styles/globals.css: {}
rewriter.com/frontend/src/pages/index.tsx: {}
rewriter.com/frontend/src/components/Header/index.tsx: {}
rewriter.com/frontend/src/components/Header/index.tsx: Using EditorConfig core...
rewriter.com/frontend/src/components/Header/index.tsx: Using EditorConfig core...
rewriter.com/frontend/src/styles/globals.css: {}
rewriter.com/frontend/src/styles/globals.css: Using EditorConfig core...
rewriter.com/frontend/src/components/Header/index.tsx: {}
rewriter.com/frontend/src/components/Header/index.tsx: Using EditorConfig core...
rewriter.com/frontend/src/components/Header/index.tsx: Using EditorConfig core...
rewriter.com/frontend/src/components/Header/index.tsx: Using EditorConfig core...
rewriter.com/frontend/src/components/Header/index.tsx: Using EditorConfig core...
rewriter.com/frontend/src/components/Header/index.tsx: Using EditorConfig core...
rewriter.com/frontend/src/components/Header/index.tsx: Using EditorConfig core...
rewriter.com/frontend/src/components/Header/index.tsx: Using EditorConfig core...
