["INFO" - 10:12:17 PM] Extension Name: esbenp.prettier-vscode.
["INFO" - 10:12:17 PM] Extension Version: 9.0.0.
["INFO" - 12:07:19 AM] Formatting file:///home/dotnet/Code/Dev/rewriter.com/frontend/src/pages/_document.tsx
["INFO" - 12:07:19 AM] Using ignore file (if present) at /home/dotnet/Code/Dev/rewriter.com/.prettierignore
["INFO" - 12:07:19 AM] File Info:
{
  "ignored": false,
  "inferredParser": "typescript"
}
["INFO" - 12:07:19 AM] No local configuration (i.e. .prettierrc or .editorconfig) detected, falling back to VS Code configuration
["INFO" - 12:07:19 AM] Prettier Options:
{
  "arrowParens": "always",
  "bracketSpacing": true,
  "endOfLine": "lf",
  "htmlWhitespaceSensitivity": "css",
  "insertPragma": false,
  "jsxBracketSameLine": false,
  "jsxSingleQuote": false,
  "printWidth": 80,
  "proseWrap": "preserve",
  "quoteProps": "as-needed",
  "requirePragma": false,
  "semi": true,
  "singleQuote": false,
  "tabWidth": 2,
  "trailingComma": "es5",
  "useTabs": false,
  "vueIndentScriptAndStyle": false,
  "filepath": "/home/dotnet/Code/Dev/rewriter.com/frontend/src/pages/_document.tsx",
  "parser": "typescript",
  "rangeEnd": 1136,
  "rangeStart": 1113
}
["INFO" - 12:07:19 AM] Formatting completed in 0.049ms.
["INFO" - 12:25:33 AM] Formatting file:///home/dotnet/Code/Dev/rewriter.com/frontend/src/components/ProfileDropDown/ProfileDropDown.tsx
["INFO" - 12:25:33 AM] Using ignore file (if present) at /home/dotnet/Code/Dev/rewriter.com/.prettierignore
["INFO" - 12:25:33 AM] File Info:
{
  "ignored": false,
  "inferredParser": "typescript"
}
["INFO" - 12:25:33 AM] No local configuration (i.e. .prettierrc or .editorconfig) detected, falling back to VS Code configuration
["INFO" - 12:25:33 AM] Prettier Options:
{
  "arrowParens": "always",
  "bracketSpacing": true,
  "endOfLine": "lf",
  "htmlWhitespaceSensitivity": "css",
  "insertPragma": false,
  "jsxBracketSameLine": false,
  "jsxSingleQuote": false,
  "printWidth": 80,
  "proseWrap": "preserve",
  "quoteProps": "as-needed",
  "requirePragma": false,
  "semi": true,
  "singleQuote": false,
  "tabWidth": 2,
  "trailingComma": "es5",
  "useTabs": false,
  "vueIndentScriptAndStyle": false,
  "filepath": "/home/dotnet/Code/Dev/rewriter.com/frontend/src/components/ProfileDropDown/ProfileDropDown.tsx",
  "parser": "typescript"
}
["INFO" - 12:25:33 AM] Formatting completed in 0.029ms.
["INFO" - 12:36:38 AM] Formatting file:///home/dotnet/Code/Dev/rewriter.com/frontend/src/pages/_document.tsx
["INFO" - 12:36:38 AM] Using ignore file (if present) at /home/dotnet/Code/Dev/rewriter.com/.prettierignore
["INFO" - 12:36:38 AM] File Info:
{
  "ignored": false,
  "inferredParser": "typescript"
}
["INFO" - 12:36:38 AM] No local configuration (i.e. .prettierrc or .editorconfig) detected, falling back to VS Code configuration
["INFO" - 12:36:38 AM] Prettier Options:
{
  "arrowParens": "always",
  "bracketSpacing": true,
  "endOfLine": "lf",
  "htmlWhitespaceSensitivity": "css",
  "insertPragma": false,
  "jsxBracketSameLine": false,
  "jsxSingleQuote": false,
  "printWidth": 80,
  "proseWrap": "preserve",
  "quoteProps": "as-needed",
  "requirePragma": false,
  "semi": true,
  "singleQuote": false,
  "tabWidth": 2,
  "trailingComma": "es5",
  "useTabs": false,
  "vueIndentScriptAndStyle": false,
  "filepath": "/home/dotnet/Code/Dev/rewriter.com/frontend/src/pages/_document.tsx",
  "parser": "typescript",
  "rangeEnd": 1015,
  "rangeStart": 989
}
["INFO" - 12:36:38 AM] Formatting completed in 0.065ms.
["INFO" - 12:41:08 AM] Formatting file:///home/dotnet/Code/Dev/rewriter.com/frontend/layouts/Default.tsx
["INFO" - 12:41:08 AM] Using ignore file (if present) at /home/dotnet/Code/Dev/rewriter.com/.prettierignore
["INFO" - 12:41:08 AM] File Info:
{
  "ignored": false,
  "inferredParser": "typescript"
}
["INFO" - 12:41:08 AM] No local configuration (i.e. .prettierrc or .editorconfig) detected, falling back to VS Code configuration
["INFO" - 12:41:08 AM] Prettier Options:
{
  "arrowParens": "always",
  "bracketSpacing": true,
  "endOfLine": "lf",
  "htmlWhitespaceSensitivity": "css",
  "insertPragma": false,
  "jsxBracketSameLine": false,
  "jsxSingleQuote": false,
  "printWidth": 80,
  "proseWrap": "preserve",
  "quoteProps": "as-needed",
  "requirePragma": false,
  "semi": true,
  "singleQuote": false,
  "tabWidth": 2,
  "trailingComma": "es5",
  "useTabs": false,
  "vueIndentScriptAndStyle": false,
  "filepath": "/home/dotnet/Code/Dev/rewriter.com/frontend/layouts/Default.tsx",
  "parser": "typescript"
}
["INFO" - 12:41:08 AM] Formatting completed in 0.039ms.
["INFO" - 1:11:50 AM] Formatting file:///home/dotnet/Code/Dev/rewriter.com/frontend/src/components/Header/index.tsx
["INFO" - 1:11:50 AM] Using ignore file (if present) at /home/dotnet/Code/Dev/rewriter.com/.prettierignore
["INFO" - 1:11:50 AM] File Info:
{
  "ignored": false,
  "inferredParser": "typescript"
}
["INFO" - 1:11:50 AM] No local configuration (i.e. .prettierrc or .editorconfig) detected, falling back to VS Code configuration
["INFO" - 1:11:50 AM] Prettier Options:
{
  "arrowParens": "always",
  "bracketSpacing": true,
  "endOfLine": "lf",
  "htmlWhitespaceSensitivity": "css",
  "insertPragma": false,
  "jsxBracketSameLine": false,
  "jsxSingleQuote": false,
  "printWidth": 80,
  "proseWrap": "preserve",
  "quoteProps": "as-needed",
  "requirePragma": false,
  "semi": true,
  "singleQuote": false,
  "tabWidth": 2,
  "trailingComma": "es5",
  "useTabs": false,
  "vueIndentScriptAndStyle": false,
  "filepath": "/home/dotnet/Code/Dev/rewriter.com/frontend/src/components/Header/index.tsx",
  "parser": "typescript"
}
["INFO" - 1:11:50 AM] Formatting completed in 0.077ms.
