Initializing document watcher...
web.adasoft.com/src/app/templates/reseller/reseller.component.html: {}
web.adasoft.com/src/app/templates/reseller/reseller.component.html: {}
web.adasoft.com/src/app/templates/reseller/users.component.html: {}
web.adasoft.com/src/app/modules/reseller/users.components.ts: {}
web.adasoft.com/src/app/modules/reseller/users.components.ts: {}
web.adasoft.com/src/app/modules/reseller/users.components.ts: {}
web.adasoft.com/src/app/modules/reseller/users.components.ts: {}
web.adasoft.com/src/app/modules/reseller/users.components.ts: {}
web.adasoft.com/src/app/modules/reseller/users.components.ts: {}
web.adasoft.com/src/app/modules/reseller/users.components.ts: {}
web.adasoft.com/src/app/modules/reseller/users.components.ts: {}
web.adasoft.com/src/app/modules/widgetsss/widgets.components.ts: {}
web.adasoft.com/src/app/modules/widgetsss/widgets.component.html: {}
web.adasoft.com/src/app/modules/widgetsss/widgets.components.ts: {}
web.adasoft.com/src/app/templates/reseller/users.component.html: {}
web.adasoft.com/src/app/templates/reseller/users.component.html: Using EditorConfig core...
web.adasoft.com/src/app/templates/reseller/users.component.html: Using EditorConfig core...
web.adasoft.com/src/app/modules/widgetsss/widgets.components.ts: {}
web.adasoft.com/src/app/templates/reseller/users.component.html: {}
web.adasoft.com/src/app/modules/widgetsss/widgets.component.html: {}
web.adasoft.com/src/app/templates/reseller/users.component.html: {}
web.adasoft.com/src/app/modules/widgetsss/widgets.component.html: {}
web.adasoft.com/src/app/templates/reseller/users.component.html: {}
web.adasoft.com/src/app/modules/widgetsss/widgets.component.html: {}
web.adasoft.com/src/app/templates/reseller/users.component.html: {}
web.adasoft.com/src/app/modules/widgetsss/widgets.component.html: {}
web.adasoft.com/src/app/templates/reseller/users.component.html: {}
web.adasoft.com/src/app/modules/widgetsss/widgets.component.html: {}
web.adasoft.com/src/app/modules/widgetsss/widgets.components.ts: {}
web.adasoft.com/src/app/modules/widgetsss/widgets.component.html: {}
web.adasoft.com/src/app/templates/reseller/users.component.html: {}
web.adasoft.com/src/app/modules/reseller/users.components.ts: {}
web.adasoft.com/src/app/modules/reseller/users.components.ts: Using EditorConfig core...
web.adasoft.com/src/app/modules/reseller/users.components.ts: Using EditorConfig core...
web.adasoft.com/src/app/modules/reseller/users.components.ts: Using EditorConfig core...
web.adasoft.com/src/app/modules/reseller/users.components.ts: Using EditorConfig core...
web.adasoft.com/src/app/modules/reseller/users.components.ts: Using EditorConfig core...
web.adasoft.com/src/app/modules/reseller/users.components.ts: Using EditorConfig core...
web.adasoft.com/src/app/modules/reseller/users.components.ts: {}
web.adasoft.com/index.php: {}
web.adasoft.com/index.php: {}
web.adasoft.com/index.php: {}
web.adasoft.com/softadaleadz.code-workspace: {}
api.adasoft.com/app/Http/Controllers/JvController.php: {}
api.adasoft.com/app/Http/Controllers/JvController.php: {}
api.adasoft.com/app/Http/Controllers/ReportController.php: {}
api.adasoft.com/app/Http/Controllers/ReportController.php: {}
api.adasoft.com/yarn.lock: {}
web.adasoft.com/softadaleadz.code-workspace: {}
web.adasoft.com/softadaleadz.code-workspace: {}
web.adasoft.com/softadaleadz.code-workspace: {}
web.adasoft.com/softadaleadz.code-workspace: {}
web.adasoft.com/softadaleadz.code-workspace: {}
web.adasoft.com/softadaleadz.code-workspace: {}
web.adasoft.com/softadaleadz.code-workspace: {}
web.adasoft.com/softadaleadz.code-workspace: {}
