Initializing document watcher...
elearning/resources/js/src/views/studio/create.vue: Using EditorConfig core...
elearning/resources/js/src/views/studio/create.vue: {}
elearning/resources/js/src/views/studio/create.vue: {}
elearning/resources/js/src/views/studio/create.vue: {}
elearning/resources/js/src/views/studio/create.vue: {}
elearning/resources/js/src/views/studio/create.vue: {}
elearning/resources/js/src/views/studio/create.vue: {}
elearning/resources/js/src/views/studio/create.vue: {}
elearning/resources/js/src/views/studio/create.vue: {}
elearning/resources/js/src/views/studio/create.vue: {}
elearning/resources/js/src/views/studio/create.vue: {}
elearning/resources/js/src/views/studio/create.vue: {}
elearning/resources/js/src/views/studio/create.vue: {}
elearning/resources/js/src/views/studio/create.vue: {}
elearning/resources/js/src/views/studio/create.vue: {}
elearning/resources/js/src/views/studio/create.vue: {}
elearning/resources/js/src/views/studio/create.vue: Using EditorConfig core...
elearning/resources/js/src/views/studio/create.vue: {}
elearning/resources/js/src/views/studio/create copy.vue: {}
elearning/resources/js/src/views/studio/create.vue: {}
elearning/resources/js/src/views/studio/create.vue: {}
elearning/resources/js/src/views/studio/create.vue: {}
elearning/resources/js/src/views/studio/create.vue: {}
elearning/resources/js/src/views/studio/create.vue: Using EditorConfig core...
elearning/resources/js/src/views/studio/editor: {}
elearning/resources/js/src/views/studio/create.vue: {}
undefined: {}
elearning/resources/js/src/views/studio/create.vue: {}
undefined: {}
elearning/resources/js/src/views/studio/create.vue: {}
undefined: {}
undefined: {}
undefined: {}
undefined: {}
undefined: {}
elearning/resources/js/src/views/studio/create.vue: {}
elearning/resources/js/src/views/studio/editor: {}
elearning/resources/js/src/views/studio/create.vue: {}
elearning/resources/js/src/views/studio/create.vue: {}
elearning/resources/js/src/views/studio/editor: {}
elearning/resources/js/src/views/studio/editor: {}
elearning/resources/js/src/views/studio/editor: {}
elearning/resources/js/src/views/studio/create.vue: {}
elearning/resources/js/src/views/studio/create.vue: {}
elearning/resources/js/src/views/studio/create.vue: {}
elearning/resources/js/src/views/studio/create copy.vue: {}
elearning/resources/js/src/views/studio/create copy.vue: {}
elearning/resources/js/src/views/studio/create copy.vue: {}
elearning/resources/js/src/views/studio/create copy.vue: {}
elearning/resources/js/src/views/studio/create copy.vue: {}
elearning/resources/js/src/views/studio/editor/create.vue: {}
elearning/resources/js/src/views/studio/editor/create.vue: {}
elearning/resources/js/src/views/studio/editor/create.vue: {}
elearning/resources/js/src/views/studio/editor/create.vue: Using EditorConfig core...
/home/dotnet/.config/Code/User/settings.json: {}
/home/dotnet/.config/Code/User/settings.json: Using EditorConfig core...
/home/dotnet/.config/Code/User/settings.json: {}
elearning/resources/js/src/views/studio/editor/create.vue: {}
elearning/resources/js/src/views/studio/editor/create.vue: Using EditorConfig core...
/home/dotnet/.config/Code/User/settings.json: {}
elearning/.vscode/settings.json: {}
/home/dotnet/.config/Code/User/settings.json: {}
elearning/resources/js/src/views/studio/editor/create.vue: {}
elearning/resources/js/src/views/studio/editor/create.vue: Using EditorConfig core...
elearning/resources/js/src/views/studio/editor/create.vue: {}
elearning/resources/js/src/views/studio/editor/create.vue: {}
elearning/resources/js/src/views/studio/create.vue: {}
elearning/resources/js/src/views/studio/create.vue: Using EditorConfig core...
elearning/resources/js/src/views/studio/create.vue: {}
elearning/resources/js/src/views/studio/create.vue: {}
elearning/resources/js/src/views/studio/create.vue: Using EditorConfig core...
elearning/resources/js/src/views/studio/dashboard.vue: {}
elearning/resources/js/src/views/studio/dashboard.vue: {}
elearning/resources/js/src/views/studio/dashboard.vue: Using EditorConfig core...
elearning/routes/api.php: {}
elearning/app/Http/Controllers/API/VideoStudioController.php: {}
elearning/app/Http/Controllers/API/VideoStudioController.php: Using EditorConfig core...
elearning/app/Http/Controllers/API/VideoStudioController.php: {}
elearning/resources/js/src/views/studio/create.vue: {}
elearning/app/Http/Controllers/API/VideoStudioController.php: {}
elearning/resources/js/src/views/studio/create.vue: {}
elearning/resources/js/src/views/studio/create.vue: {}
elearning/resources/js/src/views/studio/create.vue: {}
elearning/resources/js/src/views/studio/create.vue: {}
elearning/resources/js/src/views/studio/editor/create.vue: {}
elearning/resources/js/src/views/studio/create.vue: {}
elearning/resources/js/src/views/studio/create.vue: {}
elearning/resources/js/src/views/studio/create.vue: {}
elearning/resources/js/src/views/studio/editor/create.vue: {}
elearning/resources/js/src/views/studio/editor/create.vue: {}
elearning/resources/js/src/views/studio/editor/create.vue: {}
