[2021-11-30 18:46:15.545] [sharedprocess] [info] Installing extension: graphql.vscode-graphql
[2021-11-30 18:46:19.571] [sharedprocess] [info] [logs cleanup]: Starting to clean up old logs.
[2021-11-30 18:46:19.573] [sharedprocess] [info] [logs cleanup]: Removing log folders '20211117T021928'
[2021-11-30 18:46:24.895] [sharedprocess] [info] Extensions is already requested to install graphql.vscode-graphql
[2021-11-30 18:46:39.570] [sharedprocess] [info] [code cache cleanup]: Starting to clean up old code cache folders.
[2021-11-30 18:46:39.570] [sharedprocess] [info] [storage cleanup]: Starting to clean up storage folders.
[2021-11-30 18:46:49.569] [sharedprocess] [info] [language pack cache cleanup]: Starting to clean up unused language packs.
[2021-11-30 18:46:52.502] [sharedprocess] [info] Downloaded extension: graphql.vscode-graphql /home/dotnet/.config/Code/CachedExtensionVSIXs/graphql.vscode-graphql-0.3.27
[2021-11-30 18:46:52.571] [sharedprocess] [info] Extracted extension to /home/dotnet/.vscode/extensions/.1bd16f4a-c70c-439a-a1f4-c2df1e038f04: graphql.vscode-graphql
[2021-11-30 18:46:52.578] [sharedprocess] [info] Renamed to /home/dotnet/.vscode/extensions/graphql.vscode-graphql-0.3.27
[2021-11-30 18:46:52.579] [sharedprocess] [info] Extracting completed. graphql.vscode-graphql
[2021-11-30 18:46:52.586] [sharedprocess] [info] Extension installed successfully: graphql.vscode-graphql
[2021-11-30 18:46:52.603] [sharedprocess] [info] Installing extension: graphql.vscode-graphql
[2021-11-30 18:46:52.763] [sharedprocess] [info] Downloaded extension: graphql.vscode-graphql /home/dotnet/.config/Code/CachedExtensionVSIXs/graphql.vscode-graphql-0.3.27
[2021-11-30 18:46:52.830] [sharedprocess] [info] Extracted extension to /home/dotnet/.vscode/extensions/.f2d52819-6e86-45b3-bfe0-66e1a084e4b9: graphql.vscode-graphql
[2021-11-30 18:46:52.844] [sharedprocess] [info] Renamed to /home/dotnet/.vscode/extensions/graphql.vscode-graphql-0.3.27
[2021-11-30 18:46:52.845] [sharedprocess] [info] Extracting completed. graphql.vscode-graphql
[2021-11-30 18:46:52.846] [sharedprocess] [info] Extension installed successfully: graphql.vscode-graphql
[2021-11-30 19:11:46.205] [sharedprocess] [info] Uninstalling extension: codingyu.laravel-goto-view
[2021-11-30 19:11:46.499] [sharedprocess] [info] Detected extension removed from another source codingyu.laravel-goto-view
[2021-11-30 19:11:49.175] [sharedprocess] [info] Uninstalling extension: amiralizadeh9480.laravel-extra-intellisense
[2021-11-30 19:11:49.453] [sharedprocess] [info] Detected extension removed from another source amiralizadeh9480.laravel-extra-intellisense
[2021-11-30 19:11:51.446] [sharedprocess] [info] Uninstalling extension: onecentlin.laravel-blade
[2021-11-30 19:11:51.719] [sharedprocess] [info] Detected extension removed from another source onecentlin.laravel-blade
[2021-11-30 19:11:55.023] [sharedprocess] [info] Uninstalling extension: rafa-acioly.laravel-helpers
[2021-11-30 19:11:55.285] [sharedprocess] [info] Detected extension removed from another source rafa-acioly.laravel-helpers
[2021-11-30 19:11:57.988] [sharedprocess] [info] Uninstalling extension: onecentlin.laravel5-snippets
[2021-11-30 19:11:58.266] [sharedprocess] [info] Detected extension removed from another source onecentlin.laravel5-snippets
[2021-11-30 19:12:02.791] [sharedprocess] [info] Uninstalling extension: mohamedbenhida.laravel-intellisense
[2021-11-30 19:12:03.066] [sharedprocess] [info] Detected extension removed from another source mohamedbenhida.laravel-intellisense
[2021-11-30 19:12:07.018] [sharedprocess] [info] Successfully uninstalled extension: codingyu.laravel-goto-view
[2021-11-30 19:12:07.019] [sharedprocess] [info] Successfully uninstalled extension: amiralizadeh9480.laravel-extra-intellisense
[2021-11-30 19:12:07.020] [sharedprocess] [info] Successfully uninstalled extension: onecentlin.laravel-blade
[2021-11-30 19:12:07.020] [sharedprocess] [info] Successfully uninstalled extension: rafa-acioly.laravel-helpers
[2021-11-30 19:12:07.021] [sharedprocess] [info] Successfully uninstalled extension: onecentlin.laravel5-snippets
[2021-11-30 19:12:07.021] [sharedprocess] [info] Successfully uninstalled extension: mohamedbenhida.laravel-intellisense
[2021-11-30 19:12:13.377] [sharedprocess] [info] Uninstalling extension: equinusocio.vsc-material-theme
[2021-11-30 19:12:13.416] [sharedprocess] [info] Uninstalling extension: equinusocio.vsc-community-material-theme
[2021-11-30 19:12:13.417] [sharedprocess] [info] Uninstalling extension: equinusocio.vsc-material-theme-icons
[2021-11-30 19:12:13.717] [sharedprocess] [info] Detected extension removed from another source equinusocio.vsc-community-material-theme
[2021-11-30 19:12:13.717] [sharedprocess] [info] Detected extension removed from another source equinusocio.vsc-material-theme
[2021-11-30 19:12:13.717] [sharedprocess] [info] Detected extension removed from another source equinusocio.vsc-material-theme-icons
[2021-11-30 19:12:14.440] [sharedprocess] [info] Successfully uninstalled extension: equinusocio.vsc-material-theme-icons
[2021-11-30 19:12:14.504] [sharedprocess] [info] Successfully uninstalled extension: equinusocio.vsc-material-theme
[2021-11-30 19:12:14.563] [sharedprocess] [info] Successfully uninstalled extension: equinusocio.vsc-community-material-theme
[2021-11-30 19:12:53.581] [sharedprocess] [info] Uninstalling extension: ms-python.python
[2021-11-30 19:12:53.605] [sharedprocess] [info] Uninstalling extension: ms-python.vscode-pylance
[2021-11-30 19:12:53.889] [sharedprocess] [info] Detected extension removed from another source ms-python.python
[2021-11-30 19:12:53.889] [sharedprocess] [info] Detected extension removed from another source ms-python.vscode-pylance
[2021-11-30 19:12:54.305] [sharedprocess] [info] Successfully uninstalled extension: ms-python.vscode-pylance
[2021-11-30 19:12:54.367] [sharedprocess] [info] Successfully uninstalled extension: ms-python.python
