[2021-11-30 18:46:09.676] [settingssync] [info] Using settings sync service https://vscode-sync.trafficmanager.net/
[2021-11-30 18:46:09.676] [settingssync] [info] Auto Sync is enabled.
[2021-11-30 18:46:09.676] [settingssync] [info] Auto Sync: Suspended until auth token is available.
[2021-11-30 18:46:15.042] [settingssync] [info] Auto Sync: Started
[2021-11-30 18:46:15.042] [settingssync] [info] Auto Sync: Triggered by Interval
[2021-11-30 18:46:48.597] [settingssync] [info] Settings: No changes found during synchronizing settings.
[2021-11-30 18:46:48.607] [settingssync] [info] Keybindings: No changes found during synchronizing keybindings.
[2021-11-30 18:46:48.612] [settingssync] [info] Snippets: No changes found during synchronizing snippets.
[2021-11-30 18:46:48.643] [settingssync] [info] GlobalState: No changes found during synchronizing ui state.
[2021-11-30 18:46:48.749] [settingssync] [info] Extensions: No changes found during synchronizing extensions.
[2021-11-30 18:46:48.750] [settingssync] [info] Sync done. Took 219ms
[2021-11-30 18:46:48.752] [settingssync] [info] Auto Sync: Triggered by Activity
[2021-11-30 18:46:49.232] [settingssync] [info] Settings: No changes found during synchronizing settings.
[2021-11-30 18:46:49.233] [settingssync] [info] Keybindings: No changes found during synchronizing keybindings.
[2021-11-30 18:46:49.236] [settingssync] [info] Snippets: No changes found during synchronizing snippets.
[2021-11-30 18:46:49.253] [settingssync] [info] GlobalState: No changes found during synchronizing ui state.
[2021-11-30 18:46:49.313] [settingssync] [info] Extensions: No changes found during synchronizing extensions.
[2021-11-30 18:46:49.314] [settingssync] [info] Sync done. Took 103ms
[2021-11-30 18:46:49.314] [settingssync] [info] Auto Sync: Triggered by Activity
[2021-11-30 18:46:49.766] [settingssync] [info] Settings: No changes found during synchronizing settings.
[2021-11-30 18:46:49.768] [settingssync] [info] Keybindings: No changes found during synchronizing keybindings.
[2021-11-30 18:46:49.771] [settingssync] [info] Snippets: No changes found during synchronizing snippets.
[2021-11-30 18:46:49.788] [settingssync] [info] GlobalState: No changes found during synchronizing ui state.
[2021-11-30 18:46:49.857] [settingssync] [info] Extensions: No changes found during synchronizing extensions.
[2021-11-30 18:46:49.858] [settingssync] [info] Sync done. Took 98ms
[2021-11-30 18:46:49.858] [settingssync] [info] Auto Sync: Triggered by Activity
[2021-11-30 18:46:50.277] [settingssync] [info] Settings: No changes found during synchronizing settings.
[2021-11-30 18:46:50.281] [settingssync] [info] Keybindings: No changes found during synchronizing keybindings.
[2021-11-30 18:46:50.284] [settingssync] [info] Snippets: No changes found during synchronizing snippets.
[2021-11-30 18:46:50.299] [settingssync] [info] GlobalState: No changes found during synchronizing ui state.
[2021-11-30 18:46:50.350] [settingssync] [info] Extensions: No changes found during synchronizing extensions.
[2021-11-30 18:46:50.350] [settingssync] [info] Sync done. Took 80ms
[2021-11-30 18:51:09.237] [settingssync] [info] Auto Sync: Triggered by Activity
[2021-11-30 18:51:42.161] [settingssync] [info] Settings: No changes found during synchronizing settings.
[2021-11-30 18:51:42.168] [settingssync] [info] Keybindings: No changes found during synchronizing keybindings.
[2021-11-30 18:51:42.176] [settingssync] [info] Snippets: No changes found during synchronizing snippets.
[2021-11-30 18:51:42.209] [settingssync] [info] GlobalState: No changes found during synchronizing ui state.
[2021-11-30 18:51:42.366] [settingssync] [info] Extensions: No changes found during synchronizing extensions.
[2021-11-30 18:51:42.374] [settingssync] [info] Sync done. Took 265ms
[2021-11-30 18:52:02.647] [settingssync] [info] Auto Sync: Triggered by Activity
[2021-11-30 18:52:04.471] [settingssync] [info] Settings: No changes found during synchronizing settings.
[2021-11-30 18:52:04.473] [settingssync] [info] Keybindings: No changes found during synchronizing keybindings.
[2021-11-30 18:52:04.478] [settingssync] [info] Snippets: No changes found during synchronizing snippets.
[2021-11-30 18:52:04.518] [settingssync] [info] GlobalState: No changes found during synchronizing ui state.
[2021-11-30 18:52:04.624] [settingssync] [info] Extensions: No changes found during synchronizing extensions.
[2021-11-30 18:52:04.626] [settingssync] [info] Sync done. Took 175ms
[2021-11-30 18:57:04.636] [settingssync] [info] Auto Sync: Triggered by Interval
[2021-11-30 18:57:17.651] [settingssync] [info] Settings: No changes found during synchronizing settings.
[2021-11-30 18:57:17.668] [settingssync] [info] Keybindings: No changes found during synchronizing keybindings.
[2021-11-30 18:57:17.674] [settingssync] [info] Snippets: No changes found during synchronizing snippets.
[2021-11-30 18:57:17.714] [settingssync] [info] GlobalState: No changes found during synchronizing ui state.
[2021-11-30 18:57:17.907] [settingssync] [info] Extensions: No changes found during synchronizing extensions.
[2021-11-30 18:57:17.911] [settingssync] [info] Sync done. Took 288ms
[2021-11-30 18:57:52.608] [settingssync] [info] Auto Sync: Triggered by Activity
[2021-11-30 18:57:53.842] [settingssync] [info] Settings: No changes found during synchronizing settings.
[2021-11-30 18:57:53.849] [settingssync] [info] Keybindings: No changes found during synchronizing keybindings.
[2021-11-30 18:57:53.852] [settingssync] [info] Snippets: No changes found during synchronizing snippets.
[2021-11-30 18:57:53.888] [settingssync] [info] GlobalState: No changes found during synchronizing ui state.
[2021-11-30 18:57:54.007] [settingssync] [info] Extensions: No changes found during synchronizing extensions.
[2021-11-30 18:57:54.007] [settingssync] [info] Sync done. Took 188ms
[2021-11-30 19:01:08.845] [settingssync] [info] Auto Sync: Triggered by Activity
[2021-11-30 19:01:17.380] [settingssync] [info] Settings: No changes found during synchronizing settings.
[2021-11-30 19:01:17.391] [settingssync] [info] Keybindings: No changes found during synchronizing keybindings.
[2021-11-30 19:01:17.395] [settingssync] [info] Snippets: No changes found during synchronizing snippets.
[2021-11-30 19:01:17.420] [settingssync] [info] GlobalState: No changes found during synchronizing ui state.
[2021-11-30 19:01:17.525] [settingssync] [info] Extensions: No changes found during synchronizing extensions.
[2021-11-30 19:01:17.528] [settingssync] [info] Sync done. Took 167ms
[2021-11-30 19:04:36.504] [settingssync] [info] Auto Sync: Triggered by Activity
[2021-11-30 19:21:06.595] [settingssync] [info] Request failed https://vscode-sync.trafficmanager.net/v1/manifest
[2021-11-30 19:21:06.603] [settingssync] [error] RequestTimeout (UserDataSyncError) syncResource:unknown operationId:unknown: Connection refused for the request 'https://vscode-sync.trafficmanager.net/v1/manifest'.
    at m.request (vscode-file://vscode-app/usr/share/code/resources/app/out/vs/code/electron-browser/sharedProcess/sharedProcessMain.js:76:173289)
    at async manifest (vscode-file://vscode-app/usr/share/code/resources/app/out/vs/code/electron-browser/sharedProcess/sharedProcessMain.js:76:171014)
    at async o.createSyncTask (vscode-file://vscode-app/usr/share/code/resources/app/out/vs/code/electron-browser/sharedProcess/sharedProcessMain.js:76:141881)
    at async a.doSync (vscode-file://vscode-app/usr/share/code/resources/app/out/vs/code/electron-browser/sharedProcess/sharedProcessMain.js:76:136268)
[2021-11-30 19:21:06.604] [settingssync] [error] RequestTimeout (UserDataSyncError) syncResource:unknown operationId:unknown: Connection refused for the request 'https://vscode-sync.trafficmanager.net/v1/manifest'.
    at m.request (vscode-file://vscode-app/usr/share/code/resources/app/out/vs/code/electron-browser/sharedProcess/sharedProcessMain.js:76:173289)
    at async manifest (vscode-file://vscode-app/usr/share/code/resources/app/out/vs/code/electron-browser/sharedProcess/sharedProcessMain.js:76:171014)
    at async o.createSyncTask (vscode-file://vscode-app/usr/share/code/resources/app/out/vs/code/electron-browser/sharedProcess/sharedProcessMain.js:76:141881)
    at async a.doSync (vscode-file://vscode-app/usr/share/code/resources/app/out/vs/code/electron-browser/sharedProcess/sharedProcessMain.js:76:136268)
[2021-11-30 19:21:06.604] [settingssync] [info] Auto Sync: Triggered by Interval
[2021-11-30 19:21:12.376] [settingssync] [info] Auto Sync: Triggered by Activity
[2021-11-30 19:21:18.394] [settingssync] [info] Settings: No changes found during synchronizing settings.
[2021-11-30 19:21:18.397] [settingssync] [info] Keybindings: No changes found during synchronizing keybindings.
[2021-11-30 19:21:18.401] [settingssync] [info] Snippets: No changes found during synchronizing snippets.
[2021-11-30 19:21:18.451] [settingssync] [info] Settings: No changes found during synchronizing settings.
[2021-11-30 19:21:18.458] [settingssync] [info] Keybindings: No changes found during synchronizing keybindings.
[2021-11-30 19:21:18.461] [settingssync] [info] Snippets: No changes found during synchronizing snippets.
[2021-11-30 19:21:18.462] [settingssync] [info] GlobalState: Skipped synchronizing globalstate as it is running already.
[2021-11-30 19:21:34.160] [settingssync] [info] GlobalState: Updated remote ui state
[2021-11-30 19:21:34.191] [settingssync] [info] GlobalState: Updated last synchronized ui state
[2021-11-30 19:21:34.195] [settingssync] [info] Extensions: Skipped synchronizing extensions as it is running already.
[2021-11-30 19:21:34.196] [settingssync] [info] Sync done. Took 15842ms
[2021-11-30 19:21:34.197] [settingssync] [info] Auto Sync: Triggered by Activity
[2021-11-30 19:21:34.331] [settingssync] [info] Settings: No changes found during synchronizing settings.
[2021-11-30 19:21:34.334] [settingssync] [info] Keybindings: No changes found during synchronizing keybindings.
[2021-11-30 19:21:35.429] [settingssync] [info] Snippets: Updated remote snippets
[2021-11-30 19:21:35.442] [settingssync] [info] Snippets: Updated last synchronized snippets
[2021-11-30 19:21:35.475] [settingssync] [info] GlobalState: No changes found during synchronizing ui state.
[2021-11-30 19:21:35.476] [settingssync] [info] Extensions: Skipped synchronizing extensions as it is running already.
[2021-11-30 19:21:35.476] [settingssync] [info] Sync done. Took 1153ms
[2021-11-30 19:21:35.477] [settingssync] [info] Auto Sync: Triggered by Activity
[2021-11-30 19:21:36.809] [settingssync] [info] Settings: No changes found during synchronizing settings.
[2021-11-30 19:21:36.813] [settingssync] [info] Keybindings: No changes found during synchronizing keybindings.
[2021-11-30 19:21:36.816] [settingssync] [info] Snippets: No changes found during synchronizing snippets.
[2021-11-30 19:21:36.840] [settingssync] [info] GlobalState: No changes found during synchronizing ui state.
[2021-11-30 19:21:36.844] [settingssync] [info] Extensions: Skipped synchronizing extensions as it is running already.
[2021-11-30 19:21:36.844] [settingssync] [info] Sync done. Took 40ms
[2021-11-30 19:21:36.844] [settingssync] [info] Auto Sync: Triggered by Activity
[2021-11-30 19:21:41.558] [settingssync] [info] Settings: No changes found during synchronizing settings.
[2021-11-30 19:21:41.562] [settingssync] [info] Keybindings: No changes found during synchronizing keybindings.
[2021-11-30 19:21:41.566] [settingssync] [info] Snippets: No changes found during synchronizing snippets.
[2021-11-30 19:21:41.587] [settingssync] [info] GlobalState: No changes found during synchronizing ui state.
[2021-11-30 19:21:41.587] [settingssync] [info] Extensions: Skipped synchronizing extensions as it is running already.
[2021-11-30 19:21:41.587] [settingssync] [info] Sync done. Took 58ms
[2021-11-30 19:21:41.588] [settingssync] [info] Auto Sync: Triggered by Activity
[2021-11-30 19:21:46.279] [settingssync] [info] Settings: No changes found during synchronizing settings.
[2021-11-30 19:21:46.280] [settingssync] [info] Keybindings: No changes found during synchronizing keybindings.
[2021-11-30 19:21:46.284] [settingssync] [info] Snippets: No changes found during synchronizing snippets.
[2021-11-30 19:21:46.305] [settingssync] [info] GlobalState: No changes found during synchronizing ui state.
[2021-11-30 19:21:46.306] [settingssync] [info] Extensions: Skipped synchronizing extensions as it is running already.
[2021-11-30 19:21:46.306] [settingssync] [info] Sync done. Took 38ms
[2021-11-30 19:21:46.306] [settingssync] [info] Auto Sync: Triggered by Activity
[2021-11-30 19:21:46.720] [settingssync] [info] Settings: No changes found during synchronizing settings.
[2021-11-30 19:21:46.722] [settingssync] [info] Keybindings: No changes found during synchronizing keybindings.
[2021-11-30 19:21:46.727] [settingssync] [info] Snippets: No changes found during synchronizing snippets.
[2021-11-30 19:21:46.747] [settingssync] [info] GlobalState: No changes found during synchronizing ui state.
[2021-11-30 19:21:46.747] [settingssync] [info] Extensions: Skipped synchronizing extensions as it is running already.
[2021-11-30 19:21:46.747] [settingssync] [info] Sync done. Took 36ms
[2021-11-30 19:21:46.751] [settingssync] [info] Auto Sync: Triggered by Activity
[2021-11-30 19:21:47.153] [settingssync] [info] Settings: No changes found during synchronizing settings.
[2021-11-30 19:21:47.157] [settingssync] [info] Keybindings: No changes found during synchronizing keybindings.
[2021-11-30 19:21:47.160] [settingssync] [info] Snippets: No changes found during synchronizing snippets.
[2021-11-30 19:21:47.181] [settingssync] [info] GlobalState: No changes found during synchronizing ui state.
[2021-11-30 19:21:47.183] [settingssync] [info] Extensions: Skipped synchronizing extensions as it is running already.
[2021-11-30 19:21:47.183] [settingssync] [info] Sync done. Took 36ms
[2021-11-30 19:21:47.185] [settingssync] [info] Auto Sync: Triggered by Activity
[2021-11-30 19:21:47.334] [settingssync] [info] Settings: No changes found during synchronizing settings.
[2021-11-30 19:21:47.335] [settingssync] [info] Keybindings: No changes found during synchronizing keybindings.
[2021-11-30 19:21:47.338] [settingssync] [info] Snippets: No changes found during synchronizing snippets.
[2021-11-30 19:21:47.356] [settingssync] [info] GlobalState: No changes found during synchronizing ui state.
[2021-11-30 19:21:47.359] [settingssync] [info] Extensions: Skipped synchronizing extensions as it is running already.
[2021-11-30 19:21:47.360] [settingssync] [info] Sync done. Took 31ms
[2021-11-30 19:21:47.361] [settingssync] [info] Auto Sync: Triggered by Activity
[2021-11-30 19:21:47.771] [settingssync] [info] Settings: No changes found during synchronizing settings.
[2021-11-30 19:21:47.772] [settingssync] [info] Keybindings: No changes found during synchronizing keybindings.
[2021-11-30 19:21:47.774] [settingssync] [info] Snippets: No changes found during synchronizing snippets.
[2021-11-30 19:21:47.792] [settingssync] [info] GlobalState: No changes found during synchronizing ui state.
[2021-11-30 19:21:47.792] [settingssync] [info] Extensions: Skipped synchronizing extensions as it is running already.
[2021-11-30 19:21:47.792] [settingssync] [info] Sync done. Took 27ms
[2021-11-30 19:21:47.793] [settingssync] [info] Auto Sync: Triggered by Activity
[2021-11-30 19:21:48.206] [settingssync] [info] Settings: No changes found during synchronizing settings.
[2021-11-30 19:21:48.209] [settingssync] [info] Keybindings: No changes found during synchronizing keybindings.
[2021-11-30 19:21:48.212] [settingssync] [info] Snippets: No changes found during synchronizing snippets.
[2021-11-30 19:21:48.229] [settingssync] [info] GlobalState: No changes found during synchronizing ui state.
[2021-11-30 19:21:48.229] [settingssync] [info] Extensions: Skipped synchronizing extensions as it is running already.
[2021-11-30 19:21:48.229] [settingssync] [info] Sync done. Took 33ms
[2021-11-30 19:21:48.230] [settingssync] [info] Auto Sync: Triggered by Activity
[2021-11-30 19:21:48.370] [settingssync] [info] Settings: No changes found during synchronizing settings.
[2021-11-30 19:21:48.373] [settingssync] [info] Keybindings: No changes found during synchronizing keybindings.
[2021-11-30 19:21:48.377] [settingssync] [info] Snippets: No changes found during synchronizing snippets.
[2021-11-30 19:21:48.397] [settingssync] [info] GlobalState: No changes found during synchronizing ui state.
[2021-11-30 19:21:48.398] [settingssync] [info] Extensions: Skipped synchronizing extensions as it is running already.
[2021-11-30 19:21:48.398] [settingssync] [info] Sync done. Took 37ms
[2021-11-30 19:21:48.398] [settingssync] [info] Auto Sync: Triggered by Activity
[2021-11-30 19:21:48.797] [settingssync] [info] Settings: No changes found during synchronizing settings.
[2021-11-30 19:21:48.798] [settingssync] [info] Keybindings: No changes found during synchronizing keybindings.
[2021-11-30 19:21:48.801] [settingssync] [info] Snippets: No changes found during synchronizing snippets.
[2021-11-30 19:21:48.822] [settingssync] [info] GlobalState: No changes found during synchronizing ui state.
[2021-11-30 19:21:48.830] [settingssync] [info] Extensions: Skipped synchronizing extensions as it is running already.
[2021-11-30 19:21:48.830] [settingssync] [info] Sync done. Took 38ms
[2021-11-30 19:21:48.835] [settingssync] [info] Auto Sync: Triggered by Activity
[2021-11-30 19:21:49.256] [settingssync] [info] Settings: No changes found during synchronizing settings.
[2021-11-30 19:21:49.259] [settingssync] [info] Keybindings: No changes found during synchronizing keybindings.
[2021-11-30 19:21:49.262] [settingssync] [info] Snippets: No changes found during synchronizing snippets.
[2021-11-30 19:21:49.281] [settingssync] [info] GlobalState: No changes found during synchronizing ui state.
[2021-11-30 19:21:49.281] [settingssync] [info] Extensions: Skipped synchronizing extensions as it is running already.
[2021-11-30 19:21:49.281] [settingssync] [info] Sync done. Took 48ms
[2021-11-30 19:21:49.282] [settingssync] [info] Auto Sync: Triggered by Activity
[2021-11-30 19:21:49.687] [settingssync] [info] Settings: No changes found during synchronizing settings.
[2021-11-30 19:21:49.689] [settingssync] [info] Keybindings: No changes found during synchronizing keybindings.
[2021-11-30 19:21:49.696] [settingssync] [info] Snippets: No changes found during synchronizing snippets.
[2021-11-30 19:21:49.734] [settingssync] [info] GlobalState: No changes found during synchronizing ui state.
[2021-11-30 19:21:49.735] [settingssync] [info] Extensions: Skipped synchronizing extensions as it is running already.
[2021-11-30 19:21:49.735] [settingssync] [info] Sync done. Took 61ms
[2021-11-30 19:21:49.735] [settingssync] [info] Auto Sync: Triggered by Activity
[2021-11-30 19:21:49.866] [settingssync] [info] Settings: No changes found during synchronizing settings.
[2021-11-30 19:21:49.867] [settingssync] [info] Keybindings: No changes found during synchronizing keybindings.
[2021-11-30 19:21:49.872] [settingssync] [info] Snippets: No changes found during synchronizing snippets.
[2021-11-30 19:21:49.895] [settingssync] [info] GlobalState: No changes found during synchronizing ui state.
[2021-11-30 19:21:49.896] [settingssync] [info] Extensions: Skipped synchronizing extensions as it is running already.
[2021-11-30 19:21:49.897] [settingssync] [info] Sync done. Took 37ms
[2021-11-30 19:21:49.897] [settingssync] [info] Auto Sync: Triggered by Activity
[2021-11-30 19:21:50.293] [settingssync] [info] Settings: No changes found during synchronizing settings.
[2021-11-30 19:21:50.295] [settingssync] [info] Keybindings: No changes found during synchronizing keybindings.
[2021-11-30 19:21:50.297] [settingssync] [info] Snippets: No changes found during synchronizing snippets.
[2021-11-30 19:21:50.317] [settingssync] [info] GlobalState: No changes found during synchronizing ui state.
[2021-11-30 19:21:50.318] [settingssync] [info] Extensions: Skipped synchronizing extensions as it is running already.
[2021-11-30 19:21:50.318] [settingssync] [info] Sync done. Took 32ms
[2021-11-30 19:21:50.319] [settingssync] [info] Auto Sync: Triggered by Activity
[2021-11-30 19:21:50.717] [settingssync] [info] Settings: No changes found during synchronizing settings.
[2021-11-30 19:21:50.718] [settingssync] [info] Keybindings: No changes found during synchronizing keybindings.
[2021-11-30 19:21:50.720] [settingssync] [info] Snippets: No changes found during synchronizing snippets.
[2021-11-30 19:21:50.753] [settingssync] [info] GlobalState: No changes found during synchronizing ui state.
[2021-11-30 19:21:50.753] [settingssync] [info] Extensions: Skipped synchronizing extensions as it is running already.
[2021-11-30 19:21:50.753] [settingssync] [info] Sync done. Took 39ms
[2021-11-30 19:21:50.753] [settingssync] [info] Auto Sync: Triggered by Activity
[2021-11-30 19:21:50.884] [settingssync] [info] Settings: No changes found during synchronizing settings.
[2021-11-30 19:21:50.885] [settingssync] [info] Keybindings: No changes found during synchronizing keybindings.
[2021-11-30 19:21:50.896] [settingssync] [info] Snippets: No changes found during synchronizing snippets.
[2021-11-30 19:21:50.918] [settingssync] [info] GlobalState: No changes found during synchronizing ui state.
[2021-11-30 19:21:50.919] [settingssync] [info] Extensions: Skipped synchronizing extensions as it is running already.
[2021-11-30 19:21:50.919] [settingssync] [info] Sync done. Took 41ms
[2021-11-30 19:21:50.919] [settingssync] [info] Auto Sync: Triggered by Activity
[2021-11-30 19:21:51.321] [settingssync] [info] Settings: No changes found during synchronizing settings.
[2021-11-30 19:21:51.328] [settingssync] [info] Keybindings: No changes found during synchronizing keybindings.
[2021-11-30 19:21:51.344] [settingssync] [info] Snippets: No changes found during synchronizing snippets.
[2021-11-30 19:21:51.383] [settingssync] [info] GlobalState: No changes found during synchronizing ui state.
[2021-11-30 19:21:51.383] [settingssync] [info] Extensions: Skipped synchronizing extensions as it is running already.
[2021-11-30 19:21:51.383] [settingssync] [info] Sync done. Took 71ms
[2021-11-30 19:21:51.384] [settingssync] [info] Auto Sync: Triggered by Activity
[2021-11-30 19:21:51.780] [settingssync] [info] Settings: No changes found during synchronizing settings.
[2021-11-30 19:21:51.783] [settingssync] [info] Keybindings: No changes found during synchronizing keybindings.
[2021-11-30 19:21:51.787] [settingssync] [info] Snippets: No changes found during synchronizing snippets.
[2021-11-30 19:21:51.803] [settingssync] [info] GlobalState: No changes found during synchronizing ui state.
[2021-11-30 19:21:51.803] [settingssync] [info] Extensions: Skipped synchronizing extensions as it is running already.
[2021-11-30 19:21:51.803] [settingssync] [info] Sync done. Took 33ms
[2021-11-30 19:21:51.804] [settingssync] [info] Auto Sync: Triggered by Activity
[2021-11-30 19:21:51.935] [settingssync] [info] Settings: No changes found during synchronizing settings.
[2021-11-30 19:21:51.937] [settingssync] [info] Keybindings: No changes found during synchronizing keybindings.
[2021-11-30 19:21:51.941] [settingssync] [info] Snippets: No changes found during synchronizing snippets.
[2021-11-30 19:21:51.960] [settingssync] [info] GlobalState: No changes found during synchronizing ui state.
[2021-11-30 19:21:51.966] [settingssync] [info] Extensions: Skipped synchronizing extensions as it is running already.
[2021-11-30 19:21:51.967] [settingssync] [info] Sync done. Took 36ms
[2021-11-30 19:21:51.967] [settingssync] [info] Auto Sync: Triggered by Activity
[2021-11-30 19:21:52.401] [settingssync] [info] Settings: No changes found during synchronizing settings.
[2021-11-30 19:21:52.404] [settingssync] [info] Keybindings: No changes found during synchronizing keybindings.
[2021-11-30 19:21:52.407] [settingssync] [info] Snippets: No changes found during synchronizing snippets.
[2021-11-30 19:21:52.422] [settingssync] [info] GlobalState: No changes found during synchronizing ui state.
[2021-11-30 19:21:52.422] [settingssync] [info] Extensions: Skipped synchronizing extensions as it is running already.
[2021-11-30 19:21:52.422] [settingssync] [info] Sync done. Took 45ms
[2021-11-30 19:21:52.423] [settingssync] [info] Auto Sync: Triggered by Activity
[2021-11-30 19:21:52.832] [settingssync] [info] Settings: No changes found during synchronizing settings.
[2021-11-30 19:21:52.833] [settingssync] [info] Keybindings: No changes found during synchronizing keybindings.
[2021-11-30 19:21:52.836] [settingssync] [info] Snippets: No changes found during synchronizing snippets.
[2021-11-30 19:21:52.852] [settingssync] [info] GlobalState: No changes found during synchronizing ui state.
[2021-11-30 19:21:52.852] [settingssync] [info] Extensions: Skipped synchronizing extensions as it is running already.
[2021-11-30 19:21:52.853] [settingssync] [info] Sync done. Took 31ms
[2021-11-30 19:21:52.853] [settingssync] [info] Auto Sync: Triggered by Activity
[2021-11-30 19:21:53.258] [settingssync] [info] Settings: No changes found during synchronizing settings.
[2021-11-30 19:21:53.261] [settingssync] [info] Keybindings: No changes found during synchronizing keybindings.
[2021-11-30 19:21:53.267] [settingssync] [info] Snippets: No changes found during synchronizing snippets.
[2021-11-30 19:21:53.289] [settingssync] [info] GlobalState: No changes found during synchronizing ui state.
[2021-11-30 19:21:53.290] [settingssync] [info] Extensions: Skipped synchronizing extensions as it is running already.
[2021-11-30 19:21:53.291] [settingssync] [info] Sync done. Took 43ms
[2021-11-30 19:21:53.291] [settingssync] [info] Auto Sync: Triggered by Activity
[2021-11-30 19:21:53.420] [settingssync] [info] Settings: No changes found during synchronizing settings.
[2021-11-30 19:21:53.421] [settingssync] [info] Keybindings: No changes found during synchronizing keybindings.
[2021-11-30 19:21:53.427] [settingssync] [info] Snippets: No changes found during synchronizing snippets.
[2021-11-30 19:21:53.448] [settingssync] [info] GlobalState: No changes found during synchronizing ui state.
[2021-11-30 19:21:53.448] [settingssync] [info] Extensions: Skipped synchronizing extensions as it is running already.
[2021-11-30 19:21:53.449] [settingssync] [info] Sync done. Took 33ms
[2021-11-30 19:21:53.449] [settingssync] [info] Auto Sync: Triggered by Activity
[2021-11-30 19:21:53.848] [settingssync] [info] Settings: No changes found during synchronizing settings.
[2021-11-30 19:21:53.852] [settingssync] [info] Keybindings: No changes found during synchronizing keybindings.
[2021-11-30 19:21:53.861] [settingssync] [info] Snippets: No changes found during synchronizing snippets.
[2021-11-30 19:21:53.886] [settingssync] [info] GlobalState: No changes found during synchronizing ui state.
[2021-11-30 19:21:53.886] [settingssync] [info] Extensions: Skipped synchronizing extensions as it is running already.
[2021-11-30 19:21:53.886] [settingssync] [info] Sync done. Took 48ms
[2021-11-30 19:21:53.887] [settingssync] [info] Auto Sync: Triggered by Activity
[2021-11-30 19:21:54.285] [settingssync] [info] Settings: No changes found during synchronizing settings.
[2021-11-30 19:21:54.291] [settingssync] [info] Keybindings: No changes found during synchronizing keybindings.
[2021-11-30 19:21:54.293] [settingssync] [info] Snippets: No changes found during synchronizing snippets.
[2021-11-30 19:21:54.312] [settingssync] [info] GlobalState: No changes found during synchronizing ui state.
[2021-11-30 19:21:54.312] [settingssync] [info] Extensions: Skipped synchronizing extensions as it is running already.
[2021-11-30 19:21:54.312] [settingssync] [info] Sync done. Took 38ms
[2021-11-30 19:21:54.313] [settingssync] [info] Auto Sync: Triggered by Activity
[2021-11-30 19:21:54.440] [settingssync] [info] Settings: No changes found during synchronizing settings.
[2021-11-30 19:21:54.443] [settingssync] [info] Keybindings: No changes found during synchronizing keybindings.
[2021-11-30 19:21:54.446] [settingssync] [info] Snippets: No changes found during synchronizing snippets.
[2021-11-30 19:21:54.466] [settingssync] [info] GlobalState: No changes found during synchronizing ui state.
[2021-11-30 19:21:54.467] [settingssync] [info] Extensions: Skipped synchronizing extensions as it is running already.
[2021-11-30 19:21:54.467] [settingssync] [info] Sync done. Took 32ms
[2021-11-30 19:21:54.468] [settingssync] [info] Auto Sync: Triggered by Activity
[2021-11-30 19:21:54.640] [settingssync] [info] Extensions: Updated remote extensions. Removed: ["amiralizadeh9480.laravel-extra-intellisense","codingyu.laravel-goto-view","equinusocio.vsc-community-material-theme","equinusocio.vsc-material-theme","equinusocio.vsc-material-theme-icons","mohamedbenhida.laravel-intellisense","onecentlin.laravel-blade","onecentlin.laravel5-snippets","rafa-acioly.laravel-helpers","ms-python.python","ms-python.vscode-pylance"].
[2021-11-30 19:21:54.675] [settingssync] [info] Extensions: Updated last synchronized extensions.
[2021-11-30 19:21:54.677] [settingssync] [info] Sync done. Took 36252ms
[2021-11-30 19:21:54.679] [settingssync] [info] Auto Sync: Triggered by Activity
[2021-11-30 19:21:54.866] [settingssync] [info] Settings: No changes found during synchronizing settings.
[2021-11-30 19:21:54.867] [settingssync] [info] Keybindings: No changes found during synchronizing keybindings.
[2021-11-30 19:21:54.869] [settingssync] [info] Snippets: No changes found during synchronizing snippets.
[2021-11-30 19:21:54.884] [settingssync] [info] GlobalState: No changes found during synchronizing ui state.
[2021-11-30 19:21:54.962] [settingssync] [info] Extensions: No changes found during synchronizing extensions.
[2021-11-30 19:21:54.963] [settingssync] [info] Sync done. Took 100ms
[2021-11-30 19:21:54.964] [settingssync] [info] Auto Sync: Triggered by Activity
[2021-11-30 19:21:55.347] [settingssync] [info] Settings: No changes found during synchronizing settings.
[2021-11-30 19:21:55.349] [settingssync] [info] Keybindings: No changes found during synchronizing keybindings.
[2021-11-30 19:21:55.351] [settingssync] [info] Snippets: No changes found during synchronizing snippets.
[2021-11-30 19:21:55.368] [settingssync] [info] GlobalState: No changes found during synchronizing ui state.
[2021-11-30 19:21:55.408] [settingssync] [info] Settings: No changes found during synchronizing settings.
[2021-11-30 19:21:55.420] [settingssync] [info] Keybindings: No changes found during synchronizing keybindings.
[2021-11-30 19:21:55.436] [settingssync] [info] Extensions: No changes found during synchronizing extensions.
[2021-11-30 19:21:55.436] [settingssync] [info] Sync done. Took 104ms
[2021-11-30 19:21:55.437] [settingssync] [info] Snippets: No changes found during synchronizing snippets.
[2021-11-30 19:21:55.453] [settingssync] [info] GlobalState: No changes found during synchronizing ui state.
[2021-11-30 19:21:55.536] [settingssync] [info] Extensions: No changes found during synchronizing extensions.
[2021-11-30 19:21:55.536] [settingssync] [info] Sync done. Took 145ms
[2021-11-30 19:21:55.537] [settingssync] [info] Auto Sync: Triggered by Activity
[2021-11-30 19:21:55.673] [settingssync] [info] Settings: No changes found during synchronizing settings.
[2021-11-30 19:21:55.676] [settingssync] [info] Keybindings: No changes found during synchronizing keybindings.
[2021-11-30 19:21:55.679] [settingssync] [info] Snippets: No changes found during synchronizing snippets.
[2021-11-30 19:21:55.707] [settingssync] [info] GlobalState: No changes found during synchronizing ui state.
[2021-11-30 19:21:55.803] [settingssync] [info] Extensions: No changes found during synchronizing extensions.
[2021-11-30 19:21:55.804] [settingssync] [info] Sync done. Took 140ms
[2021-11-30 19:21:55.805] [settingssync] [info] Auto Sync: Triggered by Activity
[2021-11-30 19:21:56.481] [settingssync] [info] Settings: No changes found during synchronizing settings.
[2021-11-30 19:21:56.483] [settingssync] [info] Keybindings: No changes found during synchronizing keybindings.
[2021-11-30 19:21:56.486] [settingssync] [info] Snippets: No changes found during synchronizing snippets.
[2021-11-30 19:21:56.503] [settingssync] [info] GlobalState: No changes found during synchronizing ui state.
[2021-11-30 19:21:56.555] [settingssync] [info] Extensions: No changes found during synchronizing extensions.
[2021-11-30 19:21:56.555] [settingssync] [info] Sync done. Took 84ms
[2021-11-30 19:21:56.556] [settingssync] [info] Auto Sync: Triggered by Activity
[2021-11-30 19:21:57.807] [settingssync] [info] Settings: No changes found during synchronizing settings.
[2021-11-30 19:21:57.809] [settingssync] [info] Keybindings: No changes found during synchronizing keybindings.
[2021-11-30 19:21:57.812] [settingssync] [info] Snippets: No changes found during synchronizing snippets.
[2021-11-30 19:21:57.832] [settingssync] [info] GlobalState: No changes found during synchronizing ui state.
[2021-11-30 19:21:57.884] [settingssync] [info] Extensions: No changes found during synchronizing extensions.
[2021-11-30 19:21:57.884] [settingssync] [info] Sync done. Took 89ms
[2021-11-30 19:21:57.885] [settingssync] [info] Auto Sync: Triggered by Activity
[2021-11-30 19:21:58.298] [settingssync] [info] Settings: No changes found during synchronizing settings.
[2021-11-30 19:21:58.300] [settingssync] [info] Keybindings: No changes found during synchronizing keybindings.
[2021-11-30 19:21:58.308] [settingssync] [info] Snippets: No changes found during synchronizing snippets.
[2021-11-30 19:21:58.348] [settingssync] [info] GlobalState: No changes found during synchronizing ui state.
[2021-11-30 19:21:58.469] [settingssync] [info] Extensions: No changes found during synchronizing extensions.
[2021-11-30 19:21:58.470] [settingssync] [info] Sync done. Took 178ms
[2021-11-30 19:22:16.009] [settingssync] [info] Auto Sync: Triggered by Activity
[2021-11-30 19:22:16.422] [settingssync] [info] Settings: No changes found during synchronizing settings.
[2021-11-30 19:22:16.425] [settingssync] [info] Keybindings: No changes found during synchronizing keybindings.
[2021-11-30 19:22:16.428] [settingssync] [info] Snippets: No changes found during synchronizing snippets.
[2021-11-30 19:22:16.456] [settingssync] [info] GlobalState: No changes found during synchronizing ui state.
[2021-11-30 19:22:16.533] [settingssync] [info] Extensions: No changes found during synchronizing extensions.
[2021-11-30 19:22:16.534] [settingssync] [info] Sync done. Took 127ms
[2021-11-30 19:23:00.404] [settingssync] [info] Auto Sync: Triggered by Activity
[2021-11-30 19:39:40.705] [settingssync] [info] Request failed https://vscode-sync.trafficmanager.net/v1/manifest
[2021-11-30 19:39:40.705] [settingssync] [error] RequestFailed (UserDataSyncError) syncResource:unknown operationId:unknown: Connection refused for the request 'https://vscode-sync.trafficmanager.net/v1/manifest'.
    at m.request (vscode-file://vscode-app/usr/share/code/resources/app/out/vs/code/electron-browser/sharedProcess/sharedProcessMain.js:76:173289)
    at async manifest (vscode-file://vscode-app/usr/share/code/resources/app/out/vs/code/electron-browser/sharedProcess/sharedProcessMain.js:76:171014)
    at async o.createSyncTask (vscode-file://vscode-app/usr/share/code/resources/app/out/vs/code/electron-browser/sharedProcess/sharedProcessMain.js:76:141881)
    at async a.doSync (vscode-file://vscode-app/usr/share/code/resources/app/out/vs/code/electron-browser/sharedProcess/sharedProcessMain.js:76:136268)
[2021-11-30 19:39:40.705] [settingssync] [error] RequestFailed (UserDataSyncError) syncResource:unknown operationId:unknown: Connection refused for the request 'https://vscode-sync.trafficmanager.net/v1/manifest'.
    at m.request (vscode-file://vscode-app/usr/share/code/resources/app/out/vs/code/electron-browser/sharedProcess/sharedProcessMain.js:76:173289)
    at async manifest (vscode-file://vscode-app/usr/share/code/resources/app/out/vs/code/electron-browser/sharedProcess/sharedProcessMain.js:76:171014)
    at async o.createSyncTask (vscode-file://vscode-app/usr/share/code/resources/app/out/vs/code/electron-browser/sharedProcess/sharedProcessMain.js:76:141881)
    at async a.doSync (vscode-file://vscode-app/usr/share/code/resources/app/out/vs/code/electron-browser/sharedProcess/sharedProcessMain.js:76:136268)
[2021-11-30 19:39:40.706] [settingssync] [info] Auto Sync: Triggered by Activity
[2021-11-30 19:39:41.042] [settingssync] [info] Settings: No changes found during synchronizing settings.
[2021-11-30 19:39:41.044] [settingssync] [info] Keybindings: No changes found during synchronizing keybindings.
[2021-11-30 19:39:41.220] [settingssync] [info] Snippets: Updated remote snippets
[2021-11-30 19:39:41.234] [settingssync] [info] Snippets: Updated last synchronized snippets
[2021-11-30 19:39:41.735] [settingssync] [info] GlobalState: Updated remote ui state
[2021-11-30 19:39:41.750] [settingssync] [info] GlobalState: Updated last synchronized ui state
[2021-11-30 19:39:41.830] [settingssync] [info] Extensions: No changes found during synchronizing extensions.
[2021-11-30 19:39:41.831] [settingssync] [info] Sync done. Took 813ms
[2021-11-30 19:39:41.831] [settingssync] [info] Auto Sync: Triggered by Activity
[2021-11-30 19:39:41.990] [settingssync] [info] Settings: No changes found during synchronizing settings.
[2021-11-30 19:39:41.992] [settingssync] [info] Keybindings: No changes found during synchronizing keybindings.
[2021-11-30 19:39:41.995] [settingssync] [info] Snippets: No changes found during synchronizing snippets.
[2021-11-30 19:39:42.010] [settingssync] [info] GlobalState: No changes found during synchronizing ui state.
[2021-11-30 19:39:42.062] [settingssync] [info] Extensions: No changes found during synchronizing extensions.
[2021-11-30 19:39:42.062] [settingssync] [info] Sync done. Took 92ms
[2021-11-30 19:39:42.063] [settingssync] [info] Auto Sync: Triggered by Activity
[2021-11-30 19:39:42.205] [settingssync] [info] Settings: No changes found during synchronizing settings.
[2021-11-30 19:39:42.207] [settingssync] [info] Keybindings: No changes found during synchronizing keybindings.
[2021-11-30 19:39:42.209] [settingssync] [info] Snippets: No changes found during synchronizing snippets.
[2021-11-30 19:39:42.225] [settingssync] [info] GlobalState: No changes found during synchronizing ui state.
[2021-11-30 19:39:42.274] [settingssync] [info] Extensions: No changes found during synchronizing extensions.
[2021-11-30 19:39:42.274] [settingssync] [info] Sync done. Took 87ms
[2021-11-30 19:39:42.275] [settingssync] [info] Auto Sync: Triggered by Activity
[2021-11-30 19:39:42.417] [settingssync] [info] Settings: No changes found during synchronizing settings.
[2021-11-30 19:39:42.420] [settingssync] [info] Keybindings: No changes found during synchronizing keybindings.
[2021-11-30 19:39:42.422] [settingssync] [info] Snippets: No changes found during synchronizing snippets.
[2021-11-30 19:39:42.437] [settingssync] [info] GlobalState: No changes found during synchronizing ui state.
[2021-11-30 19:39:42.502] [settingssync] [info] Extensions: No changes found during synchronizing extensions.
[2021-11-30 19:39:42.503] [settingssync] [info] Sync done. Took 94ms
[2021-11-30 19:39:42.503] [settingssync] [info] Auto Sync: Triggered by Activity
[2021-11-30 19:39:42.647] [settingssync] [info] Settings: No changes found during synchronizing settings.
[2021-11-30 19:39:42.649] [settingssync] [info] Keybindings: No changes found during synchronizing keybindings.
[2021-11-30 19:39:42.651] [settingssync] [info] Snippets: No changes found during synchronizing snippets.
[2021-11-30 19:39:42.666] [settingssync] [info] GlobalState: No changes found during synchronizing ui state.
[2021-11-30 19:39:42.719] [settingssync] [info] Extensions: No changes found during synchronizing extensions.
[2021-11-30 19:39:42.720] [settingssync] [info] Sync done. Took 92ms
[2021-11-30 19:39:42.721] [settingssync] [info] Auto Sync: Triggered by Activity
[2021-11-30 19:39:42.866] [settingssync] [info] Settings: No changes found during synchronizing settings.
[2021-11-30 19:39:42.868] [settingssync] [info] Keybindings: No changes found during synchronizing keybindings.
[2021-11-30 19:39:42.871] [settingssync] [info] Snippets: No changes found during synchronizing snippets.
[2021-11-30 19:39:42.886] [settingssync] [info] GlobalState: No changes found during synchronizing ui state.
[2021-11-30 19:39:42.935] [settingssync] [info] Extensions: No changes found during synchronizing extensions.
[2021-11-30 19:39:42.936] [settingssync] [info] Sync done. Took 87ms
[2021-11-30 19:39:42.936] [settingssync] [info] Auto Sync: Triggered by Activity
[2021-11-30 19:39:43.076] [settingssync] [info] Settings: No changes found during synchronizing settings.
[2021-11-30 19:39:43.079] [settingssync] [info] Keybindings: No changes found during synchronizing keybindings.
[2021-11-30 19:39:43.081] [settingssync] [info] Snippets: No changes found during synchronizing snippets.
[2021-11-30 19:39:43.097] [settingssync] [info] GlobalState: No changes found during synchronizing ui state.
[2021-11-30 19:39:43.161] [settingssync] [info] Extensions: No changes found during synchronizing extensions.
[2021-11-30 19:39:43.162] [settingssync] [info] Sync done. Took 94ms
[2021-11-30 19:39:43.163] [settingssync] [info] Auto Sync: Triggered by Activity
[2021-11-30 19:39:43.334] [settingssync] [info] Settings: No changes found during synchronizing settings.
[2021-11-30 19:39:43.336] [settingssync] [info] Keybindings: No changes found during synchronizing keybindings.
[2021-11-30 19:39:43.339] [settingssync] [info] Snippets: No changes found during synchronizing snippets.
[2021-11-30 19:39:43.353] [settingssync] [info] GlobalState: No changes found during synchronizing ui state.
[2021-11-30 19:39:43.406] [settingssync] [info] Extensions: No changes found during synchronizing extensions.
[2021-11-30 19:39:43.406] [settingssync] [info] Sync done. Took 91ms
[2021-11-30 19:39:43.407] [settingssync] [info] Auto Sync: Triggered by Activity
[2021-11-30 19:39:43.552] [settingssync] [info] Settings: No changes found during synchronizing settings.
[2021-11-30 19:39:43.554] [settingssync] [info] Keybindings: No changes found during synchronizing keybindings.
[2021-11-30 19:39:43.557] [settingssync] [info] Snippets: No changes found during synchronizing snippets.
[2021-11-30 19:39:43.573] [settingssync] [info] GlobalState: No changes found during synchronizing ui state.
[2021-11-30 19:39:43.623] [settingssync] [info] Extensions: No changes found during synchronizing extensions.
[2021-11-30 19:39:43.623] [settingssync] [info] Sync done. Took 90ms
[2021-11-30 19:39:43.624] [settingssync] [info] Auto Sync: Triggered by Activity
[2021-11-30 19:39:43.790] [settingssync] [info] Settings: No changes found during synchronizing settings.
[2021-11-30 19:39:43.793] [settingssync] [info] Keybindings: No changes found during synchronizing keybindings.
[2021-11-30 19:39:43.797] [settingssync] [info] Snippets: No changes found during synchronizing snippets.
[2021-11-30 19:39:43.812] [settingssync] [info] GlobalState: No changes found during synchronizing ui state.
[2021-11-30 19:39:43.877] [settingssync] [info] Extensions: No changes found during synchronizing extensions.
[2021-11-30 19:39:43.878] [settingssync] [info] Sync done. Took 100ms
[2021-11-30 19:39:43.879] [settingssync] [info] Auto Sync: Triggered by Activity
[2021-11-30 19:39:44.029] [settingssync] [info] Settings: No changes found during synchronizing settings.
[2021-11-30 19:39:44.030] [settingssync] [info] Keybindings: No changes found during synchronizing keybindings.
[2021-11-30 19:39:44.033] [settingssync] [info] Snippets: No changes found during synchronizing snippets.
[2021-11-30 19:39:44.048] [settingssync] [info] GlobalState: No changes found during synchronizing ui state.
[2021-11-30 19:39:44.104] [settingssync] [info] Extensions: No changes found during synchronizing extensions.
[2021-11-30 19:39:44.104] [settingssync] [info] Sync done. Took 97ms
[2021-11-30 19:39:44.105] [settingssync] [info] Auto Sync: Triggered by Activity
[2021-11-30 19:39:44.245] [settingssync] [info] Settings: No changes found during synchronizing settings.
[2021-11-30 19:39:44.248] [settingssync] [info] Keybindings: No changes found during synchronizing keybindings.
[2021-11-30 19:39:44.250] [settingssync] [info] Snippets: No changes found during synchronizing snippets.
[2021-11-30 19:39:44.265] [settingssync] [info] GlobalState: No changes found during synchronizing ui state.
[2021-11-30 19:39:44.313] [settingssync] [info] Extensions: No changes found during synchronizing extensions.
[2021-11-30 19:39:44.313] [settingssync] [info] Sync done. Took 88ms
[2021-11-30 19:39:44.314] [settingssync] [info] Auto Sync: Triggered by Activity
[2021-11-30 19:39:44.469] [settingssync] [info] Settings: No changes found during synchronizing settings.
[2021-11-30 19:39:44.471] [settingssync] [info] Keybindings: No changes found during synchronizing keybindings.
[2021-11-30 19:39:44.474] [settingssync] [info] Snippets: No changes found during synchronizing snippets.
[2021-11-30 19:39:44.490] [settingssync] [info] GlobalState: No changes found during synchronizing ui state.
[2021-11-30 19:39:44.560] [settingssync] [info] Extensions: No changes found during synchronizing extensions.
[2021-11-30 19:39:44.561] [settingssync] [info] Sync done. Took 105ms
[2021-11-30 19:39:44.561] [settingssync] [info] Auto Sync: Triggered by Activity
[2021-11-30 19:39:44.698] [settingssync] [info] Settings: No changes found during synchronizing settings.
[2021-11-30 19:39:44.699] [settingssync] [info] Keybindings: No changes found during synchronizing keybindings.
[2021-11-30 19:39:44.701] [settingssync] [info] Snippets: No changes found during synchronizing snippets.
[2021-11-30 19:39:44.716] [settingssync] [info] GlobalState: No changes found during synchronizing ui state.
[2021-11-30 19:39:44.765] [settingssync] [info] Extensions: No changes found during synchronizing extensions.
[2021-11-30 19:39:44.765] [settingssync] [info] Sync done. Took 82ms
[2021-11-30 19:39:44.766] [settingssync] [info] Auto Sync: Triggered by Activity
[2021-11-30 19:39:44.906] [settingssync] [info] Settings: No changes found during synchronizing settings.
[2021-11-30 19:39:44.907] [settingssync] [info] Keybindings: No changes found during synchronizing keybindings.
[2021-11-30 19:39:44.909] [settingssync] [info] Snippets: No changes found during synchronizing snippets.
[2021-11-30 19:39:44.925] [settingssync] [info] GlobalState: No changes found during synchronizing ui state.
[2021-11-30 19:39:44.972] [settingssync] [info] Extensions: No changes found during synchronizing extensions.
[2021-11-30 19:39:44.973] [settingssync] [info] Sync done. Took 86ms
[2021-11-30 19:39:44.974] [settingssync] [info] Auto Sync: Triggered by Activity
[2021-11-30 19:39:45.131] [settingssync] [info] Settings: No changes found during synchronizing settings.
[2021-11-30 19:39:45.132] [settingssync] [info] Keybindings: No changes found during synchronizing keybindings.
[2021-11-30 19:39:45.135] [settingssync] [info] Snippets: No changes found during synchronizing snippets.
[2021-11-30 19:39:45.150] [settingssync] [info] GlobalState: No changes found during synchronizing ui state.
[2021-11-30 19:39:45.210] [settingssync] [info] Extensions: No changes found during synchronizing extensions.
[2021-11-30 19:39:45.211] [settingssync] [info] Sync done. Took 106ms
[2021-11-30 19:39:45.211] [settingssync] [info] Auto Sync: Triggered by Activity
[2021-11-30 19:39:45.353] [settingssync] [info] Settings: No changes found during synchronizing settings.
[2021-11-30 19:39:45.354] [settingssync] [info] Keybindings: No changes found during synchronizing keybindings.
[2021-11-30 19:39:45.357] [settingssync] [info] Snippets: No changes found during synchronizing snippets.
[2021-11-30 19:39:45.372] [settingssync] [info] GlobalState: No changes found during synchronizing ui state.
[2021-11-30 19:39:45.420] [settingssync] [info] Extensions: No changes found during synchronizing extensions.
[2021-11-30 19:39:45.421] [settingssync] [info] Sync done. Took 84ms
[2021-11-30 19:39:45.421] [settingssync] [info] Auto Sync: Triggered by Interval
[2021-11-30 19:39:45.551] [settingssync] [info] Settings: No changes found during synchronizing settings.
[2021-11-30 19:39:45.553] [settingssync] [info] Keybindings: No changes found during synchronizing keybindings.
[2021-11-30 19:39:45.556] [settingssync] [info] Snippets: No changes found during synchronizing snippets.
[2021-11-30 19:39:45.570] [settingssync] [info] GlobalState: No changes found during synchronizing ui state.
[2021-11-30 19:39:45.617] [settingssync] [info] Extensions: No changes found during synchronizing extensions.
[2021-11-30 19:39:45.619] [settingssync] [info] Sync done. Took 78ms
[2021-11-30 19:39:45.619] [settingssync] [info] Auto Sync: Triggered by Activity
[2021-11-30 19:39:45.775] [settingssync] [info] Settings: No changes found during synchronizing settings.
[2021-11-30 19:39:45.777] [settingssync] [info] Keybindings: No changes found during synchronizing keybindings.
[2021-11-30 19:39:45.780] [settingssync] [info] Snippets: No changes found during synchronizing snippets.
[2021-11-30 19:39:45.794] [settingssync] [info] GlobalState: No changes found during synchronizing ui state.
[2021-11-30 19:39:45.853] [settingssync] [info] Extensions: No changes found during synchronizing extensions.
[2021-11-30 19:39:45.854] [settingssync] [info] Sync done. Took 106ms
[2021-11-30 19:39:45.854] [settingssync] [info] Auto Sync: Triggered by Activity
[2021-11-30 19:39:45.993] [settingssync] [info] Settings: No changes found during synchronizing settings.
[2021-11-30 19:39:45.994] [settingssync] [info] Keybindings: No changes found during synchronizing keybindings.
[2021-11-30 19:39:45.998] [settingssync] [info] Snippets: No changes found during synchronizing snippets.
[2021-11-30 19:39:46.014] [settingssync] [info] GlobalState: No changes found during synchronizing ui state.
[2021-11-30 19:39:46.062] [settingssync] [info] Extensions: No changes found during synchronizing extensions.
[2021-11-30 19:39:46.062] [settingssync] [info] Sync done. Took 86ms
[2021-11-30 19:39:46.063] [settingssync] [info] Auto Sync: Triggered by Activity
[2021-11-30 19:39:46.207] [settingssync] [info] Settings: No changes found during synchronizing settings.
[2021-11-30 19:39:46.210] [settingssync] [info] Keybindings: No changes found during synchronizing keybindings.
[2021-11-30 19:39:46.213] [settingssync] [info] Snippets: No changes found during synchronizing snippets.
[2021-11-30 19:39:46.229] [settingssync] [info] GlobalState: No changes found during synchronizing ui state.
[2021-11-30 19:39:46.278] [settingssync] [info] Extensions: No changes found during synchronizing extensions.
[2021-11-30 19:39:46.279] [settingssync] [info] Sync done. Took 83ms
[2021-11-30 19:44:46.285] [settingssync] [info] Auto Sync: Triggered by Interval
[2021-11-30 19:44:46.745] [settingssync] [info] Settings: No changes found during synchronizing settings.
[2021-11-30 19:44:46.747] [settingssync] [info] Keybindings: No changes found during synchronizing keybindings.
[2021-11-30 19:44:46.750] [settingssync] [info] Snippets: No changes found during synchronizing snippets.
[2021-11-30 19:44:46.774] [settingssync] [info] GlobalState: No changes found during synchronizing ui state.
[2021-11-30 19:44:46.840] [settingssync] [info] Extensions: No changes found during synchronizing extensions.
[2021-11-30 19:44:46.841] [settingssync] [info] Sync done. Took 116ms
[2021-11-30 19:49:46.843] [settingssync] [info] Auto Sync: Triggered by Interval
[2021-11-30 19:49:47.221] [settingssync] [info] Settings: No changes found during synchronizing settings.
[2021-11-30 19:49:47.222] [settingssync] [info] Keybindings: No changes found during synchronizing keybindings.
[2021-11-30 19:49:47.225] [settingssync] [info] Snippets: No changes found during synchronizing snippets.
[2021-11-30 19:49:47.247] [settingssync] [info] GlobalState: No changes found during synchronizing ui state.
[2021-11-30 19:49:47.315] [settingssync] [info] Extensions: No changes found during synchronizing extensions.
[2021-11-30 19:49:47.315] [settingssync] [info] Sync done. Took 109ms
[2021-11-30 19:54:47.317] [settingssync] [info] Auto Sync: Triggered by Interval
[2021-11-30 19:54:47.984] [settingssync] [info] Settings: No changes found during synchronizing settings.
[2021-11-30 19:54:47.986] [settingssync] [info] Keybindings: No changes found during synchronizing keybindings.
[2021-11-30 19:54:47.989] [settingssync] [info] Snippets: No changes found during synchronizing snippets.
[2021-11-30 19:54:48.014] [settingssync] [info] GlobalState: No changes found during synchronizing ui state.
[2021-11-30 19:54:48.085] [settingssync] [info] Extensions: No changes found during synchronizing extensions.
[2021-11-30 19:54:48.086] [settingssync] [info] Sync done. Took 114ms
[2021-11-30 19:58:06.910] [settingssync] [info] Auto Sync: Triggered by Activity
[2021-11-30 19:58:07.376] [settingssync] [info] Settings: No changes found during synchronizing settings.
[2021-11-30 19:58:07.378] [settingssync] [info] Keybindings: No changes found during synchronizing keybindings.
[2021-11-30 19:58:07.382] [settingssync] [info] Snippets: No changes found during synchronizing snippets.
[2021-11-30 19:58:07.409] [settingssync] [info] GlobalState: No changes found during synchronizing ui state.
[2021-11-30 19:58:07.504] [settingssync] [info] Extensions: No changes found during synchronizing extensions.
[2021-11-30 19:58:07.505] [settingssync] [info] Sync done. Took 144ms
[2021-11-30 19:58:27.241] [settingssync] [info] Auto Sync: Triggered by Activity
[2021-11-30 19:58:27.447] [settingssync] [info] Settings: No changes found during synchronizing settings.
[2021-11-30 19:58:27.450] [settingssync] [info] Keybindings: No changes found during synchronizing keybindings.
[2021-11-30 19:58:27.452] [settingssync] [info] Snippets: No changes found during synchronizing snippets.
[2021-11-30 19:58:27.484] [settingssync] [info] GlobalState: No changes found during synchronizing ui state.
[2021-11-30 19:58:27.570] [settingssync] [info] Extensions: No changes found during synchronizing extensions.
[2021-11-30 19:58:27.571] [settingssync] [info] Sync done. Took 133ms
[2021-11-30 19:58:47.805] [settingssync] [info] Auto Sync: Triggered by Activity
[2021-11-30 19:58:47.953] [settingssync] [info] Settings: No changes found during synchronizing settings.
[2021-11-30 19:58:47.954] [settingssync] [info] Keybindings: No changes found during synchronizing keybindings.
[2021-11-30 19:58:47.956] [settingssync] [info] Snippets: No changes found during synchronizing snippets.
[2021-11-30 19:58:47.980] [settingssync] [info] GlobalState: No changes found during synchronizing ui state.
[2021-11-30 19:58:48.053] [settingssync] [info] Extensions: No changes found during synchronizing extensions.
[2021-11-30 19:58:48.054] [settingssync] [info] Sync done. Took 118ms
[2021-11-30 19:59:11.210] [settingssync] [info] Auto Sync: Triggered by Activity
[2021-11-30 19:59:11.355] [settingssync] [info] Settings: No changes found during synchronizing settings.
[2021-11-30 19:59:11.357] [settingssync] [info] Keybindings: No changes found during synchronizing keybindings.
[2021-11-30 19:59:11.361] [settingssync] [info] Snippets: No changes found during synchronizing snippets.
[2021-11-30 19:59:11.390] [settingssync] [info] GlobalState: No changes found during synchronizing ui state.
[2021-11-30 19:59:11.468] [settingssync] [info] Extensions: No changes found during synchronizing extensions.
[2021-11-30 19:59:11.469] [settingssync] [info] Sync done. Took 134ms
[2021-11-30 20:02:31.119] [settingssync] [info] Auto Sync: Triggered by Activity
[2021-11-30 20:02:32.101] [settingssync] [info] Settings: No changes found during synchronizing settings.
[2021-11-30 20:02:32.104] [settingssync] [info] Keybindings: No changes found during synchronizing keybindings.
[2021-11-30 20:02:32.107] [settingssync] [info] Snippets: No changes found during synchronizing snippets.
[2021-11-30 20:02:32.137] [settingssync] [info] GlobalState: No changes found during synchronizing ui state.
[2021-11-30 20:02:32.231] [settingssync] [info] Extensions: No changes found during synchronizing extensions.
[2021-11-30 20:02:32.232] [settingssync] [info] Sync done. Took 149ms
[2021-11-30 20:02:42.404] [settingssync] [info] Auto Sync: Triggered by Activity
[2021-11-30 20:02:42.561] [settingssync] [info] Settings: No changes found during synchronizing settings.
[2021-11-30 20:02:42.564] [settingssync] [info] Keybindings: No changes found during synchronizing keybindings.
[2021-11-30 20:02:42.569] [settingssync] [info] Snippets: No changes found during synchronizing snippets.
[2021-11-30 20:02:42.599] [settingssync] [info] GlobalState: No changes found during synchronizing ui state.
[2021-11-30 20:02:42.698] [settingssync] [info] Extensions: No changes found during synchronizing extensions.
[2021-11-30 20:02:42.700] [settingssync] [info] Sync done. Took 152ms
[2021-11-30 20:07:42.706] [settingssync] [info] Auto Sync: Triggered by Interval
[2021-11-30 20:07:43.442] [settingssync] [info] Settings: No changes found during synchronizing settings.
[2021-11-30 20:07:43.444] [settingssync] [info] Keybindings: No changes found during synchronizing keybindings.
[2021-11-30 20:07:43.446] [settingssync] [info] Snippets: No changes found during synchronizing snippets.
[2021-11-30 20:07:43.470] [settingssync] [info] GlobalState: No changes found during synchronizing ui state.
[2021-11-30 20:07:43.546] [settingssync] [info] Extensions: No changes found during synchronizing extensions.
[2021-11-30 20:07:43.547] [settingssync] [info] Sync done. Took 120ms
[2021-11-30 20:12:43.549] [settingssync] [info] Auto Sync: Triggered by Interval
[2021-11-30 20:12:43.561] [settingssync] [info] Request failed https://vscode-sync.trafficmanager.net/v1/manifest
[2021-11-30 20:12:43.562] [settingssync] [error] RequestFailed (UserDataSyncError) syncResource:unknown operationId:unknown: Connection refused for the request 'https://vscode-sync.trafficmanager.net/v1/manifest'.
    at m.request (vscode-file://vscode-app/usr/share/code/resources/app/out/vs/code/electron-browser/sharedProcess/sharedProcessMain.js:76:173289)
    at async manifest (vscode-file://vscode-app/usr/share/code/resources/app/out/vs/code/electron-browser/sharedProcess/sharedProcessMain.js:76:171014)
    at async o.createSyncTask (vscode-file://vscode-app/usr/share/code/resources/app/out/vs/code/electron-browser/sharedProcess/sharedProcessMain.js:76:141881)
    at async a.doSync (vscode-file://vscode-app/usr/share/code/resources/app/out/vs/code/electron-browser/sharedProcess/sharedProcessMain.js:76:136268)
[2021-11-30 20:12:43.562] [settingssync] [error] RequestFailed (UserDataSyncError) syncResource:unknown operationId:unknown: Connection refused for the request 'https://vscode-sync.trafficmanager.net/v1/manifest'.
    at m.request (vscode-file://vscode-app/usr/share/code/resources/app/out/vs/code/electron-browser/sharedProcess/sharedProcessMain.js:76:173289)
    at async manifest (vscode-file://vscode-app/usr/share/code/resources/app/out/vs/code/electron-browser/sharedProcess/sharedProcessMain.js:76:171014)
    at async o.createSyncTask (vscode-file://vscode-app/usr/share/code/resources/app/out/vs/code/electron-browser/sharedProcess/sharedProcessMain.js:76:141881)
    at async a.doSync (vscode-file://vscode-app/usr/share/code/resources/app/out/vs/code/electron-browser/sharedProcess/sharedProcessMain.js:76:136268)
[2021-11-30 20:17:43.562] [settingssync] [info] Auto Sync: Triggered by Interval
[2021-11-30 20:17:44.200] [settingssync] [info] Settings: No changes found during synchronizing settings.
[2021-11-30 20:17:44.202] [settingssync] [info] Keybindings: No changes found during synchronizing keybindings.
[2021-11-30 20:17:44.205] [settingssync] [info] Snippets: No changes found during synchronizing snippets.
[2021-11-30 20:17:44.230] [settingssync] [info] GlobalState: No changes found during synchronizing ui state.
[2021-11-30 20:17:44.310] [settingssync] [info] Extensions: No changes found during synchronizing extensions.
[2021-11-30 20:17:44.310] [settingssync] [info] Sync done. Took 128ms
[2021-11-30 20:22:44.312] [settingssync] [info] Auto Sync: Triggered by Interval
[2021-11-30 20:22:45.680] [settingssync] [info] Settings: No changes found during synchronizing settings.
[2021-11-30 20:22:45.682] [settingssync] [info] Keybindings: No changes found during synchronizing keybindings.
[2021-11-30 20:22:45.685] [settingssync] [info] Snippets: No changes found during synchronizing snippets.
[2021-11-30 20:22:45.715] [settingssync] [info] GlobalState: No changes found during synchronizing ui state.
[2021-11-30 20:22:45.795] [settingssync] [info] Extensions: No changes found during synchronizing extensions.
[2021-11-30 20:22:45.795] [settingssync] [info] Sync done. Took 130ms
[2021-11-30 20:23:48.741] [settingssync] [info] Auto Sync: Triggered by Activity
[2021-11-30 20:23:48.908] [settingssync] [info] Settings: No changes found during synchronizing settings.
[2021-11-30 20:23:48.922] [settingssync] [info] Keybindings: No changes found during synchronizing keybindings.
[2021-11-30 20:23:48.928] [settingssync] [info] Snippets: No changes found during synchronizing snippets.
[2021-11-30 20:23:48.975] [settingssync] [info] GlobalState: No changes found during synchronizing ui state.
[2021-11-30 20:23:49.116] [settingssync] [info] Extensions: No changes found during synchronizing extensions.
[2021-11-30 20:23:49.119] [settingssync] [info] Sync done. Took 234ms
[2021-11-30 20:24:41.140] [settingssync] [info] Auto Sync: Triggered by Activity
[2021-11-30 20:24:41.296] [settingssync] [info] Settings: No changes found during synchronizing settings.
[2021-11-30 20:24:41.298] [settingssync] [info] Keybindings: No changes found during synchronizing keybindings.
[2021-11-30 20:24:41.301] [settingssync] [info] Snippets: No changes found during synchronizing snippets.
[2021-11-30 20:24:41.331] [settingssync] [info] GlobalState: No changes found during synchronizing ui state.
[2021-11-30 20:24:41.450] [settingssync] [info] Extensions: No changes found during synchronizing extensions.
[2021-11-30 20:24:41.452] [settingssync] [info] Sync done. Took 179ms
[2021-11-30 20:25:00.161] [settingssync] [info] Auto Sync: Triggered by Activity
[2021-11-30 20:25:00.309] [settingssync] [info] Settings: No changes found during synchronizing settings.
[2021-11-30 20:25:00.312] [settingssync] [info] Keybindings: No changes found during synchronizing keybindings.
[2021-11-30 20:25:00.315] [settingssync] [info] Snippets: No changes found during synchronizing snippets.
[2021-11-30 20:25:00.349] [settingssync] [info] GlobalState: No changes found during synchronizing ui state.
[2021-11-30 20:25:00.449] [settingssync] [info] Extensions: No changes found during synchronizing extensions.
[2021-11-30 20:25:00.449] [settingssync] [info] Sync done. Took 159ms
[2021-11-30 20:25:24.230] [settingssync] [info] Auto Sync: Triggered by Activity
[2021-11-30 20:25:24.382] [settingssync] [info] Settings: No changes found during synchronizing settings.
[2021-11-30 20:25:24.387] [settingssync] [info] Keybindings: No changes found during synchronizing keybindings.
[2021-11-30 20:25:24.393] [settingssync] [info] Snippets: No changes found during synchronizing snippets.
[2021-11-30 20:25:24.425] [settingssync] [info] GlobalState: No changes found during synchronizing ui state.
[2021-11-30 20:25:24.516] [settingssync] [info] Extensions: No changes found during synchronizing extensions.
[2021-11-30 20:25:24.518] [settingssync] [info] Sync done. Took 155ms
[2021-11-30 20:26:10.804] [settingssync] [info] Auto Sync: Triggered by Activity
[2021-11-30 20:26:10.966] [settingssync] [info] Settings: No changes found during synchronizing settings.
[2021-11-30 20:26:10.968] [settingssync] [info] Keybindings: No changes found during synchronizing keybindings.
[2021-11-30 20:26:10.971] [settingssync] [info] Snippets: No changes found during synchronizing snippets.
[2021-11-30 20:26:11.004] [settingssync] [info] GlobalState: No changes found during synchronizing ui state.
[2021-11-30 20:26:11.101] [settingssync] [info] Extensions: No changes found during synchronizing extensions.
[2021-11-30 20:26:11.102] [settingssync] [info] Sync done. Took 156ms
[2021-11-30 20:26:30.220] [settingssync] [info] Auto Sync: Triggered by Activity
[2021-11-30 20:26:30.429] [settingssync] [info] Settings: No changes found during synchronizing settings.
[2021-11-30 20:26:30.432] [settingssync] [info] Keybindings: No changes found during synchronizing keybindings.
[2021-11-30 20:26:30.436] [settingssync] [info] Snippets: No changes found during synchronizing snippets.
[2021-11-30 20:26:30.469] [settingssync] [info] GlobalState: No changes found during synchronizing ui state.
[2021-11-30 20:26:30.577] [settingssync] [info] Extensions: No changes found during synchronizing extensions.
[2021-11-30 20:26:30.577] [settingssync] [info] Sync done. Took 173ms
[2021-11-30 20:27:56.592] [settingssync] [info] Auto Sync: Triggered by Activity
[2021-11-30 20:27:56.739] [settingssync] [info] Settings: No changes found during synchronizing settings.
[2021-11-30 20:27:56.741] [settingssync] [info] Keybindings: No changes found during synchronizing keybindings.
[2021-11-30 20:27:56.743] [settingssync] [info] Snippets: No changes found during synchronizing snippets.
[2021-11-30 20:27:56.770] [settingssync] [info] GlobalState: No changes found during synchronizing ui state.
[2021-11-30 20:27:56.862] [settingssync] [info] Extensions: No changes found during synchronizing extensions.
[2021-11-30 20:27:56.863] [settingssync] [info] Sync done. Took 143ms
[2021-11-30 20:28:14.032] [settingssync] [info] Auto Sync: Triggered by Activity
[2021-11-30 20:28:14.187] [settingssync] [info] Settings: No changes found during synchronizing settings.
[2021-11-30 20:28:14.190] [settingssync] [info] Keybindings: No changes found during synchronizing keybindings.
[2021-11-30 20:28:14.196] [settingssync] [info] Snippets: No changes found during synchronizing snippets.
[2021-11-30 20:28:14.227] [settingssync] [info] GlobalState: No changes found during synchronizing ui state.
[2021-11-30 20:28:14.317] [settingssync] [info] Extensions: No changes found during synchronizing extensions.
[2021-11-30 20:28:14.318] [settingssync] [info] Sync done. Took 154ms
[2021-11-30 20:28:42.733] [settingssync] [info] Auto Sync: Triggered by Activity
[2021-11-30 20:28:42.880] [settingssync] [info] Settings: No changes found during synchronizing settings.
[2021-11-30 20:28:42.882] [settingssync] [info] Keybindings: No changes found during synchronizing keybindings.
[2021-11-30 20:28:42.887] [settingssync] [info] Snippets: No changes found during synchronizing snippets.
[2021-11-30 20:28:42.927] [settingssync] [info] GlobalState: No changes found during synchronizing ui state.
[2021-11-30 20:28:43.034] [settingssync] [info] Extensions: No changes found during synchronizing extensions.
[2021-11-30 20:28:43.035] [settingssync] [info] Sync done. Took 172ms
[2021-11-30 20:29:53.453] [settingssync] [info] Auto Sync: Triggered by Activity
[2021-11-30 20:29:53.617] [settingssync] [info] Settings: No changes found during synchronizing settings.
[2021-11-30 20:29:53.620] [settingssync] [info] Keybindings: No changes found during synchronizing keybindings.
[2021-11-30 20:29:53.626] [settingssync] [info] Snippets: No changes found during synchronizing snippets.
[2021-11-30 20:29:53.656] [settingssync] [info] GlobalState: No changes found during synchronizing ui state.
[2021-11-30 20:29:53.750] [settingssync] [info] Extensions: No changes found during synchronizing extensions.
[2021-11-30 20:29:53.750] [settingssync] [info] Sync done. Took 159ms
[2021-11-30 20:31:10.919] [settingssync] [info] Auto Sync: Triggered by Activity
[2021-11-30 20:31:11.075] [settingssync] [info] Settings: No changes found during synchronizing settings.
[2021-11-30 20:31:11.081] [settingssync] [info] Keybindings: No changes found during synchronizing keybindings.
[2021-11-30 20:31:11.085] [settingssync] [info] Snippets: No changes found during synchronizing snippets.
[2021-11-30 20:31:11.132] [settingssync] [info] GlobalState: No changes found during synchronizing ui state.
[2021-11-30 20:31:11.295] [settingssync] [info] Extensions: No changes found during synchronizing extensions.
[2021-11-30 20:31:11.298] [settingssync] [info] Sync done. Took 247ms
[2021-11-30 20:31:25.439] [settingssync] [info] Auto Sync: Triggered by Activity
[2021-11-30 20:31:25.585] [settingssync] [info] Settings: No changes found during synchronizing settings.
[2021-11-30 20:31:25.587] [settingssync] [info] Keybindings: No changes found during synchronizing keybindings.
[2021-11-30 20:31:25.592] [settingssync] [info] Snippets: No changes found during synchronizing snippets.
[2021-11-30 20:31:25.622] [settingssync] [info] GlobalState: No changes found during synchronizing ui state.
[2021-11-30 20:31:25.698] [settingssync] [info] Extensions: No changes found during synchronizing extensions.
[2021-11-30 20:31:25.700] [settingssync] [info] Sync done. Took 132ms
[2021-11-30 20:32:12.378] [settingssync] [info] Auto Sync: Triggered by Activity
[2021-11-30 20:32:12.623] [settingssync] [info] Settings: No changes found during synchronizing settings.
[2021-11-30 20:32:12.627] [settingssync] [info] Keybindings: No changes found during synchronizing keybindings.
[2021-11-30 20:32:12.635] [settingssync] [info] Snippets: No changes found during synchronizing snippets.
[2021-11-30 20:32:12.665] [settingssync] [info] GlobalState: No changes found during synchronizing ui state.
[2021-11-30 20:32:12.752] [settingssync] [info] Extensions: No changes found during synchronizing extensions.
[2021-11-30 20:32:12.753] [settingssync] [info] Sync done. Took 156ms
[2021-11-30 20:36:05.085] [settingssync] [info] Auto Sync: Triggered by Activity
[2021-11-30 20:36:05.781] [settingssync] [info] Settings: No changes found during synchronizing settings.
[2021-11-30 20:36:05.785] [settingssync] [info] Keybindings: No changes found during synchronizing keybindings.
[2021-11-30 20:36:05.789] [settingssync] [info] Snippets: No changes found during synchronizing snippets.
[2021-11-30 20:36:05.823] [settingssync] [info] GlobalState: No changes found during synchronizing ui state.
[2021-11-30 20:36:05.912] [settingssync] [info] Extensions: No changes found during synchronizing extensions.
[2021-11-30 20:36:05.913] [settingssync] [info] Sync done. Took 149ms
[2021-11-30 20:36:29.949] [settingssync] [info] Auto Sync: Triggered by Activity
[2021-11-30 20:36:30.115] [settingssync] [info] Settings: No changes found during synchronizing settings.
[2021-11-30 20:36:30.117] [settingssync] [info] Keybindings: No changes found during synchronizing keybindings.
[2021-11-30 20:36:30.120] [settingssync] [info] Snippets: No changes found during synchronizing snippets.
[2021-11-30 20:36:30.153] [settingssync] [info] GlobalState: No changes found during synchronizing ui state.
[2021-11-30 20:36:30.242] [settingssync] [info] Extensions: No changes found during synchronizing extensions.
[2021-11-30 20:36:30.243] [settingssync] [info] Sync done. Took 151ms
[2021-11-30 20:37:55.860] [settingssync] [info] Auto Sync: Triggered by Activity
[2021-11-30 20:37:56.049] [settingssync] [info] Settings: No changes found during synchronizing settings.
[2021-11-30 20:37:56.051] [settingssync] [info] Keybindings: No changes found during synchronizing keybindings.
[2021-11-30 20:37:56.058] [settingssync] [info] Snippets: No changes found during synchronizing snippets.
[2021-11-30 20:37:56.090] [settingssync] [info] GlobalState: No changes found during synchronizing ui state.
[2021-11-30 20:37:56.184] [settingssync] [info] Extensions: No changes found during synchronizing extensions.
[2021-11-30 20:37:56.185] [settingssync] [info] Sync done. Took 159ms
[2021-11-30 20:38:10.876] [settingssync] [info] Auto Sync: Triggered by Activity
[2021-11-30 20:38:11.017] [settingssync] [info] Settings: No changes found during synchronizing settings.
[2021-11-30 20:38:11.018] [settingssync] [info] Keybindings: No changes found during synchronizing keybindings.
[2021-11-30 20:38:11.023] [settingssync] [info] Snippets: No changes found during synchronizing snippets.
[2021-11-30 20:38:11.051] [settingssync] [info] GlobalState: No changes found during synchronizing ui state.
[2021-11-30 20:38:11.135] [settingssync] [info] Extensions: No changes found during synchronizing extensions.
[2021-11-30 20:38:11.135] [settingssync] [info] Sync done. Took 131ms
[2021-11-30 20:38:42.156] [settingssync] [info] Auto Sync: Triggered by Activity
[2021-11-30 20:38:42.316] [settingssync] [info] Settings: No changes found during synchronizing settings.
[2021-11-30 20:38:42.318] [settingssync] [info] Keybindings: No changes found during synchronizing keybindings.
[2021-11-30 20:38:42.322] [settingssync] [info] Snippets: No changes found during synchronizing snippets.
[2021-11-30 20:38:42.386] [settingssync] [info] GlobalState: No changes found during synchronizing ui state.
[2021-11-30 20:38:42.577] [settingssync] [info] Extensions: No changes found during synchronizing extensions.
[2021-11-30 20:38:42.578] [settingssync] [info] Sync done. Took 279ms
[2021-11-30 20:39:08.185] [settingssync] [info] Auto Sync: Triggered by Activity
[2021-11-30 20:39:08.348] [settingssync] [info] Settings: No changes found during synchronizing settings.
[2021-11-30 20:39:08.349] [settingssync] [info] Keybindings: No changes found during synchronizing keybindings.
[2021-11-30 20:39:08.353] [settingssync] [info] Snippets: No changes found during synchronizing snippets.
[2021-11-30 20:39:08.385] [settingssync] [info] GlobalState: No changes found during synchronizing ui state.
[2021-11-30 20:39:08.472] [settingssync] [info] Extensions: No changes found during synchronizing extensions.
[2021-11-30 20:39:08.472] [settingssync] [info] Sync done. Took 140ms
[2021-11-30 20:40:29.372] [settingssync] [info] Auto Sync: Triggered by Activity
[2021-11-30 20:40:29.547] [settingssync] [info] Settings: No changes found during synchronizing settings.
[2021-11-30 20:40:29.552] [settingssync] [info] Keybindings: No changes found during synchronizing keybindings.
[2021-11-30 20:40:29.555] [settingssync] [info] Snippets: No changes found during synchronizing snippets.
[2021-11-30 20:40:29.587] [settingssync] [info] GlobalState: No changes found during synchronizing ui state.
[2021-11-30 20:40:29.679] [settingssync] [info] Extensions: No changes found during synchronizing extensions.
[2021-11-30 20:40:29.681] [settingssync] [info] Sync done. Took 151ms
[2021-11-30 20:40:46.266] [settingssync] [info] Auto Sync: Triggered by Activity
[2021-11-30 20:40:46.593] [settingssync] [info] Settings: No changes found during synchronizing settings.
[2021-11-30 20:40:46.595] [settingssync] [info] Keybindings: No changes found during synchronizing keybindings.
[2021-11-30 20:40:46.599] [settingssync] [info] Snippets: No changes found during synchronizing snippets.
[2021-11-30 20:40:46.629] [settingssync] [info] GlobalState: No changes found during synchronizing ui state.
[2021-11-30 20:40:46.717] [settingssync] [info] Extensions: No changes found during synchronizing extensions.
[2021-11-30 20:40:46.718] [settingssync] [info] Sync done. Took 140ms
[2021-11-30 20:42:10.212] [settingssync] [info] Auto Sync: Triggered by Activity
[2021-11-30 20:42:10.360] [settingssync] [info] Settings: No changes found during synchronizing settings.
[2021-11-30 20:42:10.362] [settingssync] [info] Keybindings: No changes found during synchronizing keybindings.
[2021-11-30 20:42:10.366] [settingssync] [info] Snippets: No changes found during synchronizing snippets.
[2021-11-30 20:42:10.398] [settingssync] [info] GlobalState: No changes found during synchronizing ui state.
[2021-11-30 20:42:10.483] [settingssync] [info] Extensions: No changes found during synchronizing extensions.
[2021-11-30 20:42:10.484] [settingssync] [info] Sync done. Took 141ms
[2021-11-30 20:44:15.377] [settingssync] [info] Auto Sync: Triggered by Activity
[2021-11-30 20:44:16.318] [settingssync] [info] Settings: No changes found during synchronizing settings.
[2021-11-30 20:44:16.323] [settingssync] [info] Keybindings: No changes found during synchronizing keybindings.
[2021-11-30 20:44:16.326] [settingssync] [info] Snippets: No changes found during synchronizing snippets.
[2021-11-30 20:44:16.366] [settingssync] [info] GlobalState: No changes found during synchronizing ui state.
[2021-11-30 20:44:16.506] [settingssync] [info] Extensions: No changes found during synchronizing extensions.
[2021-11-30 20:44:16.507] [settingssync] [info] Sync done. Took 204ms
[2021-11-30 20:48:29.323] [settingssync] [info] Auto Sync: Triggered by Activity
[2021-11-30 20:48:30.163] [settingssync] [info] Settings: No changes found during synchronizing settings.
[2021-11-30 20:48:30.168] [settingssync] [info] Keybindings: No changes found during synchronizing keybindings.
[2021-11-30 20:48:30.211] [settingssync] [info] Snippets: No changes found during synchronizing snippets.
[2021-11-30 20:48:30.251] [settingssync] [info] GlobalState: No changes found during synchronizing ui state.
[2021-11-30 20:48:30.353] [settingssync] [info] Extensions: No changes found during synchronizing extensions.
[2021-11-30 20:48:30.354] [settingssync] [info] Sync done. Took 241ms
[2021-11-30 20:53:30.359] [settingssync] [info] Auto Sync: Triggered by Interval
[2021-11-30 20:53:30.994] [settingssync] [info] Settings: No changes found during synchronizing settings.
[2021-11-30 20:53:30.996] [settingssync] [info] Keybindings: No changes found during synchronizing keybindings.
[2021-11-30 20:53:31.001] [settingssync] [info] Snippets: No changes found during synchronizing snippets.
[2021-11-30 20:53:31.027] [settingssync] [info] GlobalState: No changes found during synchronizing ui state.
[2021-11-30 20:53:31.096] [settingssync] [info] Extensions: No changes found during synchronizing extensions.
[2021-11-30 20:53:31.097] [settingssync] [info] Sync done. Took 121ms
[2021-11-30 20:58:31.099] [settingssync] [info] Auto Sync: Triggered by Interval
[2021-11-30 20:58:31.985] [settingssync] [info] Settings: No changes found during synchronizing settings.
[2021-11-30 20:58:31.988] [settingssync] [info] Keybindings: No changes found during synchronizing keybindings.
[2021-11-30 20:58:31.994] [settingssync] [info] Snippets: No changes found during synchronizing snippets.
[2021-11-30 20:58:32.026] [settingssync] [info] GlobalState: No changes found during synchronizing ui state.
[2021-11-30 20:58:32.105] [settingssync] [info] Extensions: No changes found during synchronizing extensions.
[2021-11-30 20:58:32.106] [settingssync] [info] Sync done. Took 135ms
[2021-11-30 21:03:32.108] [settingssync] [info] Auto Sync: Triggered by Interval
[2021-11-30 21:03:33.098] [settingssync] [info] Settings: No changes found during synchronizing settings.
[2021-11-30 21:03:33.102] [settingssync] [info] Keybindings: No changes found during synchronizing keybindings.
[2021-11-30 21:03:33.106] [settingssync] [info] Snippets: No changes found during synchronizing snippets.
[2021-11-30 21:03:33.132] [settingssync] [info] GlobalState: No changes found during synchronizing ui state.
[2021-11-30 21:03:33.210] [settingssync] [info] Extensions: No changes found during synchronizing extensions.
[2021-11-30 21:03:33.210] [settingssync] [info] Sync done. Took 130ms
[2021-11-30 21:08:33.212] [settingssync] [info] Auto Sync: Triggered by Interval
[2021-11-30 21:08:33.860] [settingssync] [info] Settings: No changes found during synchronizing settings.
[2021-11-30 21:08:33.863] [settingssync] [info] Keybindings: No changes found during synchronizing keybindings.
[2021-11-30 21:08:33.867] [settingssync] [info] Snippets: No changes found during synchronizing snippets.
[2021-11-30 21:08:33.894] [settingssync] [info] GlobalState: No changes found during synchronizing ui state.
[2021-11-30 21:08:33.967] [settingssync] [info] Extensions: No changes found during synchronizing extensions.
[2021-11-30 21:08:33.968] [settingssync] [info] Sync done. Took 122ms
[2021-11-30 21:13:33.970] [settingssync] [info] Auto Sync: Triggered by Interval
[2021-11-30 21:13:34.481] [settingssync] [info] Settings: No changes found during synchronizing settings.
[2021-11-30 21:13:34.483] [settingssync] [info] Keybindings: No changes found during synchronizing keybindings.
[2021-11-30 21:13:34.486] [settingssync] [info] Snippets: No changes found during synchronizing snippets.
[2021-11-30 21:13:34.512] [settingssync] [info] GlobalState: No changes found during synchronizing ui state.
[2021-11-30 21:13:34.588] [settingssync] [info] Extensions: No changes found during synchronizing extensions.
[2021-11-30 21:13:34.589] [settingssync] [info] Sync done. Took 122ms
[2021-11-30 21:18:34.591] [settingssync] [info] Auto Sync: Triggered by Interval
[2021-11-30 21:18:35.602] [settingssync] [info] Settings: No changes found during synchronizing settings.
[2021-11-30 21:18:35.606] [settingssync] [info] Keybindings: No changes found during synchronizing keybindings.
[2021-11-30 21:18:35.611] [settingssync] [info] Snippets: No changes found during synchronizing snippets.
[2021-11-30 21:18:35.644] [settingssync] [info] GlobalState: No changes found during synchronizing ui state.
[2021-11-30 21:18:35.739] [settingssync] [info] Extensions: No changes found during synchronizing extensions.
[2021-11-30 21:18:35.740] [settingssync] [info] Sync done. Took 155ms
[2021-11-30 21:23:35.742] [settingssync] [info] Auto Sync: Triggered by Interval
[2021-11-30 21:23:36.300] [settingssync] [info] Settings: No changes found during synchronizing settings.
[2021-11-30 21:23:36.302] [settingssync] [info] Keybindings: No changes found during synchronizing keybindings.
[2021-11-30 21:23:36.304] [settingssync] [info] Snippets: No changes found during synchronizing snippets.
[2021-11-30 21:23:36.337] [settingssync] [info] GlobalState: No changes found during synchronizing ui state.
[2021-11-30 21:23:36.440] [settingssync] [info] Extensions: No changes found during synchronizing extensions.
[2021-11-30 21:23:36.441] [settingssync] [info] Sync done. Took 164ms
[2021-11-30 21:28:36.445] [settingssync] [info] Auto Sync: Triggered by Interval
[2021-11-30 21:28:37.125] [settingssync] [info] Settings: No changes found during synchronizing settings.
[2021-11-30 21:28:37.131] [settingssync] [info] Keybindings: No changes found during synchronizing keybindings.
[2021-11-30 21:28:37.136] [settingssync] [info] Snippets: No changes found during synchronizing snippets.
[2021-11-30 21:28:37.155] [settingssync] [info] GlobalState: No changes found during synchronizing ui state.
[2021-11-30 21:28:37.211] [settingssync] [info] Extensions: No changes found during synchronizing extensions.
[2021-11-30 21:28:37.211] [settingssync] [info] Sync done. Took 115ms
[2021-11-30 21:33:37.214] [settingssync] [info] Auto Sync: Triggered by Interval
[2021-11-30 21:33:38.073] [settingssync] [info] Settings: No changes found during synchronizing settings.
[2021-11-30 21:33:38.075] [settingssync] [info] Keybindings: No changes found during synchronizing keybindings.
[2021-11-30 21:33:38.078] [settingssync] [info] Snippets: No changes found during synchronizing snippets.
[2021-11-30 21:33:38.100] [settingssync] [info] GlobalState: No changes found during synchronizing ui state.
[2021-11-30 21:33:38.159] [settingssync] [info] Extensions: No changes found during synchronizing extensions.
[2021-11-30 21:33:38.160] [settingssync] [info] Sync done. Took 96ms
[2021-11-30 21:38:38.162] [settingssync] [info] Auto Sync: Triggered by Interval
[2021-11-30 21:38:38.633] [settingssync] [info] Settings: No changes found during synchronizing settings.
[2021-11-30 21:38:38.637] [settingssync] [info] Keybindings: No changes found during synchronizing keybindings.
[2021-11-30 21:38:38.639] [settingssync] [info] Snippets: No changes found during synchronizing snippets.
[2021-11-30 21:38:38.656] [settingssync] [info] GlobalState: No changes found during synchronizing ui state.
[2021-11-30 21:38:38.730] [settingssync] [info] Extensions: No changes found during synchronizing extensions.
[2021-11-30 21:38:38.731] [settingssync] [info] Sync done. Took 119ms
[2021-11-30 21:43:38.732] [settingssync] [info] Auto Sync: Triggered by Interval
[2021-11-30 21:43:39.186] [settingssync] [info] Settings: No changes found during synchronizing settings.
[2021-11-30 21:43:39.188] [settingssync] [info] Keybindings: No changes found during synchronizing keybindings.
[2021-11-30 21:43:39.190] [settingssync] [info] Snippets: No changes found during synchronizing snippets.
[2021-11-30 21:43:39.226] [settingssync] [info] GlobalState: No changes found during synchronizing ui state.
[2021-11-30 21:43:39.288] [settingssync] [info] Extensions: No changes found during synchronizing extensions.
[2021-11-30 21:43:39.289] [settingssync] [info] Sync done. Took 118ms
[2021-11-30 21:48:39.291] [settingssync] [info] Auto Sync: Triggered by Interval
[2021-11-30 21:48:39.908] [settingssync] [info] Settings: No changes found during synchronizing settings.
[2021-11-30 21:48:39.909] [settingssync] [info] Keybindings: No changes found during synchronizing keybindings.
[2021-11-30 21:48:39.911] [settingssync] [info] Snippets: No changes found during synchronizing snippets.
[2021-11-30 21:48:39.927] [settingssync] [info] GlobalState: No changes found during synchronizing ui state.
[2021-11-30 21:48:40.004] [settingssync] [info] Extensions: No changes found during synchronizing extensions.
[2021-11-30 21:48:40.004] [settingssync] [info] Sync done. Took 114ms
[2021-11-30 21:53:40.005] [settingssync] [info] Auto Sync: Triggered by Interval
[2021-11-30 21:53:40.519] [settingssync] [info] Settings: No changes found during synchronizing settings.
[2021-11-30 21:53:40.521] [settingssync] [info] Keybindings: No changes found during synchronizing keybindings.
[2021-11-30 21:53:40.522] [settingssync] [info] Snippets: No changes found during synchronizing snippets.
[2021-11-30 21:53:40.542] [settingssync] [info] GlobalState: No changes found during synchronizing ui state.
[2021-11-30 21:53:40.598] [settingssync] [info] Extensions: No changes found during synchronizing extensions.
[2021-11-30 21:53:40.598] [settingssync] [info] Sync done. Took 88ms
[2021-11-30 21:58:40.600] [settingssync] [info] Auto Sync: Triggered by Interval
[2021-11-30 21:58:40.980] [settingssync] [info] Settings: No changes found during synchronizing settings.
[2021-11-30 21:58:40.982] [settingssync] [info] Keybindings: No changes found during synchronizing keybindings.
[2021-11-30 21:58:40.984] [settingssync] [info] Snippets: No changes found during synchronizing snippets.
[2021-11-30 21:58:41.006] [settingssync] [info] GlobalState: No changes found during synchronizing ui state.
[2021-11-30 21:58:41.057] [settingssync] [info] Extensions: No changes found during synchronizing extensions.
[2021-11-30 21:58:41.057] [settingssync] [info] Sync done. Took 97ms
[2021-11-30 22:03:41.059] [settingssync] [info] Auto Sync: Triggered by Interval
[2021-11-30 22:03:41.852] [settingssync] [info] Settings: No changes found during synchronizing settings.
[2021-11-30 22:03:41.853] [settingssync] [info] Keybindings: No changes found during synchronizing keybindings.
[2021-11-30 22:03:41.855] [settingssync] [info] Snippets: No changes found during synchronizing snippets.
[2021-11-30 22:03:41.871] [settingssync] [info] GlobalState: No changes found during synchronizing ui state.
[2021-11-30 22:03:41.917] [settingssync] [info] Extensions: No changes found during synchronizing extensions.
[2021-11-30 22:03:41.917] [settingssync] [info] Sync done. Took 86ms
