Vetur initialized
[INFO ] Loaded bundled typescript@4.4.4.
[INFO ] Loaded bundled prettier.
[INFO ] Loaded bundled @starptech/prettyhtml.
[INFO ] Loaded bundled prettier-eslint.
[INFO ] Loaded bundled prettier-tslint.
[INFO ] Loaded bundled stylus-supremacy.
[INFO ] Loaded bundled @prettier/plugin-pug.
[INFO ] update /var/www/elearning/public/mix-manifest.json in ts language service.
[INFO ] update /var/www/elearning/public/mix-manifest.json in ts language service.
[INFO ] update /var/www/elearning/public/mix-manifest.json in ts language service.
[INFO ] update /var/www/elearning/public/css/material-icons/codepoints.json in ts language service.
[INFO ] update /var/www/elearning/public/css/material-icons/codepoints.json in ts language service.
[INFO ] update /var/www/elearning/public/css/material-icons/codepoints.json in ts language service.
[INFO ] update /var/www/elearning/public/mix-manifest.json in ts language service.
[INFO ] update /var/www/elearning/public/mix-manifest.json in ts language service.
[INFO ] update /var/www/elearning/public/mix-manifest.json in ts language service.
[INFO ] update /var/www/elearning/public/css/material-icons/codepoints.json in ts language service.
[INFO ] update /var/www/elearning/public/css/material-icons/codepoints.json in ts language service.
[INFO ] update /var/www/elearning/public/css/material-icons/codepoints.json in ts language service.
[INFO ] update /var/www/elearning/public/mix-manifest.json in ts language service.
[INFO ] update /var/www/elearning/public/mix-manifest.json in ts language service.
[INFO ] update /var/www/elearning/public/mix-manifest.json in ts language service.
[INFO ] update /var/www/elearning/public/css/material-icons/codepoints.json in ts language service.
[INFO ] update /var/www/elearning/public/css/material-icons/codepoints.json in ts language service.
[INFO ] update /var/www/elearning/public/css/material-icons/codepoints.json in ts language service.
[INFO ] update /var/www/elearning/public/mix-manifest.json in ts language service.
[INFO ] update /var/www/elearning/public/mix-manifest.json in ts language service.
[INFO ] update /var/www/elearning/public/mix-manifest.json in ts language service.
[INFO ] update /var/www/elearning/public/js/chunks/1.js in ts language service.
[INFO ] update /var/www/elearning/public/js/chunks/1.js in ts language service.
[INFO ] update /var/www/elearning/public/js/chunks/1.js in ts language service.
[INFO ] update /var/www/elearning/public/js/chunks/2.js in ts language service.
[INFO ] update /var/www/elearning/public/js/chunks/2.js in ts language service.
[INFO ] update /var/www/elearning/public/js/chunks/2.js in ts language service.
[INFO ] update /var/www/elearning/public/js/chunks/4.js in ts language service.
[INFO ] update /var/www/elearning/public/js/chunks/4.js in ts language service.
[INFO ] update /var/www/elearning/public/js/chunks/4.js in ts language service.
[INFO ] update /var/www/elearning/public/js/chunks/7.js in ts language service.
[INFO ] update /var/www/elearning/public/js/chunks/7.js in ts language service.
[INFO ] update /var/www/elearning/public/js/chunks/7.js in ts language service.
[INFO ] update /var/www/elearning/public/js/chunks/8.js in ts language service.
[INFO ] update /var/www/elearning/public/js/chunks/8.js in ts language service.
[INFO ] update /var/www/elearning/public/js/chunks/8.js in ts language service.
[INFO ] update /var/www/elearning/public/js/chunks/21.js in ts language service.
[INFO ] update /var/www/elearning/public/js/chunks/21.js in ts language service.
[INFO ] update /var/www/elearning/public/js/chunks/21.js in ts language service.
[INFO ] update /var/www/elearning/public/js/chunks/53.js in ts language service.
[INFO ] update /var/www/elearning/public/js/chunks/53.js in ts language service.
[INFO ] update /var/www/elearning/public/js/chunks/53.js in ts language service.
[INFO ] update /var/www/elearning/public/js/chunks/54.js in ts language service.
[INFO ] update /var/www/elearning/public/js/chunks/54.js in ts language service.
[INFO ] update /var/www/elearning/public/js/chunks/54.js in ts language service.
[INFO ] update /var/www/elearning/public/js/app.js in ts language service.
[INFO ] update /var/www/elearning/public/js/app.js in ts language service.
[INFO ] update /var/www/elearning/public/js/app.js in ts language service.
[INFO ] update /var/www/elearning/public/css/material-icons/codepoints.json in ts language service.
[INFO ] update /var/www/elearning/public/css/material-icons/codepoints.json in ts language service.
[INFO ] update /var/www/elearning/public/css/material-icons/codepoints.json in ts language service.
[INFO ] update /var/www/elearning/public/mix-manifest.json in ts language service.
[INFO ] update /var/www/elearning/public/mix-manifest.json in ts language service.
[INFO ] update /var/www/elearning/public/mix-manifest.json in ts language service.
[INFO ] update /var/www/elearning/public/js/chunks/1.js in ts language service.
[INFO ] update /var/www/elearning/public/js/chunks/1.js in ts language service.
[INFO ] update /var/www/elearning/public/js/chunks/1.js in ts language service.
[INFO ] update /var/www/elearning/public/js/chunks/2.js in ts language service.
[INFO ] update /var/www/elearning/public/js/chunks/2.js in ts language service.
[INFO ] update /var/www/elearning/public/js/chunks/2.js in ts language service.
[INFO ] update /var/www/elearning/public/js/chunks/4.js in ts language service.
[INFO ] update /var/www/elearning/public/js/chunks/4.js in ts language service.
[INFO ] update /var/www/elearning/public/js/chunks/4.js in ts language service.
[INFO ] update /var/www/elearning/public/js/chunks/7.js in ts language service.
[INFO ] update /var/www/elearning/public/js/chunks/7.js in ts language service.
[INFO ] update /var/www/elearning/public/js/chunks/7.js in ts language service.
[INFO ] update /var/www/elearning/public/js/chunks/8.js in ts language service.
[INFO ] update /var/www/elearning/public/js/chunks/8.js in ts language service.
[INFO ] update /var/www/elearning/public/js/chunks/8.js in ts language service.
[INFO ] update /var/www/elearning/public/js/chunks/21.js in ts language service.
[INFO ] update /var/www/elearning/public/js/chunks/21.js in ts language service.
[INFO ] update /var/www/elearning/public/js/chunks/21.js in ts language service.
[INFO ] update /var/www/elearning/public/js/chunks/53.js in ts language service.
[INFO ] update /var/www/elearning/public/js/chunks/53.js in ts language service.
[INFO ] update /var/www/elearning/public/js/chunks/53.js in ts language service.
[INFO ] update /var/www/elearning/public/js/app.js in ts language service.
[INFO ] update /var/www/elearning/public/js/app.js in ts language service.
[INFO ] update /var/www/elearning/public/js/app.js in ts language service.
[INFO ] update /var/www/elearning/public/css/material-icons/codepoints.json in ts language service.
[INFO ] update /var/www/elearning/public/css/material-icons/codepoints.json in ts language service.
[INFO ] update /var/www/elearning/public/css/material-icons/codepoints.json in ts language service.
[INFO ] update /var/www/elearning/public/mix-manifest.json in ts language service.
[INFO ] update /var/www/elearning/public/mix-manifest.json in ts language service.
[INFO ] update /var/www/elearning/public/mix-manifest.json in ts language service.
[INFO ] update /var/www/elearning/public/js/chunks/12.js in ts language service.
[INFO ] update /var/www/elearning/public/js/chunks/12.js in ts language service.
[INFO ] update /var/www/elearning/public/js/chunks/12.js in ts language service.
[INFO ] update /var/www/elearning/public/css/material-icons/codepoints.json in ts language service.
[INFO ] update /var/www/elearning/public/css/material-icons/codepoints.json in ts language service.
[INFO ] update /var/www/elearning/public/css/material-icons/codepoints.json in ts language service.
[INFO ] update /var/www/elearning/public/mix-manifest.json in ts language service.
[INFO ] update /var/www/elearning/public/mix-manifest.json in ts language service.
[INFO ] update /var/www/elearning/public/mix-manifest.json in ts language service.
[INFO ] update /var/www/elearning/public/css/material-icons/codepoints.json in ts language service.
[INFO ] update /var/www/elearning/public/css/material-icons/codepoints.json in ts language service.
[INFO ] update /var/www/elearning/public/css/material-icons/codepoints.json in ts language service.
[INFO ] update /var/www/elearning/public/mix-manifest.json in ts language service.
[INFO ] update /var/www/elearning/public/mix-manifest.json in ts language service.
[INFO ] update /var/www/elearning/public/mix-manifest.json in ts language service.
[INFO ] update /var/www/elearning/public/css/material-icons/codepoints.json in ts language service.
[INFO ] update /var/www/elearning/public/css/material-icons/codepoints.json in ts language service.
[INFO ] update /var/www/elearning/public/css/material-icons/codepoints.json in ts language service.
[INFO ] update /var/www/elearning/public/mix-manifest.json in ts language service.
[INFO ] update /var/www/elearning/public/mix-manifest.json in ts language service.
[INFO ] update /var/www/elearning/public/mix-manifest.json in ts language service.
[INFO ] update /var/www/elearning/public/js/chunks/0.js in ts language service.
[INFO ] update /var/www/elearning/public/js/chunks/0.js in ts language service.
[INFO ] update /var/www/elearning/public/js/chunks/0.js in ts language service.
[INFO ] update /var/www/elearning/public/js/chunks/1.js in ts language service.
[INFO ] update /var/www/elearning/public/js/chunks/1.js in ts language service.
[INFO ] update /var/www/elearning/public/js/chunks/1.js in ts language service.
[INFO ] update /var/www/elearning/public/js/chunks/2.js in ts language service.
[INFO ] update /var/www/elearning/public/js/chunks/2.js in ts language service.
[INFO ] update /var/www/elearning/public/js/chunks/2.js in ts language service.
[INFO ] update /var/www/elearning/public/js/chunks/4.js in ts language service.
[INFO ] update /var/www/elearning/public/js/chunks/4.js in ts language service.
[INFO ] update /var/www/elearning/public/js/chunks/4.js in ts language service.
[INFO ] update /var/www/elearning/public/js/chunks/7.js in ts language service.
[INFO ] update /var/www/elearning/public/js/chunks/7.js in ts language service.
[INFO ] update /var/www/elearning/public/js/chunks/7.js in ts language service.
[INFO ] update /var/www/elearning/public/js/chunks/8.js in ts language service.
[INFO ] update /var/www/elearning/public/js/chunks/8.js in ts language service.
[INFO ] update /var/www/elearning/public/js/chunks/8.js in ts language service.
[INFO ] update /var/www/elearning/public/js/chunks/21.js in ts language service.
[INFO ] update /var/www/elearning/public/js/chunks/21.js in ts language service.
[INFO ] update /var/www/elearning/public/js/chunks/21.js in ts language service.
[INFO ] update /var/www/elearning/public/js/chunks/54.js in ts language service.
[INFO ] update /var/www/elearning/public/js/chunks/54.js in ts language service.
[INFO ] update /var/www/elearning/public/js/chunks/54.js in ts language service.
[INFO ] update /var/www/elearning/public/js/app.js in ts language service.
[INFO ] update /var/www/elearning/public/js/app.js in ts language service.
[INFO ] update /var/www/elearning/public/js/app.js in ts language service.
[INFO ] update /var/www/elearning/public/css/material-icons/codepoints.json in ts language service.
[INFO ] update /var/www/elearning/public/css/material-icons/codepoints.json in ts language service.
[INFO ] update /var/www/elearning/public/css/material-icons/codepoints.json in ts language service.
