[2021-12-01 10:19:09.407] [renderer5] [info] Starting extension host with pid 12404.
[2021-12-01 10:19:10.182] [renderer5] [error] [Extension Host] (node:12404) [DEP0005] DeprecationWarning: Buffer() is deprecated due to security and usability issues. Please use the Buffer.alloc(), Buffer.allocUnsafe(), or Buffer.from() methods instead.
(Use `code --trace-deprecation ...` to show where the warning was created)
[2021-12-01 10:37:10.954] [renderer5] [error] Cannot read property 'slice' of undefined: TypeError: Cannot read property 'slice' of undefined
    at Object.options.copy.options.copy [as copy] (/home/dotnet/.vscode/extensions/atishay-jain.all-autocomplete-0.0.23/dist/extension.js:1:12571)
    at i.remove (/home/dotnet/.vscode/extensions/atishay-jain.all-autocomplete-0.0.23/dist/extension.js:1:15081)
    at Map.removeWord (/home/dotnet/.vscode/extensions/atishay-jain.all-autocomplete-0.0.23/dist/extension.js:1:3627)
    at /home/dotnet/.vscode/extensions/atishay-jain.all-autocomplete-0.0.23/dist/extension.js:1:8324
    at Array.forEach (<anonymous>)
    at /home/dotnet/.vscode/extensions/atishay-jain.all-autocomplete-0.0.23/dist/extension.js:1:8301
    at Array.forEach (<anonymous>)
    at Function.handleContextChange (/home/dotnet/.vscode/extensions/atishay-jain.all-autocomplete-0.0.23/dist/extension.js:1:8227)
    at /home/dotnet/.vscode/extensions/atishay-jain.all-autocomplete-0.0.23/dist/extension.js:1:10110
    at a.fire (/usr/share/code/resources/app/out/vs/workbench/services/extensions/node/extensionHostProcess.js:66:1712)
    at k.$acceptModelChanged (/usr/share/code/resources/app/out/vs/workbench/services/extensions/node/extensionHostProcess.js:94:152503)
    at i._doInvokeHandler (/usr/share/code/resources/app/out/vs/workbench/services/extensions/node/extensionHostProcess.js:98:13802)
    at i._invokeHandler (/usr/share/code/resources/app/out/vs/workbench/services/extensions/node/extensionHostProcess.js:98:13486)
    at i._receiveRequest (/usr/share/code/resources/app/out/vs/workbench/services/extensions/node/extensionHostProcess.js:98:12148)
    at i._receiveOneMessage (/usr/share/code/resources/app/out/vs/workbench/services/extensions/node/extensionHostProcess.js:98:10826)
    at /usr/share/code/resources/app/out/vs/workbench/services/extensions/node/extensionHostProcess.js:98:8922
    at a.fire (/usr/share/code/resources/app/out/vs/workbench/services/extensions/node/extensionHostProcess.js:66:1712)
    at l.fire (/usr/share/code/resources/app/out/vs/workbench/services/extensions/node/extensionHostProcess.js:74:15990)
    at /usr/share/code/resources/app/out/vs/workbench/services/extensions/node/extensionHostProcess.js:113:30514
    at a.fire (/usr/share/code/resources/app/out/vs/workbench/services/extensions/node/extensionHostProcess.js:66:1712)
    at l.fire (/usr/share/code/resources/app/out/vs/workbench/services/extensions/node/extensionHostProcess.js:74:15990)
    at u._receiveMessage (/usr/share/code/resources/app/out/vs/workbench/services/extensions/node/extensionHostProcess.js:74:21260)
    at /usr/share/code/resources/app/out/vs/workbench/services/extensions/node/extensionHostProcess.js:74:18138
    at a.fire (/usr/share/code/resources/app/out/vs/workbench/services/extensions/node/extensionHostProcess.js:66:1712)
    at w.acceptChunk (/usr/share/code/resources/app/out/vs/workbench/services/extensions/node/extensionHostProcess.js:74:13351)
    at /usr/share/code/resources/app/out/vs/workbench/services/extensions/node/extensionHostProcess.js:74:12699
    at Socket.v (/usr/share/code/resources/app/out/vs/workbench/services/extensions/node/extensionHostProcess.js:113:13465)
    at Socket.emit (events.js:315:20)
    at Socket.EventEmitter.emit (domain.js:467:12)
    at addChunk (internal/streams/readable.js:309:12)
    at readableAddChunk (internal/streams/readable.js:284:9)
    at Socket.Readable.push (internal/streams/readable.js:223:10)
    at Pipe.onStreamRead (internal/stream_base_commons.js:188:23)
[2021-12-01 10:37:12.215] [renderer5] [error] Cannot read property 'slice' of undefined: TypeError: Cannot read property 'slice' of undefined
    at Object.options.copy.options.copy [as copy] (/home/dotnet/.vscode/extensions/atishay-jain.all-autocomplete-0.0.23/dist/extension.js:1:12571)
    at i.remove (/home/dotnet/.vscode/extensions/atishay-jain.all-autocomplete-0.0.23/dist/extension.js:1:15081)
    at Map.removeWord (/home/dotnet/.vscode/extensions/atishay-jain.all-autocomplete-0.0.23/dist/extension.js:1:3627)
    at /home/dotnet/.vscode/extensions/atishay-jain.all-autocomplete-0.0.23/dist/extension.js:1:8324
    at Array.forEach (<anonymous>)
    at /home/dotnet/.vscode/extensions/atishay-jain.all-autocomplete-0.0.23/dist/extension.js:1:8301
    at Array.forEach (<anonymous>)
    at Function.handleContextChange (/home/dotnet/.vscode/extensions/atishay-jain.all-autocomplete-0.0.23/dist/extension.js:1:8227)
    at /home/dotnet/.vscode/extensions/atishay-jain.all-autocomplete-0.0.23/dist/extension.js:1:10110
    at a.fire (/usr/share/code/resources/app/out/vs/workbench/services/extensions/node/extensionHostProcess.js:66:1712)
    at k.$acceptModelChanged (/usr/share/code/resources/app/out/vs/workbench/services/extensions/node/extensionHostProcess.js:94:152503)
    at i._doInvokeHandler (/usr/share/code/resources/app/out/vs/workbench/services/extensions/node/extensionHostProcess.js:98:13802)
    at i._invokeHandler (/usr/share/code/resources/app/out/vs/workbench/services/extensions/node/extensionHostProcess.js:98:13486)
    at i._receiveRequest (/usr/share/code/resources/app/out/vs/workbench/services/extensions/node/extensionHostProcess.js:98:12148)
    at i._receiveOneMessage (/usr/share/code/resources/app/out/vs/workbench/services/extensions/node/extensionHostProcess.js:98:10826)
    at /usr/share/code/resources/app/out/vs/workbench/services/extensions/node/extensionHostProcess.js:98:8922
    at a.fire (/usr/share/code/resources/app/out/vs/workbench/services/extensions/node/extensionHostProcess.js:66:1712)
    at l.fire (/usr/share/code/resources/app/out/vs/workbench/services/extensions/node/extensionHostProcess.js:74:15990)
    at /usr/share/code/resources/app/out/vs/workbench/services/extensions/node/extensionHostProcess.js:113:30514
    at a.fire (/usr/share/code/resources/app/out/vs/workbench/services/extensions/node/extensionHostProcess.js:66:1712)
    at l.fire (/usr/share/code/resources/app/out/vs/workbench/services/extensions/node/extensionHostProcess.js:74:15990)
    at u._receiveMessage (/usr/share/code/resources/app/out/vs/workbench/services/extensions/node/extensionHostProcess.js:74:21260)
    at /usr/share/code/resources/app/out/vs/workbench/services/extensions/node/extensionHostProcess.js:74:18138
    at a.fire (/usr/share/code/resources/app/out/vs/workbench/services/extensions/node/extensionHostProcess.js:66:1712)
    at w.acceptChunk (/usr/share/code/resources/app/out/vs/workbench/services/extensions/node/extensionHostProcess.js:74:13351)
    at /usr/share/code/resources/app/out/vs/workbench/services/extensions/node/extensionHostProcess.js:74:12699
    at Socket.v (/usr/share/code/resources/app/out/vs/workbench/services/extensions/node/extensionHostProcess.js:113:13465)
    at Socket.emit (events.js:315:20)
    at Socket.EventEmitter.emit (domain.js:467:12)
    at addChunk (internal/streams/readable.js:309:12)
    at readableAddChunk (internal/streams/readable.js:284:9)
    at Socket.Readable.push (internal/streams/readable.js:223:10)
    at Pipe.onStreamRead (internal/stream_base_commons.js:188:23)
[2021-12-01 10:37:14.653] [renderer5] [error] Cannot read property 'slice' of undefined: TypeError: Cannot read property 'slice' of undefined
    at Object.options.copy.options.copy [as copy] (/home/dotnet/.vscode/extensions/atishay-jain.all-autocomplete-0.0.23/dist/extension.js:1:12571)
    at i.remove (/home/dotnet/.vscode/extensions/atishay-jain.all-autocomplete-0.0.23/dist/extension.js:1:15081)
    at Map.removeWord (/home/dotnet/.vscode/extensions/atishay-jain.all-autocomplete-0.0.23/dist/extension.js:1:3627)
    at /home/dotnet/.vscode/extensions/atishay-jain.all-autocomplete-0.0.23/dist/extension.js:1:8324
    at Array.forEach (<anonymous>)
    at /home/dotnet/.vscode/extensions/atishay-jain.all-autocomplete-0.0.23/dist/extension.js:1:8301
    at Array.forEach (<anonymous>)
    at Function.handleContextChange (/home/dotnet/.vscode/extensions/atishay-jain.all-autocomplete-0.0.23/dist/extension.js:1:8227)
    at /home/dotnet/.vscode/extensions/atishay-jain.all-autocomplete-0.0.23/dist/extension.js:1:10110
    at a.fire (/usr/share/code/resources/app/out/vs/workbench/services/extensions/node/extensionHostProcess.js:66:1712)
    at k.$acceptModelChanged (/usr/share/code/resources/app/out/vs/workbench/services/extensions/node/extensionHostProcess.js:94:152503)
    at i._doInvokeHandler (/usr/share/code/resources/app/out/vs/workbench/services/extensions/node/extensionHostProcess.js:98:13802)
    at i._invokeHandler (/usr/share/code/resources/app/out/vs/workbench/services/extensions/node/extensionHostProcess.js:98:13486)
    at i._receiveRequest (/usr/share/code/resources/app/out/vs/workbench/services/extensions/node/extensionHostProcess.js:98:12148)
    at i._receiveOneMessage (/usr/share/code/resources/app/out/vs/workbench/services/extensions/node/extensionHostProcess.js:98:10826)
    at /usr/share/code/resources/app/out/vs/workbench/services/extensions/node/extensionHostProcess.js:98:8922
    at a.fire (/usr/share/code/resources/app/out/vs/workbench/services/extensions/node/extensionHostProcess.js:66:1712)
    at l.fire (/usr/share/code/resources/app/out/vs/workbench/services/extensions/node/extensionHostProcess.js:74:15990)
    at /usr/share/code/resources/app/out/vs/workbench/services/extensions/node/extensionHostProcess.js:113:30514
    at a.fire (/usr/share/code/resources/app/out/vs/workbench/services/extensions/node/extensionHostProcess.js:66:1712)
    at l.fire (/usr/share/code/resources/app/out/vs/workbench/services/extensions/node/extensionHostProcess.js:74:15990)
    at u._receiveMessage (/usr/share/code/resources/app/out/vs/workbench/services/extensions/node/extensionHostProcess.js:74:21260)
    at /usr/share/code/resources/app/out/vs/workbench/services/extensions/node/extensionHostProcess.js:74:18138
    at a.fire (/usr/share/code/resources/app/out/vs/workbench/services/extensions/node/extensionHostProcess.js:66:1712)
    at w.acceptChunk (/usr/share/code/resources/app/out/vs/workbench/services/extensions/node/extensionHostProcess.js:74:13351)
    at /usr/share/code/resources/app/out/vs/workbench/services/extensions/node/extensionHostProcess.js:74:12699
    at Socket.v (/usr/share/code/resources/app/out/vs/workbench/services/extensions/node/extensionHostProcess.js:113:13465)
    at Socket.emit (events.js:315:20)
    at Socket.EventEmitter.emit (domain.js:467:12)
    at addChunk (internal/streams/readable.js:309:12)
    at readableAddChunk (internal/streams/readable.js:284:9)
    at Socket.Readable.push (internal/streams/readable.js:223:10)
    at Pipe.onStreamRead (internal/stream_base_commons.js:188:23)
[2021-12-01 10:45:21.925] [renderer5] [info] Starting extension host with pid 16309.
[2021-12-01 10:45:22.511] [renderer5] [error] [Extension Host] (node:16309) [DEP0005] DeprecationWarning: Buffer() is deprecated due to security and usability issues. Please use the Buffer.alloc(), Buffer.allocUnsafe(), or Buffer.from() methods instead.
(Use `code --trace-deprecation ...` to show where the warning was created)
