[2021-12-01 09:01:56.318] [sharedprocess] [info] Deleted from disk amiralizadeh9480.laravel-extra-intellisense /home/dotnet/.vscode/extensions/amiralizadeh9480.laravel-extra-intellisense-0.6.1
[2021-12-01 09:01:56.344] [sharedprocess] [info] Deleted from disk mohamedbenhida.laravel-intellisense /home/dotnet/.vscode/extensions/mohamedbenhida.laravel-intellisense-0.2.0
[2021-12-01 09:01:56.383] [sharedprocess] [info] Deleted from disk rafa-acioly.laravel-helpers /home/dotnet/.vscode/extensions/rafa-acioly.laravel-helpers-0.2.2
[2021-12-01 09:01:56.385] [sharedprocess] [info] Deleted from disk onecentlin.laravel5-snippets /home/dotnet/.vscode/extensions/onecentlin.laravel5-snippets-1.13.0
[2021-12-01 09:01:56.477] [sharedprocess] [info] Deleted from disk equinusocio.vsc-community-material-theme /home/dotnet/.vscode/extensions/equinusocio.vsc-community-material-theme-1.4.4
[2021-12-01 09:01:56.506] [sharedprocess] [info] Deleted from disk graphql.vscode-graphql /home/dotnet/.vscode/extensions/graphql.vscode-graphql-0.3.26
[2021-12-01 09:01:56.684] [sharedprocess] [info] Deleted from disk codingyu.laravel-goto-view /home/dotnet/.vscode/extensions/codingyu.laravel-goto-view-1.3.4
[2021-12-01 09:01:57.111] [sharedprocess] [info] Deleted from disk equinusocio.vsc-material-theme /home/dotnet/.vscode/extensions/equinusocio.vsc-material-theme-33.2.2
[2021-12-01 09:01:57.275] [sharedprocess] [info] Deleted from disk onecentlin.laravel-blade /home/dotnet/.vscode/extensions/onecentlin.laravel-blade-1.28.0
[2021-12-01 09:01:57.424] [sharedprocess] [info] Deleted from disk equinusocio.vsc-material-theme-icons /home/dotnet/.vscode/extensions/equinusocio.vsc-material-theme-icons-2.2.1
[2021-12-01 09:01:57.427] [sharedprocess] [info] Deleted from disk ms-python.vscode-pylance /home/dotnet/.vscode/extensions/ms-python.vscode-pylance-2021.11.2
[2021-12-01 09:01:57.489] [sharedprocess] [info] Deleted from disk ms-python.python /home/dotnet/.vscode/extensions/ms-python.python-2021.11.1422169775
[2021-12-01 09:02:05.826] [sharedprocess] [info] [logs cleanup]: Starting to clean up old logs.
[2021-12-01 09:02:05.828] [sharedprocess] [info] [logs cleanup]: Removing log folders '20211126T125050'
[2021-12-01 09:02:25.831] [sharedprocess] [info] [code cache cleanup]: Starting to clean up old code cache folders.
[2021-12-01 09:02:25.832] [sharedprocess] [info] [storage cleanup]: Starting to clean up storage folders.
[2021-12-01 09:02:35.826] [sharedprocess] [info] [language pack cache cleanup]: Starting to clean up unused language packs.
[2021-12-01 09:36:55.005] [sharedprocess] [error] [uncaught exception in sharedProcess]: Unable to resolve nonexistent file '/home/dotnet/.config/Code/User/sync/globalState/preview/globalState.json': Error: Unable to resolve nonexistent file '/home/dotnet/.config/Code/User/sync/globalState/preview/globalState.json'
    at He.resolve (vscode-file://vscode-app/usr/share/code/resources/app/out/vs/code/electron-browser/sharedProcess/sharedProcessMain.js:29:37207)
    at async ft.doGenerateSyncResourcePreview (vscode-file://vscode-app/usr/share/code/resources/app/out/vs/code/electron-browser/sharedProcess/sharedProcessMain.js:76:45155)
    at async ft.doTriggerLocalChange (vscode-file://vscode-app/usr/share/code/resources/app/out/vs/code/electron-browser/sharedProcess/sharedProcessMain.js:76:35773)
