[2021-12-01 09:01:55.940] [settingssync] [info] Using settings sync service https://vscode-sync.trafficmanager.net/
[2021-12-01 09:01:55.940] [settingssync] [info] Auto Sync is enabled.
[2021-12-01 09:01:55.940] [settingssync] [info] Auto Sync: Suspended until auth token is available.
[2021-12-01 09:02:01.438] [settingssync] [info] Auto Sync: Started
[2021-12-01 09:02:01.438] [settingssync] [info] Auto Sync: Triggered by Interval
[2021-12-01 09:02:02.689] [settingssync] [info] Settings: No changes found during synchronizing settings.
[2021-12-01 09:02:02.713] [settingssync] [info] Keybindings: No changes found during synchronizing keybindings.
[2021-12-01 09:02:02.741] [settingssync] [info] Snippets: No changes found during synchronizing snippets.
[2021-12-01 09:02:05.094] [settingssync] [info] GlobalState: Updated remote ui state
[2021-12-01 09:02:05.101] [settingssync] [info] GlobalState: Updated last synchronized ui state
[2021-12-01 09:02:05.408] [settingssync] [info] Extensions: No changes found during synchronizing extensions.
[2021-12-01 09:02:05.409] [settingssync] [info] Sync done. Took 2847ms
[2021-12-01 09:02:29.691] [settingssync] [info] Auto Sync: Triggered by Activity
[2021-12-01 09:02:29.875] [settingssync] [info] Settings: No changes found during synchronizing settings.
[2021-12-01 09:02:29.877] [settingssync] [info] Keybindings: No changes found during synchronizing keybindings.
[2021-12-01 09:02:29.883] [settingssync] [info] Snippets: No changes found during synchronizing snippets.
[2021-12-01 09:02:29.910] [settingssync] [info] GlobalState: No changes found during synchronizing ui state.
[2021-12-01 09:02:29.992] [settingssync] [info] Extensions: No changes found during synchronizing extensions.
[2021-12-01 09:02:29.994] [settingssync] [info] Sync done. Took 141ms
[2021-12-01 09:02:40.290] [settingssync] [info] Auto Sync: Triggered by Activity
[2021-12-01 09:02:40.457] [settingssync] [info] Settings: No changes found during synchronizing settings.
[2021-12-01 09:02:40.459] [settingssync] [info] Keybindings: No changes found during synchronizing keybindings.
[2021-12-01 09:02:40.462] [settingssync] [info] Snippets: No changes found during synchronizing snippets.
[2021-12-01 09:02:40.485] [settingssync] [info] GlobalState: No changes found during synchronizing ui state.
[2021-12-01 09:02:40.560] [settingssync] [info] Extensions: No changes found during synchronizing extensions.
[2021-12-01 09:02:40.562] [settingssync] [info] Sync done. Took 126ms
[2021-12-01 09:02:52.768] [settingssync] [info] Auto Sync: Triggered by Activity
[2021-12-01 09:02:52.964] [settingssync] [info] Settings: No changes found during synchronizing settings.
[2021-12-01 09:02:52.965] [settingssync] [info] Keybindings: No changes found during synchronizing keybindings.
[2021-12-01 09:02:52.968] [settingssync] [info] Snippets: No changes found during synchronizing snippets.
[2021-12-01 09:02:52.989] [settingssync] [info] GlobalState: No changes found during synchronizing ui state.
[2021-12-01 09:02:53.053] [settingssync] [info] Extensions: No changes found during synchronizing extensions.
[2021-12-01 09:02:53.054] [settingssync] [info] Sync done. Took 114ms
[2021-12-01 09:07:53.061] [settingssync] [info] Auto Sync: Triggered by Interval
[2021-12-01 09:07:54.194] [settingssync] [info] Settings: No changes found during synchronizing settings.
[2021-12-01 09:07:54.197] [settingssync] [info] Keybindings: No changes found during synchronizing keybindings.
[2021-12-01 09:07:54.201] [settingssync] [info] Snippets: No changes found during synchronizing snippets.
[2021-12-01 09:07:54.226] [settingssync] [info] GlobalState: No changes found during synchronizing ui state.
[2021-12-01 09:07:54.283] [settingssync] [info] Extensions: No changes found during synchronizing extensions.
[2021-12-01 09:07:54.289] [settingssync] [info] Sync done. Took 120ms
[2021-12-01 09:10:35.954] [settingssync] [info] Auto Sync: Triggered by Activity
[2021-12-01 09:10:36.432] [settingssync] [info] Settings: No changes found during synchronizing settings.
[2021-12-01 09:10:36.441] [settingssync] [info] Keybindings: No changes found during synchronizing keybindings.
[2021-12-01 09:10:36.448] [settingssync] [info] Snippets: No changes found during synchronizing snippets.
[2021-12-01 09:10:36.481] [settingssync] [info] GlobalState: No changes found during synchronizing ui state.
[2021-12-01 09:10:36.557] [settingssync] [info] Extensions: No changes found during synchronizing extensions.
[2021-12-01 09:10:36.560] [settingssync] [info] Sync done. Took 167ms
[2021-12-01 09:10:56.489] [settingssync] [info] Auto Sync: Triggered by Activity
[2021-12-01 09:10:56.777] [settingssync] [info] Settings: No changes found during synchronizing settings.
[2021-12-01 09:10:56.782] [settingssync] [info] Keybindings: No changes found during synchronizing keybindings.
[2021-12-01 09:10:56.787] [settingssync] [info] Snippets: No changes found during synchronizing snippets.
[2021-12-01 09:10:56.826] [settingssync] [info] GlobalState: No changes found during synchronizing ui state.
[2021-12-01 09:10:56.912] [settingssync] [info] Extensions: No changes found during synchronizing extensions.
[2021-12-01 09:10:56.915] [settingssync] [info] Sync done. Took 158ms
[2021-12-01 09:11:23.125] [settingssync] [info] Auto Sync: Triggered by Activity
[2021-12-01 09:11:23.398] [settingssync] [info] Settings: No changes found during synchronizing settings.
[2021-12-01 09:11:23.403] [settingssync] [info] Keybindings: No changes found during synchronizing keybindings.
[2021-12-01 09:11:23.417] [settingssync] [info] Snippets: No changes found during synchronizing snippets.
[2021-12-01 09:11:23.487] [settingssync] [info] GlobalState: No changes found during synchronizing ui state.
[2021-12-01 09:11:23.587] [settingssync] [info] Extensions: No changes found during synchronizing extensions.
[2021-12-01 09:11:23.594] [settingssync] [info] Sync done. Took 236ms
[2021-12-01 09:11:28.675] [settingssync] [info] Auto Sync: Triggered by Activity
[2021-12-01 09:11:28.843] [settingssync] [info] Settings: No changes found during synchronizing settings.
[2021-12-01 09:11:28.874] [settingssync] [info] Keybindings: No changes found during synchronizing keybindings.
[2021-12-01 09:11:28.893] [settingssync] [info] Snippets: No changes found during synchronizing snippets.
[2021-12-01 09:11:28.957] [settingssync] [info] GlobalState: No changes found during synchronizing ui state.
[2021-12-01 09:11:29.320] [settingssync] [info] Extensions: No changes found during synchronizing extensions.
[2021-12-01 09:11:29.343] [settingssync] [info] Sync done. Took 512ms
[2021-12-01 09:11:29.812] [settingssync] [info] Auto Sync: Triggered by Activity
[2021-12-01 09:11:30.020] [settingssync] [info] Settings: No changes found during synchronizing settings.
[2021-12-01 09:11:30.031] [settingssync] [info] Keybindings: No changes found during synchronizing keybindings.
[2021-12-01 09:11:30.057] [settingssync] [info] Snippets: No changes found during synchronizing snippets.
[2021-12-01 09:11:30.165] [settingssync] [info] GlobalState: No changes found during synchronizing ui state.
[2021-12-01 09:11:30.534] [settingssync] [info] Extensions: No changes found during synchronizing extensions.
[2021-12-01 09:11:30.536] [settingssync] [info] Sync done. Took 565ms
[2021-12-01 09:11:57.240] [settingssync] [info] Auto Sync: Triggered by Activity
[2021-12-01 09:11:57.452] [settingssync] [info] Settings: No changes found during synchronizing settings.
[2021-12-01 09:11:57.454] [settingssync] [info] Keybindings: No changes found during synchronizing keybindings.
[2021-12-01 09:11:57.458] [settingssync] [info] Snippets: No changes found during synchronizing snippets.
[2021-12-01 09:11:57.487] [settingssync] [info] GlobalState: No changes found during synchronizing ui state.
[2021-12-01 09:11:57.575] [settingssync] [info] Extensions: No changes found during synchronizing extensions.
[2021-12-01 09:11:57.576] [settingssync] [info] Sync done. Took 134ms
[2021-12-01 09:16:57.583] [settingssync] [info] Auto Sync: Triggered by Interval
[2021-12-01 09:16:58.014] [settingssync] [info] Settings: No changes found during synchronizing settings.
[2021-12-01 09:16:58.016] [settingssync] [info] Keybindings: No changes found during synchronizing keybindings.
[2021-12-01 09:16:58.019] [settingssync] [info] Snippets: No changes found during synchronizing snippets.
[2021-12-01 09:16:58.045] [settingssync] [info] GlobalState: No changes found during synchronizing ui state.
[2021-12-01 09:16:58.115] [settingssync] [info] Extensions: No changes found during synchronizing extensions.
[2021-12-01 09:16:58.116] [settingssync] [info] Sync done. Took 124ms
[2021-12-01 09:17:13.717] [settingssync] [info] Auto Sync: Triggered by Activity
[2021-12-01 09:17:14.034] [settingssync] [info] Settings: No changes found during synchronizing settings.
[2021-12-01 09:17:14.036] [settingssync] [info] Keybindings: No changes found during synchronizing keybindings.
[2021-12-01 09:17:14.041] [settingssync] [info] Snippets: No changes found during synchronizing snippets.
[2021-12-01 09:17:14.075] [settingssync] [info] GlobalState: No changes found during synchronizing ui state.
[2021-12-01 09:17:14.156] [settingssync] [info] Extensions: No changes found during synchronizing extensions.
[2021-12-01 09:17:14.156] [settingssync] [info] Sync done. Took 139ms
[2021-12-01 09:17:28.034] [settingssync] [info] Auto Sync: Triggered by Activity
[2021-12-01 09:17:28.239] [settingssync] [info] Settings: No changes found during synchronizing settings.
[2021-12-01 09:17:28.240] [settingssync] [info] Keybindings: No changes found during synchronizing keybindings.
[2021-12-01 09:17:28.243] [settingssync] [info] Snippets: No changes found during synchronizing snippets.
[2021-12-01 09:17:28.270] [settingssync] [info] GlobalState: No changes found during synchronizing ui state.
[2021-12-01 09:17:28.351] [settingssync] [info] Extensions: No changes found during synchronizing extensions.
[2021-12-01 09:17:28.353] [settingssync] [info] Sync done. Took 129ms
[2021-12-01 09:22:28.355] [settingssync] [info] Auto Sync: Triggered by Interval
[2021-12-01 09:22:28.716] [settingssync] [info] Settings: No changes found during synchronizing settings.
[2021-12-01 09:22:28.719] [settingssync] [info] Keybindings: No changes found during synchronizing keybindings.
[2021-12-01 09:22:28.728] [settingssync] [info] Snippets: No changes found during synchronizing snippets.
[2021-12-01 09:22:28.786] [settingssync] [info] GlobalState: No changes found during synchronizing ui state.
[2021-12-01 09:22:28.880] [settingssync] [info] Extensions: No changes found during synchronizing extensions.
[2021-12-01 09:22:28.880] [settingssync] [info] Sync done. Took 184ms
[2021-12-01 09:25:34.345] [settingssync] [info] Auto Sync: Triggered by Activity
[2021-12-01 09:25:34.707] [settingssync] [info] Settings: No changes found during synchronizing settings.
[2021-12-01 09:25:34.708] [settingssync] [info] Keybindings: No changes found during synchronizing keybindings.
[2021-12-01 09:25:34.711] [settingssync] [info] Snippets: No changes found during synchronizing snippets.
[2021-12-01 09:25:34.741] [settingssync] [info] GlobalState: No changes found during synchronizing ui state.
[2021-12-01 09:25:34.819] [settingssync] [info] Extensions: No changes found during synchronizing extensions.
[2021-12-01 09:25:34.820] [settingssync] [info] Sync done. Took 127ms
[2021-12-01 09:25:46.305] [settingssync] [info] Auto Sync: Triggered by Activity
[2021-12-01 09:25:46.457] [settingssync] [info] Settings: No changes found during synchronizing settings.
[2021-12-01 09:25:46.459] [settingssync] [info] Keybindings: No changes found during synchronizing keybindings.
[2021-12-01 09:25:46.463] [settingssync] [info] Snippets: No changes found during synchronizing snippets.
[2021-12-01 09:25:46.490] [settingssync] [info] GlobalState: No changes found during synchronizing ui state.
[2021-12-01 09:25:46.571] [settingssync] [info] Extensions: No changes found during synchronizing extensions.
[2021-12-01 09:25:46.573] [settingssync] [info] Sync done. Took 136ms
[2021-12-01 09:26:14.055] [settingssync] [info] Auto Sync: Triggered by Activity
[2021-12-01 09:26:14.210] [settingssync] [info] Settings: No changes found during synchronizing settings.
[2021-12-01 09:26:14.211] [settingssync] [info] Keybindings: No changes found during synchronizing keybindings.
[2021-12-01 09:26:14.216] [settingssync] [info] Snippets: No changes found during synchronizing snippets.
[2021-12-01 09:26:14.267] [settingssync] [info] GlobalState: No changes found during synchronizing ui state.
[2021-12-01 09:26:14.368] [settingssync] [info] Extensions: No changes found during synchronizing extensions.
[2021-12-01 09:26:14.369] [settingssync] [info] Sync done. Took 179ms
[2021-12-01 09:28:17.714] [settingssync] [info] Auto Sync: Triggered by Activity
[2021-12-01 09:28:17.864] [settingssync] [info] Settings: No changes found during synchronizing settings.
[2021-12-01 09:28:17.866] [settingssync] [info] Keybindings: No changes found during synchronizing keybindings.
[2021-12-01 09:28:17.869] [settingssync] [info] Snippets: No changes found during synchronizing snippets.
[2021-12-01 09:28:17.899] [settingssync] [info] GlobalState: No changes found during synchronizing ui state.
[2021-12-01 09:28:17.975] [settingssync] [info] Extensions: No changes found during synchronizing extensions.
[2021-12-01 09:28:17.976] [settingssync] [info] Sync done. Took 125ms
[2021-12-01 09:29:25.487] [settingssync] [info] Auto Sync: Triggered by Activity
[2021-12-01 09:29:25.640] [settingssync] [info] Settings: No changes found during synchronizing settings.
[2021-12-01 09:29:25.645] [settingssync] [info] Keybindings: No changes found during synchronizing keybindings.
[2021-12-01 09:29:25.652] [settingssync] [info] Snippets: No changes found during synchronizing snippets.
[2021-12-01 09:29:25.696] [settingssync] [info] GlobalState: No changes found during synchronizing ui state.
[2021-12-01 09:29:25.806] [settingssync] [info] Extensions: No changes found during synchronizing extensions.
[2021-12-01 09:29:25.808] [settingssync] [info] Sync done. Took 186ms
[2021-12-01 09:30:23.831] [settingssync] [info] Auto Sync: Triggered by Activity
[2021-12-01 09:30:23.990] [settingssync] [info] Settings: No changes found during synchronizing settings.
[2021-12-01 09:30:23.995] [settingssync] [info] Keybindings: No changes found during synchronizing keybindings.
[2021-12-01 09:30:23.998] [settingssync] [info] Snippets: No changes found during synchronizing snippets.
[2021-12-01 09:30:24.025] [settingssync] [info] GlobalState: No changes found during synchronizing ui state.
[2021-12-01 09:30:24.106] [settingssync] [info] Extensions: No changes found during synchronizing extensions.
[2021-12-01 09:30:24.107] [settingssync] [info] Sync done. Took 135ms
[2021-12-01 09:35:24.113] [settingssync] [info] Auto Sync: Triggered by Interval
[2021-12-01 09:35:24.548] [settingssync] [info] Settings: No changes found during synchronizing settings.
[2021-12-01 09:35:24.550] [settingssync] [info] Keybindings: No changes found during synchronizing keybindings.
[2021-12-01 09:35:24.553] [settingssync] [info] Snippets: No changes found during synchronizing snippets.
[2021-12-01 09:35:24.581] [settingssync] [info] GlobalState: No changes found during synchronizing ui state.
[2021-12-01 09:35:24.651] [settingssync] [info] Extensions: No changes found during synchronizing extensions.
[2021-12-01 09:35:24.652] [settingssync] [info] Sync done. Took 125ms
[2021-12-01 09:36:08.769] [settingssync] [info] Auto Sync: Triggered by Activity
[2021-12-01 09:36:08.951] [settingssync] [info] Settings: No changes found during synchronizing settings.
[2021-12-01 09:36:08.953] [settingssync] [info] Keybindings: No changes found during synchronizing keybindings.
[2021-12-01 09:36:08.956] [settingssync] [info] Snippets: No changes found during synchronizing snippets.
[2021-12-01 09:36:08.988] [settingssync] [info] GlobalState: No changes found during synchronizing ui state.
[2021-12-01 09:36:09.068] [settingssync] [info] Extensions: No changes found during synchronizing extensions.
[2021-12-01 09:36:09.069] [settingssync] [info] Sync done. Took 141ms
[2021-12-01 09:36:30.718] [settingssync] [info] Auto Sync: Triggered by Activity
[2021-12-01 09:36:30.873] [settingssync] [info] Settings: No changes found during synchronizing settings.
[2021-12-01 09:36:30.875] [settingssync] [info] Keybindings: No changes found during synchronizing keybindings.
[2021-12-01 09:36:30.878] [settingssync] [info] Snippets: No changes found during synchronizing snippets.
[2021-12-01 09:36:30.907] [settingssync] [info] GlobalState: No changes found during synchronizing ui state.
[2021-12-01 09:36:30.978] [settingssync] [info] Extensions: No changes found during synchronizing extensions.
[2021-12-01 09:36:30.979] [settingssync] [info] Sync done. Took 126ms
[2021-12-01 09:36:54.337] [settingssync] [info] Auto Sync: Triggered by Activity
[2021-12-01 09:36:54.524] [settingssync] [info] Settings: No changes found during synchronizing settings.
[2021-12-01 09:36:54.541] [settingssync] [info] Keybindings: No changes found during synchronizing keybindings.
[2021-12-01 09:36:54.549] [settingssync] [info] Snippets: No changes found during synchronizing snippets.
[2021-12-01 09:36:54.949] [settingssync] [info] GlobalState: Updated remote ui state
[2021-12-01 09:36:54.984] [settingssync] [info] GlobalState: Updated last synchronized ui state
[2021-12-01 09:36:55.174] [settingssync] [info] Extensions: No changes found during synchronizing extensions.
[2021-12-01 09:36:55.177] [settingssync] [info] Sync done. Took 699ms
[2021-12-01 09:36:56.659] [settingssync] [info] Auto Sync: Triggered by Activity
[2021-12-01 09:36:56.853] [settingssync] [info] Settings: No changes found during synchronizing settings.
[2021-12-01 09:36:56.857] [settingssync] [info] Keybindings: No changes found during synchronizing keybindings.
[2021-12-01 09:36:56.863] [settingssync] [info] Snippets: No changes found during synchronizing snippets.
[2021-12-01 09:36:58.239] [settingssync] [info] GlobalState: Updated remote ui state
[2021-12-01 09:36:58.254] [settingssync] [info] GlobalState: Updated last synchronized ui state
[2021-12-01 09:36:58.316] [settingssync] [info] Extensions: No changes found during synchronizing extensions.
[2021-12-01 09:36:58.317] [settingssync] [info] Sync done. Took 1488ms
[2021-12-01 09:37:16.390] [settingssync] [info] Auto Sync: Triggered by Activity
[2021-12-01 09:37:16.559] [settingssync] [info] Settings: No changes found during synchronizing settings.
[2021-12-01 09:37:16.562] [settingssync] [info] Keybindings: No changes found during synchronizing keybindings.
[2021-12-01 09:37:16.572] [settingssync] [info] Snippets: No changes found during synchronizing snippets.
[2021-12-01 09:37:16.610] [settingssync] [info] GlobalState: No changes found during synchronizing ui state.
[2021-12-01 09:37:16.694] [settingssync] [info] Extensions: No changes found during synchronizing extensions.
[2021-12-01 09:37:16.698] [settingssync] [info] Sync done. Took 154ms
[2021-12-01 09:37:55.342] [settingssync] [info] Auto Sync: Triggered by Activity
[2021-12-01 09:37:55.504] [settingssync] [info] Settings: No changes found during synchronizing settings.
[2021-12-01 09:37:55.505] [settingssync] [info] Keybindings: No changes found during synchronizing keybindings.
[2021-12-01 09:37:55.508] [settingssync] [info] Snippets: No changes found during synchronizing snippets.
[2021-12-01 09:37:58.552] [settingssync] [info] GlobalState: Updated remote ui state
[2021-12-01 09:37:58.581] [settingssync] [info] GlobalState: Updated last synchronized ui state
[2021-12-01 09:37:58.655] [settingssync] [info] Extensions: No changes found during synchronizing extensions.
[2021-12-01 09:37:58.656] [settingssync] [info] Sync done. Took 3169ms
[2021-12-01 09:38:14.497] [settingssync] [info] Auto Sync: Triggered by Activity
[2021-12-01 09:38:14.668] [settingssync] [info] Settings: No changes found during synchronizing settings.
[2021-12-01 09:38:14.893] [settingssync] [info] Keybindings: Updated remote keybindings
[2021-12-01 09:38:14.907] [settingssync] [info] Keybindings: Updated last synchronized keybindings
[2021-12-01 09:38:14.910] [settingssync] [info] Snippets: No changes found during synchronizing snippets.
[2021-12-01 09:38:14.939] [settingssync] [info] GlobalState: No changes found during synchronizing ui state.
[2021-12-01 09:38:15.017] [settingssync] [info] Extensions: No changes found during synchronizing extensions.
[2021-12-01 09:38:15.018] [settingssync] [info] Sync done. Took 370ms
[2021-12-01 09:38:28.956] [settingssync] [info] Auto Sync: Triggered by Activity
[2021-12-01 09:38:29.160] [settingssync] [info] Settings: No changes found during synchronizing settings.
[2021-12-01 09:38:29.162] [settingssync] [info] Keybindings: No changes found during synchronizing keybindings.
[2021-12-01 09:38:29.165] [settingssync] [info] Snippets: No changes found during synchronizing snippets.
[2021-12-01 09:38:29.183] [settingssync] [info] GlobalState: No changes found during synchronizing ui state.
[2021-12-01 09:38:29.253] [settingssync] [info] Extensions: No changes found during synchronizing extensions.
[2021-12-01 09:38:29.253] [settingssync] [info] Sync done. Took 123ms
[2021-12-01 09:43:29.259] [settingssync] [info] Auto Sync: Triggered by Interval
[2021-12-01 09:43:29.648] [settingssync] [info] Settings: No changes found during synchronizing settings.
[2021-12-01 09:43:29.651] [settingssync] [info] Keybindings: No changes found during synchronizing keybindings.
[2021-12-01 09:43:29.654] [settingssync] [info] Snippets: No changes found during synchronizing snippets.
[2021-12-01 09:43:29.680] [settingssync] [info] GlobalState: No changes found during synchronizing ui state.
[2021-12-01 09:43:29.756] [settingssync] [info] Extensions: No changes found during synchronizing extensions.
[2021-12-01 09:43:29.757] [settingssync] [info] Sync done. Took 122ms
[2021-12-01 09:48:29.759] [settingssync] [info] Auto Sync: Triggered by Interval
[2021-12-01 09:48:30.151] [settingssync] [info] Settings: No changes found during synchronizing settings.
[2021-12-01 09:48:30.153] [settingssync] [info] Keybindings: No changes found during synchronizing keybindings.
[2021-12-01 09:48:30.157] [settingssync] [info] Snippets: No changes found during synchronizing snippets.
[2021-12-01 09:48:30.203] [settingssync] [info] GlobalState: No changes found during synchronizing ui state.
[2021-12-01 09:48:30.330] [settingssync] [info] Extensions: No changes found during synchronizing extensions.
[2021-12-01 09:48:30.331] [settingssync] [info] Sync done. Took 197ms
[2021-12-01 09:50:20.108] [settingssync] [info] Auto Sync: Triggered by Activity
[2021-12-01 09:50:20.273] [settingssync] [info] Settings: No changes found during synchronizing settings.
[2021-12-01 09:50:20.275] [settingssync] [info] Keybindings: No changes found during synchronizing keybindings.
[2021-12-01 09:50:20.280] [settingssync] [info] Snippets: No changes found during synchronizing snippets.
[2021-12-01 09:50:20.308] [settingssync] [info] GlobalState: No changes found during synchronizing ui state.
[2021-12-01 09:50:20.396] [settingssync] [info] Extensions: No changes found during synchronizing extensions.
[2021-12-01 09:50:20.396] [settingssync] [info] Sync done. Took 147ms
[2021-12-01 09:55:20.398] [settingssync] [info] Auto Sync: Triggered by Interval
[2021-12-01 09:55:20.803] [settingssync] [info] Settings: No changes found during synchronizing settings.
[2021-12-01 09:55:20.804] [settingssync] [info] Keybindings: No changes found during synchronizing keybindings.
[2021-12-01 09:55:20.808] [settingssync] [info] Snippets: No changes found during synchronizing snippets.
[2021-12-01 09:55:20.835] [settingssync] [info] GlobalState: No changes found during synchronizing ui state.
[2021-12-01 09:55:20.913] [settingssync] [info] Extensions: No changes found during synchronizing extensions.
[2021-12-01 09:55:20.914] [settingssync] [info] Sync done. Took 125ms
[2021-12-01 10:00:20.916] [settingssync] [info] Auto Sync: Triggered by Interval
[2021-12-01 10:00:21.261] [settingssync] [info] Settings: No changes found during synchronizing settings.
[2021-12-01 10:00:21.264] [settingssync] [info] Keybindings: No changes found during synchronizing keybindings.
[2021-12-01 10:00:21.267] [settingssync] [info] Snippets: No changes found during synchronizing snippets.
[2021-12-01 10:00:21.295] [settingssync] [info] GlobalState: No changes found during synchronizing ui state.
[2021-12-01 10:00:21.369] [settingssync] [info] Extensions: No changes found during synchronizing extensions.
[2021-12-01 10:00:21.370] [settingssync] [info] Sync done. Took 126ms
[2021-12-01 10:02:32.166] [settingssync] [info] Auto Sync: Triggered by Activity
[2021-12-01 10:02:32.544] [settingssync] [info] Settings: No changes found during synchronizing settings.
[2021-12-01 10:02:32.545] [settingssync] [info] Keybindings: No changes found during synchronizing keybindings.
[2021-12-01 10:02:32.549] [settingssync] [info] Snippets: No changes found during synchronizing snippets.
[2021-12-01 10:02:32.575] [settingssync] [info] GlobalState: No changes found during synchronizing ui state.
[2021-12-01 10:02:32.648] [settingssync] [info] Extensions: No changes found during synchronizing extensions.
[2021-12-01 10:02:32.649] [settingssync] [info] Sync done. Took 121ms
[2021-12-01 10:02:57.646] [settingssync] [info] Auto Sync: Triggered by Activity
[2021-12-01 10:02:57.897] [settingssync] [info] Settings: No changes found during synchronizing settings.
[2021-12-01 10:02:57.899] [settingssync] [info] Keybindings: No changes found during synchronizing keybindings.
[2021-12-01 10:02:57.902] [settingssync] [info] Snippets: No changes found during synchronizing snippets.
[2021-12-01 10:02:57.928] [settingssync] [info] GlobalState: No changes found during synchronizing ui state.
[2021-12-01 10:02:57.997] [settingssync] [info] Extensions: No changes found during synchronizing extensions.
[2021-12-01 10:02:57.997] [settingssync] [info] Sync done. Took 114ms
[2021-12-01 10:03:55.033] [settingssync] [info] Auto Sync: Triggered by Activity
[2021-12-01 10:03:55.229] [settingssync] [info] Settings: No changes found during synchronizing settings.
[2021-12-01 10:03:55.231] [settingssync] [info] Keybindings: No changes found during synchronizing keybindings.
[2021-12-01 10:03:55.235] [settingssync] [info] Snippets: No changes found during synchronizing snippets.
[2021-12-01 10:03:56.567] [settingssync] [info] GlobalState: Updated remote ui state
[2021-12-01 10:03:56.573] [settingssync] [info] GlobalState: Updated last synchronized ui state
[2021-12-01 10:03:56.647] [settingssync] [info] Extensions: No changes found during synchronizing extensions.
[2021-12-01 10:03:56.648] [settingssync] [info] Sync done. Took 1447ms
[2021-12-01 10:03:57.235] [settingssync] [info] Auto Sync: Triggered by Activity
[2021-12-01 10:03:57.404] [settingssync] [info] Settings: No changes found during synchronizing settings.
[2021-12-01 10:03:57.410] [settingssync] [info] Keybindings: No changes found during synchronizing keybindings.
[2021-12-01 10:03:57.418] [settingssync] [info] Snippets: No changes found during synchronizing snippets.
[2021-12-01 10:03:57.450] [settingssync] [info] GlobalState: No changes found during synchronizing ui state.
[2021-12-01 10:03:57.517] [settingssync] [info] Extensions: No changes found during synchronizing extensions.
[2021-12-01 10:03:57.518] [settingssync] [info] Sync done. Took 133ms
[2021-12-01 10:04:11.719] [settingssync] [info] Auto Sync: Triggered by Activity
[2021-12-01 10:04:11.874] [settingssync] [info] Settings: No changes found during synchronizing settings.
[2021-12-01 10:04:11.877] [settingssync] [info] Keybindings: No changes found during synchronizing keybindings.
[2021-12-01 10:04:11.881] [settingssync] [info] Snippets: No changes found during synchronizing snippets.
[2021-12-01 10:04:12.844] [settingssync] [info] GlobalState: Updated remote ui state
[2021-12-01 10:04:12.859] [settingssync] [info] GlobalState: Updated last synchronized ui state
[2021-12-01 10:04:12.930] [settingssync] [info] Extensions: No changes found during synchronizing extensions.
[2021-12-01 10:04:12.930] [settingssync] [info] Sync done. Took 1068ms
[2021-12-01 10:04:12.931] [settingssync] [info] Auto Sync: Triggered by Activity
[2021-12-01 10:04:13.093] [settingssync] [info] Settings: No changes found during synchronizing settings.
[2021-12-01 10:04:13.096] [settingssync] [info] Keybindings: No changes found during synchronizing keybindings.
[2021-12-01 10:04:13.100] [settingssync] [info] Snippets: No changes found during synchronizing snippets.
[2021-12-01 10:04:13.116] [settingssync] [info] GlobalState: No changes found during synchronizing ui state.
[2021-12-01 10:04:13.175] [settingssync] [info] Extensions: No changes found during synchronizing extensions.
[2021-12-01 10:04:13.175] [settingssync] [info] Sync done. Took 94ms
[2021-12-01 10:05:25.540] [settingssync] [info] Auto Sync: Triggered by Activity
[2021-12-01 10:05:25.707] [settingssync] [info] Settings: No changes found during synchronizing settings.
[2021-12-01 10:05:25.711] [settingssync] [info] Keybindings: No changes found during synchronizing keybindings.
[2021-12-01 10:05:25.714] [settingssync] [info] Snippets: No changes found during synchronizing snippets.
[2021-12-01 10:05:25.741] [settingssync] [info] GlobalState: No changes found during synchronizing ui state.
[2021-12-01 10:05:25.828] [settingssync] [info] Extensions: No changes found during synchronizing extensions.
[2021-12-01 10:05:25.829] [settingssync] [info] Sync done. Took 137ms
[2021-12-01 10:07:25.982] [settingssync] [info] Auto Sync: Triggered by Activity
[2021-12-01 10:07:26.138] [settingssync] [info] Settings: No changes found during synchronizing settings.
[2021-12-01 10:07:26.140] [settingssync] [info] Keybindings: No changes found during synchronizing keybindings.
[2021-12-01 10:07:26.144] [settingssync] [info] Snippets: No changes found during synchronizing snippets.
[2021-12-01 10:07:26.171] [settingssync] [info] GlobalState: No changes found during synchronizing ui state.
[2021-12-01 10:07:26.243] [settingssync] [info] Extensions: No changes found during synchronizing extensions.
[2021-12-01 10:07:26.244] [settingssync] [info] Sync done. Took 121ms
[2021-12-01 10:08:37.107] [settingssync] [info] Auto Sync: Triggered by Activity
[2021-12-01 10:08:37.283] [settingssync] [info] Settings: No changes found during synchronizing settings.
[2021-12-01 10:08:37.285] [settingssync] [info] Keybindings: No changes found during synchronizing keybindings.
[2021-12-01 10:08:37.288] [settingssync] [info] Snippets: No changes found during synchronizing snippets.
[2021-12-01 10:08:37.654] [settingssync] [info] GlobalState: Updated remote ui state
[2021-12-01 10:08:37.662] [settingssync] [info] GlobalState: Updated last synchronized ui state
[2021-12-01 10:08:37.731] [settingssync] [info] Extensions: No changes found during synchronizing extensions.
[2021-12-01 10:08:37.732] [settingssync] [info] Sync done. Took 465ms
[2021-12-01 10:08:38.482] [settingssync] [info] Auto Sync: Triggered by Activity
[2021-12-01 10:08:38.734] [settingssync] [info] Settings: No changes found during synchronizing settings.
[2021-12-01 10:08:38.737] [settingssync] [info] Keybindings: No changes found during synchronizing keybindings.
[2021-12-01 10:08:38.740] [settingssync] [info] Snippets: No changes found during synchronizing snippets.
[2021-12-01 10:08:40.052] [settingssync] [info] GlobalState: Updated remote ui state
[2021-12-01 10:08:40.066] [settingssync] [info] GlobalState: Updated last synchronized ui state
[2021-12-01 10:08:40.128] [settingssync] [info] Extensions: No changes found during synchronizing extensions.
[2021-12-01 10:08:40.129] [settingssync] [info] Sync done. Took 1409ms
[2021-12-01 10:08:40.369] [settingssync] [info] Auto Sync: Triggered by Activity
[2021-12-01 10:08:40.620] [settingssync] [info] Settings: No changes found during synchronizing settings.
[2021-12-01 10:08:40.622] [settingssync] [info] Keybindings: No changes found during synchronizing keybindings.
[2021-12-01 10:08:40.625] [settingssync] [info] Snippets: No changes found during synchronizing snippets.
[2021-12-01 10:08:40.644] [settingssync] [info] GlobalState: No changes found during synchronizing ui state.
[2021-12-01 10:08:40.709] [settingssync] [info] Extensions: No changes found during synchronizing extensions.
[2021-12-01 10:08:40.709] [settingssync] [info] Sync done. Took 106ms
[2021-12-01 10:08:54.403] [settingssync] [info] Auto Sync: Triggered by Activity
[2021-12-01 10:08:54.580] [settingssync] [info] Settings: No changes found during synchronizing settings.
[2021-12-01 10:08:54.581] [settingssync] [info] Keybindings: No changes found during synchronizing keybindings.
[2021-12-01 10:08:54.584] [settingssync] [info] Snippets: No changes found during synchronizing snippets.
[2021-12-01 10:08:54.610] [settingssync] [info] GlobalState: No changes found during synchronizing ui state.
[2021-12-01 10:08:54.691] [settingssync] [info] Extensions: No changes found during synchronizing extensions.
[2021-12-01 10:08:54.691] [settingssync] [info] Sync done. Took 130ms
[2021-12-01 10:09:42.225] [settingssync] [info] Auto Sync: Triggered by Activity
[2021-12-01 10:09:42.475] [settingssync] [info] Settings: No changes found during synchronizing settings.
[2021-12-01 10:09:42.477] [settingssync] [info] Keybindings: No changes found during synchronizing keybindings.
[2021-12-01 10:09:42.480] [settingssync] [info] Snippets: No changes found during synchronizing snippets.
[2021-12-01 10:09:42.506] [settingssync] [info] GlobalState: No changes found during synchronizing ui state.
[2021-12-01 10:09:42.597] [settingssync] [info] Extensions: No changes found during synchronizing extensions.
[2021-12-01 10:09:42.598] [settingssync] [info] Sync done. Took 141ms
[2021-12-01 10:10:09.838] [settingssync] [info] Auto Sync: Triggered by Activity
[2021-12-01 10:10:10.052] [settingssync] [info] Settings: No changes found during synchronizing settings.
[2021-12-01 10:10:10.054] [settingssync] [info] Keybindings: No changes found during synchronizing keybindings.
[2021-12-01 10:10:10.056] [settingssync] [info] Snippets: No changes found during synchronizing snippets.
[2021-12-01 10:10:10.086] [settingssync] [info] GlobalState: No changes found during synchronizing ui state.
[2021-12-01 10:10:10.154] [settingssync] [info] Extensions: No changes found during synchronizing extensions.
[2021-12-01 10:10:10.157] [settingssync] [info] Sync done. Took 121ms
[2021-12-01 10:11:39.451] [settingssync] [info] Auto Sync: Triggered by Activity
[2021-12-01 10:11:39.626] [settingssync] [info] Settings: No changes found during synchronizing settings.
[2021-12-01 10:11:39.627] [settingssync] [info] Keybindings: No changes found during synchronizing keybindings.
[2021-12-01 10:11:39.630] [settingssync] [info] Snippets: No changes found during synchronizing snippets.
[2021-12-01 10:11:39.658] [settingssync] [info] GlobalState: No changes found during synchronizing ui state.
[2021-12-01 10:11:39.734] [settingssync] [info] Extensions: No changes found during synchronizing extensions.
[2021-12-01 10:11:39.735] [settingssync] [info] Sync done. Took 131ms
[2021-12-01 10:12:09.460] [settingssync] [info] Auto Sync: Triggered by Activity
[2021-12-01 10:12:09.631] [settingssync] [info] Settings: No changes found during synchronizing settings.
[2021-12-01 10:12:09.632] [settingssync] [info] Keybindings: No changes found during synchronizing keybindings.
[2021-12-01 10:12:09.634] [settingssync] [info] Snippets: No changes found during synchronizing snippets.
[2021-12-01 10:12:09.661] [settingssync] [info] GlobalState: No changes found during synchronizing ui state.
[2021-12-01 10:12:09.727] [settingssync] [info] Extensions: No changes found during synchronizing extensions.
[2021-12-01 10:12:09.732] [settingssync] [info] Sync done. Took 116ms
[2021-12-01 10:12:25.943] [settingssync] [info] Auto Sync: Triggered by Activity
[2021-12-01 10:12:26.117] [settingssync] [info] Settings: No changes found during synchronizing settings.
[2021-12-01 10:12:26.119] [settingssync] [info] Keybindings: No changes found during synchronizing keybindings.
[2021-12-01 10:12:26.123] [settingssync] [info] Snippets: No changes found during synchronizing snippets.
[2021-12-01 10:12:26.153] [settingssync] [info] GlobalState: No changes found during synchronizing ui state.
[2021-12-01 10:12:26.231] [settingssync] [info] Extensions: No changes found during synchronizing extensions.
[2021-12-01 10:12:26.232] [settingssync] [info] Sync done. Took 140ms
[2021-12-01 10:14:15.819] [settingssync] [info] Auto Sync: Triggered by Activity
[2021-12-01 10:14:15.996] [settingssync] [info] Settings: No changes found during synchronizing settings.
[2021-12-01 10:14:15.998] [settingssync] [info] Keybindings: No changes found during synchronizing keybindings.
[2021-12-01 10:14:16.001] [settingssync] [info] Snippets: No changes found during synchronizing snippets.
[2021-12-01 10:14:16.027] [settingssync] [info] GlobalState: No changes found during synchronizing ui state.
[2021-12-01 10:14:16.101] [settingssync] [info] Extensions: No changes found during synchronizing extensions.
[2021-12-01 10:14:16.101] [settingssync] [info] Sync done. Took 118ms
[2021-12-01 10:14:30.147] [settingssync] [info] Auto Sync: Triggered by Activity
[2021-12-01 10:14:30.409] [settingssync] [info] Settings: No changes found during synchronizing settings.
[2021-12-01 10:14:30.411] [settingssync] [info] Keybindings: No changes found during synchronizing keybindings.
[2021-12-01 10:14:30.414] [settingssync] [info] Snippets: No changes found during synchronizing snippets.
[2021-12-01 10:14:30.447] [settingssync] [info] GlobalState: No changes found during synchronizing ui state.
[2021-12-01 10:14:30.588] [settingssync] [info] Extensions: No changes found during synchronizing extensions.
[2021-12-01 10:14:30.589] [settingssync] [info] Sync done. Took 217ms
[2021-12-01 10:19:10.524] [settingssync] [info] Auto Sync: Triggered by Activity
[2021-12-01 10:19:11.045] [settingssync] [info] Settings: No changes found during synchronizing settings.
[2021-12-01 10:19:11.051] [settingssync] [info] Keybindings: No changes found during synchronizing keybindings.
[2021-12-01 10:19:11.055] [settingssync] [info] Snippets: No changes found during synchronizing snippets.
[2021-12-01 10:19:11.541] [settingssync] [info] GlobalState: Updated remote ui state
[2021-12-01 10:19:11.542] [settingssync] [info] GlobalState: Updated last synchronized ui state
[2021-12-01 10:19:11.693] [settingssync] [info] Extensions: No changes found during synchronizing extensions.
[2021-12-01 10:19:11.699] [settingssync] [info] Sync done. Took 691ms
[2021-12-01 10:19:13.160] [settingssync] [info] Auto Sync: Triggered by Activity
[2021-12-01 10:19:13.327] [settingssync] [info] Settings: No changes found during synchronizing settings.
[2021-12-01 10:19:13.332] [settingssync] [info] Keybindings: No changes found during synchronizing keybindings.
[2021-12-01 10:19:13.335] [settingssync] [info] Snippets: No changes found during synchronizing snippets.
[2021-12-01 10:19:13.359] [settingssync] [info] GlobalState: No changes found during synchronizing ui state.
[2021-12-01 10:19:13.420] [settingssync] [info] Extensions: No changes found during synchronizing extensions.
[2021-12-01 10:19:13.421] [settingssync] [info] Sync done. Took 122ms
[2021-12-01 10:19:15.527] [settingssync] [info] Auto Sync: Triggered by Activity
[2021-12-01 10:19:15.685] [settingssync] [info] Settings: No changes found during synchronizing settings.
[2021-12-01 10:19:15.687] [settingssync] [info] Keybindings: No changes found during synchronizing keybindings.
[2021-12-01 10:19:15.690] [settingssync] [info] Snippets: No changes found during synchronizing snippets.
[2021-12-01 10:19:16.725] [settingssync] [info] GlobalState: Updated remote ui state
[2021-12-01 10:19:16.762] [settingssync] [info] GlobalState: Updated last synchronized ui state
[2021-12-01 10:19:16.842] [settingssync] [info] Extensions: No changes found during synchronizing extensions.
[2021-12-01 10:19:16.842] [settingssync] [info] Sync done. Took 1164ms
[2021-12-01 10:19:27.234] [settingssync] [info] Auto Sync: Triggered by Activity
[2021-12-01 10:19:27.547] [settingssync] [info] Settings: No changes found during synchronizing settings.
[2021-12-01 10:19:27.547] [settingssync] [info] Keybindings: No changes found during synchronizing keybindings.
[2021-12-01 10:19:27.549] [settingssync] [info] Snippets: No changes found during synchronizing snippets.
[2021-12-01 10:19:27.573] [settingssync] [info] GlobalState: No changes found during synchronizing ui state.
[2021-12-01 10:19:27.626] [settingssync] [info] Extensions: No changes found during synchronizing extensions.
[2021-12-01 10:19:27.628] [settingssync] [info] Sync done. Took 101ms
[2021-12-01 10:20:00.623] [settingssync] [info] Auto Sync: Triggered by Activity
[2021-12-01 10:20:00.893] [settingssync] [info] Settings: No changes found during synchronizing settings.
[2021-12-01 10:20:00.895] [settingssync] [info] Keybindings: No changes found during synchronizing keybindings.
[2021-12-01 10:20:00.899] [settingssync] [info] Snippets: No changes found during synchronizing snippets.
[2021-12-01 10:20:00.925] [settingssync] [info] GlobalState: No changes found during synchronizing ui state.
[2021-12-01 10:20:00.999] [settingssync] [info] Extensions: No changes found during synchronizing extensions.
[2021-12-01 10:20:01.001] [settingssync] [info] Sync done. Took 142ms
[2021-12-01 10:20:38.982] [settingssync] [info] Auto Sync: Triggered by Activity
[2021-12-01 10:20:39.447] [settingssync] [info] Settings: No changes found during synchronizing settings.
[2021-12-01 10:20:39.452] [settingssync] [info] Keybindings: No changes found during synchronizing keybindings.
[2021-12-01 10:20:39.463] [settingssync] [info] Snippets: No changes found during synchronizing snippets.
[2021-12-01 10:20:39.497] [settingssync] [info] GlobalState: No changes found during synchronizing ui state.
[2021-12-01 10:20:39.628] [settingssync] [info] Extensions: No changes found during synchronizing extensions.
[2021-12-01 10:20:39.632] [settingssync] [info] Sync done. Took 219ms
[2021-12-01 10:20:55.823] [settingssync] [info] Auto Sync: Triggered by Activity
[2021-12-01 10:20:56.038] [settingssync] [info] Settings: No changes found during synchronizing settings.
[2021-12-01 10:20:56.050] [settingssync] [info] Keybindings: No changes found during synchronizing keybindings.
[2021-12-01 10:20:56.074] [settingssync] [info] Snippets: No changes found during synchronizing snippets.
[2021-12-01 10:20:56.149] [settingssync] [info] GlobalState: No changes found during synchronizing ui state.
[2021-12-01 10:20:56.446] [settingssync] [info] Extensions: No changes found during synchronizing extensions.
[2021-12-01 10:20:56.476] [settingssync] [info] Sync done. Took 501ms
[2021-12-01 10:21:26.095] [settingssync] [info] Auto Sync: Triggered by Activity
[2021-12-01 10:21:26.279] [settingssync] [info] Settings: No changes found during synchronizing settings.
[2021-12-01 10:21:26.284] [settingssync] [info] Keybindings: No changes found during synchronizing keybindings.
[2021-12-01 10:21:26.288] [settingssync] [info] Snippets: No changes found during synchronizing snippets.
[2021-12-01 10:21:26.336] [settingssync] [info] GlobalState: No changes found during synchronizing ui state.
[2021-12-01 10:21:26.444] [settingssync] [info] Extensions: No changes found during synchronizing extensions.
[2021-12-01 10:21:26.447] [settingssync] [info] Sync done. Took 206ms
[2021-12-01 10:22:07.563] [settingssync] [info] Auto Sync: Triggered by Activity
[2021-12-01 10:22:07.729] [settingssync] [info] Settings: No changes found during synchronizing settings.
[2021-12-01 10:22:07.731] [settingssync] [info] Keybindings: No changes found during synchronizing keybindings.
[2021-12-01 10:22:07.735] [settingssync] [info] Snippets: No changes found during synchronizing snippets.
[2021-12-01 10:22:07.767] [settingssync] [info] GlobalState: No changes found during synchronizing ui state.
[2021-12-01 10:22:07.864] [settingssync] [info] Extensions: No changes found during synchronizing extensions.
[2021-12-01 10:22:07.864] [settingssync] [info] Sync done. Took 163ms
[2021-12-01 10:22:38.105] [settingssync] [info] Auto Sync: Triggered by Activity
[2021-12-01 10:22:38.265] [settingssync] [info] Settings: No changes found during synchronizing settings.
[2021-12-01 10:22:38.266] [settingssync] [info] Keybindings: No changes found during synchronizing keybindings.
[2021-12-01 10:22:38.268] [settingssync] [info] Snippets: No changes found during synchronizing snippets.
[2021-12-01 10:22:38.295] [settingssync] [info] GlobalState: No changes found during synchronizing ui state.
[2021-12-01 10:22:38.391] [settingssync] [info] Extensions: No changes found during synchronizing extensions.
[2021-12-01 10:22:38.392] [settingssync] [info] Sync done. Took 145ms
[2021-12-01 10:23:02.988] [settingssync] [info] Auto Sync: Triggered by Activity
[2021-12-01 10:23:03.155] [settingssync] [info] Settings: No changes found during synchronizing settings.
[2021-12-01 10:23:03.157] [settingssync] [info] Keybindings: No changes found during synchronizing keybindings.
[2021-12-01 10:23:03.172] [settingssync] [info] Snippets: No changes found during synchronizing snippets.
[2021-12-01 10:23:03.198] [settingssync] [info] GlobalState: No changes found during synchronizing ui state.
[2021-12-01 10:23:03.269] [settingssync] [info] Extensions: No changes found during synchronizing extensions.
[2021-12-01 10:23:03.271] [settingssync] [info] Sync done. Took 138ms
[2021-12-01 10:23:51.047] [settingssync] [info] Auto Sync: Triggered by Activity
[2021-12-01 10:23:51.209] [settingssync] [info] Settings: No changes found during synchronizing settings.
[2021-12-01 10:23:51.211] [settingssync] [info] Keybindings: No changes found during synchronizing keybindings.
[2021-12-01 10:23:51.215] [settingssync] [info] Snippets: No changes found during synchronizing snippets.
[2021-12-01 10:23:51.241] [settingssync] [info] GlobalState: No changes found during synchronizing ui state.
[2021-12-01 10:23:51.332] [settingssync] [info] Extensions: No changes found during synchronizing extensions.
[2021-12-01 10:23:51.333] [settingssync] [info] Sync done. Took 144ms
[2021-12-01 10:24:51.854] [settingssync] [info] Auto Sync: Triggered by Activity
[2021-12-01 10:24:52.036] [settingssync] [info] Settings: No changes found during synchronizing settings.
[2021-12-01 10:24:52.038] [settingssync] [info] Keybindings: No changes found during synchronizing keybindings.
[2021-12-01 10:24:52.045] [settingssync] [info] Snippets: No changes found during synchronizing snippets.
[2021-12-01 10:24:52.077] [settingssync] [info] GlobalState: No changes found during synchronizing ui state.
[2021-12-01 10:24:52.167] [settingssync] [info] Extensions: No changes found during synchronizing extensions.
[2021-12-01 10:24:52.168] [settingssync] [info] Sync done. Took 150ms
[2021-12-01 10:25:22.893] [settingssync] [info] Auto Sync: Triggered by Activity
[2021-12-01 10:25:23.046] [settingssync] [info] Settings: No changes found during synchronizing settings.
[2021-12-01 10:25:23.047] [settingssync] [info] Keybindings: No changes found during synchronizing keybindings.
[2021-12-01 10:25:23.051] [settingssync] [info] Snippets: No changes found during synchronizing snippets.
[2021-12-01 10:25:23.079] [settingssync] [info] GlobalState: No changes found during synchronizing ui state.
[2021-12-01 10:25:23.152] [settingssync] [info] Extensions: No changes found during synchronizing extensions.
[2021-12-01 10:25:23.153] [settingssync] [info] Sync done. Took 119ms
[2021-12-01 10:26:06.637] [settingssync] [info] Auto Sync: Triggered by Activity
[2021-12-01 10:26:06.791] [settingssync] [info] Settings: No changes found during synchronizing settings.
[2021-12-01 10:26:06.797] [settingssync] [info] Keybindings: No changes found during synchronizing keybindings.
[2021-12-01 10:26:06.801] [settingssync] [info] Snippets: No changes found during synchronizing snippets.
[2021-12-01 10:26:06.835] [settingssync] [info] GlobalState: No changes found during synchronizing ui state.
[2021-12-01 10:26:06.927] [settingssync] [info] Extensions: No changes found during synchronizing extensions.
[2021-12-01 10:26:06.927] [settingssync] [info] Sync done. Took 150ms
[2021-12-01 10:26:33.689] [settingssync] [info] Auto Sync: Triggered by Activity
[2021-12-01 10:26:33.855] [settingssync] [info] Settings: No changes found during synchronizing settings.
[2021-12-01 10:26:33.858] [settingssync] [info] Keybindings: No changes found during synchronizing keybindings.
[2021-12-01 10:26:33.863] [settingssync] [info] Snippets: No changes found during synchronizing snippets.
[2021-12-01 10:26:33.896] [settingssync] [info] GlobalState: No changes found during synchronizing ui state.
[2021-12-01 10:26:33.989] [settingssync] [info] Extensions: No changes found during synchronizing extensions.
[2021-12-01 10:26:33.990] [settingssync] [info] Sync done. Took 153ms
[2021-12-01 10:27:32.841] [settingssync] [info] Auto Sync: Triggered by Activity
[2021-12-01 10:27:33.009] [settingssync] [info] Settings: No changes found during synchronizing settings.
[2021-12-01 10:27:33.010] [settingssync] [info] Keybindings: No changes found during synchronizing keybindings.
[2021-12-01 10:27:33.012] [settingssync] [info] Snippets: No changes found during synchronizing snippets.
[2021-12-01 10:27:33.030] [settingssync] [info] GlobalState: No changes found during synchronizing ui state.
[2021-12-01 10:27:33.103] [settingssync] [info] Extensions: No changes found during synchronizing extensions.
[2021-12-01 10:27:33.103] [settingssync] [info] Sync done. Took 117ms
[2021-12-01 10:28:34.034] [settingssync] [info] Auto Sync: Triggered by Activity
[2021-12-01 10:28:34.205] [settingssync] [info] Settings: No changes found during synchronizing settings.
[2021-12-01 10:28:34.211] [settingssync] [info] Keybindings: No changes found during synchronizing keybindings.
[2021-12-01 10:28:34.221] [settingssync] [info] Snippets: No changes found during synchronizing snippets.
[2021-12-01 10:28:34.259] [settingssync] [info] GlobalState: No changes found during synchronizing ui state.
[2021-12-01 10:28:34.352] [settingssync] [info] Extensions: No changes found during synchronizing extensions.
[2021-12-01 10:28:34.353] [settingssync] [info] Sync done. Took 161ms
[2021-12-01 10:29:11.652] [settingssync] [info] Auto Sync: Triggered by Activity
[2021-12-01 10:29:11.835] [settingssync] [info] Settings: No changes found during synchronizing settings.
[2021-12-01 10:29:11.841] [settingssync] [info] Keybindings: No changes found during synchronizing keybindings.
[2021-12-01 10:29:11.846] [settingssync] [info] Snippets: No changes found during synchronizing snippets.
[2021-12-01 10:29:11.891] [settingssync] [info] GlobalState: No changes found during synchronizing ui state.
[2021-12-01 10:29:11.971] [settingssync] [info] Extensions: No changes found during synchronizing extensions.
[2021-12-01 10:29:11.972] [settingssync] [info] Sync done. Took 176ms
[2021-12-01 10:29:33.473] [settingssync] [info] Auto Sync: Triggered by Activity
[2021-12-01 10:29:33.627] [settingssync] [info] Settings: No changes found during synchronizing settings.
[2021-12-01 10:29:33.628] [settingssync] [info] Keybindings: No changes found during synchronizing keybindings.
[2021-12-01 10:29:33.634] [settingssync] [info] Snippets: No changes found during synchronizing snippets.
[2021-12-01 10:29:33.668] [settingssync] [info] GlobalState: No changes found during synchronizing ui state.
[2021-12-01 10:29:33.728] [settingssync] [info] Extensions: No changes found during synchronizing extensions.
[2021-12-01 10:29:33.729] [settingssync] [info] Sync done. Took 118ms
[2021-12-01 10:29:47.484] [settingssync] [info] Auto Sync: Triggered by Activity
[2021-12-01 10:29:48.190] [settingssync] [info] Settings: No changes found during synchronizing settings.
[2021-12-01 10:29:48.192] [settingssync] [info] Keybindings: No changes found during synchronizing keybindings.
[2021-12-01 10:29:48.196] [settingssync] [info] Snippets: No changes found during synchronizing snippets.
[2021-12-01 10:29:48.231] [settingssync] [info] GlobalState: No changes found during synchronizing ui state.
[2021-12-01 10:29:48.320] [settingssync] [info] Extensions: No changes found during synchronizing extensions.
[2021-12-01 10:29:48.321] [settingssync] [info] Sync done. Took 149ms
[2021-12-01 10:30:03.483] [settingssync] [info] Auto Sync: Triggered by Activity
[2021-12-01 10:30:03.671] [settingssync] [info] Settings: No changes found during synchronizing settings.
[2021-12-01 10:30:03.672] [settingssync] [info] Keybindings: No changes found during synchronizing keybindings.
[2021-12-01 10:30:03.677] [settingssync] [info] Snippets: No changes found during synchronizing snippets.
[2021-12-01 10:30:03.702] [settingssync] [info] GlobalState: No changes found during synchronizing ui state.
[2021-12-01 10:30:03.782] [settingssync] [info] Extensions: No changes found during synchronizing extensions.
[2021-12-01 10:30:03.783] [settingssync] [info] Sync done. Took 128ms
[2021-12-01 10:30:51.203] [settingssync] [info] Auto Sync: Triggered by Activity
[2021-12-01 10:30:51.382] [settingssync] [info] Settings: No changes found during synchronizing settings.
[2021-12-01 10:30:51.383] [settingssync] [info] Keybindings: No changes found during synchronizing keybindings.
[2021-12-01 10:30:51.385] [settingssync] [info] Snippets: No changes found during synchronizing snippets.
[2021-12-01 10:30:51.405] [settingssync] [info] GlobalState: No changes found during synchronizing ui state.
[2021-12-01 10:30:51.470] [settingssync] [info] Extensions: No changes found during synchronizing extensions.
[2021-12-01 10:30:51.470] [settingssync] [info] Sync done. Took 100ms
[2021-12-01 10:31:02.505] [settingssync] [info] Auto Sync: Triggered by Activity
[2021-12-01 10:31:02.665] [settingssync] [info] Settings: No changes found during synchronizing settings.
[2021-12-01 10:31:02.667] [settingssync] [info] Keybindings: No changes found during synchronizing keybindings.
[2021-12-01 10:31:02.669] [settingssync] [info] Snippets: No changes found during synchronizing snippets.
[2021-12-01 10:31:02.690] [settingssync] [info] GlobalState: No changes found during synchronizing ui state.
[2021-12-01 10:31:02.738] [settingssync] [info] Extensions: No changes found during synchronizing extensions.
[2021-12-01 10:31:02.739] [settingssync] [info] Sync done. Took 89ms
[2021-12-01 10:31:22.847] [settingssync] [info] Auto Sync: Triggered by Activity
[2021-12-01 10:31:23.022] [settingssync] [info] Settings: No changes found during synchronizing settings.
[2021-12-01 10:31:23.025] [settingssync] [info] Keybindings: No changes found during synchronizing keybindings.
[2021-12-01 10:31:23.027] [settingssync] [info] Snippets: No changes found during synchronizing snippets.
[2021-12-01 10:31:23.049] [settingssync] [info] GlobalState: No changes found during synchronizing ui state.
[2021-12-01 10:31:23.109] [settingssync] [info] Extensions: No changes found during synchronizing extensions.
[2021-12-01 10:31:23.110] [settingssync] [info] Sync done. Took 99ms
[2021-12-01 10:31:54.773] [settingssync] [info] Auto Sync: Triggered by Activity
[2021-12-01 10:31:54.936] [settingssync] [info] Settings: No changes found during synchronizing settings.
[2021-12-01 10:31:54.937] [settingssync] [info] Keybindings: No changes found during synchronizing keybindings.
[2021-12-01 10:31:54.939] [settingssync] [info] Snippets: No changes found during synchronizing snippets.
[2021-12-01 10:31:54.958] [settingssync] [info] GlobalState: No changes found during synchronizing ui state.
[2021-12-01 10:31:55.022] [settingssync] [info] Extensions: No changes found during synchronizing extensions.
[2021-12-01 10:31:55.022] [settingssync] [info] Sync done. Took 101ms
[2021-12-01 10:33:14.487] [settingssync] [info] Auto Sync: Triggered by Activity
[2021-12-01 10:33:14.677] [settingssync] [info] Settings: No changes found during synchronizing settings.
[2021-12-01 10:33:14.678] [settingssync] [info] Keybindings: No changes found during synchronizing keybindings.
[2021-12-01 10:33:14.680] [settingssync] [info] Snippets: No changes found during synchronizing snippets.
[2021-12-01 10:33:14.699] [settingssync] [info] GlobalState: No changes found during synchronizing ui state.
[2021-12-01 10:33:14.765] [settingssync] [info] Extensions: No changes found during synchronizing extensions.
[2021-12-01 10:33:14.766] [settingssync] [info] Sync done. Took 103ms
[2021-12-01 10:33:51.842] [settingssync] [info] Auto Sync: Triggered by Activity
[2021-12-01 10:33:52.009] [settingssync] [info] Settings: No changes found during synchronizing settings.
[2021-12-01 10:33:52.011] [settingssync] [info] Keybindings: No changes found during synchronizing keybindings.
[2021-12-01 10:33:52.013] [settingssync] [info] Snippets: No changes found during synchronizing snippets.
[2021-12-01 10:33:52.037] [settingssync] [info] GlobalState: No changes found during synchronizing ui state.
[2021-12-01 10:33:52.095] [settingssync] [info] Extensions: No changes found during synchronizing extensions.
[2021-12-01 10:33:52.095] [settingssync] [info] Sync done. Took 97ms
[2021-12-01 10:34:06.701] [settingssync] [info] Auto Sync: Triggered by Activity
[2021-12-01 10:34:06.879] [settingssync] [info] Settings: No changes found during synchronizing settings.
[2021-12-01 10:34:06.881] [settingssync] [info] Keybindings: No changes found during synchronizing keybindings.
[2021-12-01 10:34:06.883] [settingssync] [info] Snippets: No changes found during synchronizing snippets.
[2021-12-01 10:34:06.910] [settingssync] [info] GlobalState: No changes found during synchronizing ui state.
[2021-12-01 10:34:06.983] [settingssync] [info] Extensions: No changes found during synchronizing extensions.
[2021-12-01 10:34:06.984] [settingssync] [info] Sync done. Took 137ms
[2021-12-01 10:35:00.753] [settingssync] [info] Auto Sync: Triggered by Activity
[2021-12-01 10:35:00.916] [settingssync] [info] Settings: No changes found during synchronizing settings.
[2021-12-01 10:35:00.920] [settingssync] [info] Keybindings: No changes found during synchronizing keybindings.
[2021-12-01 10:35:00.921] [settingssync] [info] Snippets: No changes found during synchronizing snippets.
[2021-12-01 10:35:00.949] [settingssync] [info] GlobalState: No changes found during synchronizing ui state.
[2021-12-01 10:35:01.025] [settingssync] [info] Extensions: No changes found during synchronizing extensions.
[2021-12-01 10:35:01.027] [settingssync] [info] Sync done. Took 132ms
[2021-12-01 10:35:43.806] [settingssync] [info] Auto Sync: Triggered by Activity
[2021-12-01 10:35:44.009] [settingssync] [info] Settings: No changes found during synchronizing settings.
[2021-12-01 10:35:44.012] [settingssync] [info] Keybindings: No changes found during synchronizing keybindings.
[2021-12-01 10:35:44.016] [settingssync] [info] Snippets: No changes found during synchronizing snippets.
[2021-12-01 10:35:44.039] [settingssync] [info] GlobalState: No changes found during synchronizing ui state.
[2021-12-01 10:35:44.096] [settingssync] [info] Extensions: No changes found during synchronizing extensions.
[2021-12-01 10:35:44.096] [settingssync] [info] Sync done. Took 116ms
[2021-12-01 10:36:30.258] [settingssync] [info] Auto Sync: Triggered by Activity
[2021-12-01 10:36:30.425] [settingssync] [info] Settings: No changes found during synchronizing settings.
[2021-12-01 10:36:30.427] [settingssync] [info] Keybindings: No changes found during synchronizing keybindings.
[2021-12-01 10:36:30.429] [settingssync] [info] Snippets: No changes found during synchronizing snippets.
[2021-12-01 10:36:30.452] [settingssync] [info] GlobalState: No changes found during synchronizing ui state.
[2021-12-01 10:36:30.522] [settingssync] [info] Extensions: No changes found during synchronizing extensions.
[2021-12-01 10:36:30.522] [settingssync] [info] Sync done. Took 112ms
[2021-12-01 10:36:41.537] [settingssync] [info] Auto Sync: Triggered by Activity
[2021-12-01 10:36:41.710] [settingssync] [info] Settings: No changes found during synchronizing settings.
[2021-12-01 10:36:41.712] [settingssync] [info] Keybindings: No changes found during synchronizing keybindings.
[2021-12-01 10:36:41.714] [settingssync] [info] Snippets: No changes found during synchronizing snippets.
[2021-12-01 10:36:41.733] [settingssync] [info] GlobalState: No changes found during synchronizing ui state.
[2021-12-01 10:36:41.796] [settingssync] [info] Extensions: No changes found during synchronizing extensions.
[2021-12-01 10:36:41.796] [settingssync] [info] Sync done. Took 105ms
[2021-12-01 10:36:56.638] [settingssync] [info] Auto Sync: Triggered by Activity
[2021-12-01 10:36:56.819] [settingssync] [info] Settings: No changes found during synchronizing settings.
[2021-12-01 10:36:56.821] [settingssync] [info] Keybindings: No changes found during synchronizing keybindings.
[2021-12-01 10:36:56.823] [settingssync] [info] Snippets: No changes found during synchronizing snippets.
[2021-12-01 10:36:56.846] [settingssync] [info] GlobalState: No changes found during synchronizing ui state.
[2021-12-01 10:36:56.916] [settingssync] [info] Extensions: No changes found during synchronizing extensions.
[2021-12-01 10:36:56.917] [settingssync] [info] Sync done. Took 114ms
[2021-12-01 10:37:22.888] [settingssync] [info] Auto Sync: Triggered by Activity
[2021-12-01 10:37:23.064] [settingssync] [info] Settings: No changes found during synchronizing settings.
[2021-12-01 10:37:23.065] [settingssync] [info] Keybindings: No changes found during synchronizing keybindings.
[2021-12-01 10:37:23.067] [settingssync] [info] Snippets: No changes found during synchronizing snippets.
[2021-12-01 10:37:23.087] [settingssync] [info] GlobalState: No changes found during synchronizing ui state.
[2021-12-01 10:37:23.152] [settingssync] [info] Extensions: No changes found during synchronizing extensions.
[2021-12-01 10:37:23.152] [settingssync] [info] Sync done. Took 100ms
[2021-12-01 10:38:13.312] [settingssync] [info] Auto Sync: Triggered by Activity
[2021-12-01 10:38:13.469] [settingssync] [info] Settings: No changes found during synchronizing settings.
[2021-12-01 10:38:13.470] [settingssync] [info] Keybindings: No changes found during synchronizing keybindings.
[2021-12-01 10:38:13.472] [settingssync] [info] Snippets: No changes found during synchronizing snippets.
[2021-12-01 10:38:13.490] [settingssync] [info] GlobalState: No changes found during synchronizing ui state.
[2021-12-01 10:38:13.564] [settingssync] [info] Extensions: No changes found during synchronizing extensions.
[2021-12-01 10:38:13.565] [settingssync] [info] Sync done. Took 113ms
[2021-12-01 10:38:17.982] [settingssync] [info] Auto Sync: Triggered by Activity
[2021-12-01 10:38:19.177] [settingssync] [info] Settings: Updated remote settings
[2021-12-01 10:38:19.191] [settingssync] [info] Settings: Updated last synchronized settings
[2021-12-01 10:38:19.193] [settingssync] [info] Keybindings: No changes found during synchronizing keybindings.
[2021-12-01 10:38:19.194] [settingssync] [info] Snippets: No changes found during synchronizing snippets.
[2021-12-01 10:38:19.209] [settingssync] [info] GlobalState: No changes found during synchronizing ui state.
[2021-12-01 10:38:19.248] [settingssync] [info] Extensions: No changes found during synchronizing extensions.
[2021-12-01 10:38:19.248] [settingssync] [info] Sync done. Took 1125ms
[2021-12-01 10:38:46.712] [settingssync] [info] Auto Sync: Triggered by Activity
[2021-12-01 10:38:46.867] [settingssync] [info] Settings: No changes found during synchronizing settings.
[2021-12-01 10:38:46.868] [settingssync] [info] Keybindings: No changes found during synchronizing keybindings.
[2021-12-01 10:38:46.873] [settingssync] [info] Snippets: No changes found during synchronizing snippets.
[2021-12-01 10:38:46.895] [settingssync] [info] GlobalState: No changes found during synchronizing ui state.
[2021-12-01 10:38:46.955] [settingssync] [info] Extensions: No changes found during synchronizing extensions.
[2021-12-01 10:38:46.957] [settingssync] [info] Sync done. Took 95ms
[2021-12-01 10:39:09.457] [settingssync] [info] Auto Sync: Triggered by Activity
[2021-12-01 10:39:09.638] [settingssync] [info] Settings: No changes found during synchronizing settings.
[2021-12-01 10:39:09.639] [settingssync] [info] Keybindings: No changes found during synchronizing keybindings.
[2021-12-01 10:39:09.641] [settingssync] [info] Snippets: No changes found during synchronizing snippets.
[2021-12-01 10:39:09.663] [settingssync] [info] GlobalState: No changes found during synchronizing ui state.
[2021-12-01 10:39:09.730] [settingssync] [info] Extensions: No changes found during synchronizing extensions.
[2021-12-01 10:39:09.730] [settingssync] [info] Sync done. Took 111ms
[2021-12-01 10:39:25.609] [settingssync] [info] Auto Sync: Triggered by Activity
[2021-12-01 10:39:25.784] [settingssync] [info] Settings: No changes found during synchronizing settings.
[2021-12-01 10:39:25.785] [settingssync] [info] Keybindings: No changes found during synchronizing keybindings.
[2021-12-01 10:39:25.787] [settingssync] [info] Snippets: No changes found during synchronizing snippets.
[2021-12-01 10:39:25.818] [settingssync] [info] GlobalState: No changes found during synchronizing ui state.
[2021-12-01 10:39:25.878] [settingssync] [info] Extensions: No changes found during synchronizing extensions.
[2021-12-01 10:39:25.879] [settingssync] [info] Sync done. Took 127ms
[2021-12-01 10:39:37.700] [settingssync] [info] Auto Sync: Triggered by Activity
[2021-12-01 10:39:37.849] [settingssync] [info] Settings: No changes found during synchronizing settings.
[2021-12-01 10:39:37.850] [settingssync] [info] Keybindings: No changes found during synchronizing keybindings.
[2021-12-01 10:39:37.852] [settingssync] [info] Snippets: No changes found during synchronizing snippets.
[2021-12-01 10:39:37.872] [settingssync] [info] GlobalState: No changes found during synchronizing ui state.
[2021-12-01 10:39:37.937] [settingssync] [info] Extensions: No changes found during synchronizing extensions.
[2021-12-01 10:39:37.938] [settingssync] [info] Sync done. Took 96ms
[2021-12-01 10:40:49.289] [settingssync] [info] Auto Sync: Triggered by Activity
[2021-12-01 10:40:49.466] [settingssync] [info] Settings: No changes found during synchronizing settings.
[2021-12-01 10:40:49.468] [settingssync] [info] Keybindings: No changes found during synchronizing keybindings.
[2021-12-01 10:40:49.470] [settingssync] [info] Snippets: No changes found during synchronizing snippets.
[2021-12-01 10:40:49.496] [settingssync] [info] GlobalState: No changes found during synchronizing ui state.
[2021-12-01 10:40:49.572] [settingssync] [info] Extensions: No changes found during synchronizing extensions.
[2021-12-01 10:40:49.575] [settingssync] [info] Sync done. Took 122ms
[2021-12-01 10:42:10.633] [settingssync] [info] Auto Sync: Triggered by Activity
[2021-12-01 10:42:10.781] [settingssync] [info] Settings: No changes found during synchronizing settings.
[2021-12-01 10:42:10.783] [settingssync] [info] Keybindings: No changes found during synchronizing keybindings.
[2021-12-01 10:42:10.785] [settingssync] [info] Snippets: No changes found during synchronizing snippets.
[2021-12-01 10:42:10.802] [settingssync] [info] GlobalState: No changes found during synchronizing ui state.
[2021-12-01 10:42:10.879] [settingssync] [info] Extensions: No changes found during synchronizing extensions.
[2021-12-01 10:42:10.880] [settingssync] [info] Sync done. Took 107ms
[2021-12-01 10:42:24.058] [settingssync] [info] Auto Sync: Triggered by Activity
[2021-12-01 10:42:24.212] [settingssync] [info] Settings: No changes found during synchronizing settings.
[2021-12-01 10:42:24.212] [settingssync] [info] Keybindings: No changes found during synchronizing keybindings.
[2021-12-01 10:42:24.221] [settingssync] [info] Snippets: No changes found during synchronizing snippets.
[2021-12-01 10:42:24.239] [settingssync] [info] GlobalState: No changes found during synchronizing ui state.
[2021-12-01 10:42:24.305] [settingssync] [info] Extensions: No changes found during synchronizing extensions.
[2021-12-01 10:42:24.306] [settingssync] [info] Sync done. Took 107ms
[2021-12-01 10:42:52.593] [settingssync] [info] Auto Sync: Triggered by Activity
[2021-12-01 10:42:52.794] [settingssync] [info] Settings: No changes found during synchronizing settings.
[2021-12-01 10:42:52.795] [settingssync] [info] Keybindings: No changes found during synchronizing keybindings.
[2021-12-01 10:42:52.796] [settingssync] [info] Snippets: No changes found during synchronizing snippets.
[2021-12-01 10:42:52.817] [settingssync] [info] GlobalState: No changes found during synchronizing ui state.
[2021-12-01 10:42:52.892] [settingssync] [info] Extensions: No changes found during synchronizing extensions.
[2021-12-01 10:42:52.893] [settingssync] [info] Sync done. Took 123ms
[2021-12-01 10:43:06.224] [settingssync] [info] Auto Sync: Triggered by Activity
[2021-12-01 10:43:06.396] [settingssync] [info] Settings: No changes found during synchronizing settings.
[2021-12-01 10:43:06.398] [settingssync] [info] Keybindings: No changes found during synchronizing keybindings.
[2021-12-01 10:43:06.400] [settingssync] [info] Snippets: No changes found during synchronizing snippets.
[2021-12-01 10:43:06.419] [settingssync] [info] GlobalState: No changes found during synchronizing ui state.
[2021-12-01 10:43:06.493] [settingssync] [info] Extensions: No changes found during synchronizing extensions.
[2021-12-01 10:43:06.494] [settingssync] [info] Sync done. Took 115ms
[2021-12-01 10:43:19.210] [settingssync] [info] Auto Sync: Triggered by Activity
[2021-12-01 10:43:19.377] [settingssync] [info] Settings: No changes found during synchronizing settings.
[2021-12-01 10:43:19.379] [settingssync] [info] Keybindings: No changes found during synchronizing keybindings.
[2021-12-01 10:43:19.380] [settingssync] [info] Snippets: No changes found during synchronizing snippets.
[2021-12-01 10:43:19.403] [settingssync] [info] GlobalState: No changes found during synchronizing ui state.
[2021-12-01 10:43:19.478] [settingssync] [info] Extensions: No changes found during synchronizing extensions.
[2021-12-01 10:43:19.479] [settingssync] [info] Sync done. Took 111ms
[2021-12-01 10:43:34.467] [settingssync] [info] Auto Sync: Triggered by Activity
[2021-12-01 10:43:34.644] [settingssync] [info] Settings: No changes found during synchronizing settings.
[2021-12-01 10:43:34.649] [settingssync] [info] Keybindings: No changes found during synchronizing keybindings.
[2021-12-01 10:43:34.652] [settingssync] [info] Snippets: No changes found during synchronizing snippets.
[2021-12-01 10:43:34.672] [settingssync] [info] GlobalState: No changes found during synchronizing ui state.
[2021-12-01 10:43:34.734] [settingssync] [info] Extensions: No changes found during synchronizing extensions.
[2021-12-01 10:43:34.735] [settingssync] [info] Sync done. Took 122ms
[2021-12-01 10:43:48.444] [settingssync] [info] Auto Sync: Triggered by Activity
[2021-12-01 10:43:48.586] [settingssync] [info] Settings: No changes found during synchronizing settings.
[2021-12-01 10:43:48.588] [settingssync] [info] Keybindings: No changes found during synchronizing keybindings.
[2021-12-01 10:43:48.596] [settingssync] [info] Snippets: No changes found during synchronizing snippets.
[2021-12-01 10:43:48.617] [settingssync] [info] GlobalState: No changes found during synchronizing ui state.
[2021-12-01 10:43:48.696] [settingssync] [info] Extensions: No changes found during synchronizing extensions.
[2021-12-01 10:43:48.696] [settingssync] [info] Sync done. Took 116ms
[2021-12-01 10:44:50.662] [settingssync] [info] Auto Sync: Triggered by Activity
[2021-12-01 10:44:50.833] [settingssync] [info] Settings: No changes found during synchronizing settings.
[2021-12-01 10:44:50.834] [settingssync] [info] Keybindings: No changes found during synchronizing keybindings.
[2021-12-01 10:44:50.836] [settingssync] [info] Snippets: No changes found during synchronizing snippets.
[2021-12-01 10:44:50.854] [settingssync] [info] GlobalState: No changes found during synchronizing ui state.
[2021-12-01 10:44:50.924] [settingssync] [info] Extensions: No changes found during synchronizing extensions.
[2021-12-01 10:44:50.924] [settingssync] [info] Sync done. Took 111ms
[2021-12-01 10:45:04.990] [settingssync] [info] Auto Sync: Triggered by Activity
[2021-12-01 10:45:05.153] [settingssync] [info] Settings: No changes found during synchronizing settings.
[2021-12-01 10:45:05.154] [settingssync] [info] Keybindings: No changes found during synchronizing keybindings.
[2021-12-01 10:45:05.159] [settingssync] [info] Snippets: No changes found during synchronizing snippets.
[2021-12-01 10:45:05.179] [settingssync] [info] GlobalState: No changes found during synchronizing ui state.
[2021-12-01 10:45:05.248] [settingssync] [info] Extensions: No changes found during synchronizing extensions.
[2021-12-01 10:45:05.249] [settingssync] [info] Sync done. Took 117ms
[2021-12-01 10:45:25.039] [settingssync] [info] Auto Sync: Triggered by Activity
[2021-12-01 10:45:25.202] [settingssync] [info] Settings: No changes found during synchronizing settings.
[2021-12-01 10:45:25.203] [settingssync] [info] Keybindings: No changes found during synchronizing keybindings.
[2021-12-01 10:45:25.205] [settingssync] [info] Snippets: No changes found during synchronizing snippets.
[2021-12-01 10:45:26.508] [settingssync] [info] GlobalState: Updated remote ui state
[2021-12-01 10:45:26.524] [settingssync] [info] GlobalState: Updated last synchronized ui state
[2021-12-01 10:45:26.567] [settingssync] [info] Extensions: No changes found during synchronizing extensions.
[2021-12-01 10:45:26.568] [settingssync] [info] Sync done. Took 1385ms
[2021-12-01 10:46:15.229] [settingssync] [info] Auto Sync: Triggered by Activity
[2021-12-01 10:46:15.381] [settingssync] [info] Settings: No changes found during synchronizing settings.
[2021-12-01 10:46:15.384] [settingssync] [info] Keybindings: No changes found during synchronizing keybindings.
[2021-12-01 10:46:15.386] [settingssync] [info] Snippets: No changes found during synchronizing snippets.
[2021-12-01 10:46:15.404] [settingssync] [info] GlobalState: No changes found during synchronizing ui state.
[2021-12-01 10:46:15.493] [settingssync] [info] Extensions: No changes found during synchronizing extensions.
[2021-12-01 10:46:15.497] [settingssync] [info] Sync done. Took 128ms
[2021-12-01 10:47:27.141] [settingssync] [info] Auto Sync: Triggered by Activity
[2021-12-01 10:47:27.290] [settingssync] [info] Settings: No changes found during synchronizing settings.
[2021-12-01 10:47:27.292] [settingssync] [info] Keybindings: No changes found during synchronizing keybindings.
[2021-12-01 10:47:27.294] [settingssync] [info] Snippets: No changes found during synchronizing snippets.
[2021-12-01 10:47:27.312] [settingssync] [info] GlobalState: No changes found during synchronizing ui state.
[2021-12-01 10:47:27.377] [settingssync] [info] Extensions: No changes found during synchronizing extensions.
[2021-12-01 10:47:27.377] [settingssync] [info] Sync done. Took 100ms
[2021-12-01 10:50:34.736] [settingssync] [info] Auto Sync: Triggered by Activity
[2021-12-01 10:50:35.035] [settingssync] [info] Settings: No changes found during synchronizing settings.
[2021-12-01 10:50:35.038] [settingssync] [info] Keybindings: No changes found during synchronizing keybindings.
[2021-12-01 10:50:35.041] [settingssync] [info] Snippets: No changes found during synchronizing snippets.
[2021-12-01 10:50:35.060] [settingssync] [info] GlobalState: No changes found during synchronizing ui state.
[2021-12-01 10:50:35.177] [settingssync] [info] Extensions: No changes found during synchronizing extensions.
[2021-12-01 10:50:35.177] [settingssync] [info] Sync done. Took 156ms
[2021-12-01 10:51:17.820] [settingssync] [info] Auto Sync: Triggered by Activity
[2021-12-01 10:51:17.951] [settingssync] [info] Settings: No changes found during synchronizing settings.
[2021-12-01 10:51:17.962] [settingssync] [info] Keybindings: No changes found during synchronizing keybindings.
[2021-12-01 10:51:17.964] [settingssync] [info] Snippets: No changes found during synchronizing snippets.
[2021-12-01 10:51:17.984] [settingssync] [info] GlobalState: No changes found during synchronizing ui state.
[2021-12-01 10:51:18.050] [settingssync] [info] Extensions: No changes found during synchronizing extensions.
[2021-12-01 10:51:18.050] [settingssync] [info] Sync done. Took 115ms
[2021-12-01 10:51:35.239] [settingssync] [info] Auto Sync: Triggered by Activity
[2021-12-01 10:51:35.387] [settingssync] [info] Settings: No changes found during synchronizing settings.
[2021-12-01 10:51:35.399] [settingssync] [info] Keybindings: No changes found during synchronizing keybindings.
[2021-12-01 10:51:35.403] [settingssync] [info] Snippets: No changes found during synchronizing snippets.
[2021-12-01 10:51:35.437] [settingssync] [info] GlobalState: No changes found during synchronizing ui state.
[2021-12-01 10:51:35.514] [settingssync] [info] Extensions: No changes found during synchronizing extensions.
[2021-12-01 10:51:35.515] [settingssync] [info] Sync done. Took 159ms
[2021-12-01 10:52:21.113] [settingssync] [info] Auto Sync: Triggered by Activity
[2021-12-01 10:52:21.292] [settingssync] [info] Settings: No changes found during synchronizing settings.
[2021-12-01 10:52:21.294] [settingssync] [info] Keybindings: No changes found during synchronizing keybindings.
[2021-12-01 10:52:21.297] [settingssync] [info] Snippets: No changes found during synchronizing snippets.
[2021-12-01 10:52:21.314] [settingssync] [info] GlobalState: No changes found during synchronizing ui state.
[2021-12-01 10:52:21.379] [settingssync] [info] Extensions: No changes found during synchronizing extensions.
[2021-12-01 10:52:21.380] [settingssync] [info] Sync done. Took 109ms
[2021-12-01 10:52:34.827] [settingssync] [info] Auto Sync: Triggered by Activity
[2021-12-01 10:52:34.961] [settingssync] [info] Settings: No changes found during synchronizing settings.
[2021-12-01 10:52:34.964] [settingssync] [info] Keybindings: No changes found during synchronizing keybindings.
[2021-12-01 10:52:34.966] [settingssync] [info] Snippets: No changes found during synchronizing snippets.
[2021-12-01 10:52:34.985] [settingssync] [info] GlobalState: No changes found during synchronizing ui state.
[2021-12-01 10:52:35.043] [settingssync] [info] Extensions: No changes found during synchronizing extensions.
[2021-12-01 10:52:35.043] [settingssync] [info] Sync done. Took 98ms
[2021-12-01 10:52:57.417] [settingssync] [info] Auto Sync: Triggered by Activity
[2021-12-01 10:52:57.553] [settingssync] [info] Settings: No changes found during synchronizing settings.
[2021-12-01 10:52:57.556] [settingssync] [info] Keybindings: No changes found during synchronizing keybindings.
[2021-12-01 10:52:57.560] [settingssync] [info] Snippets: No changes found during synchronizing snippets.
[2021-12-01 10:52:57.583] [settingssync] [info] GlobalState: No changes found during synchronizing ui state.
[2021-12-01 10:52:57.660] [settingssync] [info] Extensions: No changes found during synchronizing extensions.
[2021-12-01 10:52:57.661] [settingssync] [info] Sync done. Took 118ms
[2021-12-01 10:54:11.815] [settingssync] [info] Auto Sync: Triggered by Activity
[2021-12-01 10:54:11.954] [settingssync] [info] Settings: No changes found during synchronizing settings.
[2021-12-01 10:54:11.957] [settingssync] [info] Keybindings: No changes found during synchronizing keybindings.
[2021-12-01 10:54:11.961] [settingssync] [info] Snippets: No changes found during synchronizing snippets.
[2021-12-01 10:54:11.981] [settingssync] [info] GlobalState: No changes found during synchronizing ui state.
[2021-12-01 10:54:12.060] [settingssync] [info] Extensions: No changes found during synchronizing extensions.
[2021-12-01 10:54:12.061] [settingssync] [info] Sync done. Took 122ms
[2021-12-01 10:54:29.492] [settingssync] [info] Auto Sync: Triggered by Activity
[2021-12-01 10:54:29.664] [settingssync] [info] Settings: No changes found during synchronizing settings.
[2021-12-01 10:54:29.675] [settingssync] [info] Keybindings: No changes found during synchronizing keybindings.
[2021-12-01 10:54:29.681] [settingssync] [info] Snippets: No changes found during synchronizing snippets.
[2021-12-01 10:54:29.719] [settingssync] [info] GlobalState: No changes found during synchronizing ui state.
[2021-12-01 10:54:29.811] [settingssync] [info] Extensions: No changes found during synchronizing extensions.
[2021-12-01 10:54:29.811] [settingssync] [info] Sync done. Took 178ms
[2021-12-01 10:54:41.587] [settingssync] [info] Auto Sync: Triggered by Activity
[2021-12-01 10:54:41.726] [settingssync] [info] Settings: No changes found during synchronizing settings.
[2021-12-01 10:54:41.730] [settingssync] [info] Keybindings: No changes found during synchronizing keybindings.
[2021-12-01 10:54:41.732] [settingssync] [info] Snippets: No changes found during synchronizing snippets.
[2021-12-01 10:54:41.757] [settingssync] [info] GlobalState: No changes found during synchronizing ui state.
[2021-12-01 10:54:41.835] [settingssync] [info] Extensions: No changes found during synchronizing extensions.
[2021-12-01 10:54:41.835] [settingssync] [info] Sync done. Took 138ms
[2021-12-01 10:54:55.568] [settingssync] [info] Auto Sync: Triggered by Activity
[2021-12-01 10:54:55.697] [settingssync] [info] Settings: No changes found during synchronizing settings.
[2021-12-01 10:54:55.698] [settingssync] [info] Keybindings: No changes found during synchronizing keybindings.
[2021-12-01 10:54:55.699] [settingssync] [info] Snippets: No changes found during synchronizing snippets.
[2021-12-01 10:54:55.716] [settingssync] [info] GlobalState: No changes found during synchronizing ui state.
[2021-12-01 10:54:55.787] [settingssync] [info] Extensions: No changes found during synchronizing extensions.
[2021-12-01 10:54:55.788] [settingssync] [info] Sync done. Took 111ms
[2021-12-01 10:55:07.243] [settingssync] [info] Auto Sync: Triggered by Activity
[2021-12-01 10:55:07.383] [settingssync] [info] Settings: No changes found during synchronizing settings.
[2021-12-01 10:55:07.399] [settingssync] [info] Keybindings: No changes found during synchronizing keybindings.
[2021-12-01 10:55:07.410] [settingssync] [info] Snippets: No changes found during synchronizing snippets.
[2021-12-01 10:55:07.437] [settingssync] [info] GlobalState: No changes found during synchronizing ui state.
[2021-12-01 10:55:07.523] [settingssync] [info] Extensions: No changes found during synchronizing extensions.
[2021-12-01 10:55:07.523] [settingssync] [info] Sync done. Took 160ms
[2021-12-01 10:55:45.397] [settingssync] [info] Auto Sync: Triggered by Activity
[2021-12-01 10:55:45.542] [settingssync] [info] Settings: No changes found during synchronizing settings.
[2021-12-01 10:55:45.546] [settingssync] [info] Keybindings: No changes found during synchronizing keybindings.
[2021-12-01 10:55:45.548] [settingssync] [info] Snippets: No changes found during synchronizing snippets.
[2021-12-01 10:55:45.575] [settingssync] [info] GlobalState: No changes found during synchronizing ui state.
[2021-12-01 10:55:45.689] [settingssync] [info] Extensions: No changes found during synchronizing extensions.
[2021-12-01 10:55:45.690] [settingssync] [info] Sync done. Took 169ms
[2021-12-01 10:57:02.043] [settingssync] [info] Auto Sync: Triggered by Activity
[2021-12-01 10:57:02.198] [settingssync] [info] Settings: No changes found during synchronizing settings.
[2021-12-01 10:57:02.199] [settingssync] [info] Keybindings: No changes found during synchronizing keybindings.
[2021-12-01 10:57:02.203] [settingssync] [info] Snippets: No changes found during synchronizing snippets.
[2021-12-01 10:57:02.225] [settingssync] [info] GlobalState: No changes found during synchronizing ui state.
[2021-12-01 10:57:02.304] [settingssync] [info] Extensions: No changes found during synchronizing extensions.
[2021-12-01 10:57:02.304] [settingssync] [info] Sync done. Took 130ms
[2021-12-01 10:57:33.973] [settingssync] [info] Auto Sync: Triggered by Activity
[2021-12-01 10:57:34.100] [settingssync] [info] Settings: No changes found during synchronizing settings.
[2021-12-01 10:57:34.101] [settingssync] [info] Keybindings: No changes found during synchronizing keybindings.
[2021-12-01 10:57:34.104] [settingssync] [info] Snippets: No changes found during synchronizing snippets.
[2021-12-01 10:57:34.134] [settingssync] [info] GlobalState: No changes found during synchronizing ui state.
[2021-12-01 10:57:34.198] [settingssync] [info] Extensions: No changes found during synchronizing extensions.
[2021-12-01 10:57:34.199] [settingssync] [info] Sync done. Took 110ms
[2021-12-01 10:57:56.577] [settingssync] [info] Auto Sync: Triggered by Activity
[2021-12-01 10:57:56.757] [settingssync] [info] Settings: No changes found during synchronizing settings.
[2021-12-01 10:57:56.761] [settingssync] [info] Keybindings: No changes found during synchronizing keybindings.
[2021-12-01 10:57:56.763] [settingssync] [info] Snippets: No changes found during synchronizing snippets.
[2021-12-01 10:57:56.785] [settingssync] [info] GlobalState: No changes found during synchronizing ui state.
[2021-12-01 10:57:56.845] [settingssync] [info] Extensions: No changes found during synchronizing extensions.
[2021-12-01 10:57:56.845] [settingssync] [info] Sync done. Took 102ms
[2021-12-01 10:59:09.155] [settingssync] [info] Auto Sync: Triggered by Activity
[2021-12-01 10:59:09.282] [settingssync] [info] Settings: No changes found during synchronizing settings.
[2021-12-01 10:59:09.285] [settingssync] [info] Keybindings: No changes found during synchronizing keybindings.
[2021-12-01 10:59:09.291] [settingssync] [info] Snippets: No changes found during synchronizing snippets.
[2021-12-01 10:59:09.341] [settingssync] [info] GlobalState: No changes found during synchronizing ui state.
[2021-12-01 10:59:09.430] [settingssync] [info] Extensions: No changes found during synchronizing extensions.
[2021-12-01 10:59:09.430] [settingssync] [info] Sync done. Took 161ms
[2021-12-01 10:59:42.816] [settingssync] [info] Auto Sync: Triggered by Activity
[2021-12-01 10:59:42.964] [settingssync] [info] Settings: No changes found during synchronizing settings.
[2021-12-01 10:59:42.969] [settingssync] [info] Keybindings: No changes found during synchronizing keybindings.
[2021-12-01 10:59:42.978] [settingssync] [info] Snippets: No changes found during synchronizing snippets.
[2021-12-01 10:59:43.328] [settingssync] [info] GlobalState: Updated remote ui state
[2021-12-01 10:59:43.343] [settingssync] [info] GlobalState: Updated last synchronized ui state
[2021-12-01 10:59:43.395] [settingssync] [info] Extensions: No changes found during synchronizing extensions.
[2021-12-01 10:59:43.396] [settingssync] [info] Sync done. Took 454ms
[2021-12-01 11:00:24.349] [settingssync] [info] Auto Sync: Triggered by Activity
[2021-12-01 11:00:24.493] [settingssync] [info] Settings: No changes found during synchronizing settings.
[2021-12-01 11:00:24.494] [settingssync] [info] Keybindings: No changes found during synchronizing keybindings.
[2021-12-01 11:00:24.498] [settingssync] [info] Snippets: No changes found during synchronizing snippets.
[2021-12-01 11:00:25.983] [settingssync] [info] GlobalState: Updated remote ui state
[2021-12-01 11:00:25.992] [settingssync] [info] GlobalState: Updated last synchronized ui state
[2021-12-01 11:00:26.055] [settingssync] [info] Extensions: No changes found during synchronizing extensions.
[2021-12-01 11:00:26.055] [settingssync] [info] Sync done. Took 1575ms
[2021-12-01 11:00:50.510] [settingssync] [info] Auto Sync: Triggered by Activity
[2021-12-01 11:00:50.648] [settingssync] [info] Settings: No changes found during synchronizing settings.
[2021-12-01 11:00:50.649] [settingssync] [info] Keybindings: No changes found during synchronizing keybindings.
[2021-12-01 11:00:50.651] [settingssync] [info] Snippets: No changes found during synchronizing snippets.
[2021-12-01 11:00:51.047] [settingssync] [info] GlobalState: Updated remote ui state
[2021-12-01 11:00:51.062] [settingssync] [info] GlobalState: Updated last synchronized ui state
[2021-12-01 11:00:51.108] [settingssync] [info] Extensions: No changes found during synchronizing extensions.
[2021-12-01 11:00:51.109] [settingssync] [info] Sync done. Took 471ms
[2021-12-01 11:01:14.326] [settingssync] [info] Auto Sync: Triggered by Activity
[2021-12-01 11:01:14.465] [settingssync] [info] Settings: No changes found during synchronizing settings.
[2021-12-01 11:01:14.468] [settingssync] [info] Keybindings: No changes found during synchronizing keybindings.
[2021-12-01 11:01:14.469] [settingssync] [info] Snippets: No changes found during synchronizing snippets.
[2021-12-01 11:01:14.492] [settingssync] [info] GlobalState: No changes found during synchronizing ui state.
[2021-12-01 11:01:14.545] [settingssync] [info] Extensions: No changes found during synchronizing extensions.
[2021-12-01 11:01:14.546] [settingssync] [info] Sync done. Took 90ms
[2021-12-01 11:01:24.350] [settingssync] [info] Auto Sync: Triggered by Activity
[2021-12-01 11:01:24.478] [settingssync] [info] Settings: No changes found during synchronizing settings.
[2021-12-01 11:01:24.480] [settingssync] [info] Keybindings: No changes found during synchronizing keybindings.
[2021-12-01 11:01:24.482] [settingssync] [info] Snippets: No changes found during synchronizing snippets.
[2021-12-01 11:01:24.870] [settingssync] [info] GlobalState: Updated remote ui state
[2021-12-01 11:01:24.884] [settingssync] [info] GlobalState: Updated last synchronized ui state
[2021-12-01 11:01:24.923] [settingssync] [info] Extensions: No changes found during synchronizing extensions.
[2021-12-01 11:01:24.924] [settingssync] [info] Sync done. Took 453ms
[2021-12-01 11:01:32.095] [settingssync] [info] Auto Sync: Triggered by Activity
[2021-12-01 11:01:32.221] [settingssync] [info] Settings: No changes found during synchronizing settings.
[2021-12-01 11:01:32.223] [settingssync] [info] Keybindings: No changes found during synchronizing keybindings.
[2021-12-01 11:01:32.225] [settingssync] [info] Snippets: No changes found during synchronizing snippets.
[2021-12-01 11:01:32.668] [settingssync] [info] GlobalState: Updated remote ui state
[2021-12-01 11:01:32.682] [settingssync] [info] GlobalState: Updated last synchronized ui state
[2021-12-01 11:01:32.717] [settingssync] [info] Extensions: No changes found during synchronizing extensions.
[2021-12-01 11:01:32.720] [settingssync] [info] Sync done. Took 507ms
[2021-12-01 11:06:32.726] [settingssync] [info] Auto Sync: Triggered by Interval
[2021-12-01 11:06:33.068] [settingssync] [info] Settings: No changes found during synchronizing settings.
[2021-12-01 11:06:33.070] [settingssync] [info] Keybindings: No changes found during synchronizing keybindings.
[2021-12-01 11:06:33.074] [settingssync] [info] Snippets: No changes found during synchronizing snippets.
[2021-12-01 11:06:33.100] [settingssync] [info] GlobalState: No changes found during synchronizing ui state.
[2021-12-01 11:06:33.153] [settingssync] [info] Extensions: No changes found during synchronizing extensions.
[2021-12-01 11:06:33.159] [settingssync] [info] Sync done. Took 107ms
[2021-12-01 11:10:20.671] [settingssync] [info] Auto Sync: Triggered by Activity
[2021-12-01 11:10:21.042] [settingssync] [info] Settings: No changes found during synchronizing settings.
[2021-12-01 11:10:21.043] [settingssync] [info] Keybindings: No changes found during synchronizing keybindings.
[2021-12-01 11:10:21.045] [settingssync] [info] Snippets: No changes found during synchronizing snippets.
[2021-12-01 11:10:21.067] [settingssync] [info] GlobalState: No changes found during synchronizing ui state.
[2021-12-01 11:10:21.120] [settingssync] [info] Extensions: No changes found during synchronizing extensions.
[2021-12-01 11:10:21.120] [settingssync] [info] Sync done. Took 88ms
[2021-12-01 11:10:37.461] [settingssync] [info] Auto Sync: Triggered by Activity
[2021-12-01 11:10:37.613] [settingssync] [info] Settings: No changes found during synchronizing settings.
[2021-12-01 11:10:37.614] [settingssync] [info] Keybindings: No changes found during synchronizing keybindings.
[2021-12-01 11:10:37.616] [settingssync] [info] Snippets: No changes found during synchronizing snippets.
[2021-12-01 11:10:37.642] [settingssync] [info] GlobalState: No changes found during synchronizing ui state.
[2021-12-01 11:10:37.697] [settingssync] [info] Extensions: No changes found during synchronizing extensions.
[2021-12-01 11:10:37.698] [settingssync] [info] Sync done. Took 96ms
[2021-12-01 11:15:37.713] [settingssync] [info] Auto Sync: Triggered by Interval
[2021-12-01 11:15:38.063] [settingssync] [info] Settings: No changes found during synchronizing settings.
[2021-12-01 11:15:38.067] [settingssync] [info] Keybindings: No changes found during synchronizing keybindings.
[2021-12-01 11:15:38.071] [settingssync] [info] Snippets: No changes found during synchronizing snippets.
[2021-12-01 11:15:38.091] [settingssync] [info] GlobalState: No changes found during synchronizing ui state.
[2021-12-01 11:15:38.142] [settingssync] [info] Extensions: No changes found during synchronizing extensions.
[2021-12-01 11:15:38.143] [settingssync] [info] Sync done. Took 91ms
[2021-12-01 11:20:38.155] [settingssync] [info] Auto Sync: Triggered by Interval
[2021-12-01 11:20:38.513] [settingssync] [info] Settings: No changes found during synchronizing settings.
[2021-12-01 11:20:38.514] [settingssync] [info] Keybindings: No changes found during synchronizing keybindings.
[2021-12-01 11:20:38.518] [settingssync] [info] Snippets: No changes found during synchronizing snippets.
[2021-12-01 11:20:38.545] [settingssync] [info] GlobalState: No changes found during synchronizing ui state.
[2021-12-01 11:20:38.599] [settingssync] [info] Extensions: No changes found during synchronizing extensions.
[2021-12-01 11:20:38.599] [settingssync] [info] Sync done. Took 98ms
[2021-12-01 11:25:38.601] [settingssync] [info] Auto Sync: Triggered by Interval
[2021-12-01 11:25:38.994] [settingssync] [info] Settings: No changes found during synchronizing settings.
[2021-12-01 11:25:38.995] [settingssync] [info] Keybindings: No changes found during synchronizing keybindings.
[2021-12-01 11:25:38.997] [settingssync] [info] Snippets: No changes found during synchronizing snippets.
[2021-12-01 11:25:39.015] [settingssync] [info] GlobalState: No changes found during synchronizing ui state.
[2021-12-01 11:25:39.050] [settingssync] [info] Extensions: No changes found during synchronizing extensions.
[2021-12-01 11:25:39.051] [settingssync] [info] Sync done. Took 77ms
[2021-12-01 11:30:39.053] [settingssync] [info] Auto Sync: Triggered by Interval
[2021-12-01 11:30:39.452] [settingssync] [info] Settings: No changes found during synchronizing settings.
[2021-12-01 11:30:39.453] [settingssync] [info] Keybindings: No changes found during synchronizing keybindings.
[2021-12-01 11:30:39.455] [settingssync] [info] Snippets: No changes found during synchronizing snippets.
[2021-12-01 11:30:39.475] [settingssync] [info] GlobalState: No changes found during synchronizing ui state.
[2021-12-01 11:30:39.512] [settingssync] [info] Extensions: No changes found during synchronizing extensions.
[2021-12-01 11:30:39.514] [settingssync] [info] Sync done. Took 87ms
[2021-12-01 11:35:39.515] [settingssync] [info] Auto Sync: Triggered by Interval
[2021-12-01 11:35:40.255] [settingssync] [info] Settings: No changes found during synchronizing settings.
[2021-12-01 11:35:40.256] [settingssync] [info] Keybindings: No changes found during synchronizing keybindings.
[2021-12-01 11:35:40.259] [settingssync] [info] Snippets: No changes found during synchronizing snippets.
[2021-12-01 11:35:40.278] [settingssync] [info] GlobalState: No changes found during synchronizing ui state.
[2021-12-01 11:35:40.317] [settingssync] [info] Extensions: No changes found during synchronizing extensions.
[2021-12-01 11:35:40.322] [settingssync] [info] Sync done. Took 89ms
