["INFO" - 7:13:12 PM] Extension Name: esbenp.prettier-vscode.
["INFO" - 7:13:12 PM] Extension Version: 9.0.0.
["INFO" - 7:16:22 PM] Formatting file:///home/dotnet/Code/Dev/rewriter.com/frontend/src/components/Header/index.tsx
["INFO" - 7:16:22 PM] Using ignore file (if present) at /home/dotnet/Code/Dev/rewriter.com/.prettierignore
["INFO" - 7:16:22 PM] File Info:
{
  "ignored": false,
  "inferredParser": "typescript"
}
["INFO" - 7:16:22 PM] No local configuration (i.e. .prettierrc or .editorconfig) detected, falling back to VS Code configuration
["INFO" - 7:16:22 PM] Prettier Options:
{
  "arrowParens": "always",
  "bracketSpacing": true,
  "endOfLine": "lf",
  "htmlWhitespaceSensitivity": "css",
  "insertPragma": false,
  "jsxBracketSameLine": false,
  "jsxSingleQuote": false,
  "printWidth": 80,
  "proseWrap": "preserve",
  "quoteProps": "as-needed",
  "requirePragma": false,
  "semi": true,
  "singleQuote": false,
  "tabWidth": 2,
  "trailingComma": "es5",
  "useTabs": false,
  "vueIndentScriptAndStyle": false,
  "filepath": "/home/dotnet/Code/Dev/rewriter.com/frontend/src/components/Header/index.tsx",
  "parser": "typescript"
}
["INFO" - 7:16:22 PM] Formatting completed in 0.073ms.
["INFO" - 7:17:31 PM] Formatting file:///home/dotnet/Code/Dev/rewriter.com/frontend/src/components/Header/index.tsx
["INFO" - 7:17:31 PM] Using ignore file (if present) at /home/dotnet/Code/Dev/rewriter.com/.prettierignore
["INFO" - 7:17:31 PM] File Info:
{
  "ignored": false,
  "inferredParser": "typescript"
}
["INFO" - 7:17:31 PM] No local configuration (i.e. .prettierrc or .editorconfig) detected, falling back to VS Code configuration
["INFO" - 7:17:31 PM] Prettier Options:
{
  "arrowParens": "always",
  "bracketSpacing": true,
  "endOfLine": "lf",
  "htmlWhitespaceSensitivity": "css",
  "insertPragma": false,
  "jsxBracketSameLine": false,
  "jsxSingleQuote": false,
  "printWidth": 80,
  "proseWrap": "preserve",
  "quoteProps": "as-needed",
  "requirePragma": false,
  "semi": true,
  "singleQuote": false,
  "tabWidth": 2,
  "trailingComma": "es5",
  "useTabs": false,
  "vueIndentScriptAndStyle": false,
  "filepath": "/home/dotnet/Code/Dev/rewriter.com/frontend/src/components/Header/index.tsx",
  "parser": "typescript"
}
["INFO" - 7:17:31 PM] Formatting completed in 0.104ms.
["INFO" - 7:28:58 PM] Formatting file:///home/dotnet/Code/Dev/rewriter.com/frontend/src/components/Header/NavLinks.tsx
["INFO" - 7:28:58 PM] Using ignore file (if present) at /home/dotnet/Code/Dev/rewriter.com/.prettierignore
["INFO" - 7:28:58 PM] File Info:
{
  "ignored": false,
  "inferredParser": "typescript"
}
["INFO" - 7:28:58 PM] No local configuration (i.e. .prettierrc or .editorconfig) detected, falling back to VS Code configuration
["INFO" - 7:28:58 PM] Prettier Options:
{
  "arrowParens": "always",
  "bracketSpacing": true,
  "endOfLine": "lf",
  "htmlWhitespaceSensitivity": "css",
  "insertPragma": false,
  "jsxBracketSameLine": false,
  "jsxSingleQuote": false,
  "printWidth": 80,
  "proseWrap": "preserve",
  "quoteProps": "as-needed",
  "requirePragma": false,
  "semi": true,
  "singleQuote": false,
  "tabWidth": 2,
  "trailingComma": "es5",
  "useTabs": false,
  "vueIndentScriptAndStyle": false,
  "filepath": "/home/dotnet/Code/Dev/rewriter.com/frontend/src/components/Header/NavLinks.tsx",
  "parser": "typescript"
}
["INFO" - 7:28:58 PM] Formatting completed in 0.108ms.
["INFO" - 8:30:40 PM] Formatting file:///home/dotnet/Code/Dev/rewriter.com/frontend/src/components/Dashboard/index.tsx
["INFO" - 8:30:40 PM] Using ignore file (if present) at /home/dotnet/Code/Dev/rewriter.com/.prettierignore
["INFO" - 8:30:40 PM] File Info:
{
  "ignored": false,
  "inferredParser": "typescript"
}
["INFO" - 8:30:40 PM] No local configuration (i.e. .prettierrc or .editorconfig) detected, falling back to VS Code configuration
["INFO" - 8:30:40 PM] Prettier Options:
{
  "arrowParens": "always",
  "bracketSpacing": true,
  "endOfLine": "lf",
  "htmlWhitespaceSensitivity": "css",
  "insertPragma": false,
  "jsxBracketSameLine": false,
  "jsxSingleQuote": false,
  "printWidth": 80,
  "proseWrap": "preserve",
  "quoteProps": "as-needed",
  "requirePragma": false,
  "semi": true,
  "singleQuote": false,
  "tabWidth": 2,
  "trailingComma": "es5",
  "useTabs": false,
  "vueIndentScriptAndStyle": false,
  "filepath": "/home/dotnet/Code/Dev/rewriter.com/frontend/src/components/Dashboard/index.tsx",
  "parser": "typescript"
}
["INFO" - 8:30:40 PM] Formatting completed in 0.049ms.
["INFO" - 8:44:38 PM] Formatting file:///home/dotnet/Code/Dev/rewriter.com/frontend/src/components/Header/index.tsx
["INFO" - 8:44:38 PM] Using ignore file (if present) at /home/dotnet/Code/Dev/rewriter.com/.prettierignore
["INFO" - 8:44:38 PM] File Info:
{
  "ignored": false,
  "inferredParser": "typescript"
}
["INFO" - 8:44:38 PM] No local configuration (i.e. .prettierrc or .editorconfig) detected, falling back to VS Code configuration
["INFO" - 8:44:38 PM] Prettier Options:
{
  "arrowParens": "always",
  "bracketSpacing": true,
  "endOfLine": "lf",
  "htmlWhitespaceSensitivity": "css",
  "insertPragma": false,
  "jsxBracketSameLine": false,
  "jsxSingleQuote": false,
  "printWidth": 80,
  "proseWrap": "preserve",
  "quoteProps": "as-needed",
  "requirePragma": false,
  "semi": true,
  "singleQuote": false,
  "tabWidth": 2,
  "trailingComma": "es5",
  "useTabs": false,
  "vueIndentScriptAndStyle": false,
  "filepath": "/home/dotnet/Code/Dev/rewriter.com/frontend/src/components/Header/index.tsx",
  "parser": "typescript"
}
["INFO" - 8:44:38 PM] Formatting completed in 0.075ms.
