[2021-11-29 20:25:20.650] [exthost] [info] extension host started
[2021-11-29 20:25:20.650] [exthost] [info] Skipping acquiring lock for /home/dotnet/.config/Code/User/workspaceStorage/6475d6b31512b3c55b24e486862cf03f.
[2021-11-29 20:25:21.111] [exthost] [info] ExtensionService#_doActivateExtension vscode.microsoft-authentication, startup: false, activationEvent: 'onAuthenticationRequest:microsoft'
[2021-11-29 20:25:21.111] [exthost] [info] ExtensionService#loadCommonJSModule file:///usr/share/code/resources/app/extensions/microsoft-authentication/dist/extension.js
[2021-11-29 20:25:21.134] [exthost] [info] ExtensionService#_doActivateExtension octref.vetur, startup: false, activationEvent: 'onLanguage:vue'
[2021-11-29 20:25:21.134] [exthost] [info] ExtensionService#loadCommonJSModule file:///home/dotnet/.vscode/extensions/octref.vetur-0.35.0/dist/vueMain.js
[2021-11-29 20:25:21.190] [exthost] [info] ExtensionService#_doActivateExtension wix.vscode-import-cost, startup: false, activationEvent: 'onLanguage:vue'
[2021-11-29 20:25:21.190] [exthost] [info] ExtensionService#loadCommonJSModule file:///home/dotnet/.vscode/extensions/wix.vscode-import-cost-2.15.0/out/extension.js
[2021-11-29 20:25:21.853] [exthost] [info] ExtensionService#_doActivateExtension vscode.debug-auto-launch, startup: true, activationEvent: '*'
[2021-11-29 20:25:21.854] [exthost] [info] ExtensionService#loadCommonJSModule file:///usr/share/code/resources/app/extensions/debug-auto-launch/dist/extension
[2021-11-29 20:25:21.857] [exthost] [info] ExtensionService#_doActivateExtension vscode.git, startup: true, activationEvent: '*', root cause: vscode.github
[2021-11-29 20:25:21.857] [exthost] [info] ExtensionService#loadCommonJSModule file:///usr/share/code/resources/app/extensions/git/dist/main
[2021-11-29 20:25:21.894] [exthost] [info] ExtensionService#_doActivateExtension asvetliakov.vscode-neovim, startup: true, activationEvent: '*'
[2021-11-29 20:25:21.894] [exthost] [info] ExtensionService#loadCommonJSModule file:///home/dotnet/.vscode/extensions/asvetliakov.vscode-neovim-0.0.82/dist/extension.js
[2021-11-29 20:25:21.928] [exthost] [info] ExtensionService#_doActivateExtension Atishay-Jain.All-Autocomplete, startup: true, activationEvent: '*'
[2021-11-29 20:25:21.928] [exthost] [info] ExtensionService#loadCommonJSModule file:///home/dotnet/.vscode/extensions/atishay-jain.all-autocomplete-0.0.23/dist/extension
[2021-11-29 20:25:21.937] [exthost] [info] ExtensionService#_doActivateExtension CoenraadS.bracket-pair-colorizer, startup: true, activationEvent: '*'
[2021-11-29 20:25:21.937] [exthost] [info] ExtensionService#loadCommonJSModule file:///home/dotnet/.vscode/extensions/coenraads.bracket-pair-colorizer-1.0.61/out/src/extension
[2021-11-29 20:25:21.969] [exthost] [info] ExtensionService#_doActivateExtension dariofuzinato.vue-peek, startup: true, activationEvent: '*'
[2021-11-29 20:25:21.969] [exthost] [info] ExtensionService#loadCommonJSModule file:///home/dotnet/.vscode/extensions/dariofuzinato.vue-peek-1.0.2/out/src/extension
[2021-11-29 20:25:21.973] [exthost] [info] ExtensionService#_doActivateExtension EditorConfig.EditorConfig, startup: true, activationEvent: '*'
[2021-11-29 20:25:21.973] [exthost] [info] ExtensionService#loadCommonJSModule file:///home/dotnet/.vscode/extensions/editorconfig.editorconfig-0.16.4/out/editorConfigMain.js
[2021-11-29 20:25:22.001] [exthost] [info] ExtensionService#_doActivateExtension Equinusocio.vsc-material-theme, startup: true, activationEvent: '*'
[2021-11-29 20:25:22.001] [exthost] [info] ExtensionService#loadCommonJSModule file:///home/dotnet/.vscode/extensions/equinusocio.vsc-material-theme-33.2.2/build/material.theme.config
[2021-11-29 20:25:22.016] [exthost] [info] ExtensionService#_doActivateExtension equinusocio.vsc-material-theme-icons, startup: true, activationEvent: '*'
[2021-11-29 20:25:22.016] [exthost] [info] ExtensionService#loadCommonJSModule file:///home/dotnet/.vscode/extensions/equinusocio.vsc-material-theme-icons-2.2.1/out/src/extension
[2021-11-29 20:25:22.064] [exthost] [info] ExtensionService#_doActivateExtension formulahendry.auto-close-tag, startup: true, activationEvent: '*'
[2021-11-29 20:25:22.064] [exthost] [info] ExtensionService#loadCommonJSModule file:///home/dotnet/.vscode/extensions/formulahendry.auto-close-tag-0.5.13/out/src/extension
[2021-11-29 20:25:22.067] [exthost] [info] ExtensionService#_doActivateExtension formulahendry.auto-rename-tag, startup: true, activationEvent: '*'
[2021-11-29 20:25:22.067] [exthost] [info] ExtensionService#loadCommonJSModule file:///home/dotnet/.vscode/extensions/formulahendry.auto-rename-tag-0.1.9/packages/extension/dist/extensionMain.js
[2021-11-29 20:25:22.073] [exthost] [info] ExtensionService#_doActivateExtension mohamedbenhida.laravel-intellisense, startup: true, activationEvent: '*'
[2021-11-29 20:25:22.073] [exthost] [info] ExtensionService#loadCommonJSModule file:///home/dotnet/.vscode/extensions/mohamedbenhida.laravel-intellisense-0.2.0/dist/extension.js
[2021-11-29 20:25:22.079] [exthost] [info] ExtensionService#_doActivateExtension ms-vscode.sublime-keybindings, startup: true, activationEvent: '*'
[2021-11-29 20:25:22.079] [exthost] [info] ExtensionService#loadCommonJSModule file:///home/dotnet/.vscode/extensions/ms-vscode.sublime-keybindings-4.0.10/dist/extension.js
[2021-11-29 20:25:22.082] [exthost] [info] ExtensionService#_doActivateExtension naumovs.color-highlight, startup: true, activationEvent: '*'
[2021-11-29 20:25:22.082] [exthost] [info] ExtensionService#loadCommonJSModule file:///home/dotnet/.vscode/extensions/naumovs.color-highlight-2.5.0/dist/extension-node.js
[2021-11-29 20:25:22.087] [exthost] [info] ExtensionService#_doActivateExtension stef-k.laravel-goto-controller, startup: true, activationEvent: '*'
[2021-11-29 20:25:22.087] [exthost] [info] ExtensionService#loadCommonJSModule file:///home/dotnet/.vscode/extensions/stef-k.laravel-goto-controller-0.0.15/out/extension
[2021-11-29 20:25:22.090] [exthost] [info] ExtensionService#_doActivateExtension wayou.vscode-todo-highlight, startup: true, activationEvent: '*'
[2021-11-29 20:25:22.090] [exthost] [info] ExtensionService#loadCommonJSModule file:///home/dotnet/.vscode/extensions/wayou.vscode-todo-highlight-1.0.5/src/extension
[2021-11-29 20:25:22.092] [exthost] [info] ExtensionService#_doActivateExtension vscode.npm, startup: true, activationEvent: 'workspaceContains:package.json'
[2021-11-29 20:25:22.092] [exthost] [info] ExtensionService#loadCommonJSModule file:///usr/share/code/resources/app/extensions/npm/dist/npmMain
[2021-11-29 20:25:24.037] [exthost] [info] ExtensionService#_doActivateExtension ms-vscode.js-debug, startup: false, activationEvent: 'onCommand:extension.js-debug.clearAutoAttachVariables'
[2021-11-29 20:25:24.037] [exthost] [info] ExtensionService#loadCommonJSModule file:///usr/share/code/resources/app/extensions/ms-vscode.js-debug/src/extension.js
[2021-11-29 20:25:24.317] [exthost] [info] ExtensionService#_doActivateExtension vscode.github, startup: false, activationEvent: '*'
[2021-11-29 20:25:24.317] [exthost] [info] ExtensionService#loadCommonJSModule file:///usr/share/code/resources/app/extensions/github/dist/extension.js
[2021-11-29 20:25:24.894] [exthost] [info] ExtensionService#_doActivateExtension vscode.github-authentication, startup: false, activationEvent: 'onAuthenticationRequest:github'
[2021-11-29 20:25:24.894] [exthost] [info] ExtensionService#loadCommonJSModule file:///usr/share/code/resources/app/extensions/github-authentication/dist/extension.js
[2021-11-29 20:25:25.217] [exthost] [info] eager extensions activated
[2021-11-29 20:25:25.222] [exthost] [info] ExtensionService#_doActivateExtension vscode.emmet, startup: false, activationEvent: 'onStartupFinished'
[2021-11-29 20:25:25.223] [exthost] [info] ExtensionService#loadCommonJSModule file:///usr/share/code/resources/app/extensions/emmet/dist/node/emmetNodeMain
[2021-11-29 20:25:25.232] [exthost] [info] ExtensionService#_doActivateExtension vscode.merge-conflict, startup: false, activationEvent: 'onStartupFinished'
[2021-11-29 20:25:25.232] [exthost] [info] ExtensionService#loadCommonJSModule file:///usr/share/code/resources/app/extensions/merge-conflict/dist/mergeConflictMain
[2021-11-29 20:25:25.235] [exthost] [info] ExtensionService#_doActivateExtension dbaeumer.vscode-eslint, startup: false, activationEvent: 'onStartupFinished'
[2021-11-29 20:25:25.235] [exthost] [info] ExtensionService#loadCommonJSModule file:///home/dotnet/.vscode/extensions/dbaeumer.vscode-eslint-2.2.2/client/out/extension
[2021-11-29 20:25:25.251] [exthost] [info] ExtensionService#_doActivateExtension eamodio.gitlens, startup: false, activationEvent: 'onStartupFinished'
[2021-11-29 20:25:25.251] [exthost] [info] ExtensionService#loadCommonJSModule file:///home/dotnet/.vscode/extensions/eamodio.gitlens-11.6.1/dist/gitlens
[2021-11-29 20:25:25.355] [exthost] [info] ExtensionService#_doActivateExtension esbenp.prettier-vscode, startup: false, activationEvent: 'onStartupFinished'
[2021-11-29 20:25:25.355] [exthost] [info] ExtensionService#loadCommonJSModule file:///home/dotnet/.vscode/extensions/esbenp.prettier-vscode-9.0.0/dist/extension
[2021-11-29 20:25:31.700] [exthost] [info] ExtensionService#_doActivateExtension vscode.configuration-editing, startup: false, activationEvent: 'onLanguage:jsonc'
[2021-11-29 20:25:31.700] [exthost] [info] ExtensionService#loadCommonJSModule file:///usr/share/code/resources/app/extensions/configuration-editing/dist/configurationEditingMain
[2021-11-29 20:25:31.705] [exthost] [info] ExtensionService#_doActivateExtension vscode.json-language-features, startup: false, activationEvent: 'onLanguage:jsonc'
[2021-11-29 20:25:31.705] [exthost] [info] ExtensionService#loadCommonJSModule file:///usr/share/code/resources/app/extensions/json-language-features/client/dist/node/jsonClientMain
[2021-11-29 20:25:31.740] [exthost] [info] ExtensionService#_doActivateExtension vscode.typescript-language-features, startup: false, activationEvent: 'onLanguage:jsonc'
[2021-11-29 20:25:31.740] [exthost] [info] ExtensionService#loadCommonJSModule file:///usr/share/code/resources/app/extensions/typescript-language-features/dist/extension
[2021-11-29 20:28:54.526] [exthost] [info] ExtensionService#_doActivateExtension Angular.ng-template, startup: false, activationEvent: 'onLanguage:typescript'
[2021-11-29 20:28:54.526] [exthost] [info] ExtensionService#loadCommonJSModule file:///home/dotnet/.vscode/extensions/angular.ng-template-13.0.0/index
[2021-11-29 20:28:54.768] [exthost] [info] ExtensionService#_doActivateExtension christian-kohler.npm-intellisense, startup: false, activationEvent: 'onLanguage:typescript'
[2021-11-29 20:28:54.768] [exthost] [info] ExtensionService#loadCommonJSModule file:///home/dotnet/.vscode/extensions/christian-kohler.npm-intellisense-1.4.0/out/src/extension
[2021-11-29 20:28:54.791] [exthost] [info] ExtensionService#_doActivateExtension steoates.autoimport, startup: false, activationEvent: 'onLanguage:typescript'
[2021-11-29 20:28:54.791] [exthost] [info] ExtensionService#loadCommonJSModule file:///home/dotnet/.vscode/extensions/steoates.autoimport-1.5.4/out/src/extension
[2021-11-29 20:29:14.254] [exthost] [warning] TextEditor is closed/disposed
[2021-11-29 20:29:14.254] [exthost] [warning] TextEditor is closed/disposed
[2021-11-29 20:31:55.608] [exthost] [info] extension host terminating: renderer closed the socket
[2021-11-29 20:31:56.654] [exthost] [info] exiting with code 0
