[2021-11-29 21:31:05.842] [exthost] [info] extension host started
[2021-11-29 21:31:05.842] [exthost] [info] Skipping acquiring lock for /home/dotnet/.config/Code/User/workspaceStorage/6475d6b31512b3c55b24e486862cf03f.
[2021-11-29 21:31:06.130] [exthost] [info] ExtensionService#_doActivateExtension vscode.microsoft-authentication, startup: false, activationEvent: 'onAuthenticationRequest:microsoft'
[2021-11-29 21:31:06.130] [exthost] [info] ExtensionService#loadCommonJSModule file:///usr/share/code/resources/app/extensions/microsoft-authentication/dist/extension.js
[2021-11-29 21:31:06.143] [exthost] [info] ExtensionService#_doActivateExtension octref.vetur, startup: false, activationEvent: 'onLanguage:vue'
[2021-11-29 21:31:06.143] [exthost] [info] ExtensionService#loadCommonJSModule file:///home/dotnet/.vscode/extensions/octref.vetur-0.35.0/dist/vueMain.js
[2021-11-29 21:31:06.184] [exthost] [info] ExtensionService#_doActivateExtension wix.vscode-import-cost, startup: false, activationEvent: 'onLanguage:vue'
[2021-11-29 21:31:06.184] [exthost] [info] ExtensionService#loadCommonJSModule file:///home/dotnet/.vscode/extensions/wix.vscode-import-cost-2.15.0/out/extension.js
[2021-11-29 21:31:06.484] [exthost] [info] ExtensionService#_doActivateExtension vscode.debug-auto-launch, startup: true, activationEvent: '*'
[2021-11-29 21:31:06.484] [exthost] [info] ExtensionService#loadCommonJSModule file:///usr/share/code/resources/app/extensions/debug-auto-launch/dist/extension
[2021-11-29 21:31:06.486] [exthost] [info] ExtensionService#_doActivateExtension vscode.git, startup: true, activationEvent: '*', root cause: vscode.github
[2021-11-29 21:31:06.486] [exthost] [info] ExtensionService#loadCommonJSModule file:///usr/share/code/resources/app/extensions/git/dist/main
[2021-11-29 21:31:06.504] [exthost] [info] ExtensionService#_doActivateExtension Atishay-Jain.All-Autocomplete, startup: true, activationEvent: '*'
[2021-11-29 21:31:06.504] [exthost] [info] ExtensionService#loadCommonJSModule file:///home/dotnet/.vscode/extensions/atishay-jain.all-autocomplete-0.0.23/dist/extension
[2021-11-29 21:31:06.505] [exthost] [info] ExtensionService#_doActivateExtension CoenraadS.bracket-pair-colorizer, startup: true, activationEvent: '*'
[2021-11-29 21:31:06.505] [exthost] [info] ExtensionService#loadCommonJSModule file:///home/dotnet/.vscode/extensions/coenraads.bracket-pair-colorizer-1.0.61/out/src/extension
[2021-11-29 21:31:06.519] [exthost] [info] ExtensionService#_doActivateExtension EditorConfig.EditorConfig, startup: true, activationEvent: '*'
[2021-11-29 21:31:06.519] [exthost] [info] ExtensionService#loadCommonJSModule file:///home/dotnet/.vscode/extensions/editorconfig.editorconfig-0.16.4/out/editorConfigMain.js
[2021-11-29 21:31:06.533] [exthost] [info] ExtensionService#_doActivateExtension Equinusocio.vsc-material-theme, startup: true, activationEvent: '*'
[2021-11-29 21:31:06.533] [exthost] [info] ExtensionService#loadCommonJSModule file:///home/dotnet/.vscode/extensions/equinusocio.vsc-material-theme-33.2.2/build/material.theme.config
[2021-11-29 21:31:06.538] [exthost] [info] ExtensionService#_doActivateExtension equinusocio.vsc-material-theme-icons, startup: true, activationEvent: '*'
[2021-11-29 21:31:06.538] [exthost] [info] ExtensionService#loadCommonJSModule file:///home/dotnet/.vscode/extensions/equinusocio.vsc-material-theme-icons-2.2.1/out/src/extension
[2021-11-29 21:31:06.563] [exthost] [info] ExtensionService#_doActivateExtension formulahendry.auto-close-tag, startup: true, activationEvent: '*'
[2021-11-29 21:31:06.564] [exthost] [info] ExtensionService#loadCommonJSModule file:///home/dotnet/.vscode/extensions/formulahendry.auto-close-tag-0.5.13/out/src/extension
[2021-11-29 21:31:06.565] [exthost] [info] ExtensionService#_doActivateExtension formulahendry.auto-rename-tag, startup: true, activationEvent: '*'
[2021-11-29 21:31:06.565] [exthost] [info] ExtensionService#loadCommonJSModule file:///home/dotnet/.vscode/extensions/formulahendry.auto-rename-tag-0.1.9/packages/extension/dist/extensionMain.js
[2021-11-29 21:31:06.581] [exthost] [info] ExtensionService#_doActivateExtension mohamedbenhida.laravel-intellisense, startup: true, activationEvent: '*'
[2021-11-29 21:31:06.581] [exthost] [info] ExtensionService#loadCommonJSModule file:///home/dotnet/.vscode/extensions/mohamedbenhida.laravel-intellisense-0.2.0/dist/extension.js
[2021-11-29 21:31:06.587] [exthost] [info] ExtensionService#_doActivateExtension ms-vscode.sublime-keybindings, startup: true, activationEvent: '*'
[2021-11-29 21:31:06.587] [exthost] [info] ExtensionService#loadCommonJSModule file:///home/dotnet/.vscode/extensions/ms-vscode.sublime-keybindings-4.0.10/dist/extension.js
[2021-11-29 21:31:06.589] [exthost] [info] ExtensionService#_doActivateExtension naumovs.color-highlight, startup: true, activationEvent: '*'
[2021-11-29 21:31:06.589] [exthost] [info] ExtensionService#loadCommonJSModule file:///home/dotnet/.vscode/extensions/naumovs.color-highlight-2.5.0/dist/extension-node.js
[2021-11-29 21:31:06.600] [exthost] [info] ExtensionService#_doActivateExtension stef-k.laravel-goto-controller, startup: true, activationEvent: '*'
[2021-11-29 21:31:06.600] [exthost] [info] ExtensionService#loadCommonJSModule file:///home/dotnet/.vscode/extensions/stef-k.laravel-goto-controller-0.0.15/out/extension
[2021-11-29 21:31:06.603] [exthost] [info] ExtensionService#_doActivateExtension vscodevim.vim, startup: true, activationEvent: '*'
[2021-11-29 21:31:06.603] [exthost] [info] ExtensionService#loadCommonJSModule file:///home/dotnet/.vscode/extensions/vscodevim.vim-1.21.10/out/extension
[2021-11-29 21:31:06.695] [exthost] [info] ExtensionService#_doActivateExtension vscode.npm, startup: true, activationEvent: 'workspaceContains:package.json'
[2021-11-29 21:31:06.695] [exthost] [info] ExtensionService#loadCommonJSModule file:///usr/share/code/resources/app/extensions/npm/dist/npmMain
[2021-11-29 21:31:08.750] [exthost] [info] ExtensionService#_doActivateExtension ms-vscode.js-debug, startup: false, activationEvent: 'onCommand:extension.js-debug.clearAutoAttachVariables'
[2021-11-29 21:31:08.750] [exthost] [info] ExtensionService#loadCommonJSModule file:///usr/share/code/resources/app/extensions/ms-vscode.js-debug/src/extension.js
[2021-11-29 21:31:09.021] [exthost] [info] ExtensionService#_doActivateExtension vscode.github, startup: false, activationEvent: '*'
[2021-11-29 21:31:09.021] [exthost] [info] ExtensionService#loadCommonJSModule file:///usr/share/code/resources/app/extensions/github/dist/extension.js
[2021-11-29 21:31:09.191] [exthost] [info] ExtensionService#_doActivateExtension vscode.github-authentication, startup: false, activationEvent: 'onAuthenticationRequest:github'
[2021-11-29 21:31:09.191] [exthost] [info] ExtensionService#loadCommonJSModule file:///usr/share/code/resources/app/extensions/github-authentication/dist/extension.js
[2021-11-29 21:31:09.234] [exthost] [info] eager extensions activated
[2021-11-29 21:31:09.265] [exthost] [info] ExtensionService#_doActivateExtension vscode.emmet, startup: false, activationEvent: 'onStartupFinished'
[2021-11-29 21:31:09.265] [exthost] [info] ExtensionService#loadCommonJSModule file:///usr/share/code/resources/app/extensions/emmet/dist/node/emmetNodeMain
[2021-11-29 21:31:09.270] [exthost] [info] ExtensionService#_doActivateExtension vscode.merge-conflict, startup: false, activationEvent: 'onStartupFinished'
[2021-11-29 21:31:09.270] [exthost] [info] ExtensionService#loadCommonJSModule file:///usr/share/code/resources/app/extensions/merge-conflict/dist/mergeConflictMain
[2021-11-29 21:31:09.271] [exthost] [info] ExtensionService#_doActivateExtension bradlc.vscode-tailwindcss, startup: false, activationEvent: 'onStartupFinished'
[2021-11-29 21:31:09.271] [exthost] [info] ExtensionService#loadCommonJSModule file:///home/dotnet/.vscode/extensions/bradlc.vscode-tailwindcss-0.7.2/dist/extension/index.js
[2021-11-29 21:31:09.287] [exthost] [info] ExtensionService#_doActivateExtension dbaeumer.vscode-eslint, startup: false, activationEvent: 'onStartupFinished'
[2021-11-29 21:31:09.287] [exthost] [info] ExtensionService#loadCommonJSModule file:///home/dotnet/.vscode/extensions/dbaeumer.vscode-eslint-2.2.2/client/out/extension
[2021-11-29 21:31:09.297] [exthost] [info] ExtensionService#_doActivateExtension eamodio.gitlens, startup: false, activationEvent: 'onStartupFinished'
[2021-11-29 21:31:09.297] [exthost] [info] ExtensionService#loadCommonJSModule file:///home/dotnet/.vscode/extensions/eamodio.gitlens-11.6.1/dist/gitlens
[2021-11-29 21:31:09.377] [exthost] [info] ExtensionService#_doActivateExtension esbenp.prettier-vscode, startup: false, activationEvent: 'onStartupFinished'
[2021-11-29 21:31:09.377] [exthost] [info] ExtensionService#loadCommonJSModule file:///home/dotnet/.vscode/extensions/esbenp.prettier-vscode-9.0.0/dist/extension
[2021-11-29 21:31:16.316] [exthost] [info] ExtensionService#_doActivateExtension vscode.configuration-editing, startup: false, activationEvent: 'onLanguage:jsonc'
[2021-11-29 21:31:16.316] [exthost] [info] ExtensionService#loadCommonJSModule file:///usr/share/code/resources/app/extensions/configuration-editing/dist/configurationEditingMain
[2021-11-29 21:31:16.318] [exthost] [info] ExtensionService#_doActivateExtension vscode.json-language-features, startup: false, activationEvent: 'onLanguage:jsonc'
[2021-11-29 21:31:16.318] [exthost] [info] ExtensionService#loadCommonJSModule file:///usr/share/code/resources/app/extensions/json-language-features/client/dist/node/jsonClientMain
[2021-11-29 21:31:16.340] [exthost] [info] ExtensionService#_doActivateExtension vscode.typescript-language-features, startup: false, activationEvent: 'onLanguage:jsonc'
[2021-11-29 21:31:16.340] [exthost] [info] ExtensionService#loadCommonJSModule file:///usr/share/code/resources/app/extensions/typescript-language-features/dist/extension
[2021-11-29 21:36:06.960] [exthost] [warning] TextEditor is closed/disposed
[2021-11-29 21:36:13.918] [exthost] [warning] TextEditor is closed/disposed
[2021-11-29 21:36:13.918] [exthost] [warning] TextEditor is closed/disposed
[2021-11-29 21:47:17.691] [exthost] [info] ExtensionService#_doActivateExtension christian-kohler.npm-intellisense, startup: false, activationEvent: 'onLanguage:javascript'
[2021-11-29 21:47:17.692] [exthost] [info] ExtensionService#loadCommonJSModule file:///home/dotnet/.vscode/extensions/christian-kohler.npm-intellisense-1.4.0/out/src/extension
[2021-11-29 21:47:41.663] [exthost] [warning] TextEditor is closed/disposed
[2021-11-29 21:47:41.663] [exthost] [warning] TextEditor is closed/disposed
[2021-11-29 21:47:49.087] [exthost] [warning] TextEditor is closed/disposed
[2021-11-29 21:48:21.770] [exthost] [warning] TextEditor is closed/disposed
[2021-11-29 21:48:21.846] [exthost] [warning] TextEditor is closed/disposed
[2021-11-29 21:48:21.846] [exthost] [warning] TextEditor is closed/disposed
[2021-11-29 21:48:40.180] [exthost] [info] ExtensionService#_doActivateExtension Angular.ng-template, startup: false, activationEvent: 'onLanguage:typescript'
[2021-11-29 21:48:40.180] [exthost] [info] ExtensionService#loadCommonJSModule file:///home/dotnet/.vscode/extensions/angular.ng-template-13.0.0/index
[2021-11-29 21:48:40.292] [exthost] [info] ExtensionService#_doActivateExtension steoates.autoimport, startup: false, activationEvent: 'onLanguage:typescript'
[2021-11-29 21:48:40.293] [exthost] [info] ExtensionService#loadCommonJSModule file:///home/dotnet/.vscode/extensions/steoates.autoimport-1.5.4/out/src/extension
[2021-11-29 21:48:42.476] [exthost] [error] [octref.vetur] provider FAILED
[2021-11-29 21:48:42.479] [exthost] [error] Error: Request textDocument/semanticTokens/full failed with message: Cannot read property 'flags' of undefined
    at /home/dotnet/.vscode/extensions/octref.vetur-0.35.0/dist/vueMain.js:1:64858
    at /home/dotnet/.vscode/extensions/octref.vetur-0.35.0/dist/vueMain.js:1:65153
    at Immediate.<anonymous> (/home/dotnet/.vscode/extensions/octref.vetur-0.35.0/dist/vueMain.js:1:65518)
    at processImmediate (internal/timers.js:461:21)
[2021-11-29 21:48:42.490] [exthost] [error] [octref.vetur] provider FAILED
[2021-11-29 21:48:42.490] [exthost] [error] Error: Request textDocument/semanticTokens/range failed with message: Cannot read property 'flags' of undefined
    at /home/dotnet/.vscode/extensions/octref.vetur-0.35.0/dist/vueMain.js:1:64858
    at /home/dotnet/.vscode/extensions/octref.vetur-0.35.0/dist/vueMain.js:1:65153
    at Immediate.<anonymous> (/home/dotnet/.vscode/extensions/octref.vetur-0.35.0/dist/vueMain.js:1:65518)
    at processImmediate (internal/timers.js:461:21)
[2021-11-29 21:48:42.757] [exthost] [error] [octref.vetur] provider FAILED
[2021-11-29 21:48:42.757] [exthost] [error] Error: Request textDocument/semanticTokens/range failed with message: Cannot read property 'flags' of undefined
    at /home/dotnet/.vscode/extensions/octref.vetur-0.35.0/dist/vueMain.js:1:64858
    at /home/dotnet/.vscode/extensions/octref.vetur-0.35.0/dist/vueMain.js:1:65153
    at Immediate.<anonymous> (/home/dotnet/.vscode/extensions/octref.vetur-0.35.0/dist/vueMain.js:1:65518)
    at processImmediate (internal/timers.js:461:21)
[2021-11-29 21:48:43.011] [exthost] [error] [octref.vetur] provider FAILED
[2021-11-29 21:48:43.011] [exthost] [error] Error: Request textDocument/semanticTokens/range failed with message: Cannot read property 'flags' of undefined
    at /home/dotnet/.vscode/extensions/octref.vetur-0.35.0/dist/vueMain.js:1:64858
    at /home/dotnet/.vscode/extensions/octref.vetur-0.35.0/dist/vueMain.js:1:65153
    at Immediate.<anonymous> (/home/dotnet/.vscode/extensions/octref.vetur-0.35.0/dist/vueMain.js:1:65518)
    at processImmediate (internal/timers.js:461:21)
[2021-11-29 21:53:13.394] [exthost] [warning] TextEditor is closed/disposed
[2021-11-29 21:54:16.769] [exthost] [info] ExtensionService#_doActivateExtension vscode.css-language-features, startup: false, activationEvent: 'onLanguage:css'
[2021-11-29 21:54:16.769] [exthost] [info] ExtensionService#loadCommonJSModule file:///usr/share/code/resources/app/extensions/css-language-features/client/dist/node/cssClientMain
[2021-11-29 21:56:17.961] [exthost] [error] [octref.vetur] provider FAILED
[2021-11-29 21:56:17.961] [exthost] [error] Error: Request textDocument/documentHighlight failed with message: Debug Failure.
    at /home/dotnet/.vscode/extensions/octref.vetur-0.35.0/dist/vueMain.js:1:64858
    at /home/dotnet/.vscode/extensions/octref.vetur-0.35.0/dist/vueMain.js:1:65153
    at Immediate.<anonymous> (/home/dotnet/.vscode/extensions/octref.vetur-0.35.0/dist/vueMain.js:1:65518)
    at processImmediate (internal/timers.js:461:21)
[2021-11-29 21:56:18.075] [exthost] [error] [octref.vetur] provider FAILED
[2021-11-29 21:56:18.075] [exthost] [error] Error: Request textDocument/documentHighlight failed with message: Debug Failure.
    at /home/dotnet/.vscode/extensions/octref.vetur-0.35.0/dist/vueMain.js:1:64858
    at /home/dotnet/.vscode/extensions/octref.vetur-0.35.0/dist/vueMain.js:1:65153
    at Immediate.<anonymous> (/home/dotnet/.vscode/extensions/octref.vetur-0.35.0/dist/vueMain.js:1:65518)
    at processImmediate (internal/timers.js:461:21)
[2021-11-29 22:03:34.459] [exthost] [warning] TextEditor is closed/disposed
[2021-11-29 22:03:40.560] [exthost] [error] [Atishay-Jain.All-Autocomplete] provider FAILED
[2021-11-29 22:03:40.562] [exthost] [error] TypeError: Cannot read property 'push' of undefined
    at /home/dotnet/.vscode/extensions/atishay-jain.all-autocomplete-0.0.23/dist/extension.js:1:11378
    at Array.forEach (<anonymous>)
    at Object.provideCompletionItems (/home/dotnet/.vscode/extensions/atishay-jain.all-autocomplete-0.0.23/dist/extension.js:1:11315)
    at U.provideCompletionItems (/usr/share/code/resources/app/out/vs/workbench/services/extensions/node/extensionHostProcess.js:94:180724)
    at /usr/share/code/resources/app/out/vs/workbench/services/extensions/node/extensionHostProcess.js:94:200950
    at xe._withAdapter (/usr/share/code/resources/app/out/vs/workbench/services/extensions/node/extensionHostProcess.js:94:191024)
    at xe.$provideCompletionItems (/usr/share/code/resources/app/out/vs/workbench/services/extensions/node/extensionHostProcess.js:94:200926)
    at i._doInvokeHandler (/usr/share/code/resources/app/out/vs/workbench/services/extensions/node/extensionHostProcess.js:98:13802)
    at i._invokeHandler (/usr/share/code/resources/app/out/vs/workbench/services/extensions/node/extensionHostProcess.js:98:13486)
    at i._receiveRequest (/usr/share/code/resources/app/out/vs/workbench/services/extensions/node/extensionHostProcess.js:98:12097)
    at i._receiveOneMessage (/usr/share/code/resources/app/out/vs/workbench/services/extensions/node/extensionHostProcess.js:98:10826)
    at /usr/share/code/resources/app/out/vs/workbench/services/extensions/node/extensionHostProcess.js:98:8922
    at a.fire (/usr/share/code/resources/app/out/vs/workbench/services/extensions/node/extensionHostProcess.js:66:1712)
    at l.fire (/usr/share/code/resources/app/out/vs/workbench/services/extensions/node/extensionHostProcess.js:74:15990)
    at /usr/share/code/resources/app/out/vs/workbench/services/extensions/node/extensionHostProcess.js:113:30514
    at a.fire (/usr/share/code/resources/app/out/vs/workbench/services/extensions/node/extensionHostProcess.js:66:1712)
    at l.fire (/usr/share/code/resources/app/out/vs/workbench/services/extensions/node/extensionHostProcess.js:74:15990)
    at u._receiveMessage (/usr/share/code/resources/app/out/vs/workbench/services/extensions/node/extensionHostProcess.js:74:21260)
    at /usr/share/code/resources/app/out/vs/workbench/services/extensions/node/extensionHostProcess.js:74:18138
    at a.fire (/usr/share/code/resources/app/out/vs/workbench/services/extensions/node/extensionHostProcess.js:66:1712)
    at w.acceptChunk (/usr/share/code/resources/app/out/vs/workbench/services/extensions/node/extensionHostProcess.js:74:13351)
    at /usr/share/code/resources/app/out/vs/workbench/services/extensions/node/extensionHostProcess.js:74:12699
    at Socket.v (/usr/share/code/resources/app/out/vs/workbench/services/extensions/node/extensionHostProcess.js:113:13465)
    at Socket.emit (events.js:315:20)
    at Socket.EventEmitter.emit (domain.js:467:12)
    at addChunk (internal/streams/readable.js:309:12)
    at readableAddChunk (internal/streams/readable.js:284:9)
    at Socket.Readable.push (internal/streams/readable.js:223:10)
    at Pipe.onStreamRead (internal/stream_base_commons.js:188:23)
[2021-11-29 22:08:09.863] [exthost] [warning] TextEditor is closed/disposed
[2021-11-29 22:08:09.864] [exthost] [warning] TextEditor is closed/disposed
[2021-11-29 22:08:09.872] [exthost] [warning] {"name":"DISPOSED","message":"TextEditor(vs.editor.ICodeEditor:1,$model28) has been disposed"}
[2021-11-29 22:08:13.593] [exthost] [warning] TextEditor is closed/disposed
[2021-11-29 22:08:13.594] [exthost] [warning] TextEditor is closed/disposed
[2021-11-29 22:08:13.606] [exthost] [warning] {"name":"DISPOSED","message":"TextEditor(vs.editor.ICodeEditor:2,$model40) has been disposed"}
[2021-11-29 22:08:19.822] [exthost] [warning] TextEditor is closed/disposed
[2021-11-29 22:08:19.823] [exthost] [warning] TextEditor is closed/disposed
[2021-11-29 22:08:21.175] [exthost] [warning] TextEditor is closed/disposed
[2021-11-29 22:08:21.175] [exthost] [warning] TextEditor is closed/disposed
[2021-11-29 22:08:25.569] [exthost] [warning] TextEditor is closed/disposed
[2021-11-29 22:09:16.548] [exthost] [error] [octref.vetur] provider FAILED
[2021-11-29 22:09:16.549] [exthost] [error] Error: Request textDocument/documentHighlight failed with message: Debug Failure.
    at /home/dotnet/.vscode/extensions/octref.vetur-0.35.0/dist/vueMain.js:1:64858
    at /home/dotnet/.vscode/extensions/octref.vetur-0.35.0/dist/vueMain.js:1:65153
    at Immediate.<anonymous> (/home/dotnet/.vscode/extensions/octref.vetur-0.35.0/dist/vueMain.js:1:65518)
    at processImmediate (internal/timers.js:461:21)
[2021-11-29 22:09:24.233] [exthost] [error] [octref.vetur] provider FAILED
[2021-11-29 22:09:24.233] [exthost] [error] Error: Request textDocument/documentHighlight failed with message: Debug Failure.
    at /home/dotnet/.vscode/extensions/octref.vetur-0.35.0/dist/vueMain.js:1:64858
    at /home/dotnet/.vscode/extensions/octref.vetur-0.35.0/dist/vueMain.js:1:65153
    at Immediate.<anonymous> (/home/dotnet/.vscode/extensions/octref.vetur-0.35.0/dist/vueMain.js:1:65518)
    at processImmediate (internal/timers.js:461:21)
[2021-11-29 22:09:24.313] [exthost] [error] [octref.vetur] provider FAILED
[2021-11-29 22:09:24.313] [exthost] [error] Error: Request textDocument/documentHighlight failed with message: Debug Failure.
    at /home/dotnet/.vscode/extensions/octref.vetur-0.35.0/dist/vueMain.js:1:64858
    at /home/dotnet/.vscode/extensions/octref.vetur-0.35.0/dist/vueMain.js:1:65153
    at Immediate.<anonymous> (/home/dotnet/.vscode/extensions/octref.vetur-0.35.0/dist/vueMain.js:1:65518)
    at processImmediate (internal/timers.js:461:21)
[2021-11-29 22:09:30.000] [exthost] [error] [octref.vetur] provider FAILED
[2021-11-29 22:09:30.000] [exthost] [error] Error: Request textDocument/documentHighlight failed with message: Debug Failure.
    at /home/dotnet/.vscode/extensions/octref.vetur-0.35.0/dist/vueMain.js:1:64858
    at /home/dotnet/.vscode/extensions/octref.vetur-0.35.0/dist/vueMain.js:1:65153
    at Immediate.<anonymous> (/home/dotnet/.vscode/extensions/octref.vetur-0.35.0/dist/vueMain.js:1:65518)
    at processImmediate (internal/timers.js:461:21)
[2021-11-29 22:09:30.083] [exthost] [error] [octref.vetur] provider FAILED
[2021-11-29 22:09:30.083] [exthost] [error] Error: Request textDocument/documentHighlight failed with message: Debug Failure.
    at /home/dotnet/.vscode/extensions/octref.vetur-0.35.0/dist/vueMain.js:1:64858
    at /home/dotnet/.vscode/extensions/octref.vetur-0.35.0/dist/vueMain.js:1:65153
    at Immediate.<anonymous> (/home/dotnet/.vscode/extensions/octref.vetur-0.35.0/dist/vueMain.js:1:65518)
    at processImmediate (internal/timers.js:461:21)
[2021-11-29 22:09:41.268] [exthost] [error] [Atishay-Jain.All-Autocomplete] provider FAILED
[2021-11-29 22:09:41.280] [exthost] [error] TypeError: Cannot read property 'push' of undefined
    at /home/dotnet/.vscode/extensions/atishay-jain.all-autocomplete-0.0.23/dist/extension.js:1:11378
    at Array.forEach (<anonymous>)
    at Object.provideCompletionItems (/home/dotnet/.vscode/extensions/atishay-jain.all-autocomplete-0.0.23/dist/extension.js:1:11315)
    at U.provideCompletionItems (/usr/share/code/resources/app/out/vs/workbench/services/extensions/node/extensionHostProcess.js:94:180724)
    at /usr/share/code/resources/app/out/vs/workbench/services/extensions/node/extensionHostProcess.js:94:200950
    at xe._withAdapter (/usr/share/code/resources/app/out/vs/workbench/services/extensions/node/extensionHostProcess.js:94:191024)
    at xe.$provideCompletionItems (/usr/share/code/resources/app/out/vs/workbench/services/extensions/node/extensionHostProcess.js:94:200926)
    at i._doInvokeHandler (/usr/share/code/resources/app/out/vs/workbench/services/extensions/node/extensionHostProcess.js:98:13802)
    at i._invokeHandler (/usr/share/code/resources/app/out/vs/workbench/services/extensions/node/extensionHostProcess.js:98:13486)
    at i._receiveRequest (/usr/share/code/resources/app/out/vs/workbench/services/extensions/node/extensionHostProcess.js:98:12097)
    at i._receiveOneMessage (/usr/share/code/resources/app/out/vs/workbench/services/extensions/node/extensionHostProcess.js:98:10826)
    at /usr/share/code/resources/app/out/vs/workbench/services/extensions/node/extensionHostProcess.js:98:8922
    at a.fire (/usr/share/code/resources/app/out/vs/workbench/services/extensions/node/extensionHostProcess.js:66:1712)
    at l.fire (/usr/share/code/resources/app/out/vs/workbench/services/extensions/node/extensionHostProcess.js:74:15990)
    at /usr/share/code/resources/app/out/vs/workbench/services/extensions/node/extensionHostProcess.js:113:30514
    at a.fire (/usr/share/code/resources/app/out/vs/workbench/services/extensions/node/extensionHostProcess.js:66:1712)
    at l.fire (/usr/share/code/resources/app/out/vs/workbench/services/extensions/node/extensionHostProcess.js:74:15990)
    at u._receiveMessage (/usr/share/code/resources/app/out/vs/workbench/services/extensions/node/extensionHostProcess.js:74:21260)
    at /usr/share/code/resources/app/out/vs/workbench/services/extensions/node/extensionHostProcess.js:74:18138
    at a.fire (/usr/share/code/resources/app/out/vs/workbench/services/extensions/node/extensionHostProcess.js:66:1712)
    at w.acceptChunk (/usr/share/code/resources/app/out/vs/workbench/services/extensions/node/extensionHostProcess.js:74:13351)
    at /usr/share/code/resources/app/out/vs/workbench/services/extensions/node/extensionHostProcess.js:74:12699
    at Socket.v (/usr/share/code/resources/app/out/vs/workbench/services/extensions/node/extensionHostProcess.js:113:13465)
    at Socket.emit (events.js:315:20)
    at Socket.EventEmitter.emit (domain.js:467:12)
    at addChunk (internal/streams/readable.js:309:12)
    at readableAddChunk (internal/streams/readable.js:284:9)
    at Socket.Readable.push (internal/streams/readable.js:223:10)
    at Pipe.onStreamRead (internal/stream_base_commons.js:188:23)
[2021-11-29 22:09:46.571] [exthost] [error] [octref.vetur] provider FAILED
[2021-11-29 22:09:46.571] [exthost] [error] Error: Request textDocument/documentHighlight failed with message: Debug Failure.
    at /home/dotnet/.vscode/extensions/octref.vetur-0.35.0/dist/vueMain.js:1:64858
    at /home/dotnet/.vscode/extensions/octref.vetur-0.35.0/dist/vueMain.js:1:65153
    at Immediate.<anonymous> (/home/dotnet/.vscode/extensions/octref.vetur-0.35.0/dist/vueMain.js:1:65518)
    at processImmediate (internal/timers.js:461:21)
[2021-11-29 22:09:46.658] [exthost] [error] [octref.vetur] provider FAILED
[2021-11-29 22:09:46.658] [exthost] [error] Error: Request textDocument/documentHighlight failed with message: Debug Failure.
    at /home/dotnet/.vscode/extensions/octref.vetur-0.35.0/dist/vueMain.js:1:64858
    at /home/dotnet/.vscode/extensions/octref.vetur-0.35.0/dist/vueMain.js:1:65153
    at Immediate.<anonymous> (/home/dotnet/.vscode/extensions/octref.vetur-0.35.0/dist/vueMain.js:1:65518)
    at processImmediate (internal/timers.js:461:21)
[2021-11-29 22:09:51.875] [exthost] [error] [Atishay-Jain.All-Autocomplete] provider FAILED
[2021-11-29 22:09:51.875] [exthost] [error] TypeError: Cannot read property 'push' of undefined
    at /home/dotnet/.vscode/extensions/atishay-jain.all-autocomplete-0.0.23/dist/extension.js:1:11378
    at Array.forEach (<anonymous>)
    at Object.provideCompletionItems (/home/dotnet/.vscode/extensions/atishay-jain.all-autocomplete-0.0.23/dist/extension.js:1:11315)
    at U.provideCompletionItems (/usr/share/code/resources/app/out/vs/workbench/services/extensions/node/extensionHostProcess.js:94:180724)
    at /usr/share/code/resources/app/out/vs/workbench/services/extensions/node/extensionHostProcess.js:94:200950
    at xe._withAdapter (/usr/share/code/resources/app/out/vs/workbench/services/extensions/node/extensionHostProcess.js:94:191024)
    at xe.$provideCompletionItems (/usr/share/code/resources/app/out/vs/workbench/services/extensions/node/extensionHostProcess.js:94:200926)
    at i._doInvokeHandler (/usr/share/code/resources/app/out/vs/workbench/services/extensions/node/extensionHostProcess.js:98:13802)
    at i._invokeHandler (/usr/share/code/resources/app/out/vs/workbench/services/extensions/node/extensionHostProcess.js:98:13486)
    at i._receiveRequest (/usr/share/code/resources/app/out/vs/workbench/services/extensions/node/extensionHostProcess.js:98:12097)
    at i._receiveOneMessage (/usr/share/code/resources/app/out/vs/workbench/services/extensions/node/extensionHostProcess.js:98:10826)
    at /usr/share/code/resources/app/out/vs/workbench/services/extensions/node/extensionHostProcess.js:98:8922
    at a.fire (/usr/share/code/resources/app/out/vs/workbench/services/extensions/node/extensionHostProcess.js:66:1712)
    at l.fire (/usr/share/code/resources/app/out/vs/workbench/services/extensions/node/extensionHostProcess.js:74:15990)
    at /usr/share/code/resources/app/out/vs/workbench/services/extensions/node/extensionHostProcess.js:113:30514
    at a.fire (/usr/share/code/resources/app/out/vs/workbench/services/extensions/node/extensionHostProcess.js:66:1712)
    at l.fire (/usr/share/code/resources/app/out/vs/workbench/services/extensions/node/extensionHostProcess.js:74:15990)
    at u._receiveMessage (/usr/share/code/resources/app/out/vs/workbench/services/extensions/node/extensionHostProcess.js:74:21260)
    at /usr/share/code/resources/app/out/vs/workbench/services/extensions/node/extensionHostProcess.js:74:18138
    at a.fire (/usr/share/code/resources/app/out/vs/workbench/services/extensions/node/extensionHostProcess.js:66:1712)
    at w.acceptChunk (/usr/share/code/resources/app/out/vs/workbench/services/extensions/node/extensionHostProcess.js:74:13351)
    at /usr/share/code/resources/app/out/vs/workbench/services/extensions/node/extensionHostProcess.js:74:12699
    at Socket.v (/usr/share/code/resources/app/out/vs/workbench/services/extensions/node/extensionHostProcess.js:113:13465)
    at Socket.emit (events.js:315:20)
    at Socket.EventEmitter.emit (domain.js:467:12)
    at addChunk (internal/streams/readable.js:309:12)
    at readableAddChunk (internal/streams/readable.js:284:9)
    at Socket.Readable.push (internal/streams/readable.js:223:10)
    at Pipe.onStreamRead (internal/stream_base_commons.js:188:23)
[2021-11-29 22:10:25.396] [exthost] [warning] TextEditor is closed/disposed
[2021-11-29 22:10:39.094] [exthost] [warning] TextEditor is closed/disposed
[2021-11-29 22:10:39.094] [exthost] [warning] TextEditor is closed/disposed
[2021-11-29 22:10:41.566] [exthost] [warning] TextEditor is closed/disposed
[2021-11-29 22:10:41.584] [exthost] [warning] TextEditor is closed/disposed
[2021-11-29 22:10:41.584] [exthost] [warning] TextEditor is closed/disposed
[2021-11-29 22:11:13.734] [exthost] [warning] TextEditor is closed/disposed
[2021-11-29 22:12:14.034] [exthost] [info] extension host terminating: renderer closed the socket
[2021-11-29 22:12:14.593] [exthost] [error] TypeError: r.some is not a function
    at Function.saveToDisk (/home/dotnet/.vscode/extensions/vscodevim.vim-1.21.10/src/register/register.ts:350:30)
    at Object.e.deactivate (/home/dotnet/.vscode/extensions/vscodevim.vim-1.21.10/extension.ts:37:18)
    at w._deactivate (/usr/share/code/resources/app/out/vs/workbench/services/extensions/node/extensionHostProcess.js:99:11277)
    at /usr/share/code/resources/app/out/vs/workbench/services/extensions/node/extensionHostProcess.js:99:9991
    at Array.map (<anonymous>)
    at w.deactivateAll (/usr/share/code/resources/app/out/vs/workbench/services/extensions/node/extensionHostProcess.js:99:9979)
    at b.terminate (/usr/share/code/resources/app/out/vs/workbench/services/extensions/node/extensionHostProcess.js:103:723)
    at o (/usr/share/code/resources/app/out/vs/workbench/services/extensions/node/extensionHostProcess.js:113:32535)
    at Socket.<anonymous> (/usr/share/code/resources/app/out/vs/workbench/services/extensions/node/extensionHostProcess.js:113:30185)
    at Socket.emit (events.js:327:22)
    at Socket.EventEmitter.emit (domain.js:467:12)
    at Pipe.<anonymous> (net.js:673:12)
[2021-11-29 22:12:14.595] [exthost] [error] SyntaxError: Unexpected end of JSON input
    at JSON.parse (<anonymous>)
    at /home/dotnet/.vscode/extensions/mohamedbenhida.laravel-intellisense-0.2.0/src/ViewItemProvider.ts:63:30
    at runMicrotasks (<anonymous>)
    at runNextTicks (internal/process/task_queues.js:58:5)
    at listOnTimeout (internal/timers.js:523:9)
    at processTimers (internal/timers.js:497:7)
[2021-11-29 22:12:14.595] [exthost] [error] SyntaxError: Unexpected end of JSON input
    at JSON.parse (<anonymous>)
    at /home/dotnet/.vscode/extensions/mohamedbenhida.laravel-intellisense-0.2.0/src/ViewItemProvider.ts:63:30
[2021-11-29 22:12:14.595] [exthost] [error] SyntaxError: Unexpected end of JSON input
    at JSON.parse (<anonymous>)
    at /home/dotnet/.vscode/extensions/mohamedbenhida.laravel-intellisense-0.2.0/src/ViewItemProvider.ts:63:30
    at runMicrotasks (<anonymous>)
    at runNextTicks (internal/process/task_queues.js:58:5)
    at listOnTimeout (internal/timers.js:523:9)
    at processTimers (internal/timers.js:497:7)
[2021-11-29 22:12:14.595] [exthost] [error] SyntaxError: Unexpected end of JSON input
    at JSON.parse (<anonymous>)
    at /home/dotnet/.vscode/extensions/mohamedbenhida.laravel-intellisense-0.2.0/src/ViewItemProvider.ts:63:30
    at runMicrotasks (<anonymous>)
    at runNextTicks (internal/process/task_queues.js:58:5)
    at listOnTimeout (internal/timers.js:523:9)
    at processTimers (internal/timers.js:497:7)
[2021-11-29 22:12:14.595] [exthost] [error] SyntaxError: Unexpected end of JSON input
    at JSON.parse (<anonymous>)
    at /home/dotnet/.vscode/extensions/mohamedbenhida.laravel-intellisense-0.2.0/src/ViewItemProvider.ts:63:30
[2021-11-29 22:12:14.823] [exthost] [error] SyntaxError: Unexpected end of JSON input
    at JSON.parse (<anonymous>)
    at /home/dotnet/.vscode/extensions/mohamedbenhida.laravel-intellisense-0.2.0/src/ViewItemProvider.ts:63:30
[2021-11-29 22:12:14.824] [exthost] [error] SyntaxError: Unexpected end of JSON input
    at JSON.parse (<anonymous>)
    at /home/dotnet/.vscode/extensions/mohamedbenhida.laravel-intellisense-0.2.0/src/ViewItemProvider.ts:63:30
[2021-11-29 22:12:14.825] [exthost] [error] SyntaxError: Unexpected end of JSON input
    at JSON.parse (<anonymous>)
    at /home/dotnet/.vscode/extensions/mohamedbenhida.laravel-intellisense-0.2.0/src/ViewItemProvider.ts:63:30
[2021-11-29 22:12:15.085] [exthost] [info] exiting with code 0
[2021-11-29 22:12:16.362] [exthost] [info] extension host started
[2021-11-29 22:12:16.362] [exthost] [info] Skipping acquiring lock for /home/dotnet/.config/Code/User/workspaceStorage/29e8aef5221e59c4dd3de36217654dc1.
[2021-11-29 22:12:16.428] [exthost] [info] ExtensionService#_doActivateExtension vscode.microsoft-authentication, startup: false, activationEvent: 'onAuthenticationRequest:microsoft'
[2021-11-29 22:12:16.428] [exthost] [info] ExtensionService#loadCommonJSModule file:///usr/share/code/resources/app/extensions/microsoft-authentication/dist/extension.js
[2021-11-29 22:12:16.441] [exthost] [info] ExtensionService#_doActivateExtension vscode.debug-auto-launch, startup: true, activationEvent: '*'
[2021-11-29 22:12:16.441] [exthost] [info] ExtensionService#loadCommonJSModule file:///usr/share/code/resources/app/extensions/debug-auto-launch/dist/extension
[2021-11-29 22:12:16.444] [exthost] [info] ExtensionService#_doActivateExtension vscode.git, startup: true, activationEvent: '*', root cause: vscode.github
[2021-11-29 22:12:16.444] [exthost] [info] ExtensionService#loadCommonJSModule file:///usr/share/code/resources/app/extensions/git/dist/main
[2021-11-29 22:12:16.464] [exthost] [info] ExtensionService#_doActivateExtension Atishay-Jain.All-Autocomplete, startup: true, activationEvent: '*'
[2021-11-29 22:12:16.464] [exthost] [info] ExtensionService#loadCommonJSModule file:///home/dotnet/.vscode/extensions/atishay-jain.all-autocomplete-0.0.23/dist/extension
[2021-11-29 22:12:16.467] [exthost] [info] ExtensionService#_doActivateExtension CoenraadS.bracket-pair-colorizer, startup: true, activationEvent: '*'
[2021-11-29 22:12:16.467] [exthost] [info] ExtensionService#loadCommonJSModule file:///home/dotnet/.vscode/extensions/coenraads.bracket-pair-colorizer-1.0.61/out/src/extension
[2021-11-29 22:12:16.496] [exthost] [info] ExtensionService#_doActivateExtension EditorConfig.EditorConfig, startup: true, activationEvent: '*'
[2021-11-29 22:12:16.496] [exthost] [info] ExtensionService#loadCommonJSModule file:///home/dotnet/.vscode/extensions/editorconfig.editorconfig-0.16.4/out/editorConfigMain.js
[2021-11-29 22:12:16.519] [exthost] [info] ExtensionService#_doActivateExtension Equinusocio.vsc-material-theme, startup: true, activationEvent: '*'
[2021-11-29 22:12:16.519] [exthost] [info] ExtensionService#loadCommonJSModule file:///home/dotnet/.vscode/extensions/equinusocio.vsc-material-theme-33.2.2/build/material.theme.config
[2021-11-29 22:12:16.527] [exthost] [info] ExtensionService#_doActivateExtension equinusocio.vsc-material-theme-icons, startup: true, activationEvent: '*'
[2021-11-29 22:12:16.527] [exthost] [info] ExtensionService#loadCommonJSModule file:///home/dotnet/.vscode/extensions/equinusocio.vsc-material-theme-icons-2.2.1/out/src/extension
[2021-11-29 22:12:16.553] [exthost] [info] ExtensionService#_doActivateExtension formulahendry.auto-close-tag, startup: true, activationEvent: '*'
[2021-11-29 22:12:16.553] [exthost] [info] ExtensionService#loadCommonJSModule file:///home/dotnet/.vscode/extensions/formulahendry.auto-close-tag-0.5.13/out/src/extension
[2021-11-29 22:12:16.556] [exthost] [info] ExtensionService#_doActivateExtension formulahendry.auto-rename-tag, startup: true, activationEvent: '*'
[2021-11-29 22:12:16.556] [exthost] [info] ExtensionService#loadCommonJSModule file:///home/dotnet/.vscode/extensions/formulahendry.auto-rename-tag-0.1.9/packages/extension/dist/extensionMain.js
[2021-11-29 22:12:16.566] [exthost] [info] ExtensionService#_doActivateExtension GraphQL.vscode-graphql, startup: true, activationEvent: '*'
[2021-11-29 22:12:16.566] [exthost] [info] ExtensionService#loadCommonJSModule file:///home/dotnet/.vscode/extensions/graphql.vscode-graphql-0.3.26/out/extension
[2021-11-29 22:12:16.723] [exthost] [info] ExtensionService#_doActivateExtension HookyQR.beautify, startup: true, activationEvent: '*'
[2021-11-29 22:12:16.723] [exthost] [info] ExtensionService#loadCommonJSModule file:///home/dotnet/.vscode/extensions/hookyqr.beautify-1.5.0/extension
[2021-11-29 22:12:16.753] [exthost] [info] ExtensionService#_doActivateExtension mohamedbenhida.laravel-intellisense, startup: true, activationEvent: '*'
[2021-11-29 22:12:16.753] [exthost] [info] ExtensionService#loadCommonJSModule file:///home/dotnet/.vscode/extensions/mohamedbenhida.laravel-intellisense-0.2.0/dist/extension.js
[2021-11-29 22:12:16.760] [exthost] [info] ExtensionService#_doActivateExtension ms-vscode.sublime-keybindings, startup: true, activationEvent: '*'
[2021-11-29 22:12:16.760] [exthost] [info] ExtensionService#loadCommonJSModule file:///home/dotnet/.vscode/extensions/ms-vscode.sublime-keybindings-4.0.10/dist/extension.js
[2021-11-29 22:12:16.762] [exthost] [info] ExtensionService#_doActivateExtension naumovs.color-highlight, startup: true, activationEvent: '*'
[2021-11-29 22:12:16.762] [exthost] [info] ExtensionService#loadCommonJSModule file:///home/dotnet/.vscode/extensions/naumovs.color-highlight-2.5.0/dist/extension-node.js
[2021-11-29 22:12:16.767] [exthost] [info] ExtensionService#_doActivateExtension stef-k.laravel-goto-controller, startup: true, activationEvent: '*'
[2021-11-29 22:12:16.767] [exthost] [info] ExtensionService#loadCommonJSModule file:///home/dotnet/.vscode/extensions/stef-k.laravel-goto-controller-0.0.15/out/extension
[2021-11-29 22:12:16.770] [exthost] [info] ExtensionService#_doActivateExtension vscodevim.vim, startup: true, activationEvent: '*'
[2021-11-29 22:12:16.770] [exthost] [info] ExtensionService#loadCommonJSModule file:///home/dotnet/.vscode/extensions/vscodevim.vim-1.21.10/out/extension
[2021-11-29 22:12:17.002] [exthost] [info] ExtensionService#_doActivateExtension ms-vscode.js-debug, startup: false, activationEvent: 'onCommand:extension.js-debug.clearAutoAttachVariables'
[2021-11-29 22:12:17.002] [exthost] [info] ExtensionService#loadCommonJSModule file:///usr/share/code/resources/app/extensions/ms-vscode.js-debug/src/extension.js
[2021-11-29 22:12:17.145] [exthost] [info] ExtensionService#_doActivateExtension vscode.github, startup: false, activationEvent: '*'
[2021-11-29 22:12:17.145] [exthost] [info] ExtensionService#loadCommonJSModule file:///usr/share/code/resources/app/extensions/github/dist/extension.js
[2021-11-29 22:12:17.227] [exthost] [info] eager extensions activated
[2021-11-29 22:12:17.294] [exthost] [info] ExtensionService#_doActivateExtension vscode.github-authentication, startup: false, activationEvent: 'onAuthenticationRequest:github'
[2021-11-29 22:12:17.294] [exthost] [info] ExtensionService#loadCommonJSModule file:///usr/share/code/resources/app/extensions/github-authentication/dist/extension.js
[2021-11-29 22:12:17.305] [exthost] [info] ExtensionService#_doActivateExtension vscode.emmet, startup: false, activationEvent: 'onStartupFinished'
[2021-11-29 22:12:17.305] [exthost] [info] ExtensionService#loadCommonJSModule file:///usr/share/code/resources/app/extensions/emmet/dist/node/emmetNodeMain
[2021-11-29 22:12:17.311] [exthost] [info] ExtensionService#_doActivateExtension vscode.merge-conflict, startup: false, activationEvent: 'onStartupFinished'
[2021-11-29 22:12:17.311] [exthost] [info] ExtensionService#loadCommonJSModule file:///usr/share/code/resources/app/extensions/merge-conflict/dist/mergeConflictMain
[2021-11-29 22:12:17.315] [exthost] [info] ExtensionService#_doActivateExtension bradlc.vscode-tailwindcss, startup: false, activationEvent: 'onStartupFinished'
[2021-11-29 22:12:17.315] [exthost] [info] ExtensionService#loadCommonJSModule file:///home/dotnet/.vscode/extensions/bradlc.vscode-tailwindcss-0.7.2/dist/extension/index.js
[2021-11-29 22:12:17.328] [exthost] [info] ExtensionService#_doActivateExtension dbaeumer.vscode-eslint, startup: false, activationEvent: 'onStartupFinished'
[2021-11-29 22:12:17.328] [exthost] [info] ExtensionService#loadCommonJSModule file:///home/dotnet/.vscode/extensions/dbaeumer.vscode-eslint-2.2.2/client/out/extension
[2021-11-29 22:12:17.338] [exthost] [info] ExtensionService#_doActivateExtension eamodio.gitlens, startup: false, activationEvent: 'onStartupFinished'
[2021-11-29 22:12:17.338] [exthost] [info] ExtensionService#loadCommonJSModule file:///home/dotnet/.vscode/extensions/eamodio.gitlens-11.6.1/dist/gitlens
[2021-11-29 22:12:17.377] [exthost] [info] ExtensionService#_doActivateExtension esbenp.prettier-vscode, startup: false, activationEvent: 'onStartupFinished'
[2021-11-29 22:12:17.377] [exthost] [info] ExtensionService#loadCommonJSModule file:///home/dotnet/.vscode/extensions/esbenp.prettier-vscode-9.0.0/dist/extension
[2021-11-29 23:47:10.647] [exthost] [info] ExtensionService#_doActivateExtension vscode.configuration-editing, startup: false, activationEvent: 'onLanguage:json'
[2021-11-29 23:47:10.647] [exthost] [info] ExtensionService#loadCommonJSModule file:///usr/share/code/resources/app/extensions/configuration-editing/dist/configurationEditingMain
[2021-11-29 23:47:10.650] [exthost] [info] ExtensionService#_doActivateExtension vscode.extension-editing, startup: false, activationEvent: 'onLanguage:json'
[2021-11-29 23:47:10.650] [exthost] [info] ExtensionService#loadCommonJSModule file:///usr/share/code/resources/app/extensions/extension-editing/dist/extensionEditingMain
[2021-11-29 23:47:10.656] [exthost] [info] ExtensionService#_doActivateExtension vscode.json-language-features, startup: false, activationEvent: 'onLanguage:json'
[2021-11-29 23:47:10.656] [exthost] [info] ExtensionService#loadCommonJSModule file:///usr/share/code/resources/app/extensions/json-language-features/client/dist/node/jsonClientMain
[2021-11-29 23:47:10.674] [exthost] [info] ExtensionService#_doActivateExtension vscode.npm, startup: false, activationEvent: 'onLanguage:json'
[2021-11-29 23:47:10.674] [exthost] [info] ExtensionService#loadCommonJSModule file:///usr/share/code/resources/app/extensions/npm/dist/npmMain
[2021-11-29 23:47:10.687] [exthost] [info] ExtensionService#_doActivateExtension eg2.vscode-npm-script, startup: false, activationEvent: 'onLanguage:json'
[2021-11-29 23:47:10.687] [exthost] [info] ExtensionService#loadCommonJSModule file:///home/dotnet/.vscode/extensions/eg2.vscode-npm-script-0.3.23/dist/extension
[2021-11-29 23:47:11.465] [exthost] [info] ExtensionService#_doActivateExtension vscode.typescript-language-features, startup: false, activationEvent: 'onLanguage:jsonc'
[2021-11-29 23:47:11.465] [exthost] [info] ExtensionService#loadCommonJSModule file:///usr/share/code/resources/app/extensions/typescript-language-features/dist/extension
[2021-11-29 23:47:18.648] [exthost] [error] [vscode.json-language-features] provider FAILED
[2021-11-29 23:47:18.655] [exthost] [error] Canceled: Canceled
    at b.makeCancelError (/usr/share/code/resources/app/extensions/json-language-features/client/dist/node/jsonClientMain.js:1:458291)
    at b.handleFailedRequest (/usr/share/code/resources/app/extensions/json-language-features/client/dist/node/jsonClientMain.js:1:458142)
    at /usr/share/code/resources/app/extensions/json-language-features/client/dist/node/jsonClientMain.js:1:469344
    at X.provideColors (/usr/share/code/resources/app/out/vs/workbench/services/extensions/node/extensionHostProcess.js:94:186384)
[2021-11-29 23:47:30.310] [exthost] [warning] TextEditor is closed/disposed
[2021-11-29 23:47:30.411] [exthost] [info] ExtensionService#_doActivateExtension christian-kohler.npm-intellisense, startup: false, activationEvent: 'onLanguage:javascript'
[2021-11-29 23:47:30.412] [exthost] [info] ExtensionService#loadCommonJSModule file:///home/dotnet/.vscode/extensions/christian-kohler.npm-intellisense-1.4.0/out/src/extension
[2021-11-29 23:47:30.494] [exthost] [info] ExtensionService#_doActivateExtension wix.vscode-import-cost, startup: false, activationEvent: 'onLanguage:javascript'
[2021-11-29 23:47:30.494] [exthost] [info] ExtensionService#loadCommonJSModule file:///home/dotnet/.vscode/extensions/wix.vscode-import-cost-2.15.0/out/extension.js
[2021-11-29 23:49:39.216] [exthost] [warning] TextEditor is closed/disposed
[2021-11-29 23:49:39.302] [exthost] [info] ExtensionService#_doActivateExtension Angular.ng-template, startup: false, activationEvent: 'onLanguage:typescript'
[2021-11-29 23:49:39.303] [exthost] [info] ExtensionService#loadCommonJSModule file:///home/dotnet/.vscode/extensions/angular.ng-template-13.0.0/index
[2021-11-29 23:49:39.512] [exthost] [info] ExtensionService#_doActivateExtension steoates.autoimport, startup: false, activationEvent: 'onLanguage:typescript'
[2021-11-29 23:49:39.512] [exthost] [info] ExtensionService#loadCommonJSModule file:///home/dotnet/.vscode/extensions/steoates.autoimport-1.5.4/out/src/extension
[2021-11-29 23:49:46.395] [exthost] [warning] TextEditor is closed/disposed
[2021-11-29 23:49:50.907] [exthost] [error] [Angular.ng-template] provider FAILED
[2021-11-29 23:49:50.909] [exthost] [error] Canceled: Canceled
    at LanguageClient.makeCancelError (/home/dotnet/.vscode/extensions/angular.ng-template-13.0.0/node_modules/vscode-languageclient/lib/common/client.js:2666:24)
    at LanguageClient.handleFailedRequest (/home/dotnet/.vscode/extensions/angular.ng-template-13.0.0/node_modules/vscode-languageclient/lib/common/client.js:2656:28)
    at /home/dotnet/.vscode/extensions/angular.ng-template-13.0.0/node_modules/vscode-languageclient/lib/common/client.js:1288:39
    at o.provideCodeLenses (/usr/share/code/resources/app/out/vs/workbench/services/extensions/node/extensionHostProcess.js:94:168015)
[2021-11-29 23:50:54.455] [exthost] [warning] TextEditor is closed/disposed
[2021-11-29 23:51:22.980] [exthost] [warning] TextEditor is closed/disposed
[2021-11-29 23:51:25.979] [exthost] [info] ExtensionService#_doActivateExtension jpoissonnier.vscode-styled-components, startup: false, activationEvent: 'onCommand:extension.insertColonOrSemiColon'
[2021-11-29 23:51:25.980] [exthost] [info] ExtensionService#loadCommonJSModule file:///home/dotnet/.vscode/extensions/jpoissonnier.vscode-styled-components-1.6.6/dist/extension.js
[2021-11-29 23:51:41.740] [exthost] [warning] TextEditor is closed/disposed
[2021-11-29 23:51:48.957] [exthost] [warning] TextEditor is closed/disposed
[2021-11-29 23:51:48.957] [exthost] [warning] TextEditor is closed/disposed
[2021-11-29 23:53:26.027] [exthost] [warning] TextEditor is closed/disposed
[2021-11-29 23:53:26.040] [exthost] [info] ExtensionService#_doActivateExtension IronGeek.vscode-env, startup: false, activationEvent: 'onLanguage:env'
[2021-11-29 23:53:26.041] [exthost] [info] ExtensionService#loadCommonJSModule file:///home/dotnet/.vscode/extensions/irongeek.vscode-env-0.1.0/out/extension.js
[2021-11-29 23:53:42.339] [exthost] [warning] TextEditor is closed/disposed
[2021-11-29 23:54:17.396] [exthost] [warning] TextEditor is closed/disposed
[2021-11-30 00:05:37.111] [exthost] [warning] TextEditor is closed/disposed
[2021-11-30 00:05:53.111] [exthost] [warning] TextEditor is closed/disposed
[2021-11-30 00:06:18.050] [exthost] [warning] TextEditor is closed/disposed
[2021-11-30 00:06:32.826] [exthost] [warning] TextEditor is closed/disposed
[2021-11-30 00:13:37.066] [exthost] [warning] TextEditor is closed/disposed
[2021-11-30 00:24:13.147] [exthost] [info] ExtensionService#_doActivateExtension vscode.css-language-features, startup: false, activationEvent: 'onLanguage:css'
[2021-11-30 00:24:13.147] [exthost] [info] ExtensionService#loadCommonJSModule file:///usr/share/code/resources/app/extensions/css-language-features/client/dist/node/cssClientMain
[2021-11-30 00:25:03.528] [exthost] [warning] TextEditor is closed/disposed
[2021-11-30 00:27:06.309] [exthost] [warning] TextEditor is closed/disposed
[2021-11-30 00:28:41.226] [exthost] [warning] TextEditor is closed/disposed
[2021-11-30 00:29:15.127] [exthost] [warning] TextEditor is closed/disposed
[2021-11-30 00:32:36.049] [exthost] [warning] TextEditor is closed/disposed
[2021-11-30 00:33:26.604] [exthost] [warning] TextEditor is closed/disposed
[2021-11-30 00:33:26.620] [exthost] [warning] TextEditor is closed/disposed
[2021-11-30 00:33:26.620] [exthost] [warning] TextEditor is closed/disposed
[2021-11-30 00:33:29.163] [exthost] [warning] TextEditor is closed/disposed
[2021-11-30 00:33:31.348] [exthost] [warning] TextEditor is closed/disposed
[2021-11-30 00:33:33.894] [exthost] [warning] TextEditor is closed/disposed
[2021-11-30 00:35:52.688] [exthost] [warning] TextEditor is closed/disposed
[2021-11-30 00:35:53.987] [exthost] [warning] TextEditor is closed/disposed
[2021-11-30 00:35:56.785] [exthost] [warning] TextEditor is closed/disposed
[2021-11-30 00:35:59.787] [exthost] [warning] TextEditor is closed/disposed
[2021-11-30 00:36:06.924] [exthost] [warning] TextEditor is closed/disposed
[2021-11-30 00:36:10.896] [exthost] [warning] TextEditor is closed/disposed
[2021-11-30 00:36:29.686] [exthost] [warning] TextEditor is closed/disposed
[2021-11-30 00:37:20.430] [exthost] [warning] TextEditor is closed/disposed
[2021-11-30 00:38:47.922] [exthost] [warning] TextEditor is closed/disposed
[2021-11-30 00:39:11.733] [exthost] [warning] TextEditor is closed/disposed
[2021-11-30 00:40:52.202] [exthost] [warning] TextEditor is closed/disposed
[2021-11-30 00:41:14.699] [exthost] [error] [vscode.typescript-language-features] provider FAILED
[2021-11-30 00:41:14.699] [exthost] [error] Error: <semantic> TypeScript Server Error (4.4.3)
Debug Failure. False expression.
Error: Debug Failure. False expression.
    at getCompletionEntryCodeActionsAndSourceDisplay (/usr/share/code/resources/app/extensions/node_modules/typescript/lib/tsserver.js:126516:22)
    at Object.getCompletionEntryDetails (/usr/share/code/resources/app/extensions/node_modules/typescript/lib/tsserver.js:126472:30)
    at Proxy.getCompletionEntryDetails (/usr/share/code/resources/app/extensions/node_modules/typescript/lib/tsserver.js:156798:35)
    at Proxy.<anonymous> (/home/dotnet/.vscode/extensions/jpoissonnier.vscode-styled-components-1.6.6/node_modules/typescript-template-language-service-decorator/lib/template-language-service-decorator.js:96:24)
    at /usr/share/code/resources/app/extensions/node_modules/typescript/lib/tsserver.js:168262:57
    at Object.mapDefined (/usr/share/code/resources/app/extensions/node_modules/typescript/lib/tsserver.js:616:30)
    at IOSession.Session.getCompletionEntryDetails (/usr/share/code/resources/app/extensions/node_modules/typescript/lib/tsserver.js:168260:33)
    at Session.handlers.ts.Map.ts.getEntries._a.<computed> (/usr/share/code/resources/app/extensions/node_modules/typescript/lib/tsserver.js:167087:61)
    at /usr/share/code/resources/app/extensions/node_modules/typescript/lib/tsserver.js:168880:88
    at IOSession.Session.executeWithRequestId (/usr/share/code/resources/app/extensions/node_modules/typescript/lib/tsserver.js:168871:28)
    at IOSession.Session.executeCommand (/usr/share/code/resources/app/extensions/node_modules/typescript/lib/tsserver.js:168880:33)
    at IOSession.Session.onMessage (/usr/share/code/resources/app/extensions/node_modules/typescript/lib/tsserver.js:168906:35)
    at Interface.<anonymous> (/usr/share/code/resources/app/extensions/node_modules/typescript/lib/tsserver.js:171511:31)
    at Interface.emit (events.js:315:20)
    at Interface._onLine (readline.js:337:10)
    at Interface._normalWrite (readline.js:482:12)
    at Socket.ondata (readline.js:194:10)
    at Socket.emit (events.js:315:20)
    at addChunk (internal/streams/readable.js:309:12)
    at readableAddChunk (internal/streams/readable.js:284:9)
    at Socket.Readable.push (internal/streams/readable.js:223:10)
    at Pipe.onStreamRead (internal/stream_base_commons.js:188:23)
    at Function.create (/usr/share/code/resources/app/extensions/typescript-language-features/dist/extension.js:1:459856)
    at dispatchResponse (/usr/share/code/resources/app/extensions/typescript-language-features/dist/extension.js:1:453692)
    at dispatchMessage (/usr/share/code/resources/app/extensions/typescript-language-features/dist/extension.js:1:452549)
    at /usr/share/code/resources/app/extensions/typescript-language-features/dist/extension.js:1:452034
    at a.fire (/usr/share/code/resources/app/out/vs/workbench/services/extensions/node/extensionHostProcess.js:66:1712)
    at m.onLengthData (/usr/share/code/resources/app/extensions/typescript-language-features/dist/extension.js:1:462785)
    at Socket.<anonymous> (/usr/share/code/resources/app/extensions/typescript-language-features/dist/extension.js:1:462432)
    at Socket.emit (events.js:315:20)
    at Socket.EventEmitter.emit (domain.js:467:12)
    at addChunk (internal/streams/readable.js:309:12)
    at readableAddChunk (internal/streams/readable.js:284:9)
    at Socket.Readable.push (internal/streams/readable.js:223:10)
    at Pipe.onStreamRead (internal/stream_base_commons.js:188:23)
[2021-11-30 00:43:14.833] [exthost] [warning] TextEditor is closed/disposed
[2021-11-30 00:50:00.219] [exthost] [error] [Atishay-Jain.All-Autocomplete] provider FAILED
[2021-11-30 00:50:00.232] [exthost] [error] TypeError: Cannot read property 'push' of undefined
    at /home/dotnet/.vscode/extensions/atishay-jain.all-autocomplete-0.0.23/dist/extension.js:1:11378
    at Array.forEach (<anonymous>)
    at Object.provideCompletionItems (/home/dotnet/.vscode/extensions/atishay-jain.all-autocomplete-0.0.23/dist/extension.js:1:11315)
    at U.provideCompletionItems (/usr/share/code/resources/app/out/vs/workbench/services/extensions/node/extensionHostProcess.js:94:180724)
    at /usr/share/code/resources/app/out/vs/workbench/services/extensions/node/extensionHostProcess.js:94:200950
    at xe._withAdapter (/usr/share/code/resources/app/out/vs/workbench/services/extensions/node/extensionHostProcess.js:94:191024)
    at xe.$provideCompletionItems (/usr/share/code/resources/app/out/vs/workbench/services/extensions/node/extensionHostProcess.js:94:200926)
    at i._doInvokeHandler (/usr/share/code/resources/app/out/vs/workbench/services/extensions/node/extensionHostProcess.js:98:13802)
    at i._invokeHandler (/usr/share/code/resources/app/out/vs/workbench/services/extensions/node/extensionHostProcess.js:98:13486)
    at i._receiveRequest (/usr/share/code/resources/app/out/vs/workbench/services/extensions/node/extensionHostProcess.js:98:12097)
    at i._receiveOneMessage (/usr/share/code/resources/app/out/vs/workbench/services/extensions/node/extensionHostProcess.js:98:10826)
    at /usr/share/code/resources/app/out/vs/workbench/services/extensions/node/extensionHostProcess.js:98:8922
    at a.fire (/usr/share/code/resources/app/out/vs/workbench/services/extensions/node/extensionHostProcess.js:66:1712)
    at l.fire (/usr/share/code/resources/app/out/vs/workbench/services/extensions/node/extensionHostProcess.js:74:15990)
    at /usr/share/code/resources/app/out/vs/workbench/services/extensions/node/extensionHostProcess.js:113:30514
    at a.fire (/usr/share/code/resources/app/out/vs/workbench/services/extensions/node/extensionHostProcess.js:66:1712)
    at l.fire (/usr/share/code/resources/app/out/vs/workbench/services/extensions/node/extensionHostProcess.js:74:15990)
    at u._receiveMessage (/usr/share/code/resources/app/out/vs/workbench/services/extensions/node/extensionHostProcess.js:74:21260)
    at /usr/share/code/resources/app/out/vs/workbench/services/extensions/node/extensionHostProcess.js:74:18138
    at a.fire (/usr/share/code/resources/app/out/vs/workbench/services/extensions/node/extensionHostProcess.js:66:1712)
    at w.acceptChunk (/usr/share/code/resources/app/out/vs/workbench/services/extensions/node/extensionHostProcess.js:74:13351)
    at /usr/share/code/resources/app/out/vs/workbench/services/extensions/node/extensionHostProcess.js:74:12699
    at Socket.v (/usr/share/code/resources/app/out/vs/workbench/services/extensions/node/extensionHostProcess.js:113:13465)
    at Socket.emit (events.js:315:20)
    at Socket.EventEmitter.emit (domain.js:467:12)
    at addChunk (internal/streams/readable.js:309:12)
    at readableAddChunk (internal/streams/readable.js:284:9)
    at Socket.Readable.push (internal/streams/readable.js:223:10)
    at Pipe.onStreamRead (internal/stream_base_commons.js:188:23)
[2021-11-30 00:50:23.192] [exthost] [error] [Atishay-Jain.All-Autocomplete] provider FAILED
[2021-11-30 00:50:23.193] [exthost] [error] TypeError: Cannot read property 'push' of undefined
    at /home/dotnet/.vscode/extensions/atishay-jain.all-autocomplete-0.0.23/dist/extension.js:1:11378
    at Array.forEach (<anonymous>)
    at Object.provideCompletionItems (/home/dotnet/.vscode/extensions/atishay-jain.all-autocomplete-0.0.23/dist/extension.js:1:11315)
    at U.provideCompletionItems (/usr/share/code/resources/app/out/vs/workbench/services/extensions/node/extensionHostProcess.js:94:180724)
    at /usr/share/code/resources/app/out/vs/workbench/services/extensions/node/extensionHostProcess.js:94:200950
    at xe._withAdapter (/usr/share/code/resources/app/out/vs/workbench/services/extensions/node/extensionHostProcess.js:94:191024)
    at xe.$provideCompletionItems (/usr/share/code/resources/app/out/vs/workbench/services/extensions/node/extensionHostProcess.js:94:200926)
    at i._doInvokeHandler (/usr/share/code/resources/app/out/vs/workbench/services/extensions/node/extensionHostProcess.js:98:13802)
    at i._invokeHandler (/usr/share/code/resources/app/out/vs/workbench/services/extensions/node/extensionHostProcess.js:98:13486)
    at i._receiveRequest (/usr/share/code/resources/app/out/vs/workbench/services/extensions/node/extensionHostProcess.js:98:12097)
    at i._receiveOneMessage (/usr/share/code/resources/app/out/vs/workbench/services/extensions/node/extensionHostProcess.js:98:10826)
    at /usr/share/code/resources/app/out/vs/workbench/services/extensions/node/extensionHostProcess.js:98:8922
    at a.fire (/usr/share/code/resources/app/out/vs/workbench/services/extensions/node/extensionHostProcess.js:66:1712)
    at l.fire (/usr/share/code/resources/app/out/vs/workbench/services/extensions/node/extensionHostProcess.js:74:15990)
    at /usr/share/code/resources/app/out/vs/workbench/services/extensions/node/extensionHostProcess.js:113:30514
    at a.fire (/usr/share/code/resources/app/out/vs/workbench/services/extensions/node/extensionHostProcess.js:66:1712)
    at l.fire (/usr/share/code/resources/app/out/vs/workbench/services/extensions/node/extensionHostProcess.js:74:15990)
    at u._receiveMessage (/usr/share/code/resources/app/out/vs/workbench/services/extensions/node/extensionHostProcess.js:74:21260)
    at /usr/share/code/resources/app/out/vs/workbench/services/extensions/node/extensionHostProcess.js:74:18138
    at a.fire (/usr/share/code/resources/app/out/vs/workbench/services/extensions/node/extensionHostProcess.js:66:1712)
    at w.acceptChunk (/usr/share/code/resources/app/out/vs/workbench/services/extensions/node/extensionHostProcess.js:74:13351)
    at /usr/share/code/resources/app/out/vs/workbench/services/extensions/node/extensionHostProcess.js:74:12699
    at Socket.v (/usr/share/code/resources/app/out/vs/workbench/services/extensions/node/extensionHostProcess.js:113:13465)
    at Socket.emit (events.js:315:20)
    at Socket.EventEmitter.emit (domain.js:467:12)
    at addChunk (internal/streams/readable.js:309:12)
    at readableAddChunk (internal/streams/readable.js:284:9)
    at Socket.Readable.push (internal/streams/readable.js:223:10)
    at Pipe.onStreamRead (internal/stream_base_commons.js:188:23)
[2021-11-30 01:13:40.466] [exthost] [warning] TextEditor is closed/disposed
[2021-11-30 01:16:37.143] [exthost] [warning] TextEditor is closed/disposed
[2021-11-30 01:17:58.710] [exthost] [warning] TextEditor is closed/disposed
[2021-11-30 01:26:30.489] [exthost] [warning] TextEditor is closed/disposed
[2021-11-30 01:26:48.997] [exthost] [warning] TextEditor is closed/disposed
[2021-11-30 01:26:50.963] [exthost] [warning] TextEditor is closed/disposed
[2021-11-30 01:26:58.600] [exthost] [warning] TextEditor is closed/disposed
[2021-11-30 01:27:08.439] [exthost] [warning] TextEditor is closed/disposed
[2021-11-30 01:27:32.782] [exthost] [warning] TextEditor is closed/disposed
[2021-11-30 01:27:48.015] [exthost] [warning] TextEditor is closed/disposed
[2021-11-30 01:28:40.478] [exthost] [warning] TextEditor is closed/disposed
[2021-11-30 01:28:51.838] [exthost] [error] [Atishay-Jain.All-Autocomplete] provider FAILED
[2021-11-30 01:28:51.839] [exthost] [error] TypeError: Cannot read property 'push' of undefined
    at /home/dotnet/.vscode/extensions/atishay-jain.all-autocomplete-0.0.23/dist/extension.js:1:11378
    at Array.forEach (<anonymous>)
    at Object.provideCompletionItems (/home/dotnet/.vscode/extensions/atishay-jain.all-autocomplete-0.0.23/dist/extension.js:1:11315)
    at U.provideCompletionItems (/usr/share/code/resources/app/out/vs/workbench/services/extensions/node/extensionHostProcess.js:94:180724)
    at /usr/share/code/resources/app/out/vs/workbench/services/extensions/node/extensionHostProcess.js:94:200950
    at xe._withAdapter (/usr/share/code/resources/app/out/vs/workbench/services/extensions/node/extensionHostProcess.js:94:191024)
    at xe.$provideCompletionItems (/usr/share/code/resources/app/out/vs/workbench/services/extensions/node/extensionHostProcess.js:94:200926)
    at i._doInvokeHandler (/usr/share/code/resources/app/out/vs/workbench/services/extensions/node/extensionHostProcess.js:98:13802)
    at i._invokeHandler (/usr/share/code/resources/app/out/vs/workbench/services/extensions/node/extensionHostProcess.js:98:13486)
    at i._receiveRequest (/usr/share/code/resources/app/out/vs/workbench/services/extensions/node/extensionHostProcess.js:98:12097)
    at i._receiveOneMessage (/usr/share/code/resources/app/out/vs/workbench/services/extensions/node/extensionHostProcess.js:98:10826)
    at /usr/share/code/resources/app/out/vs/workbench/services/extensions/node/extensionHostProcess.js:98:8922
    at a.fire (/usr/share/code/resources/app/out/vs/workbench/services/extensions/node/extensionHostProcess.js:66:1712)
    at l.fire (/usr/share/code/resources/app/out/vs/workbench/services/extensions/node/extensionHostProcess.js:74:15990)
    at /usr/share/code/resources/app/out/vs/workbench/services/extensions/node/extensionHostProcess.js:113:30514
    at a.fire (/usr/share/code/resources/app/out/vs/workbench/services/extensions/node/extensionHostProcess.js:66:1712)
    at l.fire (/usr/share/code/resources/app/out/vs/workbench/services/extensions/node/extensionHostProcess.js:74:15990)
    at u._receiveMessage (/usr/share/code/resources/app/out/vs/workbench/services/extensions/node/extensionHostProcess.js:74:21260)
    at /usr/share/code/resources/app/out/vs/workbench/services/extensions/node/extensionHostProcess.js:74:18138
    at a.fire (/usr/share/code/resources/app/out/vs/workbench/services/extensions/node/extensionHostProcess.js:66:1712)
    at w.acceptChunk (/usr/share/code/resources/app/out/vs/workbench/services/extensions/node/extensionHostProcess.js:74:13351)
    at /usr/share/code/resources/app/out/vs/workbench/services/extensions/node/extensionHostProcess.js:74:12699
    at Socket.v (/usr/share/code/resources/app/out/vs/workbench/services/extensions/node/extensionHostProcess.js:113:13465)
    at Socket.emit (events.js:315:20)
    at Socket.EventEmitter.emit (domain.js:467:12)
    at addChunk (internal/streams/readable.js:309:12)
    at readableAddChunk (internal/streams/readable.js:284:9)
    at Socket.Readable.push (internal/streams/readable.js:223:10)
    at Pipe.onStreamRead (internal/stream_base_commons.js:188:23)
[2021-11-30 01:30:08.208] [exthost] [error] [Atishay-Jain.All-Autocomplete] provider FAILED
[2021-11-30 01:30:08.209] [exthost] [error] TypeError: Cannot read property 'push' of undefined
    at /home/dotnet/.vscode/extensions/atishay-jain.all-autocomplete-0.0.23/dist/extension.js:1:11378
    at Array.forEach (<anonymous>)
    at Object.provideCompletionItems (/home/dotnet/.vscode/extensions/atishay-jain.all-autocomplete-0.0.23/dist/extension.js:1:11315)
    at U.provideCompletionItems (/usr/share/code/resources/app/out/vs/workbench/services/extensions/node/extensionHostProcess.js:94:180724)
    at /usr/share/code/resources/app/out/vs/workbench/services/extensions/node/extensionHostProcess.js:94:200950
    at xe._withAdapter (/usr/share/code/resources/app/out/vs/workbench/services/extensions/node/extensionHostProcess.js:94:191024)
    at xe.$provideCompletionItems (/usr/share/code/resources/app/out/vs/workbench/services/extensions/node/extensionHostProcess.js:94:200926)
    at i._doInvokeHandler (/usr/share/code/resources/app/out/vs/workbench/services/extensions/node/extensionHostProcess.js:98:13802)
    at i._invokeHandler (/usr/share/code/resources/app/out/vs/workbench/services/extensions/node/extensionHostProcess.js:98:13486)
    at i._receiveRequest (/usr/share/code/resources/app/out/vs/workbench/services/extensions/node/extensionHostProcess.js:98:12097)
    at i._receiveOneMessage (/usr/share/code/resources/app/out/vs/workbench/services/extensions/node/extensionHostProcess.js:98:10826)
    at /usr/share/code/resources/app/out/vs/workbench/services/extensions/node/extensionHostProcess.js:98:8922
    at a.fire (/usr/share/code/resources/app/out/vs/workbench/services/extensions/node/extensionHostProcess.js:66:1712)
    at l.fire (/usr/share/code/resources/app/out/vs/workbench/services/extensions/node/extensionHostProcess.js:74:15990)
    at /usr/share/code/resources/app/out/vs/workbench/services/extensions/node/extensionHostProcess.js:113:30514
    at a.fire (/usr/share/code/resources/app/out/vs/workbench/services/extensions/node/extensionHostProcess.js:66:1712)
    at l.fire (/usr/share/code/resources/app/out/vs/workbench/services/extensions/node/extensionHostProcess.js:74:15990)
    at u._receiveMessage (/usr/share/code/resources/app/out/vs/workbench/services/extensions/node/extensionHostProcess.js:74:21260)
    at /usr/share/code/resources/app/out/vs/workbench/services/extensions/node/extensionHostProcess.js:74:18138
    at a.fire (/usr/share/code/resources/app/out/vs/workbench/services/extensions/node/extensionHostProcess.js:66:1712)
    at w.acceptChunk (/usr/share/code/resources/app/out/vs/workbench/services/extensions/node/extensionHostProcess.js:74:13351)
    at /usr/share/code/resources/app/out/vs/workbench/services/extensions/node/extensionHostProcess.js:74:12699
    at Socket.v (/usr/share/code/resources/app/out/vs/workbench/services/extensions/node/extensionHostProcess.js:113:13465)
    at Socket.emit (events.js:315:20)
    at Socket.EventEmitter.emit (domain.js:467:12)
    at addChunk (internal/streams/readable.js:309:12)
    at readableAddChunk (internal/streams/readable.js:284:9)
    at Socket.Readable.push (internal/streams/readable.js:223:10)
    at Pipe.onStreamRead (internal/stream_base_commons.js:188:23)
[2021-11-30 01:30:11.483] [exthost] [error] [Atishay-Jain.All-Autocomplete] provider FAILED
[2021-11-30 01:30:11.483] [exthost] [error] TypeError: Cannot read property 'push' of undefined
    at /home/dotnet/.vscode/extensions/atishay-jain.all-autocomplete-0.0.23/dist/extension.js:1:11378
    at Array.forEach (<anonymous>)
    at Object.provideCompletionItems (/home/dotnet/.vscode/extensions/atishay-jain.all-autocomplete-0.0.23/dist/extension.js:1:11315)
    at U.provideCompletionItems (/usr/share/code/resources/app/out/vs/workbench/services/extensions/node/extensionHostProcess.js:94:180724)
    at /usr/share/code/resources/app/out/vs/workbench/services/extensions/node/extensionHostProcess.js:94:200950
    at xe._withAdapter (/usr/share/code/resources/app/out/vs/workbench/services/extensions/node/extensionHostProcess.js:94:191024)
    at xe.$provideCompletionItems (/usr/share/code/resources/app/out/vs/workbench/services/extensions/node/extensionHostProcess.js:94:200926)
    at i._doInvokeHandler (/usr/share/code/resources/app/out/vs/workbench/services/extensions/node/extensionHostProcess.js:98:13802)
    at i._invokeHandler (/usr/share/code/resources/app/out/vs/workbench/services/extensions/node/extensionHostProcess.js:98:13486)
    at i._receiveRequest (/usr/share/code/resources/app/out/vs/workbench/services/extensions/node/extensionHostProcess.js:98:12097)
    at i._receiveOneMessage (/usr/share/code/resources/app/out/vs/workbench/services/extensions/node/extensionHostProcess.js:98:10826)
    at /usr/share/code/resources/app/out/vs/workbench/services/extensions/node/extensionHostProcess.js:98:8922
    at a.fire (/usr/share/code/resources/app/out/vs/workbench/services/extensions/node/extensionHostProcess.js:66:1712)
    at l.fire (/usr/share/code/resources/app/out/vs/workbench/services/extensions/node/extensionHostProcess.js:74:15990)
    at /usr/share/code/resources/app/out/vs/workbench/services/extensions/node/extensionHostProcess.js:113:30514
    at a.fire (/usr/share/code/resources/app/out/vs/workbench/services/extensions/node/extensionHostProcess.js:66:1712)
    at l.fire (/usr/share/code/resources/app/out/vs/workbench/services/extensions/node/extensionHostProcess.js:74:15990)
    at u._receiveMessage (/usr/share/code/resources/app/out/vs/workbench/services/extensions/node/extensionHostProcess.js:74:21260)
    at /usr/share/code/resources/app/out/vs/workbench/services/extensions/node/extensionHostProcess.js:74:18138
    at a.fire (/usr/share/code/resources/app/out/vs/workbench/services/extensions/node/extensionHostProcess.js:66:1712)
    at w.acceptChunk (/usr/share/code/resources/app/out/vs/workbench/services/extensions/node/extensionHostProcess.js:74:13351)
    at /usr/share/code/resources/app/out/vs/workbench/services/extensions/node/extensionHostProcess.js:74:12699
    at Socket.v (/usr/share/code/resources/app/out/vs/workbench/services/extensions/node/extensionHostProcess.js:113:13465)
    at Socket.emit (events.js:315:20)
    at Socket.EventEmitter.emit (domain.js:467:12)
    at addChunk (internal/streams/readable.js:309:12)
    at readableAddChunk (internal/streams/readable.js:284:9)
    at Socket.Readable.push (internal/streams/readable.js:223:10)
    at Pipe.onStreamRead (internal/stream_base_commons.js:188:23)
[2021-11-30 01:30:17.003] [exthost] [warning] TextEditor is closed/disposed
[2021-11-30 01:30:19.369] [exthost] [warning] TextEditor is closed/disposed
[2021-11-30 01:30:44.301] [exthost] [warning] TextEditor is closed/disposed
[2021-11-30 01:31:41.960] [exthost] [warning] TextEditor is closed/disposed
[2021-11-30 01:31:47.469] [exthost] [error] [Atishay-Jain.All-Autocomplete] provider FAILED
[2021-11-30 01:31:47.469] [exthost] [error] TypeError: Cannot read property 'push' of undefined
    at /home/dotnet/.vscode/extensions/atishay-jain.all-autocomplete-0.0.23/dist/extension.js:1:11378
    at Array.forEach (<anonymous>)
    at Object.provideCompletionItems (/home/dotnet/.vscode/extensions/atishay-jain.all-autocomplete-0.0.23/dist/extension.js:1:11315)
    at U.provideCompletionItems (/usr/share/code/resources/app/out/vs/workbench/services/extensions/node/extensionHostProcess.js:94:180724)
    at /usr/share/code/resources/app/out/vs/workbench/services/extensions/node/extensionHostProcess.js:94:200950
    at xe._withAdapter (/usr/share/code/resources/app/out/vs/workbench/services/extensions/node/extensionHostProcess.js:94:191024)
    at xe.$provideCompletionItems (/usr/share/code/resources/app/out/vs/workbench/services/extensions/node/extensionHostProcess.js:94:200926)
    at i._doInvokeHandler (/usr/share/code/resources/app/out/vs/workbench/services/extensions/node/extensionHostProcess.js:98:13802)
    at i._invokeHandler (/usr/share/code/resources/app/out/vs/workbench/services/extensions/node/extensionHostProcess.js:98:13486)
    at i._receiveRequest (/usr/share/code/resources/app/out/vs/workbench/services/extensions/node/extensionHostProcess.js:98:12097)
    at i._receiveOneMessage (/usr/share/code/resources/app/out/vs/workbench/services/extensions/node/extensionHostProcess.js:98:10826)
    at /usr/share/code/resources/app/out/vs/workbench/services/extensions/node/extensionHostProcess.js:98:8922
    at a.fire (/usr/share/code/resources/app/out/vs/workbench/services/extensions/node/extensionHostProcess.js:66:1712)
    at l.fire (/usr/share/code/resources/app/out/vs/workbench/services/extensions/node/extensionHostProcess.js:74:15990)
    at /usr/share/code/resources/app/out/vs/workbench/services/extensions/node/extensionHostProcess.js:113:30514
    at a.fire (/usr/share/code/resources/app/out/vs/workbench/services/extensions/node/extensionHostProcess.js:66:1712)
    at l.fire (/usr/share/code/resources/app/out/vs/workbench/services/extensions/node/extensionHostProcess.js:74:15990)
    at u._receiveMessage (/usr/share/code/resources/app/out/vs/workbench/services/extensions/node/extensionHostProcess.js:74:21260)
    at /usr/share/code/resources/app/out/vs/workbench/services/extensions/node/extensionHostProcess.js:74:18138
    at a.fire (/usr/share/code/resources/app/out/vs/workbench/services/extensions/node/extensionHostProcess.js:66:1712)
    at w.acceptChunk (/usr/share/code/resources/app/out/vs/workbench/services/extensions/node/extensionHostProcess.js:74:13351)
    at /usr/share/code/resources/app/out/vs/workbench/services/extensions/node/extensionHostProcess.js:74:12699
    at Socket.v (/usr/share/code/resources/app/out/vs/workbench/services/extensions/node/extensionHostProcess.js:113:13465)
    at Socket.emit (events.js:315:20)
    at Socket.EventEmitter.emit (domain.js:467:12)
    at addChunk (internal/streams/readable.js:309:12)
    at readableAddChunk (internal/streams/readable.js:284:9)
    at Socket.Readable.push (internal/streams/readable.js:223:10)
    at Pipe.onStreamRead (internal/stream_base_commons.js:188:23)
