[2021-11-30 18:46:10.156] [exthost] [info] extension host started
[2021-11-30 18:46:10.156] [exthost] [info] Skipping acquiring lock for /home/dotnet/.config/Code/User/workspaceStorage/3d740f17f4364a78968bd16d5e08f550.
[2021-11-30 18:46:10.610] [exthost] [info] ExtensionService#_doActivateExtension vscode.microsoft-authentication, startup: false, activationEvent: 'onAuthenticationRequest:microsoft'
[2021-11-30 18:46:10.610] [exthost] [info] ExtensionService#loadCommonJSModule file:///usr/share/code/resources/app/extensions/microsoft-authentication/dist/extension.js
[2021-11-30 18:46:10.621] [exthost] [info] ExtensionService#_doActivateExtension vscode.typescript-language-features, startup: false, activationEvent: 'onLanguage:javascript'
[2021-11-30 18:46:10.621] [exthost] [info] ExtensionService#loadCommonJSModule file:///usr/share/code/resources/app/extensions/typescript-language-features/dist/extension
[2021-11-30 18:46:10.658] [exthost] [info] ExtensionService#_doActivateExtension christian-kohler.npm-intellisense, startup: false, activationEvent: 'onLanguage:javascript'
[2021-11-30 18:46:10.658] [exthost] [info] ExtensionService#loadCommonJSModule file:///home/dotnet/.vscode/extensions/christian-kohler.npm-intellisense-1.4.0/out/src/extension
[2021-11-30 18:46:10.731] [exthost] [info] ExtensionService#_doActivateExtension wix.vscode-import-cost, startup: false, activationEvent: 'onLanguage:javascript'
[2021-11-30 18:46:10.731] [exthost] [info] ExtensionService#loadCommonJSModule file:///home/dotnet/.vscode/extensions/wix.vscode-import-cost-2.15.0/out/extension.js
[2021-11-30 18:46:11.627] [exthost] [info] ExtensionService#_doActivateExtension vscode.debug-auto-launch, startup: true, activationEvent: '*'
[2021-11-30 18:46:11.627] [exthost] [info] ExtensionService#loadCommonJSModule file:///usr/share/code/resources/app/extensions/debug-auto-launch/dist/extension
[2021-11-30 18:46:11.639] [exthost] [info] ExtensionService#_doActivateExtension vscode.git, startup: true, activationEvent: '*', root cause: vscode.github
[2021-11-30 18:46:11.639] [exthost] [info] ExtensionService#loadCommonJSModule file:///usr/share/code/resources/app/extensions/git/dist/main
[2021-11-30 18:46:11.680] [exthost] [info] ExtensionService#_doActivateExtension Atishay-Jain.All-Autocomplete, startup: true, activationEvent: '*'
[2021-11-30 18:46:11.680] [exthost] [info] ExtensionService#loadCommonJSModule file:///home/dotnet/.vscode/extensions/atishay-jain.all-autocomplete-0.0.23/dist/extension
[2021-11-30 18:46:11.691] [exthost] [info] ExtensionService#_doActivateExtension CoenraadS.bracket-pair-colorizer, startup: true, activationEvent: '*'
[2021-11-30 18:46:11.691] [exthost] [info] ExtensionService#loadCommonJSModule file:///home/dotnet/.vscode/extensions/coenraads.bracket-pair-colorizer-1.0.61/out/src/extension
[2021-11-30 18:46:11.714] [exthost] [info] ExtensionService#_doActivateExtension EditorConfig.EditorConfig, startup: true, activationEvent: '*'
[2021-11-30 18:46:11.714] [exthost] [info] ExtensionService#loadCommonJSModule file:///home/dotnet/.vscode/extensions/editorconfig.editorconfig-0.16.4/out/editorConfigMain.js
[2021-11-30 18:46:11.754] [exthost] [info] ExtensionService#_doActivateExtension Equinusocio.vsc-material-theme, startup: true, activationEvent: '*'
[2021-11-30 18:46:11.754] [exthost] [info] ExtensionService#loadCommonJSModule file:///home/dotnet/.vscode/extensions/equinusocio.vsc-material-theme-33.2.2/build/material.theme.config
[2021-11-30 18:46:11.785] [exthost] [info] ExtensionService#_doActivateExtension equinusocio.vsc-material-theme-icons, startup: true, activationEvent: '*'
[2021-11-30 18:46:11.785] [exthost] [info] ExtensionService#loadCommonJSModule file:///home/dotnet/.vscode/extensions/equinusocio.vsc-material-theme-icons-2.2.1/out/src/extension
[2021-11-30 18:46:11.952] [exthost] [info] ExtensionService#_doActivateExtension formulahendry.auto-close-tag, startup: true, activationEvent: '*'
[2021-11-30 18:46:11.952] [exthost] [info] ExtensionService#loadCommonJSModule file:///home/dotnet/.vscode/extensions/formulahendry.auto-close-tag-0.5.13/out/src/extension
[2021-11-30 18:46:11.956] [exthost] [info] ExtensionService#_doActivateExtension formulahendry.auto-rename-tag, startup: true, activationEvent: '*'
[2021-11-30 18:46:11.956] [exthost] [info] ExtensionService#loadCommonJSModule file:///home/dotnet/.vscode/extensions/formulahendry.auto-rename-tag-0.1.9/packages/extension/dist/extensionMain.js
[2021-11-30 18:46:11.974] [exthost] [info] ExtensionService#_doActivateExtension GraphQL.vscode-graphql, startup: true, activationEvent: '*'
[2021-11-30 18:46:11.974] [exthost] [info] ExtensionService#loadCommonJSModule file:///home/dotnet/.vscode/extensions/graphql.vscode-graphql-0.3.26/out/extension
[2021-11-30 18:46:12.067] [exthost] [info] ExtensionService#_doActivateExtension HookyQR.beautify, startup: true, activationEvent: '*'
[2021-11-30 18:46:12.067] [exthost] [info] ExtensionService#loadCommonJSModule file:///home/dotnet/.vscode/extensions/hookyqr.beautify-1.5.0/extension
[2021-11-30 18:46:12.144] [exthost] [info] ExtensionService#_doActivateExtension mohamedbenhida.laravel-intellisense, startup: true, activationEvent: '*'
[2021-11-30 18:46:12.144] [exthost] [info] ExtensionService#loadCommonJSModule file:///home/dotnet/.vscode/extensions/mohamedbenhida.laravel-intellisense-0.2.0/dist/extension.js
[2021-11-30 18:46:12.148] [exthost] [info] ExtensionService#_doActivateExtension ms-vscode.sublime-keybindings, startup: true, activationEvent: '*'
[2021-11-30 18:46:12.148] [exthost] [info] ExtensionService#loadCommonJSModule file:///home/dotnet/.vscode/extensions/ms-vscode.sublime-keybindings-4.0.10/dist/extension.js
[2021-11-30 18:46:12.162] [exthost] [info] ExtensionService#_doActivateExtension naumovs.color-highlight, startup: true, activationEvent: '*'
[2021-11-30 18:46:12.162] [exthost] [info] ExtensionService#loadCommonJSModule file:///home/dotnet/.vscode/extensions/naumovs.color-highlight-2.5.0/dist/extension-node.js
[2021-11-30 18:46:12.172] [exthost] [info] ExtensionService#_doActivateExtension stef-k.laravel-goto-controller, startup: true, activationEvent: '*'
[2021-11-30 18:46:12.172] [exthost] [info] ExtensionService#loadCommonJSModule file:///home/dotnet/.vscode/extensions/stef-k.laravel-goto-controller-0.0.15/out/extension
[2021-11-30 18:46:12.180] [exthost] [info] ExtensionService#_doActivateExtension vscodevim.vim, startup: true, activationEvent: '*'
[2021-11-30 18:46:12.180] [exthost] [info] ExtensionService#loadCommonJSModule file:///home/dotnet/.vscode/extensions/vscodevim.vim-1.21.10/out/extension
[2021-11-30 18:46:12.313] [exthost] [info] ExtensionService#_doActivateExtension vscode.npm, startup: true, activationEvent: 'workspaceContains:package.json'
[2021-11-30 18:46:12.313] [exthost] [info] ExtensionService#loadCommonJSModule file:///usr/share/code/resources/app/extensions/npm/dist/npmMain
[2021-11-30 18:46:13.536] [exthost] [info] ExtensionService#_doActivateExtension ms-vscode.js-debug, startup: false, activationEvent: 'onCommand:extension.js-debug.clearAutoAttachVariables'
[2021-11-30 18:46:13.536] [exthost] [info] ExtensionService#loadCommonJSModule file:///usr/share/code/resources/app/extensions/ms-vscode.js-debug/src/extension.js
[2021-11-30 18:46:13.878] [exthost] [info] ExtensionService#_doActivateExtension vscode.github, startup: false, activationEvent: '*'
[2021-11-30 18:46:13.878] [exthost] [info] ExtensionService#loadCommonJSModule file:///usr/share/code/resources/app/extensions/github/dist/extension.js
[2021-11-30 18:46:14.213] [exthost] [info] ExtensionService#_doActivateExtension vscode.github-authentication, startup: false, activationEvent: 'onAuthenticationRequest:github'
[2021-11-30 18:46:14.213] [exthost] [info] ExtensionService#loadCommonJSModule file:///usr/share/code/resources/app/extensions/github-authentication/dist/extension.js
[2021-11-30 18:46:14.312] [exthost] [info] eager extensions activated
[2021-11-30 18:46:14.319] [exthost] [info] ExtensionService#_doActivateExtension vscode.emmet, startup: false, activationEvent: 'onStartupFinished'
[2021-11-30 18:46:14.319] [exthost] [info] ExtensionService#loadCommonJSModule file:///usr/share/code/resources/app/extensions/emmet/dist/node/emmetNodeMain
[2021-11-30 18:46:14.325] [exthost] [info] ExtensionService#_doActivateExtension vscode.merge-conflict, startup: false, activationEvent: 'onStartupFinished'
[2021-11-30 18:46:14.325] [exthost] [info] ExtensionService#loadCommonJSModule file:///usr/share/code/resources/app/extensions/merge-conflict/dist/mergeConflictMain
[2021-11-30 18:46:14.336] [exthost] [info] ExtensionService#_doActivateExtension bradlc.vscode-tailwindcss, startup: false, activationEvent: 'onStartupFinished'
[2021-11-30 18:46:14.337] [exthost] [info] ExtensionService#loadCommonJSModule file:///home/dotnet/.vscode/extensions/bradlc.vscode-tailwindcss-0.7.2/dist/extension/index.js
[2021-11-30 18:46:14.354] [exthost] [info] ExtensionService#_doActivateExtension dbaeumer.vscode-eslint, startup: false, activationEvent: 'onStartupFinished'
[2021-11-30 18:46:14.354] [exthost] [info] ExtensionService#loadCommonJSModule file:///home/dotnet/.vscode/extensions/dbaeumer.vscode-eslint-2.2.2/client/out/extension
[2021-11-30 18:46:14.384] [exthost] [info] ExtensionService#_doActivateExtension eamodio.gitlens, startup: false, activationEvent: 'onStartupFinished'
[2021-11-30 18:46:14.384] [exthost] [info] ExtensionService#loadCommonJSModule file:///home/dotnet/.vscode/extensions/eamodio.gitlens-11.6.1/dist/gitlens
[2021-11-30 18:46:14.517] [exthost] [info] ExtensionService#_doActivateExtension esbenp.prettier-vscode, startup: false, activationEvent: 'onStartupFinished'
[2021-11-30 18:46:14.517] [exthost] [info] ExtensionService#loadCommonJSModule file:///home/dotnet/.vscode/extensions/esbenp.prettier-vscode-9.0.0/dist/extension
[2021-11-30 18:46:19.909] [exthost] [info] extension host terminating: renderer closed the socket
[2021-11-30 18:46:19.974] [exthost] [warning] {"name":"Canceled"}
[2021-11-30 18:46:22.408] [exthost] [info] extension host started
[2021-11-30 18:46:22.408] [exthost] [info] Skipping acquiring lock for /home/dotnet/.config/Code/User/workspaceStorage/29e8aef5221e59c4dd3de36217654dc1.
[2021-11-30 18:46:22.472] [exthost] [info] exiting with code 0
[2021-11-30 18:46:22.619] [exthost] [info] ExtensionService#_doActivateExtension vscode.microsoft-authentication, startup: false, activationEvent: 'onAuthenticationRequest:microsoft'
[2021-11-30 18:46:22.619] [exthost] [info] ExtensionService#loadCommonJSModule file:///usr/share/code/resources/app/extensions/microsoft-authentication/dist/extension.js
[2021-11-30 18:46:22.626] [exthost] [info] ExtensionService#_doActivateExtension vscode.css-language-features, startup: false, activationEvent: 'onLanguage:css'
[2021-11-30 18:46:22.626] [exthost] [info] ExtensionService#loadCommonJSModule file:///usr/share/code/resources/app/extensions/css-language-features/client/dist/node/cssClientMain
[2021-11-30 18:46:22.643] [exthost] [info] ExtensionService#_doActivateExtension vscode.emmet, startup: false, activationEvent: 'onLanguage:css'
[2021-11-30 18:46:22.643] [exthost] [info] ExtensionService#loadCommonJSModule file:///usr/share/code/resources/app/extensions/emmet/dist/node/emmetNodeMain
[2021-11-30 18:46:22.647] [exthost] [info] ExtensionService#_doActivateExtension vscode.debug-auto-launch, startup: true, activationEvent: '*'
[2021-11-30 18:46:22.647] [exthost] [info] ExtensionService#loadCommonJSModule file:///usr/share/code/resources/app/extensions/debug-auto-launch/dist/extension
[2021-11-30 18:46:22.649] [exthost] [info] ExtensionService#_doActivateExtension vscode.git, startup: true, activationEvent: '*', root cause: vscode.github
[2021-11-30 18:46:22.649] [exthost] [info] ExtensionService#loadCommonJSModule file:///usr/share/code/resources/app/extensions/git/dist/main
[2021-11-30 18:46:22.668] [exthost] [info] ExtensionService#_doActivateExtension Atishay-Jain.All-Autocomplete, startup: true, activationEvent: '*'
[2021-11-30 18:46:22.668] [exthost] [info] ExtensionService#loadCommonJSModule file:///home/dotnet/.vscode/extensions/atishay-jain.all-autocomplete-0.0.23/dist/extension
[2021-11-30 18:46:22.670] [exthost] [info] ExtensionService#_doActivateExtension CoenraadS.bracket-pair-colorizer, startup: true, activationEvent: '*'
[2021-11-30 18:46:22.670] [exthost] [info] ExtensionService#loadCommonJSModule file:///home/dotnet/.vscode/extensions/coenraads.bracket-pair-colorizer-1.0.61/out/src/extension
[2021-11-30 18:46:22.679] [exthost] [info] ExtensionService#_doActivateExtension EditorConfig.EditorConfig, startup: true, activationEvent: '*'
[2021-11-30 18:46:22.679] [exthost] [info] ExtensionService#loadCommonJSModule file:///home/dotnet/.vscode/extensions/editorconfig.editorconfig-0.16.4/out/editorConfigMain.js
[2021-11-30 18:46:22.691] [exthost] [info] ExtensionService#_doActivateExtension Equinusocio.vsc-material-theme, startup: true, activationEvent: '*'
[2021-11-30 18:46:22.691] [exthost] [info] ExtensionService#loadCommonJSModule file:///home/dotnet/.vscode/extensions/equinusocio.vsc-material-theme-33.2.2/build/material.theme.config
[2021-11-30 18:46:22.696] [exthost] [info] ExtensionService#_doActivateExtension equinusocio.vsc-material-theme-icons, startup: true, activationEvent: '*'
[2021-11-30 18:46:22.696] [exthost] [info] ExtensionService#loadCommonJSModule file:///home/dotnet/.vscode/extensions/equinusocio.vsc-material-theme-icons-2.2.1/out/src/extension
[2021-11-30 18:46:22.713] [exthost] [info] ExtensionService#_doActivateExtension formulahendry.auto-close-tag, startup: true, activationEvent: '*'
[2021-11-30 18:46:22.713] [exthost] [info] ExtensionService#loadCommonJSModule file:///home/dotnet/.vscode/extensions/formulahendry.auto-close-tag-0.5.13/out/src/extension
[2021-11-30 18:46:22.714] [exthost] [info] ExtensionService#_doActivateExtension formulahendry.auto-rename-tag, startup: true, activationEvent: '*'
[2021-11-30 18:46:22.714] [exthost] [info] ExtensionService#loadCommonJSModule file:///home/dotnet/.vscode/extensions/formulahendry.auto-rename-tag-0.1.9/packages/extension/dist/extensionMain.js
[2021-11-30 18:46:22.732] [exthost] [info] ExtensionService#_doActivateExtension GraphQL.vscode-graphql, startup: true, activationEvent: '*'
[2021-11-30 18:46:22.732] [exthost] [info] ExtensionService#loadCommonJSModule file:///home/dotnet/.vscode/extensions/graphql.vscode-graphql-0.3.26/out/extension
[2021-11-30 18:46:22.832] [exthost] [info] ExtensionService#_doActivateExtension HookyQR.beautify, startup: true, activationEvent: '*'
[2021-11-30 18:46:22.832] [exthost] [info] ExtensionService#loadCommonJSModule file:///home/dotnet/.vscode/extensions/hookyqr.beautify-1.5.0/extension
[2021-11-30 18:46:22.878] [exthost] [info] ExtensionService#_doActivateExtension mohamedbenhida.laravel-intellisense, startup: true, activationEvent: '*'
[2021-11-30 18:46:22.878] [exthost] [info] ExtensionService#loadCommonJSModule file:///home/dotnet/.vscode/extensions/mohamedbenhida.laravel-intellisense-0.2.0/dist/extension.js
[2021-11-30 18:46:22.896] [exthost] [info] ExtensionService#_doActivateExtension ms-vscode.sublime-keybindings, startup: true, activationEvent: '*'
[2021-11-30 18:46:22.896] [exthost] [info] ExtensionService#loadCommonJSModule file:///home/dotnet/.vscode/extensions/ms-vscode.sublime-keybindings-4.0.10/dist/extension.js
[2021-11-30 18:46:22.897] [exthost] [info] ExtensionService#_doActivateExtension naumovs.color-highlight, startup: true, activationEvent: '*'
[2021-11-30 18:46:22.897] [exthost] [info] ExtensionService#loadCommonJSModule file:///home/dotnet/.vscode/extensions/naumovs.color-highlight-2.5.0/dist/extension-node.js
[2021-11-30 18:46:22.903] [exthost] [info] ExtensionService#_doActivateExtension stef-k.laravel-goto-controller, startup: true, activationEvent: '*'
[2021-11-30 18:46:22.903] [exthost] [info] ExtensionService#loadCommonJSModule file:///home/dotnet/.vscode/extensions/stef-k.laravel-goto-controller-0.0.15/out/extension
[2021-11-30 18:46:22.905] [exthost] [info] ExtensionService#_doActivateExtension vscodevim.vim, startup: true, activationEvent: '*'
[2021-11-30 18:46:22.905] [exthost] [info] ExtensionService#loadCommonJSModule file:///home/dotnet/.vscode/extensions/vscodevim.vim-1.21.10/out/extension
[2021-11-30 18:46:23.905] [exthost] [info] ExtensionService#_doActivateExtension ms-vscode.js-debug, startup: false, activationEvent: 'onCommand:extension.js-debug.clearAutoAttachVariables'
[2021-11-30 18:46:23.906] [exthost] [info] ExtensionService#loadCommonJSModule file:///usr/share/code/resources/app/extensions/ms-vscode.js-debug/src/extension.js
[2021-11-30 18:46:24.014] [exthost] [info] ExtensionService#_doActivateExtension vscode.github, startup: false, activationEvent: '*'
[2021-11-30 18:46:24.014] [exthost] [info] ExtensionService#loadCommonJSModule file:///usr/share/code/resources/app/extensions/github/dist/extension.js
[2021-11-30 18:46:24.067] [exthost] [info] ExtensionService#_doActivateExtension vscode.github-authentication, startup: false, activationEvent: 'onAuthenticationRequest:github'
[2021-11-30 18:46:24.067] [exthost] [info] ExtensionService#loadCommonJSModule file:///usr/share/code/resources/app/extensions/github-authentication/dist/extension.js
[2021-11-30 18:46:24.101] [exthost] [info] eager extensions activated
[2021-11-30 18:46:24.114] [exthost] [info] ExtensionService#_doActivateExtension vscode.merge-conflict, startup: false, activationEvent: 'onStartupFinished'
[2021-11-30 18:46:24.114] [exthost] [info] ExtensionService#loadCommonJSModule file:///usr/share/code/resources/app/extensions/merge-conflict/dist/mergeConflictMain
[2021-11-30 18:46:24.116] [exthost] [info] ExtensionService#_doActivateExtension bradlc.vscode-tailwindcss, startup: false, activationEvent: 'onStartupFinished'
[2021-11-30 18:46:24.116] [exthost] [info] ExtensionService#loadCommonJSModule file:///home/dotnet/.vscode/extensions/bradlc.vscode-tailwindcss-0.7.2/dist/extension/index.js
[2021-11-30 18:46:24.123] [exthost] [info] ExtensionService#_doActivateExtension dbaeumer.vscode-eslint, startup: false, activationEvent: 'onStartupFinished'
[2021-11-30 18:46:24.123] [exthost] [info] ExtensionService#loadCommonJSModule file:///home/dotnet/.vscode/extensions/dbaeumer.vscode-eslint-2.2.2/client/out/extension
[2021-11-30 18:46:24.130] [exthost] [info] ExtensionService#_doActivateExtension eamodio.gitlens, startup: false, activationEvent: 'onStartupFinished'
[2021-11-30 18:46:24.130] [exthost] [info] ExtensionService#loadCommonJSModule file:///home/dotnet/.vscode/extensions/eamodio.gitlens-11.6.1/dist/gitlens
[2021-11-30 18:46:24.161] [exthost] [info] ExtensionService#_doActivateExtension esbenp.prettier-vscode, startup: false, activationEvent: 'onStartupFinished'
[2021-11-30 18:46:24.161] [exthost] [info] ExtensionService#loadCommonJSModule file:///home/dotnet/.vscode/extensions/esbenp.prettier-vscode-9.0.0/dist/extension
[2021-11-30 18:46:48.583] [exthost] [info] ExtensionService#_doActivateExtension vscode.configuration-editing, startup: false, activationEvent: 'onLanguage:jsonc'
[2021-11-30 18:46:48.583] [exthost] [info] ExtensionService#loadCommonJSModule file:///usr/share/code/resources/app/extensions/configuration-editing/dist/configurationEditingMain
[2021-11-30 18:46:48.585] [exthost] [info] ExtensionService#_doActivateExtension vscode.json-language-features, startup: false, activationEvent: 'onLanguage:jsonc'
[2021-11-30 18:46:48.585] [exthost] [info] ExtensionService#loadCommonJSModule file:///usr/share/code/resources/app/extensions/json-language-features/client/dist/node/jsonClientMain
[2021-11-30 18:46:48.599] [exthost] [info] ExtensionService#_doActivateExtension vscode.typescript-language-features, startup: false, activationEvent: 'onLanguage:jsonc'
[2021-11-30 18:46:48.599] [exthost] [info] ExtensionService#loadCommonJSModule file:///usr/share/code/resources/app/extensions/typescript-language-features/dist/extension
[2021-11-30 19:11:10.071] [exthost] [warning] TextEditor is closed/disposed
[2021-11-30 19:11:10.147] [exthost] [info] ExtensionService#_doActivateExtension vscode.extension-editing, startup: false, activationEvent: 'onLanguage:json'
[2021-11-30 19:11:10.147] [exthost] [info] ExtensionService#loadCommonJSModule file:///usr/share/code/resources/app/extensions/extension-editing/dist/extensionEditingMain
[2021-11-30 19:11:10.154] [exthost] [info] ExtensionService#_doActivateExtension vscode.npm, startup: false, activationEvent: 'onLanguage:json'
[2021-11-30 19:11:10.155] [exthost] [info] ExtensionService#loadCommonJSModule file:///usr/share/code/resources/app/extensions/npm/dist/npmMain
[2021-11-30 19:11:10.167] [exthost] [info] ExtensionService#_doActivateExtension eg2.vscode-npm-script, startup: false, activationEvent: 'onLanguage:json'
[2021-11-30 19:11:10.167] [exthost] [info] ExtensionService#loadCommonJSModule file:///home/dotnet/.vscode/extensions/eg2.vscode-npm-script-0.3.23/dist/extension
[2021-11-30 19:12:09.875] [exthost] [info] ExtensionService#_doActivateExtension christian-kohler.npm-intellisense, startup: false, activationEvent: 'onLanguage:javascript'
[2021-11-30 19:12:09.875] [exthost] [info] ExtensionService#loadCommonJSModule file:///home/dotnet/.vscode/extensions/christian-kohler.npm-intellisense-1.4.0/out/src/extension
[2021-11-30 19:12:09.901] [exthost] [info] ExtensionService#_doActivateExtension wix.vscode-import-cost, startup: false, activationEvent: 'onLanguage:javascript'
[2021-11-30 19:12:09.902] [exthost] [info] ExtensionService#loadCommonJSModule file:///home/dotnet/.vscode/extensions/wix.vscode-import-cost-2.15.0/out/extension.js
[2021-11-30 19:13:08.392] [exthost] [info] extension host terminating: renderer closed the socket
[2021-11-30 19:13:09.413] [exthost] [info] exiting with code 0
[2021-11-30 19:13:10.608] [exthost] [info] extension host started
[2021-11-30 19:13:10.608] [exthost] [info] Skipping acquiring lock for /home/dotnet/.config/Code/User/workspaceStorage/29e8aef5221e59c4dd3de36217654dc1.
[2021-11-30 19:13:10.766] [exthost] [info] ExtensionService#_doActivateExtension vscode.microsoft-authentication, startup: false, activationEvent: 'onAuthenticationRequest:microsoft'
[2021-11-30 19:13:10.766] [exthost] [info] ExtensionService#loadCommonJSModule file:///usr/share/code/resources/app/extensions/microsoft-authentication/dist/extension.js
[2021-11-30 19:13:10.780] [exthost] [info] ExtensionService#_doActivateExtension vscode.css-language-features, startup: false, activationEvent: 'onLanguage:css'
[2021-11-30 19:13:10.781] [exthost] [info] ExtensionService#loadCommonJSModule file:///usr/share/code/resources/app/extensions/css-language-features/client/dist/node/cssClientMain
[2021-11-30 19:13:10.843] [exthost] [info] ExtensionService#_doActivateExtension vscode.emmet, startup: false, activationEvent: 'onLanguage:css'
[2021-11-30 19:13:10.844] [exthost] [info] ExtensionService#loadCommonJSModule file:///usr/share/code/resources/app/extensions/emmet/dist/node/emmetNodeMain
[2021-11-30 19:13:10.856] [exthost] [info] ExtensionService#_doActivateExtension vscode.debug-auto-launch, startup: true, activationEvent: '*'
[2021-11-30 19:13:10.856] [exthost] [info] ExtensionService#loadCommonJSModule file:///usr/share/code/resources/app/extensions/debug-auto-launch/dist/extension
[2021-11-30 19:13:10.866] [exthost] [info] ExtensionService#_doActivateExtension vscode.git, startup: true, activationEvent: '*', root cause: vscode.github
[2021-11-30 19:13:10.867] [exthost] [info] ExtensionService#loadCommonJSModule file:///usr/share/code/resources/app/extensions/git/dist/main
[2021-11-30 19:13:10.896] [exthost] [info] ExtensionService#_doActivateExtension Atishay-Jain.All-Autocomplete, startup: true, activationEvent: '*'
[2021-11-30 19:13:10.896] [exthost] [info] ExtensionService#loadCommonJSModule file:///home/dotnet/.vscode/extensions/atishay-jain.all-autocomplete-0.0.23/dist/extension
[2021-11-30 19:13:10.905] [exthost] [info] ExtensionService#_doActivateExtension CoenraadS.bracket-pair-colorizer, startup: true, activationEvent: '*'
[2021-11-30 19:13:10.905] [exthost] [info] ExtensionService#loadCommonJSModule file:///home/dotnet/.vscode/extensions/coenraads.bracket-pair-colorizer-1.0.61/out/src/extension
[2021-11-30 19:13:10.928] [exthost] [info] ExtensionService#_doActivateExtension EditorConfig.EditorConfig, startup: true, activationEvent: '*'
[2021-11-30 19:13:10.928] [exthost] [info] ExtensionService#loadCommonJSModule file:///home/dotnet/.vscode/extensions/editorconfig.editorconfig-0.16.4/out/editorConfigMain.js
[2021-11-30 19:13:10.964] [exthost] [info] ExtensionService#_doActivateExtension formulahendry.auto-close-tag, startup: true, activationEvent: '*'
[2021-11-30 19:13:10.964] [exthost] [info] ExtensionService#loadCommonJSModule file:///home/dotnet/.vscode/extensions/formulahendry.auto-close-tag-0.5.13/out/src/extension
[2021-11-30 19:13:10.966] [exthost] [info] ExtensionService#_doActivateExtension formulahendry.auto-rename-tag, startup: true, activationEvent: '*'
[2021-11-30 19:13:10.966] [exthost] [info] ExtensionService#loadCommonJSModule file:///home/dotnet/.vscode/extensions/formulahendry.auto-rename-tag-0.1.9/packages/extension/dist/extensionMain.js
[2021-11-30 19:13:10.979] [exthost] [info] ExtensionService#_doActivateExtension GraphQL.vscode-graphql, startup: true, activationEvent: '*'
[2021-11-30 19:13:10.979] [exthost] [info] ExtensionService#loadCommonJSModule file:///home/dotnet/.vscode/extensions/graphql.vscode-graphql-0.3.27/out/extension
[2021-11-30 19:13:11.175] [exthost] [info] ExtensionService#_doActivateExtension HookyQR.beautify, startup: true, activationEvent: '*'
[2021-11-30 19:13:11.175] [exthost] [info] ExtensionService#loadCommonJSModule file:///home/dotnet/.vscode/extensions/hookyqr.beautify-1.5.0/extension
[2021-11-30 19:13:11.226] [exthost] [info] ExtensionService#_doActivateExtension ms-vscode.sublime-keybindings, startup: true, activationEvent: '*'
[2021-11-30 19:13:11.226] [exthost] [info] ExtensionService#loadCommonJSModule file:///home/dotnet/.vscode/extensions/ms-vscode.sublime-keybindings-4.0.10/dist/extension.js
[2021-11-30 19:13:11.230] [exthost] [info] ExtensionService#_doActivateExtension naumovs.color-highlight, startup: true, activationEvent: '*'
[2021-11-30 19:13:11.230] [exthost] [info] ExtensionService#loadCommonJSModule file:///home/dotnet/.vscode/extensions/naumovs.color-highlight-2.5.0/dist/extension-node.js
[2021-11-30 19:13:11.238] [exthost] [info] ExtensionService#_doActivateExtension stef-k.laravel-goto-controller, startup: true, activationEvent: '*'
[2021-11-30 19:13:11.238] [exthost] [info] ExtensionService#loadCommonJSModule file:///home/dotnet/.vscode/extensions/stef-k.laravel-goto-controller-0.0.15/out/extension
[2021-11-30 19:13:11.242] [exthost] [info] ExtensionService#_doActivateExtension vscodevim.vim, startup: true, activationEvent: '*'
[2021-11-30 19:13:11.242] [exthost] [info] ExtensionService#loadCommonJSModule file:///home/dotnet/.vscode/extensions/vscodevim.vim-1.21.10/out/extension
[2021-11-30 19:13:11.650] [exthost] [info] ExtensionService#_doActivateExtension ms-vscode.js-debug, startup: false, activationEvent: 'onCommand:extension.js-debug.clearAutoAttachVariables'
[2021-11-30 19:13:11.650] [exthost] [info] ExtensionService#loadCommonJSModule file:///usr/share/code/resources/app/extensions/ms-vscode.js-debug/src/extension.js
[2021-11-30 19:13:11.768] [exthost] [info] ExtensionService#_doActivateExtension vscode.github, startup: false, activationEvent: '*'
[2021-11-30 19:13:11.768] [exthost] [info] ExtensionService#loadCommonJSModule file:///usr/share/code/resources/app/extensions/github/dist/extension.js
[2021-11-30 19:13:11.842] [exthost] [info] eager extensions activated
[2021-11-30 19:13:11.899] [exthost] [info] ExtensionService#_doActivateExtension vscode.merge-conflict, startup: false, activationEvent: 'onStartupFinished'
[2021-11-30 19:13:11.899] [exthost] [info] ExtensionService#loadCommonJSModule file:///usr/share/code/resources/app/extensions/merge-conflict/dist/mergeConflictMain
[2021-11-30 19:13:11.902] [exthost] [info] ExtensionService#_doActivateExtension bradlc.vscode-tailwindcss, startup: false, activationEvent: 'onStartupFinished'
[2021-11-30 19:13:11.902] [exthost] [info] ExtensionService#loadCommonJSModule file:///home/dotnet/.vscode/extensions/bradlc.vscode-tailwindcss-0.7.2/dist/extension/index.js
[2021-11-30 19:13:11.919] [exthost] [info] ExtensionService#_doActivateExtension dbaeumer.vscode-eslint, startup: false, activationEvent: 'onStartupFinished'
[2021-11-30 19:13:11.919] [exthost] [info] ExtensionService#loadCommonJSModule file:///home/dotnet/.vscode/extensions/dbaeumer.vscode-eslint-2.2.2/client/out/extension
[2021-11-30 19:13:11.931] [exthost] [info] ExtensionService#_doActivateExtension eamodio.gitlens, startup: false, activationEvent: 'onStartupFinished'
[2021-11-30 19:13:11.931] [exthost] [info] ExtensionService#loadCommonJSModule file:///home/dotnet/.vscode/extensions/eamodio.gitlens-11.6.1/dist/gitlens
[2021-11-30 19:13:11.976] [exthost] [info] ExtensionService#_doActivateExtension esbenp.prettier-vscode, startup: false, activationEvent: 'onStartupFinished'
[2021-11-30 19:13:11.976] [exthost] [info] ExtensionService#loadCommonJSModule file:///home/dotnet/.vscode/extensions/esbenp.prettier-vscode-9.0.0/dist/extension
[2021-11-30 19:13:12.244] [exthost] [info] ExtensionService#_doActivateExtension vscode.github-authentication, startup: false, activationEvent: 'onAuthenticationRequest:github'
[2021-11-30 19:13:12.244] [exthost] [info] ExtensionService#loadCommonJSModule file:///usr/share/code/resources/app/extensions/github-authentication/dist/extension.js
[2021-11-30 19:13:30.469] [exthost] [warning] TextEditor is closed/disposed
[2021-11-30 19:13:30.542] [exthost] [info] ExtensionService#_doActivateExtension vscode.typescript-language-features, startup: false, activationEvent: 'onLanguage:typescriptreact'
[2021-11-30 19:13:30.543] [exthost] [info] ExtensionService#loadCommonJSModule file:///usr/share/code/resources/app/extensions/typescript-language-features/dist/extension
[2021-11-30 19:13:30.557] [exthost] [info] ExtensionService#_doActivateExtension christian-kohler.npm-intellisense, startup: false, activationEvent: 'onLanguage:typescriptreact'
[2021-11-30 19:13:30.557] [exthost] [info] ExtensionService#loadCommonJSModule file:///home/dotnet/.vscode/extensions/christian-kohler.npm-intellisense-1.4.0/out/src/extension
[2021-11-30 19:13:30.583] [exthost] [info] ExtensionService#_doActivateExtension jpoissonnier.vscode-styled-components, startup: false, activationEvent: 'onLanguage:typescriptreact'
[2021-11-30 19:13:30.583] [exthost] [info] ExtensionService#loadCommonJSModule file:///home/dotnet/.vscode/extensions/jpoissonnier.vscode-styled-components-1.6.6/dist/extension.js
[2021-11-30 19:13:30.622] [exthost] [info] ExtensionService#_doActivateExtension steoates.autoimport, startup: false, activationEvent: 'onLanguage:typescriptreact'
[2021-11-30 19:13:30.623] [exthost] [info] ExtensionService#loadCommonJSModule file:///home/dotnet/.vscode/extensions/steoates.autoimport-1.5.4/out/src/extension
[2021-11-30 19:13:30.641] [exthost] [info] ExtensionService#_doActivateExtension wix.vscode-import-cost, startup: false, activationEvent: 'onLanguage:typescriptreact'
[2021-11-30 19:13:30.641] [exthost] [info] ExtensionService#loadCommonJSModule file:///home/dotnet/.vscode/extensions/wix.vscode-import-cost-2.15.0/out/extension.js
[2021-11-30 19:13:34.764] [exthost] [info] ExtensionService#_doActivateExtension vscode.configuration-editing, startup: false, activationEvent: 'onLanguage:jsonc'
[2021-11-30 19:13:34.764] [exthost] [info] ExtensionService#loadCommonJSModule file:///usr/share/code/resources/app/extensions/configuration-editing/dist/configurationEditingMain
[2021-11-30 19:13:34.770] [exthost] [info] ExtensionService#_doActivateExtension vscode.json-language-features, startup: false, activationEvent: 'onLanguage:jsonc'
[2021-11-30 19:13:34.770] [exthost] [info] ExtensionService#loadCommonJSModule file:///usr/share/code/resources/app/extensions/json-language-features/client/dist/node/jsonClientMain
[2021-11-30 19:16:16.651] [exthost] [error] [vscode.typescript-language-features] provider FAILED
[2021-11-30 19:16:16.651] [exthost] [error] Error: <semantic> TypeScript Server Error (4.4.3)
Debug Failure. Did not expect JsxElement to have an Identifier in its trivia
Error: Debug Failure. Did not expect JsxElement to have an Identifier in its trivia
    at addSyntheticNodes (/usr/share/code/resources/app/extensions/node_modules/typescript/lib/tsserver.js:155629:30)
    at processNode (/usr/share/code/resources/app/extensions/node_modules/typescript/lib/tsserver.js:155602:13)
    at visitNode (/usr/share/code/resources/app/extensions/node_modules/typescript/lib/tsserver.js:29470:24)
    at Object.forEachChild (/usr/share/code/resources/app/extensions/node_modules/typescript/lib/tsserver.js:29881:21)
    at NodeObject.forEachChild (/usr/share/code/resources/app/extensions/node_modules/typescript/lib/tsserver.js:155585:23)
    at createChildren (/usr/share/code/resources/app/extensions/node_modules/typescript/lib/tsserver.js:155617:14)
    at NodeObject.getChildren (/usr/share/code/resources/app/extensions/node_modules/typescript/lib/tsserver.js:155562:56)
    at getTokenAtPositionWorker (/usr/share/code/resources/app/extensions/node_modules/typescript/lib/tsserver.js:121524:43)
    at Object.getTokenAtPosition (/usr/share/code/resources/app/extensions/node_modules/typescript/lib/tsserver.js:121516:16)
    at getInfo (/usr/share/code/resources/app/extensions/node_modules/typescript/lib/tsserver.js:150765:28)
    at Object.getAvailableActions (/usr/share/code/resources/app/extensions/node_modules/typescript/lib/tsserver.js:150735:28)
    at /usr/share/code/resources/app/extensions/node_modules/typescript/lib/tsserver.js:142780:30
    at getIterator (/usr/share/code/resources/app/extensions/node_modules/typescript/lib/tsserver.js:573:23)
    at Object.flatMapIterator (/usr/share/code/resources/app/extensions/node_modules/typescript/lib/tsserver.js:556:27)
    at Object.getApplicableRefactors (/usr/share/code/resources/app/extensions/node_modules/typescript/lib/tsserver.js:142776:36)
    at Proxy.getApplicableRefactors (/usr/share/code/resources/app/extensions/node_modules/typescript/lib/tsserver.js:157560:32)
    at IOSession.Session.getApplicableRefactors (/usr/share/code/resources/app/extensions/node_modules/typescript/lib/tsserver.js:168512:53)
    at Session.handlers.ts.Map.ts.getEntries._a.<computed> (/usr/share/code/resources/app/extensions/node_modules/typescript/lib/tsserver.js:167223:61)
    at /usr/share/code/resources/app/extensions/node_modules/typescript/lib/tsserver.js:168880:88
    at IOSession.Session.executeWithRequestId (/usr/share/code/resources/app/extensions/node_modules/typescript/lib/tsserver.js:168871:28)
    at IOSession.Session.executeCommand (/usr/share/code/resources/app/extensions/node_modules/typescript/lib/tsserver.js:168880:33)
    at IOSession.Session.onMessage (/usr/share/code/resources/app/extensions/node_modules/typescript/lib/tsserver.js:168906:35)
    at Interface.<anonymous> (/usr/share/code/resources/app/extensions/node_modules/typescript/lib/tsserver.js:171511:31)
    at Interface.emit (events.js:315:20)
    at Interface._onLine (readline.js:337:10)
    at Interface._normalWrite (readline.js:482:12)
    at Socket.ondata (readline.js:194:10)
    at Socket.emit (events.js:315:20)
    at addChunk (internal/streams/readable.js:309:12)
    at readableAddChunk (internal/streams/readable.js:284:9)
    at Socket.Readable.push (internal/streams/readable.js:223:10)
    at Pipe.onStreamRead (internal/stream_base_commons.js:188:23)
    at Function.create (/usr/share/code/resources/app/extensions/typescript-language-features/dist/extension.js:1:459856)
    at dispatchResponse (/usr/share/code/resources/app/extensions/typescript-language-features/dist/extension.js:1:453692)
    at dispatchMessage (/usr/share/code/resources/app/extensions/typescript-language-features/dist/extension.js:1:452549)
    at /usr/share/code/resources/app/extensions/typescript-language-features/dist/extension.js:1:452034
    at a.fire (/usr/share/code/resources/app/out/vs/workbench/services/extensions/node/extensionHostProcess.js:66:1712)
    at m.onLengthData (/usr/share/code/resources/app/extensions/typescript-language-features/dist/extension.js:1:462785)
    at Socket.<anonymous> (/usr/share/code/resources/app/extensions/typescript-language-features/dist/extension.js:1:462432)
    at Socket.emit (events.js:315:20)
    at Socket.EventEmitter.emit (domain.js:467:12)
    at addChunk (internal/streams/readable.js:309:12)
    at readableAddChunk (internal/streams/readable.js:284:9)
    at Socket.Readable.push (internal/streams/readable.js:223:10)
    at Pipe.onStreamRead (internal/stream_base_commons.js:188:23)
[2021-11-30 19:16:16.973] [exthost] [error] [vscode.typescript-language-features] provider FAILED
[2021-11-30 19:16:16.973] [exthost] [error] Error: <semantic> TypeScript Server Error (4.4.3)
Debug Failure. Did not expect JsxElement to have an Identifier in its trivia
Error: Debug Failure. Did not expect JsxElement to have an Identifier in its trivia
    at addSyntheticNodes (/usr/share/code/resources/app/extensions/node_modules/typescript/lib/tsserver.js:155629:30)
    at processNode (/usr/share/code/resources/app/extensions/node_modules/typescript/lib/tsserver.js:155602:13)
    at visitNode (/usr/share/code/resources/app/extensions/node_modules/typescript/lib/tsserver.js:29470:24)
    at Object.forEachChild (/usr/share/code/resources/app/extensions/node_modules/typescript/lib/tsserver.js:29881:21)
    at NodeObject.forEachChild (/usr/share/code/resources/app/extensions/node_modules/typescript/lib/tsserver.js:155585:23)
    at createChildren (/usr/share/code/resources/app/extensions/node_modules/typescript/lib/tsserver.js:155617:14)
    at NodeObject.getChildren (/usr/share/code/resources/app/extensions/node_modules/typescript/lib/tsserver.js:155562:56)
    at getTokenAtPositionWorker (/usr/share/code/resources/app/extensions/node_modules/typescript/lib/tsserver.js:121524:43)
    at Object.getTokenAtPosition (/usr/share/code/resources/app/extensions/node_modules/typescript/lib/tsserver.js:121516:16)
    at getInfo (/usr/share/code/resources/app/extensions/node_modules/typescript/lib/tsserver.js:150765:28)
    at Object.getAvailableActions (/usr/share/code/resources/app/extensions/node_modules/typescript/lib/tsserver.js:150735:28)
    at /usr/share/code/resources/app/extensions/node_modules/typescript/lib/tsserver.js:142780:30
    at getIterator (/usr/share/code/resources/app/extensions/node_modules/typescript/lib/tsserver.js:573:23)
    at Object.flatMapIterator (/usr/share/code/resources/app/extensions/node_modules/typescript/lib/tsserver.js:556:27)
    at Object.getApplicableRefactors (/usr/share/code/resources/app/extensions/node_modules/typescript/lib/tsserver.js:142776:36)
    at Proxy.getApplicableRefactors (/usr/share/code/resources/app/extensions/node_modules/typescript/lib/tsserver.js:157560:32)
    at IOSession.Session.getApplicableRefactors (/usr/share/code/resources/app/extensions/node_modules/typescript/lib/tsserver.js:168512:53)
    at Session.handlers.ts.Map.ts.getEntries._a.<computed> (/usr/share/code/resources/app/extensions/node_modules/typescript/lib/tsserver.js:167223:61)
    at /usr/share/code/resources/app/extensions/node_modules/typescript/lib/tsserver.js:168880:88
    at IOSession.Session.executeWithRequestId (/usr/share/code/resources/app/extensions/node_modules/typescript/lib/tsserver.js:168871:28)
    at IOSession.Session.executeCommand (/usr/share/code/resources/app/extensions/node_modules/typescript/lib/tsserver.js:168880:33)
    at IOSession.Session.onMessage (/usr/share/code/resources/app/extensions/node_modules/typescript/lib/tsserver.js:168906:35)
    at Interface.<anonymous> (/usr/share/code/resources/app/extensions/node_modules/typescript/lib/tsserver.js:171511:31)
    at Interface.emit (events.js:315:20)
    at Interface._onLine (readline.js:337:10)
    at Interface._normalWrite (readline.js:482:12)
    at Socket.ondata (readline.js:194:10)
    at Socket.emit (events.js:315:20)
    at addChunk (internal/streams/readable.js:309:12)
    at readableAddChunk (internal/streams/readable.js:284:9)
    at Socket.Readable.push (internal/streams/readable.js:223:10)
    at Pipe.onStreamRead (internal/stream_base_commons.js:188:23)
    at Function.create (/usr/share/code/resources/app/extensions/typescript-language-features/dist/extension.js:1:459856)
    at dispatchResponse (/usr/share/code/resources/app/extensions/typescript-language-features/dist/extension.js:1:453692)
    at dispatchMessage (/usr/share/code/resources/app/extensions/typescript-language-features/dist/extension.js:1:452549)
    at /usr/share/code/resources/app/extensions/typescript-language-features/dist/extension.js:1:452034
    at a.fire (/usr/share/code/resources/app/out/vs/workbench/services/extensions/node/extensionHostProcess.js:66:1712)
    at m.onLengthData (/usr/share/code/resources/app/extensions/typescript-language-features/dist/extension.js:1:462785)
    at Socket.<anonymous> (/usr/share/code/resources/app/extensions/typescript-language-features/dist/extension.js:1:462432)
    at Socket.emit (events.js:315:20)
    at Socket.EventEmitter.emit (domain.js:467:12)
    at addChunk (internal/streams/readable.js:309:12)
    at readableAddChunk (internal/streams/readable.js:284:9)
    at Socket.Readable.push (internal/streams/readable.js:223:10)
    at Pipe.onStreamRead (internal/stream_base_commons.js:188:23)
[2021-11-30 19:19:22.063] [exthost] [warning] TextEditor is closed/disposed
[2021-11-30 19:21:09.081] [exthost] [info] ExtensionService#_doActivateExtension nikitaKunevich.snippet-creator, startup: false, activationEvent: 'onCommand:extension.createSnippet'
[2021-11-30 19:21:09.082] [exthost] [info] ExtensionService#loadCommonJSModule file:///home/dotnet/.vscode/extensions/nikitakunevich.snippet-creator-0.0.5/extension
[2021-11-30 19:23:07.407] [exthost] [warning] TextEditor is closed/disposed
[2021-11-30 19:23:07.414] [exthost] [info] ExtensionService#_doActivateExtension vscode.extension-editing, startup: false, activationEvent: 'onLanguage:json'
[2021-11-30 19:23:07.414] [exthost] [info] ExtensionService#loadCommonJSModule file:///usr/share/code/resources/app/extensions/extension-editing/dist/extensionEditingMain
[2021-11-30 19:23:07.422] [exthost] [info] ExtensionService#_doActivateExtension vscode.npm, startup: false, activationEvent: 'onLanguage:json'
[2021-11-30 19:23:07.423] [exthost] [info] ExtensionService#loadCommonJSModule file:///usr/share/code/resources/app/extensions/npm/dist/npmMain
[2021-11-30 19:23:07.435] [exthost] [info] ExtensionService#_doActivateExtension eg2.vscode-npm-script, startup: false, activationEvent: 'onLanguage:json'
[2021-11-30 19:23:07.435] [exthost] [info] ExtensionService#loadCommonJSModule file:///home/dotnet/.vscode/extensions/eg2.vscode-npm-script-0.3.23/dist/extension
[2021-11-30 19:27:17.914] [exthost] [warning] TextEditor is closed/disposed
[2021-11-30 19:27:17.916] [exthost] [warning] TextEditor is closed/disposed
[2021-11-30 19:27:17.917] [exthost] [warning] TextEditor is closed/disposed
[2021-11-30 19:27:29.252] [exthost] [info] ExtensionService#_doActivateExtension Angular.ng-template, startup: false, activationEvent: 'onLanguage:typescript'
[2021-11-30 19:27:29.252] [exthost] [info] ExtensionService#loadCommonJSModule file:///home/dotnet/.vscode/extensions/angular.ng-template-13.0.0/index
[2021-11-30 19:28:52.867] [exthost] [error] [vscode.typescript-language-features] provider FAILED
[2021-11-30 19:28:52.867] [exthost] [error] Error: <semantic> TypeScript Server Error (4.4.3)
Debug Failure. Did not expect JsxElement to have an Identifier in its trivia
Error: Debug Failure. Did not expect JsxElement to have an Identifier in its trivia
    at addSyntheticNodes (/usr/share/code/resources/app/extensions/node_modules/typescript/lib/tsserver.js:155629:30)
    at processNode (/usr/share/code/resources/app/extensions/node_modules/typescript/lib/tsserver.js:155602:13)
    at visitNode (/usr/share/code/resources/app/extensions/node_modules/typescript/lib/tsserver.js:29470:24)
    at Object.forEachChild (/usr/share/code/resources/app/extensions/node_modules/typescript/lib/tsserver.js:29881:21)
    at NodeObject.forEachChild (/usr/share/code/resources/app/extensions/node_modules/typescript/lib/tsserver.js:155585:23)
    at createChildren (/usr/share/code/resources/app/extensions/node_modules/typescript/lib/tsserver.js:155617:14)
    at NodeObject.getChildren (/usr/share/code/resources/app/extensions/node_modules/typescript/lib/tsserver.js:155562:56)
    at getTokenAtPositionWorker (/usr/share/code/resources/app/extensions/node_modules/typescript/lib/tsserver.js:121524:43)
    at Object.getTokenAtPosition (/usr/share/code/resources/app/extensions/node_modules/typescript/lib/tsserver.js:121516:16)
    at getInfo (/usr/share/code/resources/app/extensions/node_modules/typescript/lib/tsserver.js:150765:28)
    at Object.getAvailableActions (/usr/share/code/resources/app/extensions/node_modules/typescript/lib/tsserver.js:150735:28)
    at /usr/share/code/resources/app/extensions/node_modules/typescript/lib/tsserver.js:142780:30
    at getIterator (/usr/share/code/resources/app/extensions/node_modules/typescript/lib/tsserver.js:573:23)
    at Object.flatMapIterator (/usr/share/code/resources/app/extensions/node_modules/typescript/lib/tsserver.js:556:27)
    at Object.getApplicableRefactors (/usr/share/code/resources/app/extensions/node_modules/typescript/lib/tsserver.js:142776:36)
    at Proxy.getApplicableRefactors (/usr/share/code/resources/app/extensions/node_modules/typescript/lib/tsserver.js:157560:32)
    at IOSession.Session.getApplicableRefactors (/usr/share/code/resources/app/extensions/node_modules/typescript/lib/tsserver.js:168512:53)
    at Session.handlers.ts.Map.ts.getEntries._a.<computed> (/usr/share/code/resources/app/extensions/node_modules/typescript/lib/tsserver.js:167223:61)
    at /usr/share/code/resources/app/extensions/node_modules/typescript/lib/tsserver.js:168880:88
    at IOSession.Session.executeWithRequestId (/usr/share/code/resources/app/extensions/node_modules/typescript/lib/tsserver.js:168871:28)
    at IOSession.Session.executeCommand (/usr/share/code/resources/app/extensions/node_modules/typescript/lib/tsserver.js:168880:33)
    at IOSession.Session.onMessage (/usr/share/code/resources/app/extensions/node_modules/typescript/lib/tsserver.js:168906:35)
    at Interface.<anonymous> (/usr/share/code/resources/app/extensions/node_modules/typescript/lib/tsserver.js:171511:31)
    at Interface.emit (events.js:315:20)
    at Interface._onLine (readline.js:337:10)
    at Interface._normalWrite (readline.js:482:12)
    at Socket.ondata (readline.js:194:10)
    at Socket.emit (events.js:315:20)
    at addChunk (internal/streams/readable.js:309:12)
    at readableAddChunk (internal/streams/readable.js:284:9)
    at Socket.Readable.push (internal/streams/readable.js:223:10)
    at Pipe.onStreamRead (internal/stream_base_commons.js:188:23)
    at Function.create (/usr/share/code/resources/app/extensions/typescript-language-features/dist/extension.js:1:459856)
    at dispatchResponse (/usr/share/code/resources/app/extensions/typescript-language-features/dist/extension.js:1:453692)
    at dispatchMessage (/usr/share/code/resources/app/extensions/typescript-language-features/dist/extension.js:1:452549)
    at /usr/share/code/resources/app/extensions/typescript-language-features/dist/extension.js:1:452034
    at a.fire (/usr/share/code/resources/app/out/vs/workbench/services/extensions/node/extensionHostProcess.js:66:1712)
    at m.onLengthData (/usr/share/code/resources/app/extensions/typescript-language-features/dist/extension.js:1:462785)
    at Socket.<anonymous> (/usr/share/code/resources/app/extensions/typescript-language-features/dist/extension.js:1:462432)
    at Socket.emit (events.js:315:20)
    at Socket.EventEmitter.emit (domain.js:467:12)
    at addChunk (internal/streams/readable.js:309:12)
    at readableAddChunk (internal/streams/readable.js:284:9)
    at Socket.Readable.push (internal/streams/readable.js:223:10)
    at Pipe.onStreamRead (internal/stream_base_commons.js:188:23)
[2021-11-30 19:28:53.540] [exthost] [error] [vscode.typescript-language-features] provider FAILED
[2021-11-30 19:28:53.540] [exthost] [error] Error: <semantic> TypeScript Server Error (4.4.3)
Debug Failure. Did not expect JsxElement to have an Identifier in its trivia
Error: Debug Failure. Did not expect JsxElement to have an Identifier in its trivia
    at addSyntheticNodes (/usr/share/code/resources/app/extensions/node_modules/typescript/lib/tsserver.js:155629:30)
    at processNode (/usr/share/code/resources/app/extensions/node_modules/typescript/lib/tsserver.js:155602:13)
    at visitNode (/usr/share/code/resources/app/extensions/node_modules/typescript/lib/tsserver.js:29470:24)
    at Object.forEachChild (/usr/share/code/resources/app/extensions/node_modules/typescript/lib/tsserver.js:29881:21)
    at NodeObject.forEachChild (/usr/share/code/resources/app/extensions/node_modules/typescript/lib/tsserver.js:155585:23)
    at createChildren (/usr/share/code/resources/app/extensions/node_modules/typescript/lib/tsserver.js:155617:14)
    at NodeObject.getChildren (/usr/share/code/resources/app/extensions/node_modules/typescript/lib/tsserver.js:155562:56)
    at getTokenAtPositionWorker (/usr/share/code/resources/app/extensions/node_modules/typescript/lib/tsserver.js:121524:43)
    at Object.getTokenAtPosition (/usr/share/code/resources/app/extensions/node_modules/typescript/lib/tsserver.js:121516:16)
    at getInfo (/usr/share/code/resources/app/extensions/node_modules/typescript/lib/tsserver.js:150765:28)
    at Object.getAvailableActions (/usr/share/code/resources/app/extensions/node_modules/typescript/lib/tsserver.js:150735:28)
    at /usr/share/code/resources/app/extensions/node_modules/typescript/lib/tsserver.js:142780:30
    at getIterator (/usr/share/code/resources/app/extensions/node_modules/typescript/lib/tsserver.js:573:23)
    at Object.flatMapIterator (/usr/share/code/resources/app/extensions/node_modules/typescript/lib/tsserver.js:556:27)
    at Object.getApplicableRefactors (/usr/share/code/resources/app/extensions/node_modules/typescript/lib/tsserver.js:142776:36)
    at Proxy.getApplicableRefactors (/usr/share/code/resources/app/extensions/node_modules/typescript/lib/tsserver.js:157560:32)
    at IOSession.Session.getApplicableRefactors (/usr/share/code/resources/app/extensions/node_modules/typescript/lib/tsserver.js:168512:53)
    at Session.handlers.ts.Map.ts.getEntries._a.<computed> (/usr/share/code/resources/app/extensions/node_modules/typescript/lib/tsserver.js:167223:61)
    at /usr/share/code/resources/app/extensions/node_modules/typescript/lib/tsserver.js:168880:88
    at IOSession.Session.executeWithRequestId (/usr/share/code/resources/app/extensions/node_modules/typescript/lib/tsserver.js:168871:28)
    at IOSession.Session.executeCommand (/usr/share/code/resources/app/extensions/node_modules/typescript/lib/tsserver.js:168880:33)
    at IOSession.Session.onMessage (/usr/share/code/resources/app/extensions/node_modules/typescript/lib/tsserver.js:168906:35)
    at Interface.<anonymous> (/usr/share/code/resources/app/extensions/node_modules/typescript/lib/tsserver.js:171511:31)
    at Interface.emit (events.js:315:20)
    at Interface._onLine (readline.js:337:10)
    at Interface._normalWrite (readline.js:482:12)
    at Socket.ondata (readline.js:194:10)
    at Socket.emit (events.js:315:20)
    at addChunk (internal/streams/readable.js:309:12)
    at readableAddChunk (internal/streams/readable.js:284:9)
    at Socket.Readable.push (internal/streams/readable.js:223:10)
    at Pipe.onStreamRead (internal/stream_base_commons.js:188:23)
    at Function.create (/usr/share/code/resources/app/extensions/typescript-language-features/dist/extension.js:1:459856)
    at dispatchResponse (/usr/share/code/resources/app/extensions/typescript-language-features/dist/extension.js:1:453692)
    at dispatchMessage (/usr/share/code/resources/app/extensions/typescript-language-features/dist/extension.js:1:452549)
    at /usr/share/code/resources/app/extensions/typescript-language-features/dist/extension.js:1:452034
    at a.fire (/usr/share/code/resources/app/out/vs/workbench/services/extensions/node/extensionHostProcess.js:66:1712)
    at m.onLengthData (/usr/share/code/resources/app/extensions/typescript-language-features/dist/extension.js:1:462785)
    at Socket.<anonymous> (/usr/share/code/resources/app/extensions/typescript-language-features/dist/extension.js:1:462432)
    at Socket.emit (events.js:315:20)
    at Socket.EventEmitter.emit (domain.js:467:12)
    at addChunk (internal/streams/readable.js:309:12)
    at readableAddChunk (internal/streams/readable.js:284:9)
    at Socket.Readable.push (internal/streams/readable.js:223:10)
    at Pipe.onStreamRead (internal/stream_base_commons.js:188:23)
[2021-11-30 19:28:53.829] [exthost] [error] [vscode.typescript-language-features] provider FAILED
[2021-11-30 19:28:53.829] [exthost] [error] Error: <semantic> TypeScript Server Error (4.4.3)
Debug Failure. Did not expect JsxElement to have an Identifier in its trivia
Error: Debug Failure. Did not expect JsxElement to have an Identifier in its trivia
    at addSyntheticNodes (/usr/share/code/resources/app/extensions/node_modules/typescript/lib/tsserver.js:155629:30)
    at processNode (/usr/share/code/resources/app/extensions/node_modules/typescript/lib/tsserver.js:155602:13)
    at visitNode (/usr/share/code/resources/app/extensions/node_modules/typescript/lib/tsserver.js:29470:24)
    at Object.forEachChild (/usr/share/code/resources/app/extensions/node_modules/typescript/lib/tsserver.js:29881:21)
    at NodeObject.forEachChild (/usr/share/code/resources/app/extensions/node_modules/typescript/lib/tsserver.js:155585:23)
    at createChildren (/usr/share/code/resources/app/extensions/node_modules/typescript/lib/tsserver.js:155617:14)
    at NodeObject.getChildren (/usr/share/code/resources/app/extensions/node_modules/typescript/lib/tsserver.js:155562:56)
    at getTokenAtPositionWorker (/usr/share/code/resources/app/extensions/node_modules/typescript/lib/tsserver.js:121524:43)
    at getTouchingToken (/usr/share/code/resources/app/extensions/node_modules/typescript/lib/tsserver.js:121511:16)
    at Object.getTouchingPropertyName (/usr/share/code/resources/app/extensions/node_modules/typescript/lib/tsserver.js:121503:16)
    at Proxy.getQuickInfoAtPosition (/usr/share/code/resources/app/extensions/node_modules/typescript/lib/tsserver.js:156809:27)
    at Proxy.<anonymous> (/home/dotnet/.vscode/extensions/jpoissonnier.vscode-styled-components-1.6.6/node_modules/typescript-template-language-service-decorator/lib/template-language-service-decorator.js:63:24)
    at IOSession.Session.getQuickInfoWorker (/usr/share/code/resources/app/extensions/node_modules/typescript/lib/tsserver.js:168128:62)
    at Session.handlers.ts.Map.ts.getEntries._a.<computed> (/usr/share/code/resources/app/extensions/node_modules/typescript/lib/tsserver.js:167024:61)
    at /usr/share/code/resources/app/extensions/node_modules/typescript/lib/tsserver.js:168880:88
    at IOSession.Session.executeWithRequestId (/usr/share/code/resources/app/extensions/node_modules/typescript/lib/tsserver.js:168871:28)
    at IOSession.Session.executeCommand (/usr/share/code/resources/app/extensions/node_modules/typescript/lib/tsserver.js:168880:33)
    at IOSession.Session.onMessage (/usr/share/code/resources/app/extensions/node_modules/typescript/lib/tsserver.js:168906:35)
    at Interface.<anonymous> (/usr/share/code/resources/app/extensions/node_modules/typescript/lib/tsserver.js:171511:31)
    at Interface.emit (events.js:315:20)
    at Interface._onLine (readline.js:337:10)
    at Interface._normalWrite (readline.js:482:12)
    at Socket.ondata (readline.js:194:10)
    at Socket.emit (events.js:315:20)
    at addChunk (internal/streams/readable.js:309:12)
    at readableAddChunk (internal/streams/readable.js:284:9)
    at Socket.Readable.push (internal/streams/readable.js:223:10)
    at Pipe.onStreamRead (internal/stream_base_commons.js:188:23)
    at Function.create (/usr/share/code/resources/app/extensions/typescript-language-features/dist/extension.js:1:459856)
    at dispatchResponse (/usr/share/code/resources/app/extensions/typescript-language-features/dist/extension.js:1:453692)
    at dispatchMessage (/usr/share/code/resources/app/extensions/typescript-language-features/dist/extension.js:1:452549)
    at /usr/share/code/resources/app/extensions/typescript-language-features/dist/extension.js:1:452034
    at a.fire (/usr/share/code/resources/app/out/vs/workbench/services/extensions/node/extensionHostProcess.js:66:1712)
    at m.onLengthData (/usr/share/code/resources/app/extensions/typescript-language-features/dist/extension.js:1:462785)
    at Socket.<anonymous> (/usr/share/code/resources/app/extensions/typescript-language-features/dist/extension.js:1:462432)
    at Socket.emit (events.js:315:20)
    at Socket.EventEmitter.emit (domain.js:467:12)
    at addChunk (internal/streams/readable.js:309:12)
    at readableAddChunk (internal/streams/readable.js:284:9)
    at Socket.Readable.push (internal/streams/readable.js:223:10)
    at Pipe.onStreamRead (internal/stream_base_commons.js:188:23)
[2021-11-30 19:28:54.069] [exthost] [error] [vscode.typescript-language-features] provider FAILED
[2021-11-30 19:28:54.069] [exthost] [error] Error: <semantic> TypeScript Server Error (4.4.3)
Debug Failure. Did not expect JsxElement to have an Identifier in its trivia
Error: Debug Failure. Did not expect JsxElement to have an Identifier in its trivia
    at addSyntheticNodes (/usr/share/code/resources/app/extensions/node_modules/typescript/lib/tsserver.js:155629:30)
    at processNode (/usr/share/code/resources/app/extensions/node_modules/typescript/lib/tsserver.js:155602:13)
    at visitNode (/usr/share/code/resources/app/extensions/node_modules/typescript/lib/tsserver.js:29470:24)
    at Object.forEachChild (/usr/share/code/resources/app/extensions/node_modules/typescript/lib/tsserver.js:29881:21)
    at NodeObject.forEachChild (/usr/share/code/resources/app/extensions/node_modules/typescript/lib/tsserver.js:155585:23)
    at createChildren (/usr/share/code/resources/app/extensions/node_modules/typescript/lib/tsserver.js:155617:14)
    at NodeObject.getChildren (/usr/share/code/resources/app/extensions/node_modules/typescript/lib/tsserver.js:155562:56)
    at getTokenAtPositionWorker (/usr/share/code/resources/app/extensions/node_modules/typescript/lib/tsserver.js:121524:43)
    at getTouchingToken (/usr/share/code/resources/app/extensions/node_modules/typescript/lib/tsserver.js:121511:16)
    at Object.getTouchingPropertyName (/usr/share/code/resources/app/extensions/node_modules/typescript/lib/tsserver.js:121503:16)
    at Object.getDocumentHighlights (/usr/share/code/resources/app/extensions/node_modules/typescript/lib/tsserver.js:128567:27)
    at Proxy.getDocumentHighlights (/usr/share/code/resources/app/extensions/node_modules/typescript/lib/tsserver.js:156894:42)
    at IOSession.Session.getDocumentHighlights (/usr/share/code/resources/app/extensions/node_modules/typescript/lib/tsserver.js:167883:71)
    at Session.handlers.ts.Map.ts.getEntries._a.<computed> (/usr/share/code/resources/app/extensions/node_modules/typescript/lib/tsserver.js:167185:61)
    at /usr/share/code/resources/app/extensions/node_modules/typescript/lib/tsserver.js:168880:88
    at IOSession.Session.executeWithRequestId (/usr/share/code/resources/app/extensions/node_modules/typescript/lib/tsserver.js:168871:28)
    at IOSession.Session.executeCommand (/usr/share/code/resources/app/extensions/node_modules/typescript/lib/tsserver.js:168880:33)
    at IOSession.Session.onMessage (/usr/share/code/resources/app/extensions/node_modules/typescript/lib/tsserver.js:168906:35)
    at Interface.<anonymous> (/usr/share/code/resources/app/extensions/node_modules/typescript/lib/tsserver.js:171511:31)
    at Interface.emit (events.js:315:20)
    at Interface._onLine (readline.js:337:10)
    at Interface._normalWrite (readline.js:482:12)
    at Socket.ondata (readline.js:194:10)
    at Socket.emit (events.js:315:20)
    at addChunk (internal/streams/readable.js:309:12)
    at readableAddChunk (internal/streams/readable.js:284:9)
    at Socket.Readable.push (internal/streams/readable.js:223:10)
    at Pipe.onStreamRead (internal/stream_base_commons.js:188:23)
    at Function.create (/usr/share/code/resources/app/extensions/typescript-language-features/dist/extension.js:1:459856)
    at dispatchResponse (/usr/share/code/resources/app/extensions/typescript-language-features/dist/extension.js:1:453692)
    at dispatchMessage (/usr/share/code/resources/app/extensions/typescript-language-features/dist/extension.js:1:452549)
    at /usr/share/code/resources/app/extensions/typescript-language-features/dist/extension.js:1:452034
    at a.fire (/usr/share/code/resources/app/out/vs/workbench/services/extensions/node/extensionHostProcess.js:66:1712)
    at m.onLengthData (/usr/share/code/resources/app/extensions/typescript-language-features/dist/extension.js:1:462785)
    at Socket.<anonymous> (/usr/share/code/resources/app/extensions/typescript-language-features/dist/extension.js:1:462432)
    at Socket.emit (events.js:315:20)
    at Socket.EventEmitter.emit (domain.js:467:12)
    at addChunk (internal/streams/readable.js:309:12)
    at readableAddChunk (internal/streams/readable.js:284:9)
    at Socket.Readable.push (internal/streams/readable.js:223:10)
    at Pipe.onStreamRead (internal/stream_base_commons.js:188:23)
[2021-11-30 19:28:54.305] [exthost] [error] [vscode.typescript-language-features] provider FAILED
[2021-11-30 19:28:54.305] [exthost] [error] Error: <semantic> TypeScript Server Error (4.4.3)
Debug Failure. Did not expect JsxElement to have an Identifier in its trivia
Error: Debug Failure. Did not expect JsxElement to have an Identifier in its trivia
    at addSyntheticNodes (/usr/share/code/resources/app/extensions/node_modules/typescript/lib/tsserver.js:155629:30)
    at processNode (/usr/share/code/resources/app/extensions/node_modules/typescript/lib/tsserver.js:155602:13)
    at visitNode (/usr/share/code/resources/app/extensions/node_modules/typescript/lib/tsserver.js:29470:24)
    at Object.forEachChild (/usr/share/code/resources/app/extensions/node_modules/typescript/lib/tsserver.js:29881:21)
    at NodeObject.forEachChild (/usr/share/code/resources/app/extensions/node_modules/typescript/lib/tsserver.js:155585:23)
    at createChildren (/usr/share/code/resources/app/extensions/node_modules/typescript/lib/tsserver.js:155617:14)
    at NodeObject.getChildren (/usr/share/code/resources/app/extensions/node_modules/typescript/lib/tsserver.js:155562:56)
    at getTokenAtPositionWorker (/usr/share/code/resources/app/extensions/node_modules/typescript/lib/tsserver.js:121524:43)
    at Object.getTokenAtPosition (/usr/share/code/resources/app/extensions/node_modules/typescript/lib/tsserver.js:121516:16)
    at getInfo (/usr/share/code/resources/app/extensions/node_modules/typescript/lib/tsserver.js:150765:28)
    at Object.getAvailableActions (/usr/share/code/resources/app/extensions/node_modules/typescript/lib/tsserver.js:150735:28)
    at /usr/share/code/resources/app/extensions/node_modules/typescript/lib/tsserver.js:142780:30
    at getIterator (/usr/share/code/resources/app/extensions/node_modules/typescript/lib/tsserver.js:573:23)
    at Object.flatMapIterator (/usr/share/code/resources/app/extensions/node_modules/typescript/lib/tsserver.js:556:27)
    at Object.getApplicableRefactors (/usr/share/code/resources/app/extensions/node_modules/typescript/lib/tsserver.js:142776:36)
    at Proxy.getApplicableRefactors (/usr/share/code/resources/app/extensions/node_modules/typescript/lib/tsserver.js:157560:32)
    at IOSession.Session.getApplicableRefactors (/usr/share/code/resources/app/extensions/node_modules/typescript/lib/tsserver.js:168512:53)
    at Session.handlers.ts.Map.ts.getEntries._a.<computed> (/usr/share/code/resources/app/extensions/node_modules/typescript/lib/tsserver.js:167223:61)
    at /usr/share/code/resources/app/extensions/node_modules/typescript/lib/tsserver.js:168880:88
    at IOSession.Session.executeWithRequestId (/usr/share/code/resources/app/extensions/node_modules/typescript/lib/tsserver.js:168871:28)
    at IOSession.Session.executeCommand (/usr/share/code/resources/app/extensions/node_modules/typescript/lib/tsserver.js:168880:33)
    at IOSession.Session.onMessage (/usr/share/code/resources/app/extensions/node_modules/typescript/lib/tsserver.js:168906:35)
    at Interface.<anonymous> (/usr/share/code/resources/app/extensions/node_modules/typescript/lib/tsserver.js:171511:31)
    at Interface.emit (events.js:315:20)
    at Interface._onLine (readline.js:337:10)
    at Interface._normalWrite (readline.js:482:12)
    at Socket.ondata (readline.js:194:10)
    at Socket.emit (events.js:315:20)
    at addChunk (internal/streams/readable.js:309:12)
    at readableAddChunk (internal/streams/readable.js:284:9)
    at Socket.Readable.push (internal/streams/readable.js:223:10)
    at Pipe.onStreamRead (internal/stream_base_commons.js:188:23)
    at Function.create (/usr/share/code/resources/app/extensions/typescript-language-features/dist/extension.js:1:459856)
    at dispatchResponse (/usr/share/code/resources/app/extensions/typescript-language-features/dist/extension.js:1:453692)
    at dispatchMessage (/usr/share/code/resources/app/extensions/typescript-language-features/dist/extension.js:1:452549)
    at /usr/share/code/resources/app/extensions/typescript-language-features/dist/extension.js:1:452034
    at a.fire (/usr/share/code/resources/app/out/vs/workbench/services/extensions/node/extensionHostProcess.js:66:1712)
    at m.onLengthData (/usr/share/code/resources/app/extensions/typescript-language-features/dist/extension.js:1:462785)
    at Socket.<anonymous> (/usr/share/code/resources/app/extensions/typescript-language-features/dist/extension.js:1:462432)
    at Socket.emit (events.js:315:20)
    at Socket.EventEmitter.emit (domain.js:467:12)
    at addChunk (internal/streams/readable.js:309:12)
    at readableAddChunk (internal/streams/readable.js:284:9)
    at Socket.Readable.push (internal/streams/readable.js:223:10)
    at Pipe.onStreamRead (internal/stream_base_commons.js:188:23)
[2021-11-30 19:58:56.443] [exthost] [warning] TextEditor is closed/disposed
[2021-11-30 20:02:53.461] [exthost] [error] [vscode.typescript-language-features] provider FAILED
[2021-11-30 20:02:53.461] [exthost] [error] Error: <semantic> TypeScript Server Error (4.4.3)
Debug Failure. False expression: Token end is child end
Error: Debug Failure. False expression: Token end is child end
    at processChildNode (/usr/share/code/resources/app/extensions/node_modules/typescript/lib/tsserver.js:140184:38)
    at /usr/share/code/resources/app/extensions/node_modules/typescript/lib/tsserver.js:140121:21
    at visitNode (/usr/share/code/resources/app/extensions/node_modules/typescript/lib/tsserver.js:29470:24)
    at Object.forEachChild (/usr/share/code/resources/app/extensions/node_modules/typescript/lib/tsserver.js:29895:21)
    at processNode (/usr/share/code/resources/app/extensions/node_modules/typescript/lib/tsserver.js:140120:20)
    at processChildNode (/usr/share/code/resources/app/extensions/node_modules/typescript/lib/tsserver.js:140191:21)
    at processChildNodes (/usr/share/code/resources/app/extensions/node_modules/typescript/lib/tsserver.js:140238:48)
    at /usr/share/code/resources/app/extensions/node_modules/typescript/lib/tsserver.js:140123:21
    at visitNodes (/usr/share/code/resources/app/extensions/node_modules/typescript/lib/tsserver.js:29475:24)
    at Object.forEachChild (/usr/share/code/resources/app/extensions/node_modules/typescript/lib/tsserver.js:29892:24)
    at processNode (/usr/share/code/resources/app/extensions/node_modules/typescript/lib/tsserver.js:140120:20)
    at processChildNode (/usr/share/code/resources/app/extensions/node_modules/typescript/lib/tsserver.js:140191:21)
    at /usr/share/code/resources/app/extensions/node_modules/typescript/lib/tsserver.js:140121:21
    at visitNode (/usr/share/code/resources/app/extensions/node_modules/typescript/lib/tsserver.js:29470:24)
    at Object.forEachChild (/usr/share/code/resources/app/extensions/node_modules/typescript/lib/tsserver.js:29890:21)
    at processNode (/usr/share/code/resources/app/extensions/node_modules/typescript/lib/tsserver.js:140120:20)
    at processChildNode (/usr/share/code/resources/app/extensions/node_modules/typescript/lib/tsserver.js:140191:21)
    at /usr/share/code/resources/app/extensions/node_modules/typescript/lib/tsserver.js:140121:21
    at visitNode (/usr/share/code/resources/app/extensions/node_modules/typescript/lib/tsserver.js:29470:24)
    at Object.forEachChild (/usr/share/code/resources/app/extensions/node_modules/typescript/lib/tsserver.js:29879:24)
    at processNode (/usr/share/code/resources/app/extensions/node_modules/typescript/lib/tsserver.js:140120:20)
    at processChildNode (/usr/share/code/resources/app/extensions/node_modules/typescript/lib/tsserver.js:140191:21)
    at processChildNodes (/usr/share/code/resources/app/extensions/node_modules/typescript/lib/tsserver.js:140238:48)
    at /usr/share/code/resources/app/extensions/node_modules/typescript/lib/tsserver.js:140123:21
    at visitNodes (/usr/share/code/resources/app/extensions/node_modules/typescript/lib/tsserver.js:29475:24)
    at Object.forEachChild (/usr/share/code/resources/app/extensions/node_modules/typescript/lib/tsserver.js:29880:21)
    at processNode (/usr/share/code/resources/app/extensions/node_modules/typescript/lib/tsserver.js:140120:20)
    at processChildNode (/usr/share/code/resources/app/extensions/node_modules/typescript/lib/tsserver.js:140191:21)
    at processChildNodes (/usr/share/code/resources/app/extensions/node_modules/typescript/lib/tsserver.js:140238:48)
    at /usr/share/code/resources/app/extensions/node_modules/typescript/lib/tsserver.js:140123:21
    at visitNodes (/usr/share/code/resources/app/extensions/node_modules/typescript/lib/tsserver.js:29475:24)
    at Object.forEachChild (/usr/share/code/resources/app/extensions/node_modules/typescript/lib/tsserver.js:29880:21)
    at processNode (/usr/share/code/resources/app/extensions/node_modules/typescript/lib/tsserver.js:140120:20)
    at processChildNode (/usr/share/code/resources/app/extensions/node_modules/typescript/lib/tsserver.js:140191:21)
    at processChildNodes (/usr/share/code/resources/app/extensions/node_modules/typescript/lib/tsserver.js:140238:48)
    at /usr/share/code/resources/app/extensions/node_modules/typescript/lib/tsserver.js:140123:21
    at visitNodes (/usr/share/code/resources/app/extensions/node_modules/typescript/lib/tsserver.js:29475:24)
    at Object.forEachChild (/usr/share/code/resources/app/extensions/node_modules/typescript/lib/tsserver.js:29880:21)
    at processNode (/usr/share/code/resources/app/extensions/node_modules/typescript/lib/tsserver.js:140120:20)
    at processChildNode (/usr/share/code/resources/app/extensions/node_modules/typescript/lib/tsserver.js:140191:21)
    at processChildNodes (/usr/share/code/resources/app/extensions/node_modules/typescript/lib/tsserver.js:140238:48)
    at /usr/share/code/resources/app/extensions/node_modules/typescript/lib/tsserver.js:140123:21
    at visitNodes (/usr/share/code/resources/app/extensions/node_modules/typescript/lib/tsserver.js:29475:24)
    at Object.forEachChild (/usr/share/code/resources/app/extensions/node_modules/typescript/lib/tsserver.js:29880:21)
    at processNode (/usr/share/code/resources/app/extensions/node_modules/typescript/lib/tsserver.js:140120:20)
    at processChildNode (/usr/share/code/resources/app/extensions/node_modules/typescript/lib/tsserver.js:140191:21)
    at processChildNodes (/usr/share/code/resources/app/extensions/node_modules/typescript/lib/tsserver.js:140238:48)
    at /usr/share/code/resources/app/extensions/node_modules/typescript/lib/tsserver.js:140123:21
    at visitNodes (/usr/share/code/resources/app/extensions/node_modules/typescript/lib/tsserver.js:29475:24)
    at Object.forEachChild (/usr/share/code/resources/app/extensions/node_modules/typescript/lib/tsserver.js:29884:21)
    at processNode (/usr/share/code/resources/app/extensions/node_modules/typescript/lib/tsserver.js:140120:20)
    at formatSpanWorker (/usr/share/code/resources/app/extensions/node_modules/typescript/lib/tsserver.js:139930:17)
    at /usr/share/code/resources/app/extensions/node_modules/typescript/lib/tsserver.js:139894:140
    at Object.getFormattingScanner (/usr/share/code/resources/app/extensions/node_modules/typescript/lib/tsserver.js:138521:23)
    at Object.formatNodeGivenIndentation (/usr/share/code/resources/app/extensions/node_modules/typescript/lib/tsserver.js:139894:31)
    at getFormattedTextOfNode (/usr/share/code/resources/app/extensions/node_modules/typescript/lib/tsserver.js:142197:45)
    at format (/usr/share/code/resources/app/extensions/node_modules/typescript/lib/tsserver.js:142167:52)
    at computeNewText (/usr/share/code/resources/app/extensions/node_modules/typescript/lib/tsserver.js:142170:23)
    at /usr/share/code/resources/app/extensions/node_modules/typescript/lib/tsserver.js:142134:39
    at Object.mapDefined (/usr/share/code/resources/app/extensions/node_modules/typescript/lib/tsserver.js:616:30)
    at /usr/share/code/resources/app/extensions/node_modules/typescript/lib/tsserver.js:142132:42
    at Object.mapDefined (/usr/share/code/resources/app/extensions/node_modules/typescript/lib/tsserver.js:616:30)
    at Object.getTextChangesFromChanges (/usr/share/code/resources/app/extensions/node_modules/typescript/lib/tsserver.js:142118:27)
    at ChangeTracker.getChanges (/usr/share/code/resources/app/extensions/node_modules/typescript/lib/tsserver.js:142086:45)
    at Function.ChangeTracker.with (/usr/share/code/resources/app/extensions/node_modules/typescript/lib/tsserver.js:141540:32)
    at Object.getCodeActions (/usr/share/code/resources/app/extensions/node_modules/typescript/lib/tsserver.js:150334:64)
    at /usr/share/code/resources/app/extensions/node_modules/typescript/lib/tsserver.js:142725:77
    at Object.flatMap (/usr/share/code/resources/app/extensions/node_modules/typescript/lib/tsserver.js:519:25)
    at Object.getFixes (/usr/share/code/resources/app/extensions/node_modules/typescript/lib/tsserver.js:142725:23)
    at /usr/share/code/resources/app/extensions/node_modules/typescript/lib/tsserver.js:157108:35
    at Object.flatMap (/usr/share/code/resources/app/extensions/node_modules/typescript/lib/tsserver.js:519:25)
    at Proxy.getCodeFixesAtPosition (/usr/share/code/resources/app/extensions/node_modules/typescript/lib/tsserver.js:157106:23)
    at Proxy.<anonymous> (/home/dotnet/.vscode/extensions/jpoissonnier.vscode-styled-components-1.6.6/node_modules/typescript-template-language-service-decorator/lib/template-language-service-decorator.js:144:20)
    at IOSession.Session.getCodeFixes (/usr/share/code/resources/app/extensions/node_modules/typescript/lib/tsserver.js:168567:64)
    at Session.handlers.ts.Map.ts.getEntries._a.<computed> (/usr/share/code/resources/app/extensions/node_modules/typescript/lib/tsserver.js:167205:61)
    at /usr/share/code/resources/app/extensions/node_modules/typescript/lib/tsserver.js:168880:88
    at IOSession.Session.executeWithRequestId (/usr/share/code/resources/app/extensions/node_modules/typescript/lib/tsserver.js:168871:28)
    at IOSession.Session.executeCommand (/usr/share/code/resources/app/extensions/node_modules/typescript/lib/tsserver.js:168880:33)
    at IOSession.Session.onMessage (/usr/share/code/resources/app/extensions/node_modules/typescript/lib/tsserver.js:168906:35)
    at Interface.<anonymous> (/usr/share/code/resources/app/extensions/node_modules/typescript/lib/tsserver.js:171511:31)
    at Interface.emit (events.js:315:20)
    at Interface._onLine (readline.js:337:10)
    at Interface._normalWrite (readline.js:482:12)
    at Socket.ondata (readline.js:194:10)
    at Socket.emit (events.js:315:20)
    at addChunk (internal/streams/readable.js:309:12)
    at readableAddChunk (internal/streams/readable.js:284:9)
    at Socket.Readable.push (internal/streams/readable.js:223:10)
    at Pipe.onStreamRead (internal/stream_base_commons.js:188:23)
    at Function.create (/usr/share/code/resources/app/extensions/typescript-language-features/dist/extension.js:1:459856)
    at dispatchResponse (/usr/share/code/resources/app/extensions/typescript-language-features/dist/extension.js:1:453692)
    at dispatchMessage (/usr/share/code/resources/app/extensions/typescript-language-features/dist/extension.js:1:452549)
    at /usr/share/code/resources/app/extensions/typescript-language-features/dist/extension.js:1:452034
    at a.fire (/usr/share/code/resources/app/out/vs/workbench/services/extensions/node/extensionHostProcess.js:66:1712)
    at m.onLengthData (/usr/share/code/resources/app/extensions/typescript-language-features/dist/extension.js:1:462785)
    at Socket.<anonymous> (/usr/share/code/resources/app/extensions/typescript-language-features/dist/extension.js:1:462432)
    at Socket.emit (events.js:315:20)
    at Socket.EventEmitter.emit (domain.js:467:12)
    at addChunk (internal/streams/readable.js:309:12)
    at readableAddChunk (internal/streams/readable.js:284:9)
    at Socket.Readable.push (internal/streams/readable.js:223:10)
    at Pipe.onStreamRead (internal/stream_base_commons.js:188:23)
[2021-11-30 20:02:54.907] [exthost] [error] [vscode.typescript-language-features] provider FAILED
[2021-11-30 20:02:54.908] [exthost] [error] Error: <semantic> TypeScript Server Error (4.4.3)
Debug Failure. False expression: Token end is child end
Error: Debug Failure. False expression: Token end is child end
    at processChildNode (/usr/share/code/resources/app/extensions/node_modules/typescript/lib/tsserver.js:140184:38)
    at /usr/share/code/resources/app/extensions/node_modules/typescript/lib/tsserver.js:140121:21
    at visitNode (/usr/share/code/resources/app/extensions/node_modules/typescript/lib/tsserver.js:29470:24)
    at Object.forEachChild (/usr/share/code/resources/app/extensions/node_modules/typescript/lib/tsserver.js:29895:21)
    at processNode (/usr/share/code/resources/app/extensions/node_modules/typescript/lib/tsserver.js:140120:20)
    at processChildNode (/usr/share/code/resources/app/extensions/node_modules/typescript/lib/tsserver.js:140191:21)
    at processChildNodes (/usr/share/code/resources/app/extensions/node_modules/typescript/lib/tsserver.js:140238:48)
    at /usr/share/code/resources/app/extensions/node_modules/typescript/lib/tsserver.js:140123:21
    at visitNodes (/usr/share/code/resources/app/extensions/node_modules/typescript/lib/tsserver.js:29475:24)
    at Object.forEachChild (/usr/share/code/resources/app/extensions/node_modules/typescript/lib/tsserver.js:29892:24)
    at processNode (/usr/share/code/resources/app/extensions/node_modules/typescript/lib/tsserver.js:140120:20)
    at processChildNode (/usr/share/code/resources/app/extensions/node_modules/typescript/lib/tsserver.js:140191:21)
    at /usr/share/code/resources/app/extensions/node_modules/typescript/lib/tsserver.js:140121:21
    at visitNode (/usr/share/code/resources/app/extensions/node_modules/typescript/lib/tsserver.js:29470:24)
    at Object.forEachChild (/usr/share/code/resources/app/extensions/node_modules/typescript/lib/tsserver.js:29890:21)
    at processNode (/usr/share/code/resources/app/extensions/node_modules/typescript/lib/tsserver.js:140120:20)
    at processChildNode (/usr/share/code/resources/app/extensions/node_modules/typescript/lib/tsserver.js:140191:21)
    at /usr/share/code/resources/app/extensions/node_modules/typescript/lib/tsserver.js:140121:21
    at visitNode (/usr/share/code/resources/app/extensions/node_modules/typescript/lib/tsserver.js:29470:24)
    at Object.forEachChild (/usr/share/code/resources/app/extensions/node_modules/typescript/lib/tsserver.js:29879:24)
    at processNode (/usr/share/code/resources/app/extensions/node_modules/typescript/lib/tsserver.js:140120:20)
    at processChildNode (/usr/share/code/resources/app/extensions/node_modules/typescript/lib/tsserver.js:140191:21)
    at processChildNodes (/usr/share/code/resources/app/extensions/node_modules/typescript/lib/tsserver.js:140238:48)
    at /usr/share/code/resources/app/extensions/node_modules/typescript/lib/tsserver.js:140123:21
    at visitNodes (/usr/share/code/resources/app/extensions/node_modules/typescript/lib/tsserver.js:29475:24)
    at Object.forEachChild (/usr/share/code/resources/app/extensions/node_modules/typescript/lib/tsserver.js:29880:21)
    at processNode (/usr/share/code/resources/app/extensions/node_modules/typescript/lib/tsserver.js:140120:20)
    at processChildNode (/usr/share/code/resources/app/extensions/node_modules/typescript/lib/tsserver.js:140191:21)
    at processChildNodes (/usr/share/code/resources/app/extensions/node_modules/typescript/lib/tsserver.js:140238:48)
    at /usr/share/code/resources/app/extensions/node_modules/typescript/lib/tsserver.js:140123:21
    at visitNodes (/usr/share/code/resources/app/extensions/node_modules/typescript/lib/tsserver.js:29475:24)
    at Object.forEachChild (/usr/share/code/resources/app/extensions/node_modules/typescript/lib/tsserver.js:29880:21)
    at processNode (/usr/share/code/resources/app/extensions/node_modules/typescript/lib/tsserver.js:140120:20)
    at processChildNode (/usr/share/code/resources/app/extensions/node_modules/typescript/lib/tsserver.js:140191:21)
    at processChildNodes (/usr/share/code/resources/app/extensions/node_modules/typescript/lib/tsserver.js:140238:48)
    at /usr/share/code/resources/app/extensions/node_modules/typescript/lib/tsserver.js:140123:21
    at visitNodes (/usr/share/code/resources/app/extensions/node_modules/typescript/lib/tsserver.js:29475:24)
    at Object.forEachChild (/usr/share/code/resources/app/extensions/node_modules/typescript/lib/tsserver.js:29880:21)
    at processNode (/usr/share/code/resources/app/extensions/node_modules/typescript/lib/tsserver.js:140120:20)
    at processChildNode (/usr/share/code/resources/app/extensions/node_modules/typescript/lib/tsserver.js:140191:21)
    at processChildNodes (/usr/share/code/resources/app/extensions/node_modules/typescript/lib/tsserver.js:140238:48)
    at /usr/share/code/resources/app/extensions/node_modules/typescript/lib/tsserver.js:140123:21
    at visitNodes (/usr/share/code/resources/app/extensions/node_modules/typescript/lib/tsserver.js:29475:24)
    at Object.forEachChild (/usr/share/code/resources/app/extensions/node_modules/typescript/lib/tsserver.js:29880:21)
    at processNode (/usr/share/code/resources/app/extensions/node_modules/typescript/lib/tsserver.js:140120:20)
    at processChildNode (/usr/share/code/resources/app/extensions/node_modules/typescript/lib/tsserver.js:140191:21)
    at processChildNodes (/usr/share/code/resources/app/extensions/node_modules/typescript/lib/tsserver.js:140238:48)
    at /usr/share/code/resources/app/extensions/node_modules/typescript/lib/tsserver.js:140123:21
    at visitNodes (/usr/share/code/resources/app/extensions/node_modules/typescript/lib/tsserver.js:29475:24)
    at Object.forEachChild (/usr/share/code/resources/app/extensions/node_modules/typescript/lib/tsserver.js:29884:21)
    at processNode (/usr/share/code/resources/app/extensions/node_modules/typescript/lib/tsserver.js:140120:20)
    at formatSpanWorker (/usr/share/code/resources/app/extensions/node_modules/typescript/lib/tsserver.js:139930:17)
    at /usr/share/code/resources/app/extensions/node_modules/typescript/lib/tsserver.js:139894:140
    at Object.getFormattingScanner (/usr/share/code/resources/app/extensions/node_modules/typescript/lib/tsserver.js:138521:23)
    at Object.formatNodeGivenIndentation (/usr/share/code/resources/app/extensions/node_modules/typescript/lib/tsserver.js:139894:31)
    at getFormattedTextOfNode (/usr/share/code/resources/app/extensions/node_modules/typescript/lib/tsserver.js:142197:45)
    at format (/usr/share/code/resources/app/extensions/node_modules/typescript/lib/tsserver.js:142167:52)
    at computeNewText (/usr/share/code/resources/app/extensions/node_modules/typescript/lib/tsserver.js:142170:23)
    at /usr/share/code/resources/app/extensions/node_modules/typescript/lib/tsserver.js:142134:39
    at Object.mapDefined (/usr/share/code/resources/app/extensions/node_modules/typescript/lib/tsserver.js:616:30)
    at /usr/share/code/resources/app/extensions/node_modules/typescript/lib/tsserver.js:142132:42
    at Object.mapDefined (/usr/share/code/resources/app/extensions/node_modules/typescript/lib/tsserver.js:616:30)
    at Object.getTextChangesFromChanges (/usr/share/code/resources/app/extensions/node_modules/typescript/lib/tsserver.js:142118:27)
    at ChangeTracker.getChanges (/usr/share/code/resources/app/extensions/node_modules/typescript/lib/tsserver.js:142086:45)
    at Function.ChangeTracker.with (/usr/share/code/resources/app/extensions/node_modules/typescript/lib/tsserver.js:141540:32)
    at Object.getCodeActions (/usr/share/code/resources/app/extensions/node_modules/typescript/lib/tsserver.js:150334:64)
    at /usr/share/code/resources/app/extensions/node_modules/typescript/lib/tsserver.js:142725:77
    at Object.flatMap (/usr/share/code/resources/app/extensions/node_modules/typescript/lib/tsserver.js:519:25)
    at Object.getFixes (/usr/share/code/resources/app/extensions/node_modules/typescript/lib/tsserver.js:142725:23)
    at /usr/share/code/resources/app/extensions/node_modules/typescript/lib/tsserver.js:157108:35
    at Object.flatMap (/usr/share/code/resources/app/extensions/node_modules/typescript/lib/tsserver.js:519:25)
    at Proxy.getCodeFixesAtPosition (/usr/share/code/resources/app/extensions/node_modules/typescript/lib/tsserver.js:157106:23)
    at Proxy.<anonymous> (/home/dotnet/.vscode/extensions/jpoissonnier.vscode-styled-components-1.6.6/node_modules/typescript-template-language-service-decorator/lib/template-language-service-decorator.js:144:20)
    at IOSession.Session.getCodeFixes (/usr/share/code/resources/app/extensions/node_modules/typescript/lib/tsserver.js:168567:64)
    at Session.handlers.ts.Map.ts.getEntries._a.<computed> (/usr/share/code/resources/app/extensions/node_modules/typescript/lib/tsserver.js:167205:61)
    at /usr/share/code/resources/app/extensions/node_modules/typescript/lib/tsserver.js:168880:88
    at IOSession.Session.executeWithRequestId (/usr/share/code/resources/app/extensions/node_modules/typescript/lib/tsserver.js:168871:28)
    at IOSession.Session.executeCommand (/usr/share/code/resources/app/extensions/node_modules/typescript/lib/tsserver.js:168880:33)
    at IOSession.Session.onMessage (/usr/share/code/resources/app/extensions/node_modules/typescript/lib/tsserver.js:168906:35)
    at Interface.<anonymous> (/usr/share/code/resources/app/extensions/node_modules/typescript/lib/tsserver.js:171511:31)
    at Interface.emit (events.js:315:20)
    at Interface._onLine (readline.js:337:10)
    at Interface._normalWrite (readline.js:482:12)
    at Socket.ondata (readline.js:194:10)
    at Socket.emit (events.js:315:20)
    at addChunk (internal/streams/readable.js:309:12)
    at readableAddChunk (internal/streams/readable.js:284:9)
    at Socket.Readable.push (internal/streams/readable.js:223:10)
    at Pipe.onStreamRead (internal/stream_base_commons.js:188:23)
    at Function.create (/usr/share/code/resources/app/extensions/typescript-language-features/dist/extension.js:1:459856)
    at dispatchResponse (/usr/share/code/resources/app/extensions/typescript-language-features/dist/extension.js:1:453692)
    at dispatchMessage (/usr/share/code/resources/app/extensions/typescript-language-features/dist/extension.js:1:452549)
    at /usr/share/code/resources/app/extensions/typescript-language-features/dist/extension.js:1:452034
    at a.fire (/usr/share/code/resources/app/out/vs/workbench/services/extensions/node/extensionHostProcess.js:66:1712)
    at m.onLengthData (/usr/share/code/resources/app/extensions/typescript-language-features/dist/extension.js:1:462785)
    at Socket.<anonymous> (/usr/share/code/resources/app/extensions/typescript-language-features/dist/extension.js:1:462432)
    at Socket.emit (events.js:315:20)
    at Socket.EventEmitter.emit (domain.js:467:12)
    at addChunk (internal/streams/readable.js:309:12)
    at readableAddChunk (internal/streams/readable.js:284:9)
    at Socket.Readable.push (internal/streams/readable.js:223:10)
    at Pipe.onStreamRead (internal/stream_base_commons.js:188:23)
[2021-11-30 20:24:41.451] [exthost] [warning] TextEditor is closed/disposed
[2021-11-30 20:26:40.413] [exthost] [warning] TextEditor is closed/disposed
[2021-11-30 20:26:43.482] [exthost] [warning] TextEditor is closed/disposed
[2021-11-30 20:26:51.863] [exthost] [warning] TextEditor is closed/disposed
[2021-11-30 20:26:56.891] [exthost] [warning] TextEditor is closed/disposed
[2021-11-30 20:30:06.518] [exthost] [warning] TextEditor is closed/disposed
[2021-11-30 20:31:31.702] [exthost] [warning] TextEditor is closed/disposed
[2021-11-30 20:31:32.774] [exthost] [warning] TextEditor is closed/disposed
[2021-11-30 20:36:32.852] [exthost] [warning] TextEditor is closed/disposed
[2021-11-30 20:39:18.422] [exthost] [warning] TextEditor is closed/disposed
