Validating found git in: git
Using git 2.31.1 from git
> git rev-parse --git-dir
Open repository: /var/www/elearning
> git status -z -u
> git symbolic-ref --short HEAD
> git for-each-ref --format=%(refname)%00%(upstream:short)%00%(objectname)%00%(upstream:track) refs/heads/master refs/remotes/master
> git for-each-ref --sort -committerdate --format %(refname) %(objectname) %(*objectname)
> git remote --verbose
> git config --get commit.template
> git show --textconv :resources/js/src/views/studio/editor/create.vue
> git ls-files --stage -- /var/www/elearning/resources/js/src/views/studio/editor/create.vue
> git cat-file -s 5cb67ecc278d322f78e9683fa6ce328fc16d8f06
> git check-ignore -v -z --stdin
> git check-ignore -v -z --stdin
> git check-ignore -v -z --stdin
> git show --textconv :resources/js/src/views/studio/editor/topMenu.vue
> git ls-files --stage -- /var/www/elearning/resources/js/src/views/studio/editor/topMenu.vue
> git check-ignore -v -z --stdin
> git status -z -u
> git symbolic-ref --short HEAD
> git for-each-ref --format=%(refname)%00%(upstream:short)%00%(objectname)%00%(upstream:track) refs/heads/master refs/remotes/master
> git for-each-ref --sort -committerdate --format %(refname) %(objectname) %(*objectname)
> git remote --verbose
> git config --get commit.template
> git show --textconv :resources/js/src/views/studio/editor/create.vue
> git ls-files --stage -- /var/www/elearning/resources/js/src/views/studio/editor/create.vue
> git cat-file -s 5cb67ecc278d322f78e9683fa6ce328fc16d8f06
> git status -z -u
> git symbolic-ref --short HEAD
> git for-each-ref --format=%(refname)%00%(upstream:short)%00%(objectname)%00%(upstream:track) refs/heads/master refs/remotes/master
> git for-each-ref --sort -committerdate --format %(refname) %(objectname) %(*objectname)
> git remote --verbose
> git config --get commit.template
> git status -z -u
> git symbolic-ref --short HEAD
> git for-each-ref --format=%(refname)%00%(upstream:short)%00%(objectname)%00%(upstream:track) refs/heads/master refs/remotes/master
> git for-each-ref --sort -committerdate --format %(refname) %(objectname) %(*objectname)
> git remote --verbose
> git config --get commit.template
> git status -z -u
> git symbolic-ref --short HEAD
> git for-each-ref --format=%(refname)%00%(upstream:short)%00%(objectname)%00%(upstream:track) refs/heads/master refs/remotes/master
> git for-each-ref --sort -committerdate --format %(refname) %(objectname) %(*objectname)
> git remote --verbose
> git config --get commit.template
> git show --textconv :resources/js/src/router.js
> git ls-files --stage -- /var/www/elearning/resources/js/src/router.js
> git cat-file -s bc4edad6651f3d94866b8977629f1e370ef288d4
> git check-ignore -v -z --stdin
> git show --textconv :resources/js/src/views/studio/editor/create.vue
> git ls-files --stage -- /var/www/elearning/resources/js/src/views/studio/editor/create.vue
> git cat-file -s 5cb67ecc278d322f78e9683fa6ce328fc16d8f06
> git show --textconv :resources/js/src/router.js
> git ls-files --stage -- /var/www/elearning/resources/js/src/router.js
> git cat-file -s bc4edad6651f3d94866b8977629f1e370ef288d4
> git status -z -u
> git symbolic-ref --short HEAD
> git for-each-ref --format=%(refname)%00%(upstream:short)%00%(objectname)%00%(upstream:track) refs/heads/master refs/remotes/master
> git for-each-ref --sort -committerdate --format %(refname) %(objectname) %(*objectname)
> git remote --verbose
> git config --get commit.template
> git show --textconv :resources/js/src/views/studio/editor/create.vue
> git ls-files --stage -- /var/www/elearning/resources/js/src/views/studio/editor/create.vue
> git status -z -u
> git cat-file -s 5cb67ecc278d322f78e9683fa6ce328fc16d8f06
> git symbolic-ref --short HEAD
> git for-each-ref --format=%(refname)%00%(upstream:short)%00%(objectname)%00%(upstream:track) refs/heads/master refs/remotes/master
> git for-each-ref --sort -committerdate --format %(refname) %(objectname) %(*objectname)
> git remote --verbose
> git config --get commit.template
> git show --textconv :resources/js/src/views/components/QuizForm.vue
> git ls-files --stage -- /var/www/elearning/resources/js/src/views/components/QuizForm.vue
> git cat-file -s a44e2c3786ee196f89e3e2b8b715a99706c5ec12
> git check-ignore -v -z --stdin
> git show --textconv :resources/js/src/views/studio/editor/create.vue
> git ls-files --stage -- /var/www/elearning/resources/js/src/views/studio/editor/create.vue
> git cat-file -s 5cb67ecc278d322f78e9683fa6ce328fc16d8f06
> git status -z -u
> git symbolic-ref --short HEAD
> git for-each-ref --format=%(refname)%00%(upstream:short)%00%(objectname)%00%(upstream:track) refs/heads/master refs/remotes/master
> git for-each-ref --sort -committerdate --format %(refname) %(objectname) %(*objectname)
> git remote --verbose
> git config --get commit.template
> git status -z -u
> git symbolic-ref --short HEAD
> git for-each-ref --format=%(refname)%00%(upstream:short)%00%(objectname)%00%(upstream:track) refs/heads/master refs/remotes/master
> git for-each-ref --sort -committerdate --format %(refname) %(objectname) %(*objectname)
> git remote --verbose
> git config --get commit.template
> git status -z -u
> git symbolic-ref --short HEAD
> git for-each-ref --format=%(refname)%00%(upstream:short)%00%(objectname)%00%(upstream:track) refs/heads/master refs/remotes/master
> git for-each-ref --sort -committerdate --format %(refname) %(objectname) %(*objectname)
> git remote --verbose
> git config --get commit.template
> git status -z -u
> git symbolic-ref --short HEAD
> git for-each-ref --format=%(refname)%00%(upstream:short)%00%(objectname)%00%(upstream:track) refs/heads/master refs/remotes/master
> git for-each-ref --sort -committerdate --format %(refname) %(objectname) %(*objectname)
> git remote --verbose
> git config --get commit.template
> git status -z -u
> git symbolic-ref --short HEAD
> git for-each-ref --format=%(refname)%00%(upstream:short)%00%(objectname)%00%(upstream:track) refs/heads/master refs/remotes/master
> git for-each-ref --sort -committerdate --format %(refname) %(objectname) %(*objectname)
> git remote --verbose
> git config --get commit.template
> git status -z -u
> git symbolic-ref --short HEAD
> git for-each-ref --format=%(refname)%00%(upstream:short)%00%(objectname)%00%(upstream:track) refs/heads/master refs/remotes/master
> git for-each-ref --sort -committerdate --format %(refname) %(objectname) %(*objectname)
> git remote --verbose
> git config --get commit.template
> git status -z -u
> git symbolic-ref --short HEAD
> git for-each-ref --format=%(refname)%00%(upstream:short)%00%(objectname)%00%(upstream:track) refs/heads/master refs/remotes/master
> git for-each-ref --sort -committerdate --format %(refname) %(objectname) %(*objectname)
> git remote --verbose
> git config --get commit.template
> git status -z -u
> git symbolic-ref --short HEAD
> git for-each-ref --format=%(refname)%00%(upstream:short)%00%(objectname)%00%(upstream:track) refs/heads/master refs/remotes/master
> git for-each-ref --sort -committerdate --format %(refname) %(objectname) %(*objectname)
> git remote --verbose
> git config --get commit.template
> git status -z -u
> git symbolic-ref --short HEAD
> git for-each-ref --format=%(refname)%00%(upstream:short)%00%(objectname)%00%(upstream:track) refs/heads/master refs/remotes/master
> git for-each-ref --sort -committerdate --format %(refname) %(objectname) %(*objectname)
> git remote --verbose
> git config --get commit.template
> git show --textconv :resources/js/src/views/studio/editor/topMenu.vue
> git ls-files --stage -- /var/www/elearning/resources/js/src/views/studio/editor/topMenu.vue
> git show --textconv :resources/js/src/views/studio/editor/create.vue
> git ls-files --stage -- /var/www/elearning/resources/js/src/views/studio/editor/create.vue
> git cat-file -s 5cb67ecc278d322f78e9683fa6ce328fc16d8f06
> git status -z -u
> git ls-files --stage -- /var/www/elearning/resources/js/src/views/studio/editor/create.vue
> git symbolic-ref --short HEAD
> git cat-file -s 5cb67ecc278d322f78e9683fa6ce328fc16d8f06
> git for-each-ref --format=%(refname)%00%(upstream:short)%00%(objectname)%00%(upstream:track) refs/heads/master refs/remotes/master
> git for-each-ref --sort -committerdate --format %(refname) %(objectname) %(*objectname)
> git remote --verbose
> git show --textconv :resources/js/src/views/studio/editor/create.vue
> git config --get commit.template
> git status -z -u
> git symbolic-ref --short HEAD
> git for-each-ref --format=%(refname)%00%(upstream:short)%00%(objectname)%00%(upstream:track) refs/heads/master refs/remotes/master
> git for-each-ref --sort -committerdate --format %(refname) %(objectname) %(*objectname)
> git remote --verbose
> git config --get commit.template
> git status -z -u
> git symbolic-ref --short HEAD
> git for-each-ref --format=%(refname)%00%(upstream:short)%00%(objectname)%00%(upstream:track) refs/heads/master refs/remotes/master
> git for-each-ref --sort -committerdate --format %(refname) %(objectname) %(*objectname)
> git remote --verbose
> git config --get commit.template
> git status -z -u
> git symbolic-ref --short HEAD
> git for-each-ref --format=%(refname)%00%(upstream:short)%00%(objectname)%00%(upstream:track) refs/heads/master refs/remotes/master
> git for-each-ref --sort -committerdate --format %(refname) %(objectname) %(*objectname)
> git remote --verbose
> git config --get commit.template
> git status -z -u
> git symbolic-ref --short HEAD
> git for-each-ref --format=%(refname)%00%(upstream:short)%00%(objectname)%00%(upstream:track) refs/heads/master refs/remotes/master
> git for-each-ref --sort -committerdate --format %(refname) %(objectname) %(*objectname)
> git remote --verbose
> git config --get commit.template
> git status -z -u
> git symbolic-ref --short HEAD
> git for-each-ref --format=%(refname)%00%(upstream:short)%00%(objectname)%00%(upstream:track) refs/heads/master refs/remotes/master
> git for-each-ref --sort -committerdate --format %(refname) %(objectname) %(*objectname)
> git remote --verbose
> git config --get commit.template
> git show --textconv :resources/js/src/views/studio/Contenteditable.vue
> git ls-files --stage -- /var/www/elearning/resources/js/src/views/studio/Contenteditable.vue
> git cat-file -s e69de29bb2d1d6434b8b29ae775ad8c2e48c5391
> git show --textconv :resources/js/src/views/studio/editor/topMenu.vue
> git ls-files --stage -- /var/www/elearning/resources/js/src/views/studio/editor/topMenu.vue
> git show --textconv :resources/js/src/views/studio/editor/create.vue
> git ls-files --stage -- /var/www/elearning/resources/js/src/views/studio/editor/create.vue
> git cat-file -s 5cb67ecc278d322f78e9683fa6ce328fc16d8f06
> git status -z -u
> git symbolic-ref --short HEAD
> git for-each-ref --format=%(refname)%00%(upstream:short)%00%(objectname)%00%(upstream:track) refs/heads/master refs/remotes/master
> git for-each-ref --sort -committerdate --format %(refname) %(objectname) %(*objectname)
> git remote --verbose
> git config --get commit.template
> git status -z -u
> git symbolic-ref --short HEAD
> git for-each-ref --format=%(refname)%00%(upstream:short)%00%(objectname)%00%(upstream:track) refs/heads/master refs/remotes/master
> git for-each-ref --sort -committerdate --format %(refname) %(objectname) %(*objectname)
> git remote --verbose
> git config --get commit.template
> git status -z -u
> git symbolic-ref --short HEAD
> git for-each-ref --format=%(refname)%00%(upstream:short)%00%(objectname)%00%(upstream:track) refs/heads/master refs/remotes/master
> git for-each-ref --sort -committerdate --format %(refname) %(objectname) %(*objectname)
> git remote --verbose
> git config --get commit.template
> git show --textconv :resources/js/src/views/studio/Contenteditable.vue
> git ls-files --stage -- /var/www/elearning/resources/js/src/views/studio/Contenteditable.vue
> git cat-file -s e69de29bb2d1d6434b8b29ae775ad8c2e48c5391
> git show --textconv :resources/js/src/views/studio/editor/topMenu.vue
> git ls-files --stage -- /var/www/elearning/resources/js/src/views/studio/editor/topMenu.vue
> git check-ignore -v -z --stdin
> git status -z -u
> git symbolic-ref --short HEAD
> git for-each-ref --format=%(refname)%00%(upstream:short)%00%(objectname)%00%(upstream:track) refs/heads/master refs/remotes/master
> git for-each-ref --sort -committerdate --format %(refname) %(objectname) %(*objectname)
> git remote --verbose
> git config --get commit.template
> git status -z -u
> git symbolic-ref --short HEAD
> git for-each-ref --format=%(refname)%00%(upstream:short)%00%(objectname)%00%(upstream:track) refs/heads/master refs/remotes/master
> git for-each-ref --sort -committerdate --format %(refname) %(objectname) %(*objectname)
> git remote --verbose
> git config --get commit.template
> git status -z -u
> git symbolic-ref --short HEAD
> git for-each-ref --format=%(refname)%00%(upstream:short)%00%(objectname)%00%(upstream:track) refs/heads/master refs/remotes/master
> git for-each-ref --sort -committerdate --format %(refname) %(objectname) %(*objectname)
> git remote --verbose
> git config --get commit.template
> git show --textconv :resources/js/src/views/studio/editor/Contenteditable.vue
> git ls-files --stage -- /var/www/elearning/resources/js/src/views/studio/editor/Contenteditable.vue
> git show --textconv :resources/js/src/views/studio/editor/create.vue
> git ls-files --stage -- /var/www/elearning/resources/js/src/views/studio/editor/create.vue
> git cat-file -s 5cb67ecc278d322f78e9683fa6ce328fc16d8f06
> git status -z -u
> git symbolic-ref --short HEAD
> git for-each-ref --format=%(refname)%00%(upstream:short)%00%(objectname)%00%(upstream:track) refs/heads/master refs/remotes/master
> git for-each-ref --sort -committerdate --format %(refname) %(objectname) %(*objectname)
> git remote --verbose
> git config --get commit.template
> git status -z -u
> git symbolic-ref --short HEAD
> git for-each-ref --format=%(refname)%00%(upstream:short)%00%(objectname)%00%(upstream:track) refs/heads/master refs/remotes/master
> git for-each-ref --sort -committerdate --format %(refname) %(objectname) %(*objectname)
> git remote --verbose
> git config --get commit.template
> git show --textconv :resources/js/src/views/studio/editor/topMenu.vue
> git ls-files --stage -- /var/www/elearning/resources/js/src/views/studio/editor/topMenu.vue
> git status -z -u
> git symbolic-ref --short HEAD
> git for-each-ref --format=%(refname)%00%(upstream:short)%00%(objectname)%00%(upstream:track) refs/heads/master refs/remotes/master
> git for-each-ref --sort -committerdate --format %(refname) %(objectname) %(*objectname)
> git remote --verbose
> git config --get commit.template
> git show --textconv :resources/js/src/views/studio/editor/create.vue
> git ls-files --stage -- /var/www/elearning/resources/js/src/views/studio/editor/create.vue
> git cat-file -s 5cb67ecc278d322f78e9683fa6ce328fc16d8f06
> git show --textconv :resources/js/src/views/studio/editor/mainEdit.vue
> git ls-files --stage -- /var/www/elearning/resources/js/src/views/studio/editor/mainEdit.vue
> git check-ignore -v -z --stdin
> git status -z -u
> git symbolic-ref --short HEAD
> git for-each-ref --format=%(refname)%00%(upstream:short)%00%(objectname)%00%(upstream:track) refs/heads/master refs/remotes/master
> git for-each-ref --sort -committerdate --format %(refname) %(objectname) %(*objectname)
> git remote --verbose
> git config --get commit.template
> git show --textconv :resources/js/src/views/studio/editor/topMenu.vue
> git ls-files --stage -- /var/www/elearning/resources/js/src/views/studio/editor/topMenu.vue
> git show --textconv :resources/js/src/views/studio/editor/topMenu.vue
> git ls-files --stage -- /var/www/elearning/resources/js/src/views/studio/editor/topMenu.vue
> git status -z -u
> git symbolic-ref --short HEAD
> git for-each-ref --format=%(refname)%00%(upstream:short)%00%(objectname)%00%(upstream:track) refs/heads/master refs/remotes/master
> git for-each-ref --sort -committerdate --format %(refname) %(objectname) %(*objectname)
> git remote --verbose
> git config --get commit.template
> git show --textconv :resources/js/src/views/studio/editor/mainEdit.vue
> git ls-files --stage -- /var/www/elearning/resources/js/src/views/studio/editor/mainEdit.vue
> git status -z -u
> git symbolic-ref --short HEAD
> git for-each-ref --format=%(refname)%00%(upstream:short)%00%(objectname)%00%(upstream:track) refs/heads/master refs/remotes/master
> git for-each-ref --sort -committerdate --format %(refname) %(objectname) %(*objectname)
> git remote --verbose
> git config --get commit.template
> git show --textconv :resources/js/src/views/studio/editor/create.vue
> git ls-files --stage -- /var/www/elearning/resources/js/src/views/studio/editor/create.vue
> git cat-file -s 5cb67ecc278d322f78e9683fa6ce328fc16d8f06
> git status -z -u
> git symbolic-ref --short HEAD
> git for-each-ref --format=%(refname)%00%(upstream:short)%00%(objectname)%00%(upstream:track) refs/heads/master refs/remotes/master
> git for-each-ref --sort -committerdate --format %(refname) %(objectname) %(*objectname)
> git remote --verbose
> git config --get commit.template
> git status -z -u
> git symbolic-ref --short HEAD
> git for-each-ref --format=%(refname)%00%(upstream:short)%00%(objectname)%00%(upstream:track) refs/heads/master refs/remotes/master
> git for-each-ref --sort -committerdate --format %(refname) %(objectname) %(*objectname)
> git remote --verbose
> git config --get commit.template
> git show --textconv :resources/js/src/views/studio/editor/Contenteditable.vue
> git ls-files --stage -- /var/www/elearning/resources/js/src/views/studio/editor/Contenteditable.vue
> git show --textconv :resources/js/src/views/studio/editor/Contenteditable.vue
> git ls-files --stage -- /var/www/elearning/resources/js/src/views/studio/editor/Contenteditable.vue
> git status -z -u
> git symbolic-ref --short HEAD
> git for-each-ref --format=%(refname)%00%(upstream:short)%00%(objectname)%00%(upstream:track) refs/heads/master refs/remotes/master
> git for-each-ref --sort -committerdate --format %(refname) %(objectname) %(*objectname)
> git remote --verbose
> git config --get commit.template
> git show --textconv :resources/js/src/views/studio/editor/create.vue
> git ls-files --stage -- /var/www/elearning/resources/js/src/views/studio/editor/create.vue
> git cat-file -s 5cb67ecc278d322f78e9683fa6ce328fc16d8f06
> git show --textconv :resources/js/src/views/studio/editor/mainEdit.vue
> git ls-files --stage -- /var/www/elearning/resources/js/src/views/studio/editor/mainEdit.vue
> git show --textconv :resources/js/src/views/studio/editor/create.vue
> git ls-files --stage -- /var/www/elearning/resources/js/src/views/studio/editor/create.vue
> git cat-file -s 5cb67ecc278d322f78e9683fa6ce328fc16d8f06
> git status -z -u
> git symbolic-ref --short HEAD
> git for-each-ref --format=%(refname)%00%(upstream:short)%00%(objectname)%00%(upstream:track) refs/heads/master refs/remotes/master
> git for-each-ref --sort -committerdate --format %(refname) %(objectname) %(*objectname)
> git remote --verbose
> git config --get commit.template
> git status -z -u
> git symbolic-ref --short HEAD
> git for-each-ref --format=%(refname)%00%(upstream:short)%00%(objectname)%00%(upstream:track) refs/heads/master refs/remotes/master
> git for-each-ref --sort -committerdate --format %(refname) %(objectname) %(*objectname)
> git remote --verbose
> git config --get commit.template
> git status -z -u
> git symbolic-ref --short HEAD
> git for-each-ref --format=%(refname)%00%(upstream:short)%00%(objectname)%00%(upstream:track) refs/heads/master refs/remotes/master
> git for-each-ref --sort -committerdate --format %(refname) %(objectname) %(*objectname)
> git remote --verbose
> git config --get commit.template
> git status -z -u
> git symbolic-ref --short HEAD
> git for-each-ref --format=%(refname)%00%(upstream:short)%00%(objectname)%00%(upstream:track) refs/heads/master refs/remotes/master
> git for-each-ref --sort -committerdate --format %(refname) %(objectname) %(*objectname)
> git remote --verbose
> git config --get commit.template
> git show --textconv :resources/js/src/views/studio/editor/mainEdit.vue
> git ls-files --stage -- /var/www/elearning/resources/js/src/views/studio/editor/mainEdit.vue
> git status -z -u
> git symbolic-ref --short HEAD
> git for-each-ref --format=%(refname)%00%(upstream:short)%00%(objectname)%00%(upstream:track) refs/heads/master refs/remotes/master
> git for-each-ref --sort -committerdate --format %(refname) %(objectname) %(*objectname)
> git remote --verbose
> git config --get commit.template
> git show --textconv :resources/js/src/views/studio/editor/create.vue
> git ls-files --stage -- /var/www/elearning/resources/js/src/views/studio/editor/create.vue
> git cat-file -s 5cb67ecc278d322f78e9683fa6ce328fc16d8f06
> git show --textconv :resources/js/src/views/studio/editor/mainEdit.vue
> git ls-files --stage -- /var/www/elearning/resources/js/src/views/studio/editor/mainEdit.vue
> git status -z -u
> git symbolic-ref --short HEAD
> git for-each-ref --format=%(refname)%00%(upstream:short)%00%(objectname)%00%(upstream:track) refs/heads/master refs/remotes/master
> git for-each-ref --sort -committerdate --format %(refname) %(objectname) %(*objectname)
> git remote --verbose
> git config --get commit.template
> git show --textconv :resources/js/src/views/studio/editor/topMenu.vue
> git ls-files --stage -- /var/www/elearning/resources/js/src/views/studio/editor/topMenu.vue
> git show --textconv :resources/js/src/views/studio/editor/mainEdit.vue
> git ls-files --stage -- /var/www/elearning/resources/js/src/views/studio/editor/mainEdit.vue
> git show --textconv :resources/js/src/views/studio/editor/topMenu.vue
> git ls-files --stage -- /var/www/elearning/resources/js/src/views/studio/editor/topMenu.vue
> git show --textconv :resources/js/src/views/studio/editor/mainEdit.vue
> git ls-files --stage -- /var/www/elearning/resources/js/src/views/studio/editor/mainEdit.vue
> git show --textconv :resources/js/src/views/studio/editor/topMenu.vue
> git ls-files --stage -- /var/www/elearning/resources/js/src/views/studio/editor/topMenu.vue
> git show --textconv :resources/js/src/views/studio/editor/create.vue
> git ls-files --stage -- /var/www/elearning/resources/js/src/views/studio/editor/create.vue
> git cat-file -s 5cb67ecc278d322f78e9683fa6ce328fc16d8f06
> git show --textconv :resources/js/src/views/studio/editor/mainEdit.vue
> git ls-files --stage -- /var/www/elearning/resources/js/src/views/studio/editor/mainEdit.vue
> git show --textconv :resources/js/src/views/studio/editor/topMenu.vue
> git ls-files --stage -- /var/www/elearning/resources/js/src/views/studio/editor/topMenu.vue
> git show --textconv :resources/js/src/views/studio/editor/mainEdit.vue
> git ls-files --stage -- /var/www/elearning/resources/js/src/views/studio/editor/mainEdit.vue
> git show --textconv :resources/js/src/views/studio/editor/topMenu.vue
> git ls-files --stage -- /var/www/elearning/resources/js/src/views/studio/editor/topMenu.vue
> git status -z -u
> git symbolic-ref --short HEAD
> git for-each-ref --format=%(refname)%00%(upstream:short)%00%(objectname)%00%(upstream:track) refs/heads/master refs/remotes/master
> git for-each-ref --sort -committerdate --format %(refname) %(objectname) %(*objectname)
> git remote --verbose
> git config --get commit.template
