[2021-11-26 12:51:02.943] [settingssync] [info] Using settings sync service https://vscode-sync.trafficmanager.net/
[2021-11-26 12:51:02.943] [settingssync] [info] Auto Sync is enabled.
[2021-11-26 12:51:02.943] [settingssync] [info] Auto Sync: Suspended until auth token is available.
[2021-11-26 12:51:05.043] [settingssync] [info] Auto Sync: Started
[2021-11-26 12:51:05.044] [settingssync] [info] Auto Sync: Triggered by Interval
[2021-11-26 12:51:05.753] [settingssync] [info] Settings: No changes found during synchronizing settings.
[2021-11-26 12:51:05.784] [settingssync] [info] Keybindings: No changes found during synchronizing keybindings.
[2021-11-26 12:51:05.821] [settingssync] [info] Snippets: No changes found during synchronizing snippets.
[2021-11-26 12:51:05.859] [settingssync] [info] GlobalState: No changes found during synchronizing ui state.
[2021-11-26 12:51:05.953] [settingssync] [info] Extensions: No changes found during synchronizing extensions.
[2021-11-26 12:51:05.955] [settingssync] [info] Sync done. Took 238ms
[2021-11-26 12:51:22.471] [settingssync] [info] Auto Sync: Triggered by Activity
[2021-11-26 12:51:22.620] [settingssync] [info] Settings: No changes found during synchronizing settings.
[2021-11-26 12:51:22.620] [settingssync] [info] Keybindings: No changes found during synchronizing keybindings.
[2021-11-26 12:51:22.622] [settingssync] [info] Snippets: No changes found during synchronizing snippets.
[2021-11-26 12:51:23.031] [settingssync] [info] GlobalState: Updated remote ui state
[2021-11-26 12:51:23.037] [settingssync] [info] GlobalState: Updated last synchronized ui state
[2021-11-26 12:51:23.092] [settingssync] [info] Extensions: No changes found during synchronizing extensions.
[2021-11-26 12:51:23.093] [settingssync] [info] Sync done. Took 489ms
[2021-11-26 12:51:29.292] [settingssync] [info] Auto Sync: Triggered by Activity
[2021-11-26 12:51:29.428] [settingssync] [info] Settings: No changes found during synchronizing settings.
[2021-11-26 12:51:29.429] [settingssync] [info] Keybindings: No changes found during synchronizing keybindings.
[2021-11-26 12:51:29.433] [settingssync] [info] Snippets: No changes found during synchronizing snippets.
[2021-11-26 12:51:29.452] [settingssync] [info] GlobalState: No changes found during synchronizing ui state.
[2021-11-26 12:51:29.510] [settingssync] [info] Extensions: No changes found during synchronizing extensions.
[2021-11-26 12:51:29.511] [settingssync] [info] Sync done. Took 97ms
[2021-11-26 12:52:39.673] [settingssync] [info] Auto Sync: Triggered by Activity
[2021-11-26 12:52:40.133] [settingssync] [info] Settings: No changes found during synchronizing settings.
[2021-11-26 12:52:40.140] [settingssync] [info] Keybindings: No changes found during synchronizing keybindings.
[2021-11-26 12:52:40.167] [settingssync] [info] Snippets: No changes found during synchronizing snippets.
[2021-11-26 12:52:40.206] [settingssync] [info] GlobalState: No changes found during synchronizing ui state.
[2021-11-26 12:52:40.343] [settingssync] [info] Extensions: No changes found during synchronizing extensions.
[2021-11-26 12:52:40.371] [settingssync] [info] Sync done. Took 333ms
[2021-11-26 12:53:24.181] [settingssync] [info] Auto Sync: Triggered by Activity
[2021-11-26 12:53:24.322] [settingssync] [info] Settings: No changes found during synchronizing settings.
[2021-11-26 12:53:24.324] [settingssync] [info] Keybindings: No changes found during synchronizing keybindings.
[2021-11-26 12:53:24.331] [settingssync] [info] Snippets: No changes found during synchronizing snippets.
[2021-11-26 12:53:24.358] [settingssync] [info] GlobalState: No changes found during synchronizing ui state.
[2021-11-26 12:53:24.434] [settingssync] [info] Extensions: No changes found during synchronizing extensions.
[2021-11-26 12:53:24.435] [settingssync] [info] Sync done. Took 134ms
[2021-11-26 12:58:24.462] [settingssync] [info] Auto Sync: Triggered by Interval
[2021-11-26 12:58:24.836] [settingssync] [info] Settings: No changes found during synchronizing settings.
[2021-11-26 12:58:24.838] [settingssync] [info] Keybindings: No changes found during synchronizing keybindings.
[2021-11-26 12:58:24.850] [settingssync] [info] Snippets: No changes found during synchronizing snippets.
[2021-11-26 12:58:24.868] [settingssync] [info] GlobalState: No changes found during synchronizing ui state.
[2021-11-26 12:58:24.933] [settingssync] [info] Extensions: No changes found during synchronizing extensions.
[2021-11-26 12:58:24.933] [settingssync] [info] Sync done. Took 114ms
[2021-11-26 13:03:24.936] [settingssync] [info] Auto Sync: Triggered by Interval
[2021-11-26 13:03:25.331] [settingssync] [info] Settings: No changes found during synchronizing settings.
[2021-11-26 13:03:25.333] [settingssync] [info] Keybindings: No changes found during synchronizing keybindings.
[2021-11-26 13:03:25.335] [settingssync] [info] Snippets: No changes found during synchronizing snippets.
[2021-11-26 13:03:25.352] [settingssync] [info] GlobalState: No changes found during synchronizing ui state.
[2021-11-26 13:03:25.407] [settingssync] [info] Extensions: No changes found during synchronizing extensions.
[2021-11-26 13:03:25.407] [settingssync] [info] Sync done. Took 96ms
[2021-11-26 13:08:25.410] [settingssync] [info] Auto Sync: Triggered by Interval
[2021-11-26 13:08:25.742] [settingssync] [info] Settings: No changes found during synchronizing settings.
[2021-11-26 13:08:25.743] [settingssync] [info] Keybindings: No changes found during synchronizing keybindings.
[2021-11-26 13:08:25.745] [settingssync] [info] Snippets: No changes found during synchronizing snippets.
[2021-11-26 13:08:25.763] [settingssync] [info] GlobalState: No changes found during synchronizing ui state.
[2021-11-26 13:08:25.820] [settingssync] [info] Extensions: No changes found during synchronizing extensions.
[2021-11-26 13:08:25.821] [settingssync] [info] Sync done. Took 104ms
[2021-11-26 13:13:25.823] [settingssync] [info] Auto Sync: Triggered by Interval
[2021-11-26 13:13:26.195] [settingssync] [info] Settings: No changes found during synchronizing settings.
[2021-11-26 13:13:26.196] [settingssync] [info] Keybindings: No changes found during synchronizing keybindings.
[2021-11-26 13:13:26.198] [settingssync] [info] Snippets: No changes found during synchronizing snippets.
[2021-11-26 13:13:26.215] [settingssync] [info] GlobalState: No changes found during synchronizing ui state.
[2021-11-26 13:13:26.276] [settingssync] [info] Extensions: No changes found during synchronizing extensions.
[2021-11-26 13:13:26.277] [settingssync] [info] Sync done. Took 94ms
[2021-11-26 13:18:26.279] [settingssync] [info] Auto Sync: Triggered by Interval
[2021-11-26 13:18:26.579] [settingssync] [info] Settings: No changes found during synchronizing settings.
[2021-11-26 13:18:26.580] [settingssync] [info] Keybindings: No changes found during synchronizing keybindings.
[2021-11-26 13:18:26.583] [settingssync] [info] Snippets: No changes found during synchronizing snippets.
[2021-11-26 13:18:26.599] [settingssync] [info] GlobalState: No changes found during synchronizing ui state.
[2021-11-26 13:18:26.659] [settingssync] [info] Extensions: No changes found during synchronizing extensions.
[2021-11-26 13:18:26.660] [settingssync] [info] Sync done. Took 98ms
[2021-11-26 13:23:26.662] [settingssync] [info] Auto Sync: Triggered by Interval
[2021-11-26 13:23:27.024] [settingssync] [info] Settings: No changes found during synchronizing settings.
[2021-11-26 13:23:27.026] [settingssync] [info] Keybindings: No changes found during synchronizing keybindings.
[2021-11-26 13:23:27.028] [settingssync] [info] Snippets: No changes found during synchronizing snippets.
[2021-11-26 13:23:27.044] [settingssync] [info] GlobalState: No changes found during synchronizing ui state.
[2021-11-26 13:23:27.100] [settingssync] [info] Extensions: No changes found during synchronizing extensions.
[2021-11-26 13:23:27.100] [settingssync] [info] Sync done. Took 100ms
[2021-11-26 13:28:27.102] [settingssync] [info] Auto Sync: Triggered by Interval
[2021-11-26 13:28:27.460] [settingssync] [info] Settings: No changes found during synchronizing settings.
[2021-11-26 13:28:27.462] [settingssync] [info] Keybindings: No changes found during synchronizing keybindings.
[2021-11-26 13:28:27.464] [settingssync] [info] Snippets: No changes found during synchronizing snippets.
[2021-11-26 13:28:27.481] [settingssync] [info] GlobalState: No changes found during synchronizing ui state.
[2021-11-26 13:28:27.535] [settingssync] [info] Extensions: No changes found during synchronizing extensions.
[2021-11-26 13:28:27.536] [settingssync] [info] Sync done. Took 91ms
[2021-11-26 13:33:27.538] [settingssync] [info] Auto Sync: Triggered by Interval
[2021-11-26 13:33:27.901] [settingssync] [info] Settings: No changes found during synchronizing settings.
[2021-11-26 13:33:27.902] [settingssync] [info] Keybindings: No changes found during synchronizing keybindings.
[2021-11-26 13:33:27.905] [settingssync] [info] Snippets: No changes found during synchronizing snippets.
[2021-11-26 13:33:27.922] [settingssync] [info] GlobalState: No changes found during synchronizing ui state.
[2021-11-26 13:33:27.980] [settingssync] [info] Extensions: No changes found during synchronizing extensions.
[2021-11-26 13:33:27.980] [settingssync] [info] Sync done. Took 94ms
[2021-11-26 13:38:27.983] [settingssync] [info] Auto Sync: Triggered by Interval
[2021-11-26 13:38:28.302] [settingssync] [info] Settings: No changes found during synchronizing settings.
[2021-11-26 13:38:28.305] [settingssync] [info] Keybindings: No changes found during synchronizing keybindings.
[2021-11-26 13:38:28.306] [settingssync] [info] Snippets: No changes found during synchronizing snippets.
[2021-11-26 13:38:28.323] [settingssync] [info] GlobalState: No changes found during synchronizing ui state.
[2021-11-26 13:38:28.380] [settingssync] [info] Extensions: No changes found during synchronizing extensions.
[2021-11-26 13:38:28.380] [settingssync] [info] Sync done. Took 93ms
[2021-11-26 13:43:28.382] [settingssync] [info] Auto Sync: Triggered by Interval
[2021-11-26 13:43:28.726] [settingssync] [info] Settings: No changes found during synchronizing settings.
[2021-11-26 13:43:28.727] [settingssync] [info] Keybindings: No changes found during synchronizing keybindings.
[2021-11-26 13:43:28.730] [settingssync] [info] Snippets: No changes found during synchronizing snippets.
[2021-11-26 13:43:28.746] [settingssync] [info] GlobalState: No changes found during synchronizing ui state.
[2021-11-26 13:43:28.798] [settingssync] [info] Extensions: No changes found during synchronizing extensions.
[2021-11-26 13:43:28.799] [settingssync] [info] Sync done. Took 86ms
[2021-11-26 13:48:28.801] [settingssync] [info] Auto Sync: Triggered by Interval
[2021-11-26 13:48:29.149] [settingssync] [info] Settings: No changes found during synchronizing settings.
[2021-11-26 13:48:29.150] [settingssync] [info] Keybindings: No changes found during synchronizing keybindings.
[2021-11-26 13:48:29.152] [settingssync] [info] Snippets: No changes found during synchronizing snippets.
[2021-11-26 13:48:29.169] [settingssync] [info] GlobalState: No changes found during synchronizing ui state.
[2021-11-26 13:48:29.227] [settingssync] [info] Extensions: No changes found during synchronizing extensions.
[2021-11-26 13:48:29.227] [settingssync] [info] Sync done. Took 94ms
[2021-11-26 13:53:29.228] [settingssync] [info] Auto Sync: Triggered by Interval
[2021-11-26 13:53:29.732] [settingssync] [info] Settings: No changes found during synchronizing settings.
[2021-11-26 13:53:29.734] [settingssync] [info] Keybindings: No changes found during synchronizing keybindings.
[2021-11-26 13:53:29.735] [settingssync] [info] Snippets: No changes found during synchronizing snippets.
[2021-11-26 13:53:29.752] [settingssync] [info] GlobalState: No changes found during synchronizing ui state.
[2021-11-26 13:53:29.811] [settingssync] [info] Extensions: No changes found during synchronizing extensions.
[2021-11-26 13:53:29.812] [settingssync] [info] Sync done. Took 98ms
[2021-11-26 13:58:29.814] [settingssync] [info] Auto Sync: Triggered by Interval
[2021-11-26 13:58:30.153] [settingssync] [info] Settings: No changes found during synchronizing settings.
[2021-11-26 13:58:30.154] [settingssync] [info] Keybindings: No changes found during synchronizing keybindings.
[2021-11-26 13:58:30.156] [settingssync] [info] Snippets: No changes found during synchronizing snippets.
[2021-11-26 13:58:30.173] [settingssync] [info] GlobalState: No changes found during synchronizing ui state.
[2021-11-26 13:58:30.225] [settingssync] [info] Extensions: No changes found during synchronizing extensions.
[2021-11-26 13:58:30.226] [settingssync] [info] Sync done. Took 87ms
[2021-11-26 14:03:30.241] [settingssync] [info] Auto Sync: Triggered by Interval
[2021-11-26 14:03:30.608] [settingssync] [info] Settings: No changes found during synchronizing settings.
[2021-11-26 14:03:30.610] [settingssync] [info] Keybindings: No changes found during synchronizing keybindings.
[2021-11-26 14:03:30.613] [settingssync] [info] Snippets: No changes found during synchronizing snippets.
[2021-11-26 14:03:30.631] [settingssync] [info] GlobalState: No changes found during synchronizing ui state.
[2021-11-26 14:03:30.693] [settingssync] [info] Extensions: No changes found during synchronizing extensions.
[2021-11-26 14:03:30.693] [settingssync] [info] Sync done. Took 101ms
[2021-11-26 14:08:30.708] [settingssync] [info] Auto Sync: Triggered by Interval
[2021-11-26 14:08:31.068] [settingssync] [info] Settings: No changes found during synchronizing settings.
[2021-11-26 14:08:31.071] [settingssync] [info] Keybindings: No changes found during synchronizing keybindings.
[2021-11-26 14:08:31.074] [settingssync] [info] Snippets: No changes found during synchronizing snippets.
[2021-11-26 14:08:31.094] [settingssync] [info] GlobalState: No changes found during synchronizing ui state.
[2021-11-26 14:08:31.152] [settingssync] [info] Extensions: No changes found during synchronizing extensions.
[2021-11-26 14:08:31.152] [settingssync] [info] Sync done. Took 99ms
[2021-11-26 14:13:31.166] [settingssync] [info] Auto Sync: Triggered by Interval
[2021-11-26 14:13:31.569] [settingssync] [info] Settings: No changes found during synchronizing settings.
[2021-11-26 14:13:31.572] [settingssync] [info] Keybindings: No changes found during synchronizing keybindings.
[2021-11-26 14:13:31.576] [settingssync] [info] Snippets: No changes found during synchronizing snippets.
[2021-11-26 14:13:31.593] [settingssync] [info] GlobalState: No changes found during synchronizing ui state.
[2021-11-26 14:13:31.656] [settingssync] [info] Extensions: No changes found during synchronizing extensions.
[2021-11-26 14:13:31.657] [settingssync] [info] Sync done. Took 105ms
[2021-11-26 14:18:31.658] [settingssync] [info] Auto Sync: Triggered by Interval
[2021-11-26 14:18:32.001] [settingssync] [info] Settings: No changes found during synchronizing settings.
[2021-11-26 14:18:32.005] [settingssync] [info] Keybindings: No changes found during synchronizing keybindings.
[2021-11-26 14:18:32.009] [settingssync] [info] Snippets: No changes found during synchronizing snippets.
[2021-11-26 14:18:32.028] [settingssync] [info] GlobalState: No changes found during synchronizing ui state.
[2021-11-26 14:18:32.093] [settingssync] [info] Extensions: No changes found during synchronizing extensions.
[2021-11-26 14:18:32.093] [settingssync] [info] Sync done. Took 107ms
[2021-11-26 14:23:32.095] [settingssync] [info] Auto Sync: Triggered by Interval
[2021-11-26 14:23:32.528] [settingssync] [info] Settings: No changes found during synchronizing settings.
[2021-11-26 14:23:32.530] [settingssync] [info] Keybindings: No changes found during synchronizing keybindings.
[2021-11-26 14:23:32.531] [settingssync] [info] Snippets: No changes found during synchronizing snippets.
[2021-11-26 14:23:32.548] [settingssync] [info] GlobalState: No changes found during synchronizing ui state.
[2021-11-26 14:23:32.605] [settingssync] [info] Extensions: No changes found during synchronizing extensions.
[2021-11-26 14:23:32.605] [settingssync] [info] Sync done. Took 105ms
[2021-11-26 14:27:55.413] [settingssync] [info] Auto Sync: Triggered by Activity
[2021-11-26 14:27:55.763] [settingssync] [info] Settings: No changes found during synchronizing settings.
[2021-11-26 14:27:55.767] [settingssync] [info] Keybindings: No changes found during synchronizing keybindings.
[2021-11-26 14:27:55.770] [settingssync] [info] Snippets: No changes found during synchronizing snippets.
[2021-11-26 14:27:57.309] [settingssync] [info] GlobalState: Updated remote ui state
[2021-11-26 14:27:57.326] [settingssync] [info] GlobalState: Updated last synchronized ui state
[2021-11-26 14:27:57.385] [settingssync] [info] Extensions: No changes found during synchronizing extensions.
[2021-11-26 14:27:57.386] [settingssync] [info] Sync done. Took 1640ms
[2021-11-26 14:27:57.386] [settingssync] [info] Auto Sync: Triggered by Activity
[2021-11-26 14:27:57.514] [settingssync] [info] Settings: No changes found during synchronizing settings.
[2021-11-26 14:27:57.517] [settingssync] [info] Keybindings: No changes found during synchronizing keybindings.
[2021-11-26 14:27:57.521] [settingssync] [info] Snippets: No changes found during synchronizing snippets.
[2021-11-26 14:27:58.183] [settingssync] [info] Auto Sync: Triggered by Activity
[2021-11-26 14:27:58.392] [settingssync] [info] GlobalState: Updated remote ui state
[2021-11-26 14:27:58.398] [settingssync] [info] GlobalState: Updated last synchronized ui state
[2021-11-26 14:27:58.456] [settingssync] [info] Extensions: No changes found during synchronizing extensions.
[2021-11-26 14:27:58.457] [settingssync] [info] Sync done. Took 953ms
[2021-11-26 14:27:58.654] [settingssync] [info] Settings: No changes found during synchronizing settings.
[2021-11-26 14:27:58.655] [settingssync] [info] Keybindings: No changes found during synchronizing keybindings.
[2021-11-26 14:27:58.656] [settingssync] [info] Snippets: No changes found during synchronizing snippets.
[2021-11-26 14:28:00.075] [settingssync] [info] GlobalState: Updated remote ui state
[2021-11-26 14:28:00.102] [settingssync] [info] GlobalState: Updated last synchronized ui state
[2021-11-26 14:28:00.161] [settingssync] [info] Extensions: No changes found during synchronizing extensions.
[2021-11-26 14:28:00.161] [settingssync] [info] Sync done. Took 1513ms
[2021-11-26 14:28:31.029] [settingssync] [info] Auto Sync: Triggered by Activity
[2021-11-26 14:28:31.190] [settingssync] [info] Settings: No changes found during synchronizing settings.
[2021-11-26 14:28:31.192] [settingssync] [info] Keybindings: No changes found during synchronizing keybindings.
[2021-11-26 14:28:31.195] [settingssync] [info] Snippets: No changes found during synchronizing snippets.
[2021-11-26 14:28:31.215] [settingssync] [info] GlobalState: No changes found during synchronizing ui state.
[2021-11-26 14:28:31.285] [settingssync] [info] Extensions: No changes found during synchronizing extensions.
[2021-11-26 14:28:31.286] [settingssync] [info] Sync done. Took 114ms
[2021-11-26 14:28:54.640] [settingssync] [info] Auto Sync: Triggered by Activity
[2021-11-26 14:28:54.823] [settingssync] [info] Settings: No changes found during synchronizing settings.
[2021-11-26 14:28:54.825] [settingssync] [info] Keybindings: No changes found during synchronizing keybindings.
[2021-11-26 14:28:54.826] [settingssync] [info] Snippets: No changes found during synchronizing snippets.
[2021-11-26 14:28:54.844] [settingssync] [info] GlobalState: No changes found during synchronizing ui state.
[2021-11-26 14:28:54.900] [settingssync] [info] Extensions: No changes found during synchronizing extensions.
[2021-11-26 14:28:54.901] [settingssync] [info] Sync done. Took 91ms
[2021-11-26 14:29:06.267] [settingssync] [info] Auto Sync: Triggered by Activity
[2021-11-26 14:29:06.439] [settingssync] [info] Settings: No changes found during synchronizing settings.
[2021-11-26 14:29:06.440] [settingssync] [info] Keybindings: No changes found during synchronizing keybindings.
[2021-11-26 14:29:06.442] [settingssync] [info] Snippets: No changes found during synchronizing snippets.
[2021-11-26 14:29:06.460] [settingssync] [info] GlobalState: No changes found during synchronizing ui state.
[2021-11-26 14:29:06.521] [settingssync] [info] Extensions: No changes found during synchronizing extensions.
[2021-11-26 14:29:06.522] [settingssync] [info] Sync done. Took 105ms
[2021-11-26 14:29:17.746] [settingssync] [info] Auto Sync: Triggered by Activity
[2021-11-26 14:29:17.895] [settingssync] [info] Settings: No changes found during synchronizing settings.
[2021-11-26 14:29:17.895] [settingssync] [info] Keybindings: No changes found during synchronizing keybindings.
[2021-11-26 14:29:17.899] [settingssync] [info] Snippets: No changes found during synchronizing snippets.
[2021-11-26 14:29:17.920] [settingssync] [info] GlobalState: No changes found during synchronizing ui state.
[2021-11-26 14:29:18.008] [settingssync] [info] Extensions: No changes found during synchronizing extensions.
[2021-11-26 14:29:18.009] [settingssync] [info] Sync done. Took 124ms
[2021-11-26 14:29:42.714] [settingssync] [info] Auto Sync: Triggered by Activity
[2021-11-26 14:29:43.000] [settingssync] [info] Settings: No changes found during synchronizing settings.
[2021-11-26 14:29:43.001] [settingssync] [info] Keybindings: No changes found during synchronizing keybindings.
[2021-11-26 14:29:43.003] [settingssync] [info] Snippets: No changes found during synchronizing snippets.
[2021-11-26 14:29:43.020] [settingssync] [info] GlobalState: No changes found during synchronizing ui state.
[2021-11-26 14:29:43.082] [settingssync] [info] Extensions: No changes found during synchronizing extensions.
[2021-11-26 14:29:43.082] [settingssync] [info] Sync done. Took 94ms
[2021-11-26 14:29:55.982] [settingssync] [info] Auto Sync: Triggered by Activity
[2021-11-26 14:29:56.139] [settingssync] [info] Settings: No changes found during synchronizing settings.
[2021-11-26 14:29:56.140] [settingssync] [info] Keybindings: No changes found during synchronizing keybindings.
[2021-11-26 14:29:56.141] [settingssync] [info] Snippets: No changes found during synchronizing snippets.
[2021-11-26 14:29:56.197] [settingssync] [info] GlobalState: No changes found during synchronizing ui state.
[2021-11-26 14:29:56.325] [settingssync] [info] Extensions: No changes found during synchronizing extensions.
[2021-11-26 14:29:56.325] [settingssync] [info] Sync done. Took 200ms
[2021-11-26 14:30:29.032] [settingssync] [info] Auto Sync: Triggered by Activity
[2021-11-26 14:30:29.184] [settingssync] [info] Settings: No changes found during synchronizing settings.
[2021-11-26 14:30:29.185] [settingssync] [info] Keybindings: No changes found during synchronizing keybindings.
[2021-11-26 14:30:29.187] [settingssync] [info] Snippets: No changes found during synchronizing snippets.
[2021-11-26 14:30:29.210] [settingssync] [info] GlobalState: No changes found during synchronizing ui state.
[2021-11-26 14:30:29.292] [settingssync] [info] Extensions: No changes found during synchronizing extensions.
[2021-11-26 14:30:29.293] [settingssync] [info] Sync done. Took 115ms
[2021-11-26 14:30:40.253] [settingssync] [info] Auto Sync: Triggered by Activity
[2021-11-26 14:30:40.398] [settingssync] [info] Settings: No changes found during synchronizing settings.
[2021-11-26 14:30:40.400] [settingssync] [info] Keybindings: No changes found during synchronizing keybindings.
[2021-11-26 14:30:40.402] [settingssync] [info] Snippets: No changes found during synchronizing snippets.
[2021-11-26 14:30:40.422] [settingssync] [info] GlobalState: No changes found during synchronizing ui state.
[2021-11-26 14:30:40.488] [settingssync] [info] Extensions: No changes found during synchronizing extensions.
[2021-11-26 14:30:40.488] [settingssync] [info] Sync done. Took 102ms
[2021-11-26 14:32:49.617] [settingssync] [info] Auto Sync: Triggered by Activity
[2021-11-26 14:32:50.024] [settingssync] [info] Settings: No changes found during synchronizing settings.
[2021-11-26 14:32:50.024] [settingssync] [info] Keybindings: No changes found during synchronizing keybindings.
[2021-11-26 14:32:50.024] [settingssync] [info] Snippets: No changes found during synchronizing snippets.
[2021-11-26 14:32:50.043] [settingssync] [info] GlobalState: No changes found during synchronizing ui state.
[2021-11-26 14:32:50.112] [settingssync] [info] Extensions: No changes found during synchronizing extensions.
[2021-11-26 14:32:50.113] [settingssync] [info] Sync done. Took 112ms
[2021-11-26 14:33:04.643] [settingssync] [info] Auto Sync: Triggered by Activity
[2021-11-26 14:33:04.854] [settingssync] [info] Settings: No changes found during synchronizing settings.
[2021-11-26 14:33:04.856] [settingssync] [info] Keybindings: No changes found during synchronizing keybindings.
[2021-11-26 14:33:04.858] [settingssync] [info] Snippets: No changes found during synchronizing snippets.
[2021-11-26 14:33:04.876] [settingssync] [info] GlobalState: No changes found during synchronizing ui state.
[2021-11-26 14:33:04.940] [settingssync] [info] Extensions: No changes found during synchronizing extensions.
[2021-11-26 14:33:04.941] [settingssync] [info] Sync done. Took 113ms
[2021-11-26 14:33:20.445] [settingssync] [info] Auto Sync: Triggered by Activity
[2021-11-26 14:33:20.593] [settingssync] [info] Settings: No changes found during synchronizing settings.
[2021-11-26 14:33:20.603] [settingssync] [info] Keybindings: No changes found during synchronizing keybindings.
[2021-11-26 14:33:20.611] [settingssync] [info] Snippets: No changes found during synchronizing snippets.
[2021-11-26 14:33:20.631] [settingssync] [info] GlobalState: No changes found during synchronizing ui state.
[2021-11-26 14:33:21.783] [settingssync] [info] Extensions: Updated remote extensions. Added: ["atishay-jain.all-autocomplete"].
[2021-11-26 14:33:21.798] [settingssync] [info] Extensions: Updated last synchronized extensions.
[2021-11-26 14:33:21.800] [settingssync] [info] Sync done. Took 1232ms
[2021-11-26 14:34:41.769] [settingssync] [info] Auto Sync: Triggered by Activity
[2021-11-26 14:34:41.921] [settingssync] [info] Settings: No changes found during synchronizing settings.
[2021-11-26 14:34:41.924] [settingssync] [info] Keybindings: No changes found during synchronizing keybindings.
[2021-11-26 14:34:41.926] [settingssync] [info] Snippets: No changes found during synchronizing snippets.
[2021-11-26 14:34:41.943] [settingssync] [info] GlobalState: No changes found during synchronizing ui state.
[2021-11-26 14:34:42.002] [settingssync] [info] Extensions: No changes found during synchronizing extensions.
[2021-11-26 14:34:42.002] [settingssync] [info] Sync done. Took 94ms
[2021-11-26 14:36:42.365] [settingssync] [info] Auto Sync: Triggered by Activity
[2021-11-26 14:36:42.557] [settingssync] [info] Settings: No changes found during synchronizing settings.
[2021-11-26 14:36:42.559] [settingssync] [info] Keybindings: No changes found during synchronizing keybindings.
[2021-11-26 14:36:42.563] [settingssync] [info] Snippets: No changes found during synchronizing snippets.
[2021-11-26 14:36:42.580] [settingssync] [info] GlobalState: No changes found during synchronizing ui state.
[2021-11-26 14:36:42.640] [settingssync] [info] Extensions: No changes found during synchronizing extensions.
[2021-11-26 14:36:42.641] [settingssync] [info] Sync done. Took 95ms
[2021-11-26 14:37:58.546] [settingssync] [info] Auto Sync: Triggered by Activity
[2021-11-26 14:37:58.700] [settingssync] [info] Settings: No changes found during synchronizing settings.
[2021-11-26 14:37:58.701] [settingssync] [info] Keybindings: No changes found during synchronizing keybindings.
[2021-11-26 14:37:58.703] [settingssync] [info] Snippets: No changes found during synchronizing snippets.
[2021-11-26 14:37:58.724] [settingssync] [info] GlobalState: No changes found during synchronizing ui state.
[2021-11-26 14:37:58.787] [settingssync] [info] Extensions: No changes found during synchronizing extensions.
[2021-11-26 14:37:58.787] [settingssync] [info] Sync done. Took 99ms
[2021-11-26 14:42:58.792] [settingssync] [info] Auto Sync: Triggered by Interval
[2021-11-26 14:43:14.562] [settingssync] [info] Settings: No changes found during synchronizing settings.
[2021-11-26 14:43:14.563] [settingssync] [info] Keybindings: No changes found during synchronizing keybindings.
[2021-11-26 14:43:14.565] [settingssync] [info] Snippets: No changes found during synchronizing snippets.
[2021-11-26 14:43:14.583] [settingssync] [info] GlobalState: No changes found during synchronizing ui state.
[2021-11-26 14:43:14.640] [settingssync] [info] Extensions: No changes found during synchronizing extensions.
[2021-11-26 14:43:14.641] [settingssync] [info] Sync done. Took 91ms
[2021-11-26 14:43:14.641] [settingssync] [info] Auto Sync: Triggered by Activity
[2021-11-26 14:43:14.783] [settingssync] [info] Settings: No changes found during synchronizing settings.
[2021-11-26 14:43:14.784] [settingssync] [info] Keybindings: No changes found during synchronizing keybindings.
[2021-11-26 14:43:14.786] [settingssync] [info] Snippets: No changes found during synchronizing snippets.
[2021-11-26 14:43:14.799] [settingssync] [info] GlobalState: No changes found during synchronizing ui state.
[2021-11-26 14:43:14.843] [settingssync] [info] Extensions: No changes found during synchronizing extensions.
[2021-11-26 14:43:14.843] [settingssync] [info] Sync done. Took 74ms
[2021-11-26 14:43:38.642] [settingssync] [info] Auto Sync: Triggered by Activity
[2021-11-26 14:43:38.777] [settingssync] [info] Settings: No changes found during synchronizing settings.
[2021-11-26 14:43:38.778] [settingssync] [info] Keybindings: No changes found during synchronizing keybindings.
[2021-11-26 14:43:38.783] [settingssync] [info] Snippets: No changes found during synchronizing snippets.
[2021-11-26 14:43:38.807] [settingssync] [info] GlobalState: No changes found during synchronizing ui state.
[2021-11-26 14:43:38.868] [settingssync] [info] Extensions: No changes found during synchronizing extensions.
[2021-11-26 14:43:38.869] [settingssync] [info] Sync done. Took 108ms
[2021-11-26 14:44:05.677] [settingssync] [info] Auto Sync: Triggered by Activity
[2021-11-26 14:44:05.812] [settingssync] [info] Settings: No changes found during synchronizing settings.
[2021-11-26 14:44:05.815] [settingssync] [info] Keybindings: No changes found during synchronizing keybindings.
[2021-11-26 14:44:05.818] [settingssync] [info] Snippets: No changes found during synchronizing snippets.
[2021-11-26 14:44:05.838] [settingssync] [info] GlobalState: No changes found during synchronizing ui state.
[2021-11-26 14:44:05.904] [settingssync] [info] Extensions: No changes found during synchronizing extensions.
[2021-11-26 14:44:05.905] [settingssync] [info] Sync done. Took 108ms
[2021-11-26 14:44:35.712] [settingssync] [info] Auto Sync: Triggered by Activity
[2021-11-26 14:44:35.869] [settingssync] [info] Settings: No changes found during synchronizing settings.
[2021-11-26 14:44:35.870] [settingssync] [info] Keybindings: No changes found during synchronizing keybindings.
[2021-11-26 14:44:35.872] [settingssync] [info] Snippets: No changes found during synchronizing snippets.
[2021-11-26 14:44:35.894] [settingssync] [info] GlobalState: No changes found during synchronizing ui state.
[2021-11-26 14:44:35.971] [settingssync] [info] Extensions: No changes found during synchronizing extensions.
[2021-11-26 14:44:35.972] [settingssync] [info] Sync done. Took 133ms
[2021-11-26 14:45:28.060] [settingssync] [info] Auto Sync: Triggered by Activity
[2021-11-26 14:45:28.218] [settingssync] [info] Settings: No changes found during synchronizing settings.
[2021-11-26 14:45:28.220] [settingssync] [info] Keybindings: No changes found during synchronizing keybindings.
[2021-11-26 14:45:28.223] [settingssync] [info] Snippets: No changes found during synchronizing snippets.
[2021-11-26 14:45:28.243] [settingssync] [info] GlobalState: No changes found during synchronizing ui state.
[2021-11-26 14:45:28.305] [settingssync] [info] Extensions: No changes found during synchronizing extensions.
[2021-11-26 14:45:28.306] [settingssync] [info] Sync done. Took 114ms
[2021-11-26 14:46:01.851] [settingssync] [info] Auto Sync: Triggered by Activity
[2021-11-26 14:46:01.994] [settingssync] [info] Settings: No changes found during synchronizing settings.
[2021-11-26 14:46:01.997] [settingssync] [info] Keybindings: No changes found during synchronizing keybindings.
[2021-11-26 14:46:02.014] [settingssync] [info] Snippets: No changes found during synchronizing snippets.
[2021-11-26 14:46:02.077] [settingssync] [info] GlobalState: No changes found during synchronizing ui state.
[2021-11-26 14:46:02.237] [settingssync] [info] Extensions: No changes found during synchronizing extensions.
[2021-11-26 14:46:02.238] [settingssync] [info] Sync done. Took 269ms
[2021-11-26 14:46:16.043] [settingssync] [info] Auto Sync: Triggered by Activity
[2021-11-26 14:46:16.210] [settingssync] [info] Settings: No changes found during synchronizing settings.
[2021-11-26 14:46:16.213] [settingssync] [info] Keybindings: No changes found during synchronizing keybindings.
[2021-11-26 14:46:16.220] [settingssync] [info] Snippets: No changes found during synchronizing snippets.
[2021-11-26 14:46:16.239] [settingssync] [info] GlobalState: No changes found during synchronizing ui state.
[2021-11-26 14:46:16.309] [settingssync] [info] Extensions: No changes found during synchronizing extensions.
[2021-11-26 14:46:16.310] [settingssync] [info] Sync done. Took 111ms
[2021-11-26 14:46:45.812] [settingssync] [info] Auto Sync: Triggered by Activity
[2021-11-26 14:46:45.946] [settingssync] [info] Settings: No changes found during synchronizing settings.
[2021-11-26 14:46:45.948] [settingssync] [info] Keybindings: No changes found during synchronizing keybindings.
[2021-11-26 14:46:45.951] [settingssync] [info] Snippets: No changes found during synchronizing snippets.
[2021-11-26 14:46:45.972] [settingssync] [info] GlobalState: No changes found during synchronizing ui state.
[2021-11-26 14:46:46.046] [settingssync] [info] Extensions: No changes found during synchronizing extensions.
[2021-11-26 14:46:46.047] [settingssync] [info] Sync done. Took 112ms
[2021-11-26 14:47:12.575] [settingssync] [info] Auto Sync: Triggered by Activity
[2021-11-26 14:47:12.712] [settingssync] [info] Settings: No changes found during synchronizing settings.
[2021-11-26 14:47:12.714] [settingssync] [info] Keybindings: No changes found during synchronizing keybindings.
[2021-11-26 14:47:12.716] [settingssync] [info] Snippets: No changes found during synchronizing snippets.
[2021-11-26 14:47:12.739] [settingssync] [info] GlobalState: No changes found during synchronizing ui state.
[2021-11-26 14:47:12.832] [settingssync] [info] Extensions: No changes found during synchronizing extensions.
[2021-11-26 14:47:12.833] [settingssync] [info] Sync done. Took 134ms
[2021-11-26 14:47:53.434] [settingssync] [info] Auto Sync: Triggered by Activity
[2021-11-26 14:47:53.571] [settingssync] [info] Settings: No changes found during synchronizing settings.
[2021-11-26 14:47:53.575] [settingssync] [info] Keybindings: No changes found during synchronizing keybindings.
[2021-11-26 14:47:53.577] [settingssync] [info] Snippets: No changes found during synchronizing snippets.
[2021-11-26 14:47:53.606] [settingssync] [info] GlobalState: No changes found during synchronizing ui state.
[2021-11-26 14:47:53.711] [settingssync] [info] Extensions: No changes found during synchronizing extensions.
[2021-11-26 14:47:53.712] [settingssync] [info] Sync done. Took 162ms
[2021-11-26 14:48:10.987] [settingssync] [info] Auto Sync: Triggered by Activity
[2021-11-26 14:48:11.130] [settingssync] [info] Settings: No changes found during synchronizing settings.
[2021-11-26 14:48:11.132] [settingssync] [info] Keybindings: No changes found during synchronizing keybindings.
[2021-11-26 14:48:11.135] [settingssync] [info] Snippets: No changes found during synchronizing snippets.
[2021-11-26 14:48:11.159] [settingssync] [info] GlobalState: No changes found during synchronizing ui state.
[2021-11-26 14:48:11.234] [settingssync] [info] Extensions: No changes found during synchronizing extensions.
[2021-11-26 14:48:11.235] [settingssync] [info] Sync done. Took 123ms
[2021-11-26 14:48:30.079] [settingssync] [info] Auto Sync: Triggered by Activity
[2021-11-26 14:48:30.205] [settingssync] [info] Settings: No changes found during synchronizing settings.
[2021-11-26 14:48:30.207] [settingssync] [info] Keybindings: No changes found during synchronizing keybindings.
[2021-11-26 14:48:30.209] [settingssync] [info] Snippets: No changes found during synchronizing snippets.
[2021-11-26 14:48:30.228] [settingssync] [info] GlobalState: No changes found during synchronizing ui state.
[2021-11-26 14:48:30.299] [settingssync] [info] Extensions: No changes found during synchronizing extensions.
[2021-11-26 14:48:30.300] [settingssync] [info] Sync done. Took 105ms
[2021-11-26 14:49:22.894] [settingssync] [info] Auto Sync: Triggered by Activity
[2021-11-26 14:49:23.122] [settingssync] [info] Settings: No changes found during synchronizing settings.
[2021-11-26 14:49:23.125] [settingssync] [info] Keybindings: No changes found during synchronizing keybindings.
[2021-11-26 14:49:23.127] [settingssync] [info] Snippets: No changes found during synchronizing snippets.
[2021-11-26 14:49:23.146] [settingssync] [info] GlobalState: No changes found during synchronizing ui state.
[2021-11-26 14:49:23.222] [settingssync] [info] Extensions: No changes found during synchronizing extensions.
[2021-11-26 14:49:23.222] [settingssync] [info] Sync done. Took 113ms
[2021-11-26 14:50:00.151] [settingssync] [info] Auto Sync: Triggered by Activity
[2021-11-26 14:50:00.317] [settingssync] [info] Settings: No changes found during synchronizing settings.
[2021-11-26 14:50:00.319] [settingssync] [info] Keybindings: No changes found during synchronizing keybindings.
[2021-11-26 14:50:00.321] [settingssync] [info] Snippets: No changes found during synchronizing snippets.
[2021-11-26 14:50:00.340] [settingssync] [info] GlobalState: No changes found during synchronizing ui state.
[2021-11-26 14:50:00.397] [settingssync] [info] Extensions: No changes found during synchronizing extensions.
[2021-11-26 14:50:00.397] [settingssync] [info] Sync done. Took 92ms
[2021-11-26 14:50:43.542] [settingssync] [info] Auto Sync: Triggered by Activity
[2021-11-26 14:50:43.674] [settingssync] [info] Settings: No changes found during synchronizing settings.
[2021-11-26 14:50:43.675] [settingssync] [info] Keybindings: No changes found during synchronizing keybindings.
[2021-11-26 14:50:43.678] [settingssync] [info] Snippets: No changes found during synchronizing snippets.
[2021-11-26 14:50:43.706] [settingssync] [info] GlobalState: No changes found during synchronizing ui state.
[2021-11-26 14:50:43.789] [settingssync] [info] Extensions: No changes found during synchronizing extensions.
[2021-11-26 14:50:43.790] [settingssync] [info] Sync done. Took 129ms
[2021-11-26 14:51:26.778] [settingssync] [info] Auto Sync: Triggered by Activity
[2021-11-26 14:51:26.930] [settingssync] [info] Settings: No changes found during synchronizing settings.
[2021-11-26 14:51:26.932] [settingssync] [info] Keybindings: No changes found during synchronizing keybindings.
[2021-11-26 14:51:26.936] [settingssync] [info] Snippets: No changes found during synchronizing snippets.
[2021-11-26 14:51:26.957] [settingssync] [info] GlobalState: No changes found during synchronizing ui state.
[2021-11-26 14:51:27.020] [settingssync] [info] Extensions: No changes found during synchronizing extensions.
[2021-11-26 14:51:27.021] [settingssync] [info] Sync done. Took 106ms
[2021-11-26 14:52:27.290] [settingssync] [info] Auto Sync: Triggered by Activity
[2021-11-26 14:52:27.426] [settingssync] [info] Settings: No changes found during synchronizing settings.
[2021-11-26 14:52:27.431] [settingssync] [info] Keybindings: No changes found during synchronizing keybindings.
[2021-11-26 14:52:27.433] [settingssync] [info] Snippets: No changes found during synchronizing snippets.
[2021-11-26 14:52:27.450] [settingssync] [info] GlobalState: No changes found during synchronizing ui state.
[2021-11-26 14:52:27.524] [settingssync] [info] Extensions: No changes found during synchronizing extensions.
[2021-11-26 14:52:27.525] [settingssync] [info] Sync done. Took 109ms
[2021-11-26 14:53:44.050] [settingssync] [info] Auto Sync: Triggered by Activity
[2021-11-26 14:53:44.208] [settingssync] [info] Settings: No changes found during synchronizing settings.
[2021-11-26 14:53:44.209] [settingssync] [info] Keybindings: No changes found during synchronizing keybindings.
[2021-11-26 14:53:44.211] [settingssync] [info] Snippets: No changes found during synchronizing snippets.
[2021-11-26 14:53:44.232] [settingssync] [info] GlobalState: No changes found during synchronizing ui state.
[2021-11-26 14:53:44.294] [settingssync] [info] Extensions: No changes found during synchronizing extensions.
[2021-11-26 14:53:44.295] [settingssync] [info] Sync done. Took 121ms
[2021-11-26 14:53:58.775] [settingssync] [info] Auto Sync: Triggered by Activity
[2021-11-26 14:53:59.014] [settingssync] [info] Settings: No changes found during synchronizing settings.
[2021-11-26 14:53:59.017] [settingssync] [info] Keybindings: No changes found during synchronizing keybindings.
[2021-11-26 14:53:59.032] [settingssync] [info] Snippets: No changes found during synchronizing snippets.
[2021-11-26 14:53:59.058] [settingssync] [info] GlobalState: No changes found during synchronizing ui state.
[2021-11-26 14:53:59.124] [settingssync] [info] Extensions: No changes found during synchronizing extensions.
[2021-11-26 14:53:59.125] [settingssync] [info] Sync done. Took 138ms
[2021-11-26 14:54:10.426] [settingssync] [info] Auto Sync: Triggered by Activity
[2021-11-26 14:54:10.554] [settingssync] [info] Settings: No changes found during synchronizing settings.
[2021-11-26 14:54:10.560] [settingssync] [info] Keybindings: No changes found during synchronizing keybindings.
[2021-11-26 14:54:10.562] [settingssync] [info] Snippets: No changes found during synchronizing snippets.
[2021-11-26 14:54:10.584] [settingssync] [info] GlobalState: No changes found during synchronizing ui state.
[2021-11-26 14:54:10.673] [settingssync] [info] Extensions: No changes found during synchronizing extensions.
[2021-11-26 14:54:10.673] [settingssync] [info] Sync done. Took 133ms
[2021-11-26 14:54:21.735] [settingssync] [info] Auto Sync: Triggered by Activity
[2021-11-26 14:54:21.863] [settingssync] [info] Settings: No changes found during synchronizing settings.
[2021-11-26 14:54:21.865] [settingssync] [info] Keybindings: No changes found during synchronizing keybindings.
[2021-11-26 14:54:21.872] [settingssync] [info] Snippets: No changes found during synchronizing snippets.
[2021-11-26 14:54:21.892] [settingssync] [info] GlobalState: No changes found during synchronizing ui state.
[2021-11-26 14:54:22.074] [settingssync] [info] Extensions: No changes found during synchronizing extensions.
[2021-11-26 14:54:22.075] [settingssync] [info] Sync done. Took 223ms
[2021-11-26 14:55:37.417] [settingssync] [info] Auto Sync: Triggered by Activity
[2021-11-26 14:55:37.554] [settingssync] [info] Settings: No changes found during synchronizing settings.
[2021-11-26 14:55:37.556] [settingssync] [info] Keybindings: No changes found during synchronizing keybindings.
[2021-11-26 14:55:37.558] [settingssync] [info] Snippets: No changes found during synchronizing snippets.
[2021-11-26 14:55:37.578] [settingssync] [info] GlobalState: No changes found during synchronizing ui state.
[2021-11-26 14:55:37.638] [settingssync] [info] Extensions: No changes found during synchronizing extensions.
[2021-11-26 14:55:37.639] [settingssync] [info] Sync done. Took 105ms
[2021-11-26 14:55:52.303] [settingssync] [info] Auto Sync: Triggered by Activity
[2021-11-26 14:55:52.439] [settingssync] [info] Settings: No changes found during synchronizing settings.
[2021-11-26 14:55:52.443] [settingssync] [info] Keybindings: No changes found during synchronizing keybindings.
[2021-11-26 14:55:52.446] [settingssync] [info] Snippets: No changes found during synchronizing snippets.
[2021-11-26 14:55:52.478] [settingssync] [info] GlobalState: No changes found during synchronizing ui state.
[2021-11-26 14:55:52.567] [settingssync] [info] Extensions: No changes found during synchronizing extensions.
[2021-11-26 14:55:52.568] [settingssync] [info] Sync done. Took 144ms
[2021-11-26 14:56:04.623] [settingssync] [info] Auto Sync: Triggered by Activity
[2021-11-26 14:56:04.793] [settingssync] [info] Settings: No changes found during synchronizing settings.
[2021-11-26 14:56:04.797] [settingssync] [info] Keybindings: No changes found during synchronizing keybindings.
[2021-11-26 14:56:04.799] [settingssync] [info] Snippets: No changes found during synchronizing snippets.
[2021-11-26 14:56:04.815] [settingssync] [info] GlobalState: No changes found during synchronizing ui state.
[2021-11-26 14:56:04.873] [settingssync] [info] Extensions: No changes found during synchronizing extensions.
[2021-11-26 14:56:04.874] [settingssync] [info] Sync done. Took 95ms
[2021-11-26 14:56:50.809] [settingssync] [info] Auto Sync: Triggered by Activity
[2021-11-26 14:56:50.942] [settingssync] [info] Settings: No changes found during synchronizing settings.
[2021-11-26 14:56:50.943] [settingssync] [info] Keybindings: No changes found during synchronizing keybindings.
[2021-11-26 14:56:50.945] [settingssync] [info] Snippets: No changes found during synchronizing snippets.
[2021-11-26 14:56:50.977] [settingssync] [info] GlobalState: No changes found during synchronizing ui state.
[2021-11-26 14:56:51.059] [settingssync] [info] Extensions: No changes found during synchronizing extensions.
[2021-11-26 14:56:51.060] [settingssync] [info] Sync done. Took 133ms
[2021-11-26 15:00:43.267] [settingssync] [info] Auto Sync: Triggered by Activity
[2021-11-26 15:00:43.753] [settingssync] [info] Settings: No changes found during synchronizing settings.
[2021-11-26 15:00:43.754] [settingssync] [info] Keybindings: No changes found during synchronizing keybindings.
[2021-11-26 15:00:43.756] [settingssync] [info] Snippets: No changes found during synchronizing snippets.
[2021-11-26 15:00:43.780] [settingssync] [info] GlobalState: No changes found during synchronizing ui state.
[2021-11-26 15:00:43.837] [settingssync] [info] Extensions: No changes found during synchronizing extensions.
[2021-11-26 15:00:43.837] [settingssync] [info] Sync done. Took 104ms
[2021-11-26 15:01:48.429] [settingssync] [info] Auto Sync: Triggered by Activity
[2021-11-26 15:01:48.581] [settingssync] [info] Settings: No changes found during synchronizing settings.
[2021-11-26 15:01:48.583] [settingssync] [info] Keybindings: No changes found during synchronizing keybindings.
[2021-11-26 15:01:48.587] [settingssync] [info] Snippets: No changes found during synchronizing snippets.
[2021-11-26 15:01:48.605] [settingssync] [info] GlobalState: No changes found during synchronizing ui state.
[2021-11-26 15:01:48.665] [settingssync] [info] Extensions: No changes found during synchronizing extensions.
[2021-11-26 15:01:48.665] [settingssync] [info] Sync done. Took 106ms
[2021-11-26 15:02:04.538] [settingssync] [info] Auto Sync: Triggered by Activity
[2021-11-26 15:02:04.674] [settingssync] [info] Settings: No changes found during synchronizing settings.
[2021-11-26 15:02:04.682] [settingssync] [info] Keybindings: No changes found during synchronizing keybindings.
[2021-11-26 15:02:04.686] [settingssync] [info] Snippets: No changes found during synchronizing snippets.
[2021-11-26 15:02:04.717] [settingssync] [info] GlobalState: No changes found during synchronizing ui state.
[2021-11-26 15:02:04.798] [settingssync] [info] Extensions: No changes found during synchronizing extensions.
[2021-11-26 15:02:04.799] [settingssync] [info] Sync done. Took 142ms
[2021-11-26 15:03:03.788] [settingssync] [info] Auto Sync: Triggered by Activity
[2021-11-26 15:03:03.934] [settingssync] [info] Settings: No changes found during synchronizing settings.
[2021-11-26 15:03:03.936] [settingssync] [info] Keybindings: No changes found during synchronizing keybindings.
[2021-11-26 15:03:03.938] [settingssync] [info] Snippets: No changes found during synchronizing snippets.
[2021-11-26 15:03:03.959] [settingssync] [info] GlobalState: No changes found during synchronizing ui state.
[2021-11-26 15:03:04.037] [settingssync] [info] Extensions: No changes found during synchronizing extensions.
[2021-11-26 15:03:04.037] [settingssync] [info] Sync done. Took 126ms
[2021-11-26 15:03:15.309] [settingssync] [info] Auto Sync: Triggered by Activity
[2021-11-26 15:03:15.476] [settingssync] [info] Settings: No changes found during synchronizing settings.
[2021-11-26 15:03:15.486] [settingssync] [info] Keybindings: No changes found during synchronizing keybindings.
[2021-11-26 15:03:15.493] [settingssync] [info] Snippets: No changes found during synchronizing snippets.
[2021-11-26 15:03:15.539] [settingssync] [info] GlobalState: No changes found during synchronizing ui state.
[2021-11-26 15:03:15.657] [settingssync] [info] Extensions: No changes found during synchronizing extensions.
[2021-11-26 15:03:15.657] [settingssync] [info] Sync done. Took 217ms
[2021-11-26 15:03:58.173] [settingssync] [info] Auto Sync: Triggered by Activity
[2021-11-26 15:03:58.387] [settingssync] [info] Settings: No changes found during synchronizing settings.
[2021-11-26 15:03:58.389] [settingssync] [info] Keybindings: No changes found during synchronizing keybindings.
[2021-11-26 15:03:58.395] [settingssync] [info] Snippets: No changes found during synchronizing snippets.
[2021-11-26 15:03:58.450] [settingssync] [info] GlobalState: No changes found during synchronizing ui state.
[2021-11-26 15:03:58.576] [settingssync] [info] Extensions: No changes found during synchronizing extensions.
[2021-11-26 15:03:58.576] [settingssync] [info] Sync done. Took 223ms
[2021-11-26 15:04:38.858] [settingssync] [info] Auto Sync: Triggered by Activity
[2021-11-26 15:04:39.017] [settingssync] [info] Settings: No changes found during synchronizing settings.
[2021-11-26 15:04:39.019] [settingssync] [info] Keybindings: No changes found during synchronizing keybindings.
[2021-11-26 15:04:39.022] [settingssync] [info] Snippets: No changes found during synchronizing snippets.
[2021-11-26 15:04:39.042] [settingssync] [info] GlobalState: No changes found during synchronizing ui state.
[2021-11-26 15:04:39.107] [settingssync] [info] Extensions: No changes found during synchronizing extensions.
[2021-11-26 15:04:39.108] [settingssync] [info] Sync done. Took 104ms
[2021-11-26 15:05:16.064] [settingssync] [info] Auto Sync: Triggered by Activity
[2021-11-26 15:05:16.201] [settingssync] [info] Settings: No changes found during synchronizing settings.
[2021-11-26 15:05:16.203] [settingssync] [info] Keybindings: No changes found during synchronizing keybindings.
[2021-11-26 15:05:16.205] [settingssync] [info] Snippets: No changes found during synchronizing snippets.
[2021-11-26 15:05:16.236] [settingssync] [info] GlobalState: No changes found during synchronizing ui state.
[2021-11-26 15:05:16.340] [settingssync] [info] Extensions: No changes found during synchronizing extensions.
[2021-11-26 15:05:16.341] [settingssync] [info] Sync done. Took 154ms
[2021-11-26 15:05:54.577] [settingssync] [info] Auto Sync: Triggered by Activity
[2021-11-26 15:05:54.723] [settingssync] [info] Settings: No changes found during synchronizing settings.
[2021-11-26 15:05:54.724] [settingssync] [info] Keybindings: No changes found during synchronizing keybindings.
[2021-11-26 15:05:54.727] [settingssync] [info] Snippets: No changes found during synchronizing snippets.
[2021-11-26 15:05:54.749] [settingssync] [info] GlobalState: No changes found during synchronizing ui state.
[2021-11-26 15:05:54.809] [settingssync] [info] Extensions: No changes found during synchronizing extensions.
[2021-11-26 15:05:54.810] [settingssync] [info] Sync done. Took 107ms
[2021-11-26 15:06:12.060] [settingssync] [info] Auto Sync: Triggered by Activity
[2021-11-26 15:06:12.208] [settingssync] [info] Settings: No changes found during synchronizing settings.
[2021-11-26 15:06:12.212] [settingssync] [info] Keybindings: No changes found during synchronizing keybindings.
[2021-11-26 15:06:12.215] [settingssync] [info] Snippets: No changes found during synchronizing snippets.
[2021-11-26 15:06:12.240] [settingssync] [info] GlobalState: No changes found during synchronizing ui state.
[2021-11-26 15:06:12.314] [settingssync] [info] Extensions: No changes found during synchronizing extensions.
[2021-11-26 15:06:12.315] [settingssync] [info] Sync done. Took 124ms
[2021-11-26 15:07:31.086] [settingssync] [info] Auto Sync: Triggered by Activity
[2021-11-26 15:07:31.306] [settingssync] [info] Settings: No changes found during synchronizing settings.
[2021-11-26 15:07:31.308] [settingssync] [info] Keybindings: No changes found during synchronizing keybindings.
[2021-11-26 15:07:31.310] [settingssync] [info] Snippets: No changes found during synchronizing snippets.
[2021-11-26 15:07:31.342] [settingssync] [info] GlobalState: No changes found during synchronizing ui state.
[2021-11-26 15:07:31.420] [settingssync] [info] Extensions: No changes found during synchronizing extensions.
[2021-11-26 15:07:31.420] [settingssync] [info] Sync done. Took 130ms
[2021-11-26 15:07:53.951] [settingssync] [info] Auto Sync: Triggered by Activity
[2021-11-26 15:07:55.302] [settingssync] [info] Settings: Updated remote settings
[2021-11-26 15:07:55.317] [settingssync] [info] Settings: Updated last synchronized settings
[2021-11-26 15:07:55.321] [settingssync] [info] Keybindings: No changes found during synchronizing keybindings.
[2021-11-26 15:07:55.323] [settingssync] [info] Snippets: No changes found during synchronizing snippets.
[2021-11-26 15:07:55.338] [settingssync] [info] GlobalState: No changes found during synchronizing ui state.
[2021-11-26 15:07:55.403] [settingssync] [info] Extensions: No changes found during synchronizing extensions.
[2021-11-26 15:07:55.404] [settingssync] [info] Sync done. Took 1322ms
[2021-11-26 15:08:17.471] [settingssync] [info] Auto Sync: Triggered by Activity
[2021-11-26 15:08:18.619] [settingssync] [info] Settings: Updated remote settings
[2021-11-26 15:08:18.632] [settingssync] [info] Settings: Updated last synchronized settings
[2021-11-26 15:08:18.634] [settingssync] [info] Keybindings: No changes found during synchronizing keybindings.
[2021-11-26 15:08:18.636] [settingssync] [info] Snippets: No changes found during synchronizing snippets.
[2021-11-26 15:08:18.655] [settingssync] [info] GlobalState: No changes found during synchronizing ui state.
[2021-11-26 15:08:18.737] [settingssync] [info] Extensions: No changes found during synchronizing extensions.
[2021-11-26 15:08:18.738] [settingssync] [info] Sync done. Took 1136ms
[2021-11-26 15:08:24.057] [settingssync] [info] Auto Sync: Triggered by Activity
[2021-11-26 15:08:25.405] [settingssync] [info] Settings: Updated remote settings
[2021-11-26 15:08:25.418] [settingssync] [info] Settings: Updated last synchronized settings
[2021-11-26 15:08:25.420] [settingssync] [info] Keybindings: No changes found during synchronizing keybindings.
[2021-11-26 15:08:25.422] [settingssync] [info] Snippets: No changes found during synchronizing snippets.
[2021-11-26 15:08:25.439] [settingssync] [info] GlobalState: No changes found during synchronizing ui state.
[2021-11-26 15:08:25.549] [settingssync] [info] Extensions: No changes found during synchronizing extensions.
[2021-11-26 15:08:25.549] [settingssync] [info] Sync done. Took 1344ms
[2021-11-26 15:08:59.654] [settingssync] [info] Auto Sync: Triggered by Activity
[2021-11-26 15:08:59.791] [settingssync] [info] Settings: No changes found during synchronizing settings.
[2021-11-26 15:08:59.800] [settingssync] [info] Keybindings: No changes found during synchronizing keybindings.
[2021-11-26 15:08:59.804] [settingssync] [info] Snippets: No changes found during synchronizing snippets.
[2021-11-26 15:08:59.886] [settingssync] [info] GlobalState: No changes found during synchronizing ui state.
[2021-11-26 15:09:00.141] [settingssync] [info] Extensions: No changes found during synchronizing extensions.
[2021-11-26 15:09:00.141] [settingssync] [info] Sync done. Took 356ms
[2021-11-26 15:09:44.989] [settingssync] [info] Auto Sync: Triggered by Activity
[2021-11-26 15:09:45.142] [settingssync] [info] Settings: No changes found during synchronizing settings.
[2021-11-26 15:09:45.144] [settingssync] [info] Keybindings: No changes found during synchronizing keybindings.
[2021-11-26 15:09:45.145] [settingssync] [info] Snippets: No changes found during synchronizing snippets.
[2021-11-26 15:09:45.163] [settingssync] [info] GlobalState: No changes found during synchronizing ui state.
[2021-11-26 15:09:45.226] [settingssync] [info] Extensions: No changes found during synchronizing extensions.
[2021-11-26 15:09:45.227] [settingssync] [info] Sync done. Took 93ms
[2021-11-26 15:10:01.281] [settingssync] [info] Auto Sync: Triggered by Activity
[2021-11-26 15:10:01.968] [settingssync] [info] Settings: Updated remote settings
[2021-11-26 15:10:01.974] [settingssync] [info] Settings: Updated last synchronized settings
[2021-11-26 15:10:01.975] [settingssync] [info] Keybindings: No changes found during synchronizing keybindings.
[2021-11-26 15:10:01.976] [settingssync] [info] Snippets: No changes found during synchronizing snippets.
[2021-11-26 15:10:01.996] [settingssync] [info] GlobalState: No changes found during synchronizing ui state.
[2021-11-26 15:10:02.069] [settingssync] [info] Extensions: No changes found during synchronizing extensions.
[2021-11-26 15:10:02.069] [settingssync] [info] Sync done. Took 648ms
[2021-11-26 15:10:23.442] [settingssync] [info] Auto Sync: Triggered by Activity
[2021-11-26 15:10:23.583] [settingssync] [info] Settings: No changes found during synchronizing settings.
[2021-11-26 15:10:23.584] [settingssync] [info] Keybindings: No changes found during synchronizing keybindings.
[2021-11-26 15:10:23.584] [settingssync] [info] Snippets: No changes found during synchronizing snippets.
[2021-11-26 15:10:23.602] [settingssync] [info] GlobalState: No changes found during synchronizing ui state.
[2021-11-26 15:10:23.663] [settingssync] [info] Extensions: No changes found during synchronizing extensions.
[2021-11-26 15:10:23.664] [settingssync] [info] Sync done. Took 95ms
[2021-11-26 15:10:39.212] [settingssync] [info] Auto Sync: Triggered by Activity
[2021-11-26 15:10:39.464] [settingssync] [info] Settings: No changes found during synchronizing settings.
[2021-11-26 15:10:39.500] [settingssync] [info] Keybindings: No changes found during synchronizing keybindings.
[2021-11-26 15:10:39.527] [settingssync] [info] Snippets: No changes found during synchronizing snippets.
[2021-11-26 15:10:39.581] [settingssync] [info] GlobalState: No changes found during synchronizing ui state.
[2021-11-26 15:10:40.144] [settingssync] [info] Extensions: No changes found during synchronizing extensions.
[2021-11-26 15:10:40.146] [settingssync] [info] Sync done. Took 793ms
[2021-11-26 15:11:29.961] [settingssync] [info] Auto Sync: Triggered by Activity
[2021-11-26 15:11:30.101] [settingssync] [info] Settings: No changes found during synchronizing settings.
[2021-11-26 15:11:30.103] [settingssync] [info] Keybindings: No changes found during synchronizing keybindings.
[2021-11-26 15:11:30.105] [settingssync] [info] Snippets: No changes found during synchronizing snippets.
[2021-11-26 15:11:30.128] [settingssync] [info] GlobalState: No changes found during synchronizing ui state.
[2021-11-26 15:11:30.205] [settingssync] [info] Extensions: No changes found during synchronizing extensions.
[2021-11-26 15:11:30.206] [settingssync] [info] Sync done. Took 117ms
[2021-11-26 15:12:50.164] [settingssync] [info] Auto Sync: Triggered by Activity
[2021-11-26 15:12:50.322] [settingssync] [info] Settings: No changes found during synchronizing settings.
[2021-11-26 15:12:50.324] [settingssync] [info] Keybindings: No changes found during synchronizing keybindings.
[2021-11-26 15:12:50.327] [settingssync] [info] Snippets: No changes found during synchronizing snippets.
[2021-11-26 15:12:50.357] [settingssync] [info] GlobalState: No changes found during synchronizing ui state.
[2021-11-26 15:12:50.442] [settingssync] [info] Extensions: No changes found during synchronizing extensions.
[2021-11-26 15:12:50.443] [settingssync] [info] Sync done. Took 139ms
[2021-11-26 15:13:03.191] [settingssync] [info] Auto Sync: Triggered by Activity
[2021-11-26 15:13:03.332] [settingssync] [info] Settings: No changes found during synchronizing settings.
[2021-11-26 15:13:03.336] [settingssync] [info] Keybindings: No changes found during synchronizing keybindings.
[2021-11-26 15:13:03.338] [settingssync] [info] Snippets: No changes found during synchronizing snippets.
[2021-11-26 15:13:03.357] [settingssync] [info] GlobalState: No changes found during synchronizing ui state.
[2021-11-26 15:13:03.439] [settingssync] [info] Extensions: No changes found during synchronizing extensions.
[2021-11-26 15:13:03.440] [settingssync] [info] Sync done. Took 119ms
[2021-11-26 15:13:14.353] [settingssync] [info] Auto Sync: Triggered by Activity
[2021-11-26 15:13:14.496] [settingssync] [info] Settings: No changes found during synchronizing settings.
[2021-11-26 15:13:14.498] [settingssync] [info] Keybindings: No changes found during synchronizing keybindings.
[2021-11-26 15:13:14.500] [settingssync] [info] Snippets: No changes found during synchronizing snippets.
[2021-11-26 15:13:14.523] [settingssync] [info] GlobalState: No changes found during synchronizing ui state.
[2021-11-26 15:13:14.593] [settingssync] [info] Extensions: No changes found during synchronizing extensions.
[2021-11-26 15:13:14.593] [settingssync] [info] Sync done. Took 121ms
[2021-11-26 15:13:32.878] [settingssync] [info] Auto Sync: Triggered by Activity
[2021-11-26 15:13:33.034] [settingssync] [info] Settings: No changes found during synchronizing settings.
[2021-11-26 15:13:33.037] [settingssync] [info] Keybindings: No changes found during synchronizing keybindings.
[2021-11-26 15:13:33.039] [settingssync] [info] Snippets: No changes found during synchronizing snippets.
[2021-11-26 15:13:33.058] [settingssync] [info] GlobalState: No changes found during synchronizing ui state.
[2021-11-26 15:13:33.114] [settingssync] [info] Extensions: No changes found during synchronizing extensions.
[2021-11-26 15:13:33.114] [settingssync] [info] Sync done. Took 91ms
[2021-11-26 15:13:50.967] [settingssync] [info] Auto Sync: Triggered by Activity
[2021-11-26 15:13:51.104] [settingssync] [info] Settings: No changes found during synchronizing settings.
[2021-11-26 15:13:51.110] [settingssync] [info] Keybindings: No changes found during synchronizing keybindings.
[2021-11-26 15:13:51.115] [settingssync] [info] Snippets: No changes found during synchronizing snippets.
[2021-11-26 15:13:51.148] [settingssync] [info] GlobalState: No changes found during synchronizing ui state.
[2021-11-26 15:13:51.221] [settingssync] [info] Extensions: No changes found during synchronizing extensions.
[2021-11-26 15:13:51.222] [settingssync] [info] Sync done. Took 133ms
[2021-11-26 15:14:11.293] [settingssync] [info] Auto Sync: Triggered by Activity
[2021-11-26 15:14:11.425] [settingssync] [info] Settings: No changes found during synchronizing settings.
[2021-11-26 15:14:11.429] [settingssync] [info] Keybindings: No changes found during synchronizing keybindings.
[2021-11-26 15:14:11.431] [settingssync] [info] Snippets: No changes found during synchronizing snippets.
[2021-11-26 15:14:11.457] [settingssync] [info] GlobalState: No changes found during synchronizing ui state.
[2021-11-26 15:14:11.541] [settingssync] [info] Extensions: No changes found during synchronizing extensions.
[2021-11-26 15:14:11.542] [settingssync] [info] Sync done. Took 126ms
[2021-11-26 15:14:44.465] [settingssync] [info] Auto Sync: Triggered by Activity
[2021-11-26 15:14:44.677] [settingssync] [info] Settings: No changes found during synchronizing settings.
[2021-11-26 15:14:44.688] [settingssync] [info] Keybindings: No changes found during synchronizing keybindings.
[2021-11-26 15:14:44.700] [settingssync] [info] Snippets: No changes found during synchronizing snippets.
[2021-11-26 15:14:44.736] [settingssync] [info] GlobalState: No changes found during synchronizing ui state.
[2021-11-26 15:14:44.948] [settingssync] [info] Extensions: No changes found during synchronizing extensions.
[2021-11-26 15:14:44.949] [settingssync] [info] Sync done. Took 356ms
[2021-11-26 15:14:55.961] [settingssync] [info] Auto Sync: Triggered by Activity
[2021-11-26 15:14:56.105] [settingssync] [info] Settings: No changes found during synchronizing settings.
[2021-11-26 15:14:56.107] [settingssync] [info] Keybindings: No changes found during synchronizing keybindings.
[2021-11-26 15:14:56.108] [settingssync] [info] Snippets: No changes found during synchronizing snippets.
[2021-11-26 15:14:56.125] [settingssync] [info] GlobalState: No changes found during synchronizing ui state.
[2021-11-26 15:14:56.187] [settingssync] [info] Extensions: No changes found during synchronizing extensions.
[2021-11-26 15:14:56.188] [settingssync] [info] Sync done. Took 93ms
[2021-11-26 15:15:19.456] [settingssync] [info] Auto Sync: Triggered by Activity
[2021-11-26 15:15:19.605] [settingssync] [info] Settings: No changes found during synchronizing settings.
[2021-11-26 15:15:19.621] [settingssync] [info] Keybindings: No changes found during synchronizing keybindings.
[2021-11-26 15:15:19.637] [settingssync] [info] Snippets: No changes found during synchronizing snippets.
[2021-11-26 15:15:19.709] [settingssync] [info] GlobalState: No changes found during synchronizing ui state.
[2021-11-26 15:15:19.820] [settingssync] [info] Extensions: No changes found during synchronizing extensions.
[2021-11-26 15:15:19.820] [settingssync] [info] Sync done. Took 236ms
[2021-11-26 15:16:36.640] [settingssync] [info] Auto Sync: Triggered by Activity
[2021-11-26 15:16:36.794] [settingssync] [info] Settings: No changes found during synchronizing settings.
[2021-11-26 15:16:36.798] [settingssync] [info] Keybindings: No changes found during synchronizing keybindings.
[2021-11-26 15:16:36.800] [settingssync] [info] Snippets: No changes found during synchronizing snippets.
[2021-11-26 15:16:36.819] [settingssync] [info] GlobalState: No changes found during synchronizing ui state.
[2021-11-26 15:16:36.883] [settingssync] [info] Extensions: No changes found during synchronizing extensions.
[2021-11-26 15:16:36.884] [settingssync] [info] Sync done. Took 102ms
[2021-11-26 15:17:42.795] [settingssync] [info] Auto Sync: Triggered by Activity
[2021-11-26 15:17:42.945] [settingssync] [info] Settings: No changes found during synchronizing settings.
[2021-11-26 15:17:42.953] [settingssync] [info] Keybindings: No changes found during synchronizing keybindings.
[2021-11-26 15:17:42.958] [settingssync] [info] Snippets: No changes found during synchronizing snippets.
[2021-11-26 15:17:42.988] [settingssync] [info] GlobalState: No changes found during synchronizing ui state.
[2021-11-26 15:17:43.068] [settingssync] [info] Extensions: No changes found during synchronizing extensions.
[2021-11-26 15:17:43.069] [settingssync] [info] Sync done. Took 136ms
[2021-11-26 15:17:57.464] [settingssync] [info] Auto Sync: Triggered by Activity
[2021-11-26 15:17:57.605] [settingssync] [info] Settings: No changes found during synchronizing settings.
[2021-11-26 15:17:57.609] [settingssync] [info] Keybindings: No changes found during synchronizing keybindings.
[2021-11-26 15:17:57.611] [settingssync] [info] Snippets: No changes found during synchronizing snippets.
[2021-11-26 15:17:57.637] [settingssync] [info] GlobalState: No changes found during synchronizing ui state.
[2021-11-26 15:17:57.726] [settingssync] [info] Extensions: No changes found during synchronizing extensions.
[2021-11-26 15:17:57.726] [settingssync] [info] Sync done. Took 135ms
[2021-11-26 15:18:19.189] [settingssync] [info] Auto Sync: Triggered by Activity
[2021-11-26 15:18:19.337] [settingssync] [info] Settings: No changes found during synchronizing settings.
[2021-11-26 15:18:19.338] [settingssync] [info] Keybindings: No changes found during synchronizing keybindings.
[2021-11-26 15:18:19.341] [settingssync] [info] Snippets: No changes found during synchronizing snippets.
[2021-11-26 15:18:19.361] [settingssync] [info] GlobalState: No changes found during synchronizing ui state.
[2021-11-26 15:18:19.434] [settingssync] [info] Extensions: No changes found during synchronizing extensions.
[2021-11-26 15:18:19.435] [settingssync] [info] Sync done. Took 107ms
[2021-11-26 15:18:33.923] [settingssync] [info] Auto Sync: Triggered by Activity
[2021-11-26 15:18:34.088] [settingssync] [info] Settings: No changes found during synchronizing settings.
[2021-11-26 15:18:34.090] [settingssync] [info] Keybindings: No changes found during synchronizing keybindings.
[2021-11-26 15:18:34.094] [settingssync] [info] Snippets: No changes found during synchronizing snippets.
[2021-11-26 15:18:34.135] [settingssync] [info] GlobalState: No changes found during synchronizing ui state.
[2021-11-26 15:18:34.365] [settingssync] [info] Extensions: No changes found during synchronizing extensions.
[2021-11-26 15:18:34.367] [settingssync] [info] Sync done. Took 319ms
[2021-11-26 15:18:53.037] [settingssync] [info] Auto Sync: Triggered by Activity
[2021-11-26 15:18:53.174] [settingssync] [info] Settings: No changes found during synchronizing settings.
[2021-11-26 15:18:53.177] [settingssync] [info] Keybindings: No changes found during synchronizing keybindings.
[2021-11-26 15:18:53.178] [settingssync] [info] Snippets: No changes found during synchronizing snippets.
[2021-11-26 15:18:53.202] [settingssync] [info] GlobalState: No changes found during synchronizing ui state.
[2021-11-26 15:18:53.276] [settingssync] [info] Extensions: No changes found during synchronizing extensions.
[2021-11-26 15:18:53.277] [settingssync] [info] Sync done. Took 115ms
[2021-11-26 15:19:30.984] [settingssync] [info] Auto Sync: Triggered by Activity
[2021-11-26 15:19:31.131] [settingssync] [info] Settings: No changes found during synchronizing settings.
[2021-11-26 15:19:31.133] [settingssync] [info] Keybindings: No changes found during synchronizing keybindings.
[2021-11-26 15:19:31.135] [settingssync] [info] Snippets: No changes found during synchronizing snippets.
[2021-11-26 15:19:31.155] [settingssync] [info] GlobalState: No changes found during synchronizing ui state.
[2021-11-26 15:19:31.220] [settingssync] [info] Extensions: No changes found during synchronizing extensions.
[2021-11-26 15:19:31.221] [settingssync] [info] Sync done. Took 106ms
[2021-11-26 15:20:44.002] [settingssync] [info] Auto Sync: Triggered by Activity
[2021-11-26 15:20:44.139] [settingssync] [info] Settings: No changes found during synchronizing settings.
[2021-11-26 15:20:44.143] [settingssync] [info] Keybindings: No changes found during synchronizing keybindings.
[2021-11-26 15:20:44.145] [settingssync] [info] Snippets: No changes found during synchronizing snippets.
[2021-11-26 15:20:44.167] [settingssync] [info] GlobalState: No changes found during synchronizing ui state.
[2021-11-26 15:20:44.229] [settingssync] [info] Extensions: No changes found during synchronizing extensions.
[2021-11-26 15:20:44.231] [settingssync] [info] Sync done. Took 105ms
[2021-11-26 15:21:55.692] [settingssync] [info] Auto Sync: Triggered by Activity
[2021-11-26 15:21:55.856] [settingssync] [info] Settings: No changes found during synchronizing settings.
[2021-11-26 15:21:55.859] [settingssync] [info] Keybindings: No changes found during synchronizing keybindings.
[2021-11-26 15:21:55.863] [settingssync] [info] Snippets: No changes found during synchronizing snippets.
[2021-11-26 15:21:55.901] [settingssync] [info] GlobalState: No changes found during synchronizing ui state.
[2021-11-26 15:21:55.961] [settingssync] [info] Extensions: No changes found during synchronizing extensions.
[2021-11-26 15:21:55.961] [settingssync] [info] Sync done. Took 142ms
[2021-11-26 15:26:55.966] [settingssync] [info] Auto Sync: Triggered by Interval
[2021-11-26 15:26:56.374] [settingssync] [info] Settings: No changes found during synchronizing settings.
[2021-11-26 15:26:56.377] [settingssync] [info] Keybindings: No changes found during synchronizing keybindings.
[2021-11-26 15:26:56.395] [settingssync] [info] Snippets: No changes found during synchronizing snippets.
[2021-11-26 15:26:56.490] [settingssync] [info] GlobalState: No changes found during synchronizing ui state.
[2021-11-26 15:26:56.676] [settingssync] [info] Extensions: No changes found during synchronizing extensions.
[2021-11-26 15:26:56.681] [settingssync] [info] Sync done. Took 379ms
