Validating found git in: git
Using git 2.31.1 from git
Opening repository for path='/home/dotnet/Code/Dev/rewriter.com' failed; ex=Failed to execute git {
  "exitCode": 128,
  "gitErrorCode": "NotAGitRepository",
  "gitCommand": "rev-parse",
  "stdout": "",
  "stderr": "fatal: not a git repository (or any parent up to mount point /)\nStopping at filesystem boundary (GIT_DISCOVERY_ACROSS_FILESYSTEM not set).\n"
}
> git rev-parse --git-dir
Open repository: /home/dotnet/Code/Dev/rewriter.com/frontend
> git status -z -u
> git symbolic-ref --short HEAD
> git for-each-ref --format=%(refname)%00%(upstream:short)%00%(objectname)%00%(upstream:track) refs/heads/whitelabel refs/remotes/whitelabel
> git for-each-ref --sort -committerdate --format %(refname) %(objectname) %(*objectname)
> git remote --verbose
> git config --get commit.template
> git rev-parse --git-dir
Open repository: /home/dotnet/Code/Dev/rewriter.com/backend
> git status -z -u
> git symbolic-ref --short HEAD
> git for-each-ref --format=%(refname)%00%(upstream:short)%00%(objectname)%00%(upstream:track) refs/heads/whitelabel refs/remotes/whitelabel
> git for-each-ref --sort -committerdate --format %(refname) %(objectname) %(*objectname)
> git remote --verbose
> git config --get commit.template
> git check-ignore -v -z --stdin
> git check-ignore -v -z --stdin
> git show --textconv :src/styles/globals.css
> git ls-files --stage -- /home/dotnet/Code/Dev/rewriter.com/frontend/src/styles/globals.css
> git cat-file -s f6f104811e45f4b4119b17be8e1c29d045b089f3
> git check-ignore -v -z --stdin
