[2021-11-29 21:28:11.225] [sharedprocess] [info] Deleted from disk wayou.vscode-todo-highlight /home/dotnet/.vscode/extensions/wayou.vscode-todo-highlight-1.0.5
[2021-11-29 21:28:11.226] [sharedprocess] [info] Deleted from disk dariofuzinato.vue-peek /home/dotnet/.vscode/extensions/dariofuzinato.vue-peek-1.0.2
[2021-11-29 21:28:20.475] [sharedprocess] [info] [logs cleanup]: Starting to clean up old logs.
[2021-11-29 21:28:20.476] [sharedprocess] [info] [logs cleanup]: Removing log folders '20211117T021925'
[2021-11-29 21:28:40.477] [sharedprocess] [info] [code cache cleanup]: Starting to clean up old code cache folders.
[2021-11-29 21:28:40.477] [sharedprocess] [info] [storage cleanup]: Starting to clean up storage folders.
[2021-11-29 21:28:50.477] [sharedprocess] [info] [language pack cache cleanup]: Starting to clean up unused language packs.
[2021-11-29 21:29:42.698] [sharedprocess] [info] Uninstalling extension: asvetliakov.vscode-neovim
[2021-11-29 21:29:43.081] [sharedprocess] [info] Detected extension removed from another source asvetliakov.vscode-neovim
[2021-11-29 21:29:43.130] [sharedprocess] [info] Successfully uninstalled extension: asvetliakov.vscode-neovim
[2021-11-29 21:30:07.296] [sharedprocess] [info] Uninstalling extension: ms-vscode-remote.remote-containers
[2021-11-29 21:30:07.575] [sharedprocess] [info] Detected extension removed from another source ms-vscode-remote.remote-containers
[2021-11-29 21:30:07.653] [sharedprocess] [info] Successfully uninstalled extension: ms-vscode-remote.remote-containers
[2021-11-29 21:30:10.257] [sharedprocess] [info] Uninstalling extension: gemouhi.jfna
[2021-11-29 21:30:10.519] [sharedprocess] [info] Detected extension removed from another source gemouhi.jfna
[2021-11-29 21:30:10.629] [sharedprocess] [info] Successfully uninstalled extension: gemouhi.jfna
[2021-11-29 21:30:17.521] [sharedprocess] [info] Uninstalling extension: sleistner.vscode-fileutils
[2021-11-29 21:30:17.792] [sharedprocess] [info] Detected extension removed from another source sleistner.vscode-fileutils
[2021-11-29 21:30:17.917] [sharedprocess] [info] Successfully uninstalled extension: sleistner.vscode-fileutils
[2021-11-29 21:30:23.197] [sharedprocess] [info] Uninstalling extension: dsznajder.es7-react-js-snippets
[2021-11-29 21:30:23.486] [sharedprocess] [info] Detected extension removed from another source dsznajder.es7-react-js-snippets
[2021-11-29 21:30:24.051] [sharedprocess] [info] Successfully uninstalled extension: dsznajder.es7-react-js-snippets
[2021-11-29 21:30:41.852] [sharedprocess] [info] Uninstalling extension: patbenatar.advanced-new-file
[2021-11-29 21:30:42.121] [sharedprocess] [info] Detected extension removed from another source patbenatar.advanced-new-file
[2021-11-29 21:30:42.456] [sharedprocess] [info] Successfully uninstalled extension: patbenatar.advanced-new-file
[2021-11-29 21:30:51.185] [sharedprocess] [info] Uninstalling extension: redhat.vscode-yaml
[2021-11-29 21:30:51.454] [sharedprocess] [info] Detected extension removed from another source redhat.vscode-yaml
[2021-11-29 21:30:51.547] [sharedprocess] [info] Successfully uninstalled extension: redhat.vscode-yaml
