[2021-11-29 21:28:10.640] [settingssync] [info] Using settings sync service https://vscode-sync.trafficmanager.net/
[2021-11-29 21:28:10.640] [settingssync] [info] Auto Sync is enabled.
[2021-11-29 21:28:10.640] [settingssync] [info] Auto Sync: Suspended until auth token is available.
[2021-11-29 21:28:19.203] [settingssync] [info] Auto Sync: Started
[2021-11-29 21:28:19.204] [settingssync] [info] Auto Sync: Triggered by Interval
[2021-11-29 21:28:33.041] [settingssync] [info] Settings: Updated remote settings
[2021-11-29 21:28:33.054] [settingssync] [info] Settings: Updated last synchronized settings
[2021-11-29 21:28:33.059] [settingssync] [info] Keybindings: No changes found during synchronizing keybindings.
[2021-11-29 21:28:33.066] [settingssync] [info] Snippets: No changes found during synchronizing snippets.
[2021-11-29 21:28:33.417] [settingssync] [info] GlobalState: Updated remote ui state
[2021-11-29 21:28:33.430] [settingssync] [info] GlobalState: Updated last synchronized ui state
[2021-11-29 21:28:33.499] [settingssync] [info] Extensions: No changes found during synchronizing extensions.
[2021-11-29 21:28:33.499] [settingssync] [info] Sync done. Took 1063ms
[2021-11-29 21:28:33.500] [settingssync] [info] Auto Sync: Triggered by Activity
[2021-11-29 21:28:33.626] [settingssync] [info] Settings: No changes found during synchronizing settings.
[2021-11-29 21:28:33.629] [settingssync] [info] Keybindings: No changes found during synchronizing keybindings.
[2021-11-29 21:28:33.631] [settingssync] [info] Snippets: No changes found during synchronizing snippets.
[2021-11-29 21:28:33.648] [settingssync] [info] GlobalState: No changes found during synchronizing ui state.
[2021-11-29 21:28:33.712] [settingssync] [info] Extensions: No changes found during synchronizing extensions.
[2021-11-29 21:28:33.713] [settingssync] [info] Sync done. Took 92ms
[2021-11-29 21:28:33.714] [settingssync] [info] Auto Sync: Triggered by Activity
[2021-11-29 21:28:33.837] [settingssync] [info] Settings: No changes found during synchronizing settings.
[2021-11-29 21:28:33.839] [settingssync] [info] Keybindings: No changes found during synchronizing keybindings.
[2021-11-29 21:28:33.841] [settingssync] [info] Snippets: No changes found during synchronizing snippets.
[2021-11-29 21:28:33.856] [settingssync] [info] GlobalState: No changes found during synchronizing ui state.
[2021-11-29 21:28:33.938] [settingssync] [info] Extensions: No changes found during synchronizing extensions.
[2021-11-29 21:28:33.939] [settingssync] [info] Sync done. Took 105ms
[2021-11-29 21:28:33.939] [settingssync] [info] Auto Sync: Triggered by Activity
[2021-11-29 21:28:34.140] [settingssync] [info] Settings: No changes found during synchronizing settings.
[2021-11-29 21:28:34.141] [settingssync] [info] Keybindings: No changes found during synchronizing keybindings.
[2021-11-29 21:28:34.144] [settingssync] [info] Snippets: No changes found during synchronizing snippets.
[2021-11-29 21:28:34.158] [settingssync] [info] GlobalState: No changes found during synchronizing ui state.
[2021-11-29 21:28:34.214] [settingssync] [info] Extensions: No changes found during synchronizing extensions.
[2021-11-29 21:28:34.215] [settingssync] [info] Sync done. Took 87ms
[2021-11-29 21:28:45.979] [settingssync] [info] Auto Sync: Triggered by Activity
[2021-11-29 21:28:49.135] [settingssync] [info] Settings: No changes found during synchronizing settings.
[2021-11-29 21:28:49.150] [settingssync] [info] Keybindings: No changes found during synchronizing keybindings.
[2021-11-29 21:28:49.157] [settingssync] [info] Snippets: No changes found during synchronizing snippets.
[2021-11-29 21:28:49.189] [settingssync] [info] GlobalState: No changes found during synchronizing ui state.
[2021-11-29 21:28:49.320] [settingssync] [info] Extensions: No changes found during synchronizing extensions.
[2021-11-29 21:28:49.321] [settingssync] [info] Sync done. Took 194ms
[2021-11-29 21:29:00.608] [settingssync] [info] Auto Sync: Triggered by Activity
[2021-11-29 21:29:00.847] [settingssync] [info] Settings: No changes found during synchronizing settings.
[2021-11-29 21:29:00.855] [settingssync] [info] Keybindings: No changes found during synchronizing keybindings.
[2021-11-29 21:29:00.861] [settingssync] [info] Snippets: No changes found during synchronizing snippets.
[2021-11-29 21:29:00.881] [settingssync] [info] GlobalState: No changes found during synchronizing ui state.
[2021-11-29 21:29:00.961] [settingssync] [info] Extensions: No changes found during synchronizing extensions.
[2021-11-29 21:29:00.962] [settingssync] [info] Sync done. Took 130ms
[2021-11-29 21:29:45.790] [settingssync] [info] Auto Sync: Triggered by Activity
[2021-11-29 21:29:46.483] [settingssync] [info] Settings: No changes found during synchronizing settings.
[2021-11-29 21:29:46.490] [settingssync] [info] Keybindings: No changes found during synchronizing keybindings.
[2021-11-29 21:29:46.507] [settingssync] [info] Snippets: No changes found during synchronizing snippets.
[2021-11-29 21:29:47.110] [settingssync] [info] GlobalState: Updated remote ui state
[2021-11-29 21:29:47.116] [settingssync] [info] GlobalState: Updated last synchronized ui state
[2021-11-29 21:29:48.447] [settingssync] [info] Extensions: Updated remote extensions. Removed: ["asvetliakov.vscode-neovim"].
[2021-11-29 21:29:48.461] [settingssync] [info] Extensions: Updated last synchronized extensions.
[2021-11-29 21:29:48.463] [settingssync] [info] Sync done. Took 2522ms
[2021-11-29 21:29:48.464] [settingssync] [info] Auto Sync: Triggered by Activity
[2021-11-29 21:29:48.726] [settingssync] [info] Settings: No changes found during synchronizing settings.
[2021-11-29 21:29:48.731] [settingssync] [info] Keybindings: No changes found during synchronizing keybindings.
[2021-11-29 21:29:48.748] [settingssync] [info] Snippets: No changes found during synchronizing snippets.
[2021-11-29 21:29:49.558] [settingssync] [info] Auto Sync: Triggered by Activity
[2021-11-29 21:29:49.738] [settingssync] [info] GlobalState: Updated remote ui state
[2021-11-29 21:29:49.753] [settingssync] [info] GlobalState: Updated last synchronized ui state
[2021-11-29 21:29:50.004] [settingssync] [info] Settings: No changes found during synchronizing settings.
[2021-11-29 21:29:50.030] [settingssync] [info] Keybindings: No changes found during synchronizing keybindings.
[2021-11-29 21:29:50.095] [settingssync] [info] Extensions: No changes found during synchronizing extensions.
[2021-11-29 21:29:50.097] [settingssync] [info] Sync done. Took 1444ms
[2021-11-29 21:29:50.140] [settingssync] [info] Snippets: No changes found during synchronizing snippets.
[2021-11-29 21:29:50.193] [settingssync] [info] GlobalState: No changes found during synchronizing ui state.
[2021-11-29 21:29:50.347] [settingssync] [info] Extensions: No changes found during synchronizing extensions.
[2021-11-29 21:29:50.362] [settingssync] [info] Sync done. Took 430ms
[2021-11-29 21:30:10.468] [settingssync] [info] Auto Sync: Triggered by Activity
[2021-11-29 21:30:10.601] [settingssync] [info] Settings: No changes found during synchronizing settings.
[2021-11-29 21:30:10.606] [settingssync] [info] Keybindings: No changes found during synchronizing keybindings.
[2021-11-29 21:30:10.609] [settingssync] [info] Snippets: No changes found during synchronizing snippets.
[2021-11-29 21:30:10.628] [settingssync] [info] GlobalState: No changes found during synchronizing ui state.
[2021-11-29 21:30:11.957] [settingssync] [info] Extensions: Updated remote extensions. Removed: ["gemouhi.jfna","ms-vscode-remote.remote-containers"].
[2021-11-29 21:30:11.963] [settingssync] [info] Extensions: Updated last synchronized extensions.
[2021-11-29 21:30:11.964] [settingssync] [info] Sync done. Took 1376ms
[2021-11-29 21:30:13.237] [settingssync] [info] Auto Sync: Triggered by Activity
[2021-11-29 21:30:13.397] [settingssync] [info] Settings: No changes found during synchronizing settings.
[2021-11-29 21:30:13.399] [settingssync] [info] Keybindings: No changes found during synchronizing keybindings.
[2021-11-29 21:30:13.403] [settingssync] [info] Snippets: No changes found during synchronizing snippets.
[2021-11-29 21:30:13.416] [settingssync] [info] GlobalState: No changes found during synchronizing ui state.
[2021-11-29 21:30:13.470] [settingssync] [info] Extensions: No changes found during synchronizing extensions.
[2021-11-29 21:30:13.471] [settingssync] [info] Sync done. Took 85ms
[2021-11-29 21:30:20.601] [settingssync] [info] Auto Sync: Triggered by Activity
[2021-11-29 21:30:20.813] [settingssync] [info] Settings: No changes found during synchronizing settings.
[2021-11-29 21:30:20.815] [settingssync] [info] Keybindings: No changes found during synchronizing keybindings.
[2021-11-29 21:30:20.817] [settingssync] [info] Snippets: No changes found during synchronizing snippets.
[2021-11-29 21:30:20.830] [settingssync] [info] GlobalState: No changes found during synchronizing ui state.
[2021-11-29 21:30:21.445] [settingssync] [info] Extensions: Updated remote extensions. Removed: ["sleistner.vscode-fileutils"].
[2021-11-29 21:30:21.458] [settingssync] [info] Extensions: Updated last synchronized extensions.
[2021-11-29 21:30:21.458] [settingssync] [info] Sync done. Took 657ms
[2021-11-29 21:30:26.662] [settingssync] [info] Auto Sync: Triggered by Activity
[2021-11-29 21:30:26.944] [settingssync] [info] Settings: No changes found during synchronizing settings.
[2021-11-29 21:30:26.947] [settingssync] [info] Keybindings: No changes found during synchronizing keybindings.
[2021-11-29 21:30:26.949] [settingssync] [info] Snippets: No changes found during synchronizing snippets.
[2021-11-29 21:30:26.962] [settingssync] [info] GlobalState: No changes found during synchronizing ui state.
[2021-11-29 21:30:27.546] [settingssync] [info] Extensions: Updated remote extensions. Removed: ["dsznajder.es7-react-js-snippets"].
[2021-11-29 21:30:27.559] [settingssync] [info] Extensions: Updated last synchronized extensions.
[2021-11-29 21:30:27.560] [settingssync] [info] Sync done. Took 628ms
[2021-11-29 21:30:31.821] [settingssync] [info] Auto Sync: Triggered by Activity
[2021-11-29 21:30:31.956] [settingssync] [info] Settings: No changes found during synchronizing settings.
[2021-11-29 21:30:31.957] [settingssync] [info] Keybindings: No changes found during synchronizing keybindings.
[2021-11-29 21:30:31.959] [settingssync] [info] Snippets: No changes found during synchronizing snippets.
[2021-11-29 21:30:31.972] [settingssync] [info] GlobalState: No changes found during synchronizing ui state.
[2021-11-29 21:30:32.251] [settingssync] [info] Extensions: Updated remote extensions. Updated: ["irongeek.vscode-env"].
[2021-11-29 21:30:32.264] [settingssync] [info] Extensions: Updated last synchronized extensions.
[2021-11-29 21:30:32.265] [settingssync] [info] Sync done. Took 319ms
[2021-11-29 21:30:45.099] [settingssync] [info] Auto Sync: Triggered by Activity
[2021-11-29 21:30:45.535] [settingssync] [info] Settings: No changes found during synchronizing settings.
[2021-11-29 21:30:45.538] [settingssync] [info] Keybindings: No changes found during synchronizing keybindings.
[2021-11-29 21:30:45.543] [settingssync] [info] Snippets: No changes found during synchronizing snippets.
[2021-11-29 21:30:45.561] [settingssync] [info] GlobalState: No changes found during synchronizing ui state.
[2021-11-29 21:30:46.155] [settingssync] [info] Extensions: Updated remote extensions. Removed: ["patbenatar.advanced-new-file"].
[2021-11-29 21:30:46.176] [settingssync] [info] Extensions: Updated last synchronized extensions.
[2021-11-29 21:30:46.177] [settingssync] [info] Sync done. Took 655ms
[2021-11-29 21:30:54.189] [settingssync] [info] Auto Sync: Triggered by Activity
[2021-11-29 21:30:54.326] [settingssync] [info] Settings: No changes found during synchronizing settings.
[2021-11-29 21:30:54.329] [settingssync] [info] Keybindings: No changes found during synchronizing keybindings.
[2021-11-29 21:30:54.331] [settingssync] [info] Snippets: No changes found during synchronizing snippets.
[2021-11-29 21:30:54.345] [settingssync] [info] GlobalState: No changes found during synchronizing ui state.
[2021-11-29 21:30:54.646] [settingssync] [info] Extensions: Updated remote extensions. Removed: ["redhat.vscode-yaml"].
[2021-11-29 21:30:54.652] [settingssync] [info] Extensions: Updated last synchronized extensions.
[2021-11-29 21:30:54.653] [settingssync] [info] Sync done. Took 342ms
