Validating found git in: git
Using git 2.31.1 from git
> git rev-parse --git-dir
Open repository: /var/www/elearning
> git status -z -u
> git symbolic-ref --short HEAD
> git for-each-ref --format=%(refname)%00%(upstream:short)%00%(objectname)%00%(upstream:track) refs/heads/master refs/remotes/master
> git for-each-ref --sort -committerdate --format %(refname) %(objectname) %(*objectname)
> git remote --verbose
> git config --get commit.template
> git check-ignore -v -z --stdin
> git show --textconv :resources/js/src/views/studio/create.vue
> git ls-files --stage -- /var/www/elearning/resources/js/src/views/studio/create.vue
> git cat-file -s 5cb67ecc278d322f78e9683fa6ce328fc16d8f06
> git show --textconv HEAD:resources/js/src/views/studio/create.vue
> git ls-tree -l HEAD -- /var/www/elearning/resources/js/src/views/studio/create.vue
> git status -z -u
> git symbolic-ref --short HEAD
> git for-each-ref --format=%(refname)%00%(upstream:short)%00%(objectname)%00%(upstream:track) refs/heads/master refs/remotes/master
> git for-each-ref --sort -committerdate --format %(refname) %(objectname) %(*objectname)
> git remote --verbose
> git ls-files --stage -- /var/www/elearning/resources/js/src/views/studio/create.vue
> git config --get commit.template
> git cat-file -s 5cb67ecc278d322f78e9683fa6ce328fc16d8f06
> git show --textconv :resources/js/src/views/studio/create.vue
> git log --format=%H%n%aN%n%aE%n%at%n%ct%n%P%n%B -z -n21 -- /var/www/elearning/resources/js/src/views/studio/create.vue
> git check-ignore -v -z --stdin
> git check-ignore -v -z --stdin
> git show --textconv :resources/js/src/views/studio/create.vue
> git ls-files --stage -- /var/www/elearning/resources/js/src/views/studio/create.vue
> git cat-file -s 5cb67ecc278d322f78e9683fa6ce328fc16d8f06
> git show --textconv :resources/js/src/views/studio/create copy.vue
> git ls-files --stage -- /var/www/elearning/resources/js/src/views/studio/create copy.vue
> git check-ignore -v -z --stdin
> git status -z -u
> git symbolic-ref --short HEAD
> git for-each-ref --format=%(refname)%00%(upstream:short)%00%(objectname)%00%(upstream:track) refs/heads/master refs/remotes/master
> git for-each-ref --sort -committerdate --format %(refname) %(objectname) %(*objectname)
> git remote --verbose
> git config --get commit.template
> git show --textconv :resources/js/src/views/studio/create.vue
> git ls-files --stage -- /var/www/elearning/resources/js/src/views/studio/create.vue
> git cat-file -s 5cb67ecc278d322f78e9683fa6ce328fc16d8f06
> git show --textconv :resources/js/src/views/studio/create copy.vue
> git ls-files --stage -- /var/www/elearning/resources/js/src/views/studio/create copy.vue
> git status -z -u
> git symbolic-ref --short HEAD
> git for-each-ref --format=%(refname)%00%(upstream:short)%00%(objectname)%00%(upstream:track) refs/heads/master refs/remotes/master
> git for-each-ref --sort -committerdate --format %(refname) %(objectname) %(*objectname)
> git remote --verbose
> git config --get commit.template
> git ls-files --stage -- /var/www/elearning/resources/js/src/views/studio/create copy.vue
> git show --textconv :resources/js/src/views/studio/create copy.vue
> git status -z -u
> git symbolic-ref --short HEAD
> git for-each-ref --format=%(refname)%00%(upstream:short)%00%(objectname)%00%(upstream:track) refs/heads/master refs/remotes/master
> git for-each-ref --sort -committerdate --format %(refname) %(objectname) %(*objectname)
> git remote --verbose
> git config --get commit.template
> git show --textconv :resources/js/src/views/studio/create.vue
> git ls-files --stage -- /var/www/elearning/resources/js/src/views/studio/create.vue
> git cat-file -s 5cb67ecc278d322f78e9683fa6ce328fc16d8f06
> git check-ignore -v -z --stdin
> git checkout -q -- /var/www/elearning/resources/js/src/views/studio/create.vue
> git status -z -u
> git symbolic-ref --short HEAD
> git for-each-ref --format=%(refname)%00%(upstream:short)%00%(objectname)%00%(upstream:track) refs/heads/master refs/remotes/master
> git for-each-ref --sort -committerdate --format %(refname) %(objectname) %(*objectname)
> git remote --verbose
> git config --get commit.template
> git ls-files --stage -- /var/www/elearning/resources/js/src/views/studio/create.vue
> git cat-file -s 5cb67ecc278d322f78e9683fa6ce328fc16d8f06
> git show --textconv :resources/js/src/views/studio/create.vue
> git status -z -u
> git symbolic-ref --short HEAD
> git for-each-ref --format=%(refname)%00%(upstream:short)%00%(objectname)%00%(upstream:track) refs/heads/master refs/remotes/master
> git for-each-ref --sort -committerdate --format %(refname) %(objectname) %(*objectname)
> git remote --verbose
> git config --get commit.template
> git status -z -u
> git symbolic-ref --short HEAD
> git for-each-ref --format=%(refname)%00%(upstream:short)%00%(objectname)%00%(upstream:track) refs/heads/master refs/remotes/master
> git for-each-ref --sort -committerdate --format %(refname) %(objectname) %(*objectname)
> git remote --verbose
> git config --get commit.template
> git show --textconv HEAD:resources/js/src/views/studio/create copy.vue
> git ls-tree -l HEAD -- /var/www/elearning/resources/js/src/views/studio/create copy.vue
> git show --textconv :resources/js/src/views/studio/create copy.vue
> git ls-files --stage -- /var/www/elearning/resources/js/src/views/studio/create copy.vue
> git ls-tree -l HEAD -- /var/www/elearning/resources/js/src/views/studio/create copy.vue
> git status -z -u
> git symbolic-ref --short HEAD
> git for-each-ref --format=%(refname)%00%(upstream:short)%00%(objectname)%00%(upstream:track) refs/heads/master refs/remotes/master
> git for-each-ref --sort -committerdate --format %(refname) %(objectname) %(*objectname)
> git remote --verbose
> git config --get commit.template
> git show --textconv :resources/js/src/views/studio/create.vue
> git ls-files --stage -- /var/www/elearning/resources/js/src/views/studio/create.vue
> git cat-file -s 5cb67ecc278d322f78e9683fa6ce328fc16d8f06
> git status -z -u
> git symbolic-ref --short HEAD
> git for-each-ref --format=%(refname)%00%(upstream:short)%00%(objectname)%00%(upstream:track) refs/heads/master refs/remotes/master
> git for-each-ref --sort -committerdate --format %(refname) %(objectname) %(*objectname)
> git remote --verbose
> git config --get commit.template
> git status -z -u
> git symbolic-ref --short HEAD
> git for-each-ref --format=%(refname)%00%(upstream:short)%00%(objectname)%00%(upstream:track) refs/heads/master refs/remotes/master
> git for-each-ref --sort -committerdate --format %(refname) %(objectname) %(*objectname)
> git remote --verbose
> git config --get commit.template
> git log --format=%H%n%aN%n%aE%n%at%n%ct%n%P%n%B -z -n21 -- /var/www/elearning/resources/js/src/views/studio/create.vue
> git check-ignore -v -z --stdin
> git status -z -u
> git symbolic-ref --short HEAD
> git for-each-ref --format=%(refname)%00%(upstream:short)%00%(objectname)%00%(upstream:track) refs/heads/master refs/remotes/master
> git for-each-ref --sort -committerdate --format %(refname) %(objectname) %(*objectname)
> git remote --verbose
> git config --get commit.template
