[Info  - 08:05:09.584] Reading sessions from keychain...
[Info  - 08:05:09.620] Getting sessions for all scopes...
[Trace  - 08:05:09.620] Token acquired from secret storage.
[Info  - 08:05:09.620] Got stored sessions!
[Trace  - 08:05:09.620] Read the following session from the keychain with the following scopes: repo
[Trace  - 08:05:09.620] Read the following session from the keychain with the following scopes: read:user,user:email
[Info  - 08:05:09.620] Got 2 verified sessions.
[Info  - 08:05:09.620] Got 2 sessions for all scopes...
[Info  - 08:05:09.647] Getting sessions for all scopes...
[Info  - 08:05:09.647] Got 2 sessions for all scopes...
[Info  - 08:05:10.270] Getting sessions for repo...
[Info  - 08:05:10.270] Got 1 sessions for repo...
[Info  - 09:03:52.119] Getting sessions for repo...
[Info  - 09:03:52.122] Got 1 sessions for repo...
[Info  - 10:09:16.9] Getting sessions for repo...
[Info  - 10:09:16.10] Got 1 sessions for repo...
[Info  - 11:21:43.707] Getting sessions for repo...
[Info  - 11:21:43.708] Got 1 sessions for repo...
[Info  - 13:29:10.179] Getting sessions for repo...
[Info  - 13:29:10.179] Got 1 sessions for repo...
[Info  - 13:38:42.461] Getting sessions for repo...
[Info  - 13:38:42.462] Got 1 sessions for repo...
[Info  - 14:36:16.911] Getting sessions for repo...
[Info  - 14:36:16.916] Got 1 sessions for repo...
[Info  - 14:41:47.590] Getting sessions for repo...
[Info  - 14:41:47.592] Got 1 sessions for repo...
[Info  - 16:13:15.421] Getting sessions for repo...
[Info  - 16:13:15.421] Got 1 sessions for repo...
