Initializing document watcher...
rewriter.com/frontend/package.json: {}
rewriter.com/frontend/next.config.js: {}
rewriter.com/backend/src/index.ts: {}
rewriter.com/frontend/src/utils/apolloClient.ts: {}
rewriter.com/frontend/next.config.js: {}
rewriter.com/frontend/src/utils/apolloClient.ts: {}
rewriter.com/frontend/next.config.js: {}
rewriter.com/frontend/src/utils/apolloClient.ts: {}
rewriter.com/frontend/next.config.js: {}
rewriter.com/frontend/next.config.js: Using EditorConfig core...
rewriter.com/frontend/next.config.js: {}
rewriter.com/frontend/.env: {}
rewriter.com/frontend/next.config.js: {}
rewriter.com/frontend/src/utils/apolloClient.ts: {}
rewriter.com/frontend/next.config.js: {}
rewriter.com/frontend/next.config.js: Using EditorConfig core...
rewriter.com/frontend/next.config.js: {}
rewriter.com/frontend/src/utils/apolloClient.ts: {}
rewriter.com/frontend/src/utils/apolloClient.ts: Using EditorConfig core...
rewriter.com/frontend/src/utils/apolloClient.ts: {}
rewriter.com/frontend/src/utils/apolloClient.ts: {}
rewriter.com/frontend/src/pages/login.tsx: {}
rewriter.com/frontend/layouts/Login.tsx: {}
rewriter.com/frontend/src/pages/_app.tsx: {}
rewriter.com/frontend/src/pages/_document.tsx: {}
rewriter.com/frontend/src/pages/_document.tsx: {}
rewriter.com/frontend/layouts/Default.tsx: {}
rewriter.com/frontend/src/components/ProfileDropDown/ProfileDropDown.tsx: {}
rewriter.com/frontend/src/components/ProfileDropDown/ProfileDropDown.tsx: Using EditorConfig core...
rewriter.com/frontend/src/components/ProfileDropDown/ProfileDropDown.tsx: Using EditorConfig core...
rewriter.com/frontend/src/components/ProfileDropDown/ProfileDropDown.tsx: {}
rewriter.com/frontend/src/components/ProfileDropDown/ProfileDropDown.tsx: {}
rewriter.com/frontend/src/Header/ProfileDropDown.tsx: {}
rewriter.com/frontend/src/Header/ProfileDropDown.tsx: {}
rewriter.com/frontend/src/Header/Profile.tsx: {}
rewriter.com/frontend/src/Header/Header.tsx: {}
rewriter.com/frontend/src/Header/Header.tsx: {}
rewriter.com/frontend/src/components/Header.tsx: {}
rewriter.com/frontend/src/components/LeftNavbar/NavLinks.tsx: {}
rewriter.com/frontend/src/components/LeftNavbar/index.tsx: {}
rewriter.com/frontend/src/components/Header/index.tsx: {}
rewriter.com/frontend/src/components/Header/index.tsx: {}
rewriter.com/frontend/next.config.js: {}
rewriter.com/frontend/next.config.js: Using EditorConfig core...
rewriter.com/frontend/next.config.js: {}
rewriter.com/frontend/layouts/Default.tsx: {}
rewriter.com/frontend/layouts/Default.tsx: Using EditorConfig core...
rewriter.com/frontend/next.config.js: {}
rewriter.com/frontend/layouts/Default.tsx: {}
rewriter.com/frontend/next.config.js: {}
rewriter.com/frontend/src/pages/_document.tsx: {}
rewriter.com/frontend/src/pages/_app.tsx: {}
rewriter.com/frontend/src/pages/_document.tsx: {}
rewriter.com/frontend/src/pages/_app.tsx: {}
rewriter.com/frontend/src/pages/_document.tsx: {}
rewriter.com/frontend/layouts/Default.tsx: {}
rewriter.com/frontend/src/pages/_document.tsx: {}
rewriter.com/frontend/layouts/Default.tsx: {}
rewriter.com/frontend/src/pages/_document.tsx: {}
rewriter.com/frontend/src/pages/_document.tsx: Using EditorConfig core...
rewriter.com/frontend/src/pages/_document.tsx: Using EditorConfig core...
rewriter.com/frontend/src/components/Footer.tsx: {}
rewriter.com/frontend/src/components/Header/NavLinks.tsx: {}
rewriter.com/frontend/src/components/Footer.tsx: {}
rewriter.com/frontend/src/components/Header/NavLinks.tsx: {}
rewriter.com/frontend/src/components/Footer.tsx: {}
rewriter.com/frontend/src/components/Footer.tsx: Using EditorConfig core...
rewriter.com/frontend/src/pages/_document.tsx: {}
rewriter.com/frontend/src/components/Header.tsx: {}
rewriter.com/frontend/src/components/ProfileDropDown.tsx: {}
rewriter.com/frontend/src/pages/_document.tsx: {}
rewriter.com/frontend/src/components/Footer.tsx: {}
rewriter.com/frontend/src/pages/_document.tsx: {}
rewriter.com/frontend/src/pages/_document.tsx: Using EditorConfig core...
rewriter.com/frontend/src/pages/_document.tsx: Using EditorConfig core...
rewriter.com/frontend/layouts/Default.tsx: {}
rewriter.com/frontend/layouts/Default.tsx: {}
rewriter.com/frontend/layouts/Default.tsx: Using EditorConfig core...
rewriter.com/frontend/src/components/Header/index.tsx: {}
rewriter.com/frontend/src/components/Header/NavLinks.tsx: {}
rewriter.com/frontend/src/components/Header/NavLinks.tsx: {}
rewriter.com/frontend/src/components/Header/NavLinks.tsx: {}
rewriter.com/frontend/src/components/Header/NavLinks.tsx: Using EditorConfig core...
rewriter.com/frontend/src/components/Header/NavLinks.tsx: Using EditorConfig core...
rewriter.com/frontend/src/components/Header/NavLinks.tsx: {}
rewriter.com/frontend/src/components/Header/NavLinks.tsx: Using EditorConfig core...
rewriter.com/frontend/src/pages/_app.tsx: Using EditorConfig core...
rewriter.com/frontend/src/components/Header/index.tsx: Using EditorConfig core...
rewriter.com/frontend/src/components/ProfileDropDown.tsx: Using EditorConfig core...
No more open editors.
rewriter.com/frontend/src/components/Header/NavLinks.tsx: {}
rewriter.com/frontend/src/components/Header/NavLinks.tsx: {}
rewriter.com/frontend/src/components/Header/index.tsx: {}
rewriter.com/frontend/src/components/Header/index.tsx: Using EditorConfig core...
rewriter.com/frontend/src/components/Header/NavLinks.tsx: Using EditorConfig core...
rewriter.com/frontend/src/components/Header/index.tsx: Using EditorConfig core...
rewriter.com/frontend/src/components/Header/index.tsx: {}
rewriter.com/frontend/src/components/Header/NavLinks.tsx: {}
rewriter.com/frontend/src/components/Header/index.tsx: {}
rewriter.com/frontend/src/components/Header/index.tsx: {}
rewriter.com/frontend/src/components/Header/index.tsx: Using EditorConfig core...
rewriter.com/frontend/src/components/Header/index.tsx: {}
rewriter.com/frontend/src/components/Header/index.tsx: Using EditorConfig core...
rewriter.com/frontend/src/components/Header/index.tsx: {}
rewriter.com/frontend/src/components/Header/index.tsx: Using EditorConfig core...
rewriter.com/frontend/src/pages/_document.tsx: {}
rewriter.com/frontend/src/pages/_app.tsx: {}
rewriter.com/frontend/src/pages/_error.tsx: {}
rewriter.com/frontend/src/pages/_error.tsx: Using EditorConfig core...
rewriter.com/frontend/src/pages/_document.tsx: {}
rewriter.com/frontend/src/pages/_error.tsx: {}
rewriter.com/frontend/src/pages/_error.tsx: {}
rewriter.com/frontend/src/store/actions.ts: {}
rewriter.com/frontend/src/store/reducers.ts: {}
rewriter.com/frontend/src/store/Reseller/actions.ts: {}
rewriter.com/frontend/src/store/Reseller/reducer.ts: {}
rewriter.com/frontend/src/store/Login/actions.ts: {}
rewriter.com/frontend/src/store/Login/reducer.ts: {}
rewriter.com/frontend/src/styles/globals.css: {}
rewriter.com/frontend/src/styles/globals.css: {}
rewriter.com/frontend/src/styles/variables.css: {}
rewriter.com/frontend/src/styles/Home.module.css: {}
rewriter.com/frontend/src/styles/globals.css: {}
rewriter.com/frontend/src/styles/variables.css: {}
rewriter.com/frontend/src/styles/variables.css: Using EditorConfig core...
rewriter.com/frontend/src/styles/globals.css: {}
rewriter.com/frontend/src/styles/globals.css: Using EditorConfig core...
rewriter.com/frontend/src/styles/variables.css: {}
rewriter.com/frontend/src/styles/globals.css: {}
rewriter.com/frontend/src/styles/variables.css: {}
rewriter.com/frontend/src/styles/globals.css: {}
rewriter.com/frontend/src/styles/variables.css: {}
rewriter.com/frontend/src/styles/variables.css: Using EditorConfig core...
rewriter.com/frontend/src/pages/_app.tsx: {}
rewriter.com/frontend/src/pages/_app.tsx: Using EditorConfig core...
rewriter.com/frontend/src/styles/globals.css: {}
rewriter.com/frontend/src/styles/globals.css: Using EditorConfig core...
