[2021-11-29 20:32:44.036] [renderer1] [info] Starting extension host with pid 9602.
[2021-11-29 20:32:44.369] [renderer1] [error] [Extension Host] (node:9602) [DEP0005] DeprecationWarning: Buffer() is deprecated due to security and usability issues. Please use the Buffer.alloc(), Buffer.allocUnsafe(), or Buffer.from() methods instead.
(Use `code --trace-deprecation ...` to show where the warning was created)
[2021-11-29 20:32:56.315] [renderer1] [error] [text file model] handleSaveError(0) - exit - resulted in a save error: Error: Unable to write file '/var/www/elearning/resources/js/src/views/studio/create.vue' (Error: File Modified Since) file:///var/www/elearning/resources/js/src/views/studio/create.vue
[2021-11-29 20:33:13.379] [renderer1] [error] [text file model] handleSaveError(0) - exit - resulted in a save error: Error: Unable to write file '/var/www/elearning/resources/js/src/views/studio/create.vue' (Error: File Modified Since) file:///var/www/elearning/resources/js/src/views/studio/create.vue
[2021-11-29 20:33:20.051] [renderer1] [error] [text file model] handleSaveError(1) - exit - resulted in a save error: Error: Unable to write file '/var/www/elearning/resources/js/src/views/studio/create.vue' (Error: File Modified Since) file:///var/www/elearning/resources/js/src/views/studio/create.vue
[2021-11-29 20:36:37.650] [renderer1] [error] Unexpected end of JSON input: SyntaxError: Unexpected end of JSON input
    at JSON.parse (<anonymous>)
    at /home/dotnet/.vscode/extensions/mohamedbenhida.laravel-intellisense-0.2.0/src/ViewItemProvider.ts:63:30
[2021-11-29 20:36:42.619] [renderer1] [error] Unexpected end of JSON input: SyntaxError: Unexpected end of JSON input
    at JSON.parse (<anonymous>)
    at /home/dotnet/.vscode/extensions/mohamedbenhida.laravel-intellisense-0.2.0/src/ViewItemProvider.ts:63:30
[2021-11-29 20:36:47.576] [renderer1] [error] Unexpected end of JSON input: SyntaxError: Unexpected end of JSON input
    at JSON.parse (<anonymous>)
    at /home/dotnet/.vscode/extensions/mohamedbenhida.laravel-intellisense-0.2.0/src/ViewItemProvider.ts:63:30
[2021-11-29 20:36:52.624] [renderer1] [error] Unexpected end of JSON input: SyntaxError: Unexpected end of JSON input
    at JSON.parse (<anonymous>)
    at /home/dotnet/.vscode/extensions/mohamedbenhida.laravel-intellisense-0.2.0/src/ViewItemProvider.ts:63:30
[2021-11-29 20:36:57.619] [renderer1] [error] Unexpected end of JSON input: SyntaxError: Unexpected end of JSON input
    at JSON.parse (<anonymous>)
    at /home/dotnet/.vscode/extensions/mohamedbenhida.laravel-intellisense-0.2.0/src/ViewItemProvider.ts:63:30
[2021-11-29 20:37:02.577] [renderer1] [error] Unexpected end of JSON input: SyntaxError: Unexpected end of JSON input
    at JSON.parse (<anonymous>)
    at /home/dotnet/.vscode/extensions/mohamedbenhida.laravel-intellisense-0.2.0/src/ViewItemProvider.ts:63:30
[2021-11-29 20:37:07.577] [renderer1] [error] Unexpected end of JSON input: SyntaxError: Unexpected end of JSON input
    at JSON.parse (<anonymous>)
    at /home/dotnet/.vscode/extensions/mohamedbenhida.laravel-intellisense-0.2.0/src/ViewItemProvider.ts:63:30
[2021-11-29 20:37:12.627] [renderer1] [error] Unexpected end of JSON input: SyntaxError: Unexpected end of JSON input
    at JSON.parse (<anonymous>)
    at /home/dotnet/.vscode/extensions/mohamedbenhida.laravel-intellisense-0.2.0/src/ViewItemProvider.ts:63:30
[2021-11-29 20:37:17.579] [renderer1] [error] Unexpected end of JSON input: SyntaxError: Unexpected end of JSON input
    at JSON.parse (<anonymous>)
    at /home/dotnet/.vscode/extensions/mohamedbenhida.laravel-intellisense-0.2.0/src/ViewItemProvider.ts:63:30
[2021-11-29 20:37:19.493] [renderer1] [error] [text file model] handleSaveError(2) - exit - resulted in a save error: Error: Unable to write file '/var/www/elearning/resources/js/src/views/studio/create.vue' (Error: File Modified Since) file:///var/www/elearning/resources/js/src/views/studio/create.vue
[2021-11-29 20:37:22.579] [renderer1] [error] Unexpected end of JSON input: SyntaxError: Unexpected end of JSON input
    at JSON.parse (<anonymous>)
    at /home/dotnet/.vscode/extensions/mohamedbenhida.laravel-intellisense-0.2.0/src/ViewItemProvider.ts:63:30
[2021-11-29 20:37:27.894] [renderer1] [error] Unexpected end of JSON input: SyntaxError: Unexpected end of JSON input
    at JSON.parse (<anonymous>)
    at /home/dotnet/.vscode/extensions/mohamedbenhida.laravel-intellisense-0.2.0/src/ViewItemProvider.ts:63:30
    at runNextTicks (internal/process/task_queues.js:58:5)
    at processTimers (internal/timers.js:494:9)
[2021-11-29 20:37:32.894] [renderer1] [error] Unexpected end of JSON input: SyntaxError: Unexpected end of JSON input
    at JSON.parse (<anonymous>)
    at /home/dotnet/.vscode/extensions/mohamedbenhida.laravel-intellisense-0.2.0/src/ViewItemProvider.ts:63:30
[2021-11-29 20:37:37.916] [renderer1] [error] Unexpected end of JSON input: SyntaxError: Unexpected end of JSON input
    at JSON.parse (<anonymous>)
    at /home/dotnet/.vscode/extensions/mohamedbenhida.laravel-intellisense-0.2.0/src/ViewItemProvider.ts:63:30
[2021-11-29 20:37:42.894] [renderer1] [error] Unexpected end of JSON input: SyntaxError: Unexpected end of JSON input
    at JSON.parse (<anonymous>)
    at /home/dotnet/.vscode/extensions/mohamedbenhida.laravel-intellisense-0.2.0/src/ViewItemProvider.ts:63:30
[2021-11-29 20:37:47.893] [renderer1] [error] Unexpected end of JSON input: SyntaxError: Unexpected end of JSON input
    at JSON.parse (<anonymous>)
    at /home/dotnet/.vscode/extensions/mohamedbenhida.laravel-intellisense-0.2.0/src/ViewItemProvider.ts:63:30
[2021-11-29 20:37:52.933] [renderer1] [error] Unexpected end of JSON input: SyntaxError: Unexpected end of JSON input
    at JSON.parse (<anonymous>)
    at /home/dotnet/.vscode/extensions/mohamedbenhida.laravel-intellisense-0.2.0/src/ViewItemProvider.ts:63:30
[2021-11-29 20:37:57.933] [renderer1] [error] Unexpected end of JSON input: SyntaxError: Unexpected end of JSON input
    at JSON.parse (<anonymous>)
    at /home/dotnet/.vscode/extensions/mohamedbenhida.laravel-intellisense-0.2.0/src/ViewItemProvider.ts:63:30
[2021-11-29 20:38:02.931] [renderer1] [error] Unexpected end of JSON input: SyntaxError: Unexpected end of JSON input
    at JSON.parse (<anonymous>)
    at /home/dotnet/.vscode/extensions/mohamedbenhida.laravel-intellisense-0.2.0/src/ViewItemProvider.ts:63:30
[2021-11-29 20:38:07.936] [renderer1] [error] Unexpected end of JSON input: SyntaxError: Unexpected end of JSON input
    at JSON.parse (<anonymous>)
    at /home/dotnet/.vscode/extensions/mohamedbenhida.laravel-intellisense-0.2.0/src/ViewItemProvider.ts:63:30
[2021-11-29 20:38:12.904] [renderer1] [error] Unexpected end of JSON input: SyntaxError: Unexpected end of JSON input
    at JSON.parse (<anonymous>)
    at /home/dotnet/.vscode/extensions/mohamedbenhida.laravel-intellisense-0.2.0/src/ViewItemProvider.ts:63:30
[2021-11-29 20:38:17.932] [renderer1] [error] Unexpected end of JSON input: SyntaxError: Unexpected end of JSON input
    at JSON.parse (<anonymous>)
    at /home/dotnet/.vscode/extensions/mohamedbenhida.laravel-intellisense-0.2.0/src/ViewItemProvider.ts:63:30
[2021-11-29 20:38:22.895] [renderer1] [error] Unexpected end of JSON input: SyntaxError: Unexpected end of JSON input
    at JSON.parse (<anonymous>)
    at /home/dotnet/.vscode/extensions/mohamedbenhida.laravel-intellisense-0.2.0/src/ViewItemProvider.ts:63:30
[2021-11-29 20:38:27.938] [renderer1] [error] Unexpected end of JSON input: SyntaxError: Unexpected end of JSON input
    at JSON.parse (<anonymous>)
    at /home/dotnet/.vscode/extensions/mohamedbenhida.laravel-intellisense-0.2.0/src/ViewItemProvider.ts:63:30
[2021-11-29 20:38:32.933] [renderer1] [error] Unexpected end of JSON input: SyntaxError: Unexpected end of JSON input
    at JSON.parse (<anonymous>)
    at /home/dotnet/.vscode/extensions/mohamedbenhida.laravel-intellisense-0.2.0/src/ViewItemProvider.ts:63:30
[2021-11-29 20:38:37.895] [renderer1] [error] Unexpected end of JSON input: SyntaxError: Unexpected end of JSON input
    at JSON.parse (<anonymous>)
    at /home/dotnet/.vscode/extensions/mohamedbenhida.laravel-intellisense-0.2.0/src/ViewItemProvider.ts:63:30
[2021-11-29 20:38:42.896] [renderer1] [error] Unexpected end of JSON input: SyntaxError: Unexpected end of JSON input
    at JSON.parse (<anonymous>)
    at /home/dotnet/.vscode/extensions/mohamedbenhida.laravel-intellisense-0.2.0/src/ViewItemProvider.ts:63:30
[2021-11-29 20:38:47.944] [renderer1] [error] Unexpected end of JSON input: SyntaxError: Unexpected end of JSON input
    at JSON.parse (<anonymous>)
    at /home/dotnet/.vscode/extensions/mohamedbenhida.laravel-intellisense-0.2.0/src/ViewItemProvider.ts:63:30
[2021-11-29 20:38:52.896] [renderer1] [error] Unexpected end of JSON input: SyntaxError: Unexpected end of JSON input
    at JSON.parse (<anonymous>)
    at /home/dotnet/.vscode/extensions/mohamedbenhida.laravel-intellisense-0.2.0/src/ViewItemProvider.ts:63:30
[2021-11-29 20:38:57.936] [renderer1] [error] Unexpected end of JSON input: SyntaxError: Unexpected end of JSON input
    at JSON.parse (<anonymous>)
    at /home/dotnet/.vscode/extensions/mohamedbenhida.laravel-intellisense-0.2.0/src/ViewItemProvider.ts:63:30
[2021-11-29 20:39:02.936] [renderer1] [error] Unexpected end of JSON input: SyntaxError: Unexpected end of JSON input
    at JSON.parse (<anonymous>)
    at /home/dotnet/.vscode/extensions/mohamedbenhida.laravel-intellisense-0.2.0/src/ViewItemProvider.ts:63:30
[2021-11-29 20:39:07.896] [renderer1] [error] Unexpected end of JSON input: SyntaxError: Unexpected end of JSON input
    at JSON.parse (<anonymous>)
    at /home/dotnet/.vscode/extensions/mohamedbenhida.laravel-intellisense-0.2.0/src/ViewItemProvider.ts:63:30
[2021-11-29 20:39:12.898] [renderer1] [error] Unexpected end of JSON input: SyntaxError: Unexpected end of JSON input
    at JSON.parse (<anonymous>)
    at /home/dotnet/.vscode/extensions/mohamedbenhida.laravel-intellisense-0.2.0/src/ViewItemProvider.ts:63:30
[2021-11-29 20:39:16.161] [renderer1] [error] Cannot read property 'length' of null: TypeError: Cannot read property 'length' of null
    at new Tokenizer (/home/dotnet/.vscode/extensions/wix.vscode-import-cost-2.15.0/node_modules/@babel/parser/lib/index.js:7796:25)
    at new UtilParser (/home/dotnet/.vscode/extensions/wix.vscode-import-cost-2.15.0/node_modules/@babel/parser/lib/index.js:9029:1)
    at new NodeUtils (/home/dotnet/.vscode/extensions/wix.vscode-import-cost-2.15.0/node_modules/@babel/parser/lib/index.js:9270:1)
    at new LValParser (/home/dotnet/.vscode/extensions/wix.vscode-import-cost-2.15.0/node_modules/@babel/parser/lib/index.js:9319:1)
    at new ExpressionParser (/home/dotnet/.vscode/extensions/wix.vscode-import-cost-2.15.0/node_modules/@babel/parser/lib/index.js:9806:1)
    at new StatementParser (/home/dotnet/.vscode/extensions/wix.vscode-import-cost-2.15.0/node_modules/@babel/parser/lib/index.js:11603:1)
    at new Parser (/home/dotnet/.vscode/extensions/wix.vscode-import-cost-2.15.0/node_modules/@babel/parser/lib/index.js:13386:5)
    at new <anonymous> (/home/dotnet/.vscode/extensions/wix.vscode-import-cost-2.15.0/node_modules/@babel/parser/lib/index.js:4382:26)
    at new <anonymous> (/home/dotnet/.vscode/extensions/wix.vscode-import-cost-2.15.0/node_modules/@babel/parser/lib/index.js:5169:33)
    at getParser (/home/dotnet/.vscode/extensions/wix.vscode-import-cost-2.15.0/node_modules/@babel/parser/lib/index.js:13489:10)
    at parse (/home/dotnet/.vscode/extensions/wix.vscode-import-cost-2.15.0/node_modules/@babel/parser/lib/index.js:13468:12)
    at parse (/home/dotnet/.vscode/extensions/wix.vscode-import-cost-2.15.0/node_modules/import-cost/dist/babelParser.js:69:28)
    at getPackages (/home/dotnet/.vscode/extensions/wix.vscode-import-cost-2.15.0/node_modules/import-cost/dist/babelParser.js:62:13)
    at getPackages (/home/dotnet/.vscode/extensions/wix.vscode-import-cost-2.15.0/node_modules/import-cost/dist/parser.js:54:41)
    at _callee$ (/home/dotnet/.vscode/extensions/wix.vscode-import-cost-2.15.0/node_modules/import-cost/dist/index.js:63:47)
    at tryCatch (/home/dotnet/.vscode/extensions/wix.vscode-import-cost-2.15.0/node_modules/regenerator-runtime/runtime.js:63:40)
    at Generator.invoke [as _invoke] (/home/dotnet/.vscode/extensions/wix.vscode-import-cost-2.15.0/node_modules/regenerator-runtime/runtime.js:293:22)
    at Generator.next (/home/dotnet/.vscode/extensions/wix.vscode-import-cost-2.15.0/node_modules/regenerator-runtime/runtime.js:118:21)
    at asyncGeneratorStep (/home/dotnet/.vscode/extensions/wix.vscode-import-cost-2.15.0/node_modules/@babel/runtime/helpers/asyncToGenerator.js:3:24)
    at _next (/home/dotnet/.vscode/extensions/wix.vscode-import-cost-2.15.0/node_modules/@babel/runtime/helpers/asyncToGenerator.js:25:9)
    at /home/dotnet/.vscode/extensions/wix.vscode-import-cost-2.15.0/node_modules/@babel/runtime/helpers/asyncToGenerator.js:32:7
    at new Promise (<anonymous>)
    at Timeout._onTimeout (/home/dotnet/.vscode/extensions/wix.vscode-import-cost-2.15.0/node_modules/@babel/runtime/helpers/asyncToGenerator.js:21:12)
    at listOnTimeout (internal/timers.js:554:17)
    at processTimers (internal/timers.js:497:7)
[2021-11-29 20:39:18.078] [renderer1] [error] Unexpected end of JSON input: SyntaxError: Unexpected end of JSON input
    at JSON.parse (<anonymous>)
    at /home/dotnet/.vscode/extensions/mohamedbenhida.laravel-intellisense-0.2.0/src/ViewItemProvider.ts:63:30
[2021-11-29 20:39:22.933] [renderer1] [error] Unexpected end of JSON input: SyntaxError: Unexpected end of JSON input
    at JSON.parse (<anonymous>)
    at /home/dotnet/.vscode/extensions/mohamedbenhida.laravel-intellisense-0.2.0/src/ViewItemProvider.ts:63:30
[2021-11-29 20:39:27.905] [renderer1] [error] Unexpected end of JSON input: SyntaxError: Unexpected end of JSON input
    at JSON.parse (<anonymous>)
    at /home/dotnet/.vscode/extensions/mohamedbenhida.laravel-intellisense-0.2.0/src/ViewItemProvider.ts:63:30
[2021-11-29 20:39:32.897] [renderer1] [error] Unexpected end of JSON input: SyntaxError: Unexpected end of JSON input
    at JSON.parse (<anonymous>)
    at /home/dotnet/.vscode/extensions/mohamedbenhida.laravel-intellisense-0.2.0/src/ViewItemProvider.ts:63:30
[2021-11-29 20:39:37.898] [renderer1] [error] Unexpected end of JSON input: SyntaxError: Unexpected end of JSON input
    at JSON.parse (<anonymous>)
    at /home/dotnet/.vscode/extensions/mohamedbenhida.laravel-intellisense-0.2.0/src/ViewItemProvider.ts:63:30
[2021-11-29 20:39:42.898] [renderer1] [error] Unexpected end of JSON input: SyntaxError: Unexpected end of JSON input
    at JSON.parse (<anonymous>)
    at /home/dotnet/.vscode/extensions/mohamedbenhida.laravel-intellisense-0.2.0/src/ViewItemProvider.ts:63:30
[2021-11-29 20:39:47.941] [renderer1] [error] Unexpected end of JSON input: SyntaxError: Unexpected end of JSON input
    at JSON.parse (<anonymous>)
    at /home/dotnet/.vscode/extensions/mohamedbenhida.laravel-intellisense-0.2.0/src/ViewItemProvider.ts:63:30
[2021-11-29 20:39:52.940] [renderer1] [error] Unexpected end of JSON input: SyntaxError: Unexpected end of JSON input
    at JSON.parse (<anonymous>)
    at /home/dotnet/.vscode/extensions/mohamedbenhida.laravel-intellisense-0.2.0/src/ViewItemProvider.ts:63:30
[2021-11-29 20:39:57.938] [renderer1] [error] Unexpected end of JSON input: SyntaxError: Unexpected end of JSON input
    at JSON.parse (<anonymous>)
    at /home/dotnet/.vscode/extensions/mohamedbenhida.laravel-intellisense-0.2.0/src/ViewItemProvider.ts:63:30
[2021-11-29 20:40:02.939] [renderer1] [error] Unexpected end of JSON input: SyntaxError: Unexpected end of JSON input
    at JSON.parse (<anonymous>)
    at /home/dotnet/.vscode/extensions/mohamedbenhida.laravel-intellisense-0.2.0/src/ViewItemProvider.ts:63:30
[2021-11-29 20:40:07.937] [renderer1] [error] Unexpected end of JSON input: SyntaxError: Unexpected end of JSON input
    at JSON.parse (<anonymous>)
    at /home/dotnet/.vscode/extensions/mohamedbenhida.laravel-intellisense-0.2.0/src/ViewItemProvider.ts:63:30
[2021-11-29 20:40:12.938] [renderer1] [error] Unexpected end of JSON input: SyntaxError: Unexpected end of JSON input
    at JSON.parse (<anonymous>)
    at /home/dotnet/.vscode/extensions/mohamedbenhida.laravel-intellisense-0.2.0/src/ViewItemProvider.ts:63:30
[2021-11-29 20:40:17.936] [renderer1] [error] Unexpected end of JSON input: SyntaxError: Unexpected end of JSON input
    at JSON.parse (<anonymous>)
    at /home/dotnet/.vscode/extensions/mohamedbenhida.laravel-intellisense-0.2.0/src/ViewItemProvider.ts:63:30
[2021-11-29 20:40:22.942] [renderer1] [error] Unexpected end of JSON input: SyntaxError: Unexpected end of JSON input
    at JSON.parse (<anonymous>)
    at /home/dotnet/.vscode/extensions/mohamedbenhida.laravel-intellisense-0.2.0/src/ViewItemProvider.ts:63:30
[2021-11-29 20:40:27.941] [renderer1] [error] Unexpected end of JSON input: SyntaxError: Unexpected end of JSON input
    at JSON.parse (<anonymous>)
    at /home/dotnet/.vscode/extensions/mohamedbenhida.laravel-intellisense-0.2.0/src/ViewItemProvider.ts:63:30
[2021-11-29 20:40:32.940] [renderer1] [error] Unexpected end of JSON input: SyntaxError: Unexpected end of JSON input
    at JSON.parse (<anonymous>)
    at /home/dotnet/.vscode/extensions/mohamedbenhida.laravel-intellisense-0.2.0/src/ViewItemProvider.ts:63:30
[2021-11-29 20:40:37.940] [renderer1] [error] Unexpected end of JSON input: SyntaxError: Unexpected end of JSON input
    at JSON.parse (<anonymous>)
    at /home/dotnet/.vscode/extensions/mohamedbenhida.laravel-intellisense-0.2.0/src/ViewItemProvider.ts:63:30
[2021-11-29 20:40:42.939] [renderer1] [error] Unexpected end of JSON input: SyntaxError: Unexpected end of JSON input
    at JSON.parse (<anonymous>)
    at /home/dotnet/.vscode/extensions/mohamedbenhida.laravel-intellisense-0.2.0/src/ViewItemProvider.ts:63:30
[2021-11-29 20:40:47.899] [renderer1] [error] Unexpected end of JSON input: SyntaxError: Unexpected end of JSON input
    at JSON.parse (<anonymous>)
    at /home/dotnet/.vscode/extensions/mohamedbenhida.laravel-intellisense-0.2.0/src/ViewItemProvider.ts:63:30
[2021-11-29 20:40:52.945] [renderer1] [error] Unexpected end of JSON input: SyntaxError: Unexpected end of JSON input
    at JSON.parse (<anonymous>)
    at /home/dotnet/.vscode/extensions/mohamedbenhida.laravel-intellisense-0.2.0/src/ViewItemProvider.ts:63:30
[2021-11-29 20:40:54.967] [renderer1] [error] Unexpected end of JSON input: SyntaxError: Unexpected end of JSON input
    at JSON.parse (<anonymous>)
    at /home/dotnet/.vscode/extensions/mohamedbenhida.laravel-intellisense-0.2.0/src/ViewItemProvider.ts:63:30
    at runMicrotasks (<anonymous>)
    at runNextTicks (internal/process/task_queues.js:58:5)
    at listOnTimeout (internal/timers.js:523:9)
    at processTimers (internal/timers.js:497:7)
[2021-11-29 20:40:54.968] [renderer1] [error] Unexpected end of JSON input: SyntaxError: Unexpected end of JSON input
    at JSON.parse (<anonymous>)
    at /home/dotnet/.vscode/extensions/mohamedbenhida.laravel-intellisense-0.2.0/src/ViewItemProvider.ts:63:30
[2021-11-29 20:40:57.900] [renderer1] [error] Unexpected end of JSON input: SyntaxError: Unexpected end of JSON input
    at JSON.parse (<anonymous>)
    at /home/dotnet/.vscode/extensions/mohamedbenhida.laravel-intellisense-0.2.0/src/ViewItemProvider.ts:63:30
[2021-11-29 20:41:00.192] [renderer1] [error] Unexpected end of JSON input: SyntaxError: Unexpected end of JSON input
    at JSON.parse (<anonymous>)
    at /home/dotnet/.vscode/extensions/mohamedbenhida.laravel-intellisense-0.2.0/src/ViewItemProvider.ts:63:30
    at runMicrotasks (<anonymous>)
    at runNextTicks (internal/process/task_queues.js:58:5)
    at listOnTimeout (internal/timers.js:523:9)
    at processTimers (internal/timers.js:497:7)
[2021-11-29 20:41:00.193] [renderer1] [error] Unexpected end of JSON input: SyntaxError: Unexpected end of JSON input
    at JSON.parse (<anonymous>)
    at /home/dotnet/.vscode/extensions/mohamedbenhida.laravel-intellisense-0.2.0/src/ViewItemProvider.ts:63:30
[2021-11-29 20:41:02.899] [renderer1] [error] Unexpected end of JSON input: SyntaxError: Unexpected end of JSON input
    at JSON.parse (<anonymous>)
    at /home/dotnet/.vscode/extensions/mohamedbenhida.laravel-intellisense-0.2.0/src/ViewItemProvider.ts:63:30
[2021-11-29 20:41:04.966] [renderer1] [error] Unexpected end of JSON input: SyntaxError: Unexpected end of JSON input
    at JSON.parse (<anonymous>)
    at /home/dotnet/.vscode/extensions/mohamedbenhida.laravel-intellisense-0.2.0/src/ViewItemProvider.ts:63:30
[2021-11-29 20:41:07.900] [renderer1] [error] Unexpected end of JSON input: SyntaxError: Unexpected end of JSON input
    at JSON.parse (<anonymous>)
    at /home/dotnet/.vscode/extensions/mohamedbenhida.laravel-intellisense-0.2.0/src/ViewItemProvider.ts:63:30
[2021-11-29 20:41:09.966] [renderer1] [error] Unexpected end of JSON input: SyntaxError: Unexpected end of JSON input
    at JSON.parse (<anonymous>)
    at /home/dotnet/.vscode/extensions/mohamedbenhida.laravel-intellisense-0.2.0/src/ViewItemProvider.ts:63:30
[2021-11-29 20:41:12.900] [renderer1] [error] Unexpected end of JSON input: SyntaxError: Unexpected end of JSON input
    at JSON.parse (<anonymous>)
    at /home/dotnet/.vscode/extensions/mohamedbenhida.laravel-intellisense-0.2.0/src/ViewItemProvider.ts:63:30
[2021-11-29 20:41:14.966] [renderer1] [error] Unexpected end of JSON input: SyntaxError: Unexpected end of JSON input
    at JSON.parse (<anonymous>)
    at /home/dotnet/.vscode/extensions/mohamedbenhida.laravel-intellisense-0.2.0/src/ViewItemProvider.ts:63:30
[2021-11-29 20:41:17.899] [renderer1] [error] Unexpected end of JSON input: SyntaxError: Unexpected end of JSON input
    at JSON.parse (<anonymous>)
    at /home/dotnet/.vscode/extensions/mohamedbenhida.laravel-intellisense-0.2.0/src/ViewItemProvider.ts:63:30
[2021-11-29 20:41:20.006] [renderer1] [error] Unexpected end of JSON input: SyntaxError: Unexpected end of JSON input
    at JSON.parse (<anonymous>)
    at /home/dotnet/.vscode/extensions/mohamedbenhida.laravel-intellisense-0.2.0/src/ViewItemProvider.ts:63:30
[2021-11-29 20:41:22.900] [renderer1] [error] Unexpected end of JSON input: SyntaxError: Unexpected end of JSON input
    at JSON.parse (<anonymous>)
    at /home/dotnet/.vscode/extensions/mohamedbenhida.laravel-intellisense-0.2.0/src/ViewItemProvider.ts:63:30
[2021-11-29 20:41:24.975] [renderer1] [error] Unexpected end of JSON input: SyntaxError: Unexpected end of JSON input
    at JSON.parse (<anonymous>)
    at /home/dotnet/.vscode/extensions/mohamedbenhida.laravel-intellisense-0.2.0/src/ViewItemProvider.ts:63:30
[2021-11-29 20:41:27.900] [renderer1] [error] Unexpected end of JSON input: SyntaxError: Unexpected end of JSON input
    at JSON.parse (<anonymous>)
    at /home/dotnet/.vscode/extensions/mohamedbenhida.laravel-intellisense-0.2.0/src/ViewItemProvider.ts:63:30
[2021-11-29 20:41:28.541] [renderer1] [error] Unexpected end of JSON input: SyntaxError: Unexpected end of JSON input
    at JSON.parse (<anonymous>)
    at /home/dotnet/.vscode/extensions/mohamedbenhida.laravel-intellisense-0.2.0/src/ViewItemProvider.ts:63:30
    at runMicrotasks (<anonymous>)
    at runNextTicks (internal/process/task_queues.js:58:5)
    at listOnTimeout (internal/timers.js:523:9)
    at processTimers (internal/timers.js:497:7)
[2021-11-29 20:41:28.542] [renderer1] [error] Unexpected end of JSON input: SyntaxError: Unexpected end of JSON input
    at JSON.parse (<anonymous>)
    at /home/dotnet/.vscode/extensions/mohamedbenhida.laravel-intellisense-0.2.0/src/ViewItemProvider.ts:63:30
[2021-11-29 20:41:29.966] [renderer1] [error] Unexpected end of JSON input: SyntaxError: Unexpected end of JSON input
    at JSON.parse (<anonymous>)
    at /home/dotnet/.vscode/extensions/mohamedbenhida.laravel-intellisense-0.2.0/src/ViewItemProvider.ts:63:30
[2021-11-29 20:41:32.899] [renderer1] [error] Unexpected end of JSON input: SyntaxError: Unexpected end of JSON input
    at JSON.parse (<anonymous>)
    at /home/dotnet/.vscode/extensions/mohamedbenhida.laravel-intellisense-0.2.0/src/ViewItemProvider.ts:63:30
[2021-11-29 20:41:33.515] [renderer1] [error] Unexpected end of JSON input: SyntaxError: Unexpected end of JSON input
    at JSON.parse (<anonymous>)
    at /home/dotnet/.vscode/extensions/mohamedbenhida.laravel-intellisense-0.2.0/src/ViewItemProvider.ts:63:30
    at runMicrotasks (<anonymous>)
    at runNextTicks (internal/process/task_queues.js:58:5)
    at listOnTimeout (internal/timers.js:523:9)
    at processTimers (internal/timers.js:497:7)
[2021-11-29 20:41:33.515] [renderer1] [error] Unexpected end of JSON input: SyntaxError: Unexpected end of JSON input
    at JSON.parse (<anonymous>)
    at /home/dotnet/.vscode/extensions/mohamedbenhida.laravel-intellisense-0.2.0/src/ViewItemProvider.ts:63:30
[2021-11-29 20:41:34.968] [renderer1] [error] Unexpected end of JSON input: SyntaxError: Unexpected end of JSON input
    at JSON.parse (<anonymous>)
    at /home/dotnet/.vscode/extensions/mohamedbenhida.laravel-intellisense-0.2.0/src/ViewItemProvider.ts:63:30
[2021-11-29 20:41:37.900] [renderer1] [error] Unexpected end of JSON input: SyntaxError: Unexpected end of JSON input
    at JSON.parse (<anonymous>)
    at /home/dotnet/.vscode/extensions/mohamedbenhida.laravel-intellisense-0.2.0/src/ViewItemProvider.ts:63:30
[2021-11-29 20:41:39.967] [renderer1] [error] Unexpected end of JSON input: SyntaxError: Unexpected end of JSON input
    at JSON.parse (<anonymous>)
    at /home/dotnet/.vscode/extensions/mohamedbenhida.laravel-intellisense-0.2.0/src/ViewItemProvider.ts:63:30
[2021-11-29 20:41:42.900] [renderer1] [error] Unexpected end of JSON input: SyntaxError: Unexpected end of JSON input
    at JSON.parse (<anonymous>)
    at /home/dotnet/.vscode/extensions/mohamedbenhida.laravel-intellisense-0.2.0/src/ViewItemProvider.ts:63:30
[2021-11-29 20:41:44.970] [renderer1] [error] Unexpected end of JSON input: SyntaxError: Unexpected end of JSON input
    at JSON.parse (<anonymous>)
    at /home/dotnet/.vscode/extensions/mohamedbenhida.laravel-intellisense-0.2.0/src/ViewItemProvider.ts:63:30
[2021-11-29 20:41:47.899] [renderer1] [error] Unexpected end of JSON input: SyntaxError: Unexpected end of JSON input
    at JSON.parse (<anonymous>)
    at /home/dotnet/.vscode/extensions/mohamedbenhida.laravel-intellisense-0.2.0/src/ViewItemProvider.ts:63:30
[2021-11-29 20:41:49.971] [renderer1] [error] Unexpected end of JSON input: SyntaxError: Unexpected end of JSON input
    at JSON.parse (<anonymous>)
    at /home/dotnet/.vscode/extensions/mohamedbenhida.laravel-intellisense-0.2.0/src/ViewItemProvider.ts:63:30
[2021-11-29 20:41:52.898] [renderer1] [error] Unexpected end of JSON input: SyntaxError: Unexpected end of JSON input
    at JSON.parse (<anonymous>)
    at /home/dotnet/.vscode/extensions/mohamedbenhida.laravel-intellisense-0.2.0/src/ViewItemProvider.ts:63:30
[2021-11-29 20:41:54.968] [renderer1] [error] Unexpected end of JSON input: SyntaxError: Unexpected end of JSON input
    at JSON.parse (<anonymous>)
    at /home/dotnet/.vscode/extensions/mohamedbenhida.laravel-intellisense-0.2.0/src/ViewItemProvider.ts:63:30
[2021-11-29 20:41:57.901] [renderer1] [error] Unexpected end of JSON input: SyntaxError: Unexpected end of JSON input
    at JSON.parse (<anonymous>)
    at /home/dotnet/.vscode/extensions/mohamedbenhida.laravel-intellisense-0.2.0/src/ViewItemProvider.ts:63:30
[2021-11-29 20:41:59.973] [renderer1] [error] Unexpected end of JSON input: SyntaxError: Unexpected end of JSON input
    at JSON.parse (<anonymous>)
    at /home/dotnet/.vscode/extensions/mohamedbenhida.laravel-intellisense-0.2.0/src/ViewItemProvider.ts:63:30
    at runMicrotasks (<anonymous>)
    at runNextTicks (internal/process/task_queues.js:58:5)
    at listOnTimeout (internal/timers.js:523:9)
    at processTimers (internal/timers.js:497:7)
[2021-11-29 20:41:59.974] [renderer1] [error] Unexpected end of JSON input: SyntaxError: Unexpected end of JSON input
    at JSON.parse (<anonymous>)
    at /home/dotnet/.vscode/extensions/mohamedbenhida.laravel-intellisense-0.2.0/src/ViewItemProvider.ts:63:30
[2021-11-29 20:42:02.901] [renderer1] [error] Unexpected end of JSON input: SyntaxError: Unexpected end of JSON input
    at JSON.parse (<anonymous>)
    at /home/dotnet/.vscode/extensions/mohamedbenhida.laravel-intellisense-0.2.0/src/ViewItemProvider.ts:63:30
[2021-11-29 20:42:04.972] [renderer1] [error] Unexpected end of JSON input: SyntaxError: Unexpected end of JSON input
    at JSON.parse (<anonymous>)
    at /home/dotnet/.vscode/extensions/mohamedbenhida.laravel-intellisense-0.2.0/src/ViewItemProvider.ts:63:30
    at runMicrotasks (<anonymous>)
    at runNextTicks (internal/process/task_queues.js:58:5)
    at listOnTimeout (internal/timers.js:523:9)
    at processTimers (internal/timers.js:497:7)
[2021-11-29 20:42:04.976] [renderer1] [error] Unexpected end of JSON input: SyntaxError: Unexpected end of JSON input
    at JSON.parse (<anonymous>)
    at /home/dotnet/.vscode/extensions/mohamedbenhida.laravel-intellisense-0.2.0/src/ViewItemProvider.ts:63:30
[2021-11-29 20:42:07.900] [renderer1] [error] Unexpected end of JSON input: SyntaxError: Unexpected end of JSON input
    at JSON.parse (<anonymous>)
    at /home/dotnet/.vscode/extensions/mohamedbenhida.laravel-intellisense-0.2.0/src/ViewItemProvider.ts:63:30
[2021-11-29 20:42:09.973] [renderer1] [error] Unexpected end of JSON input: SyntaxError: Unexpected end of JSON input
    at JSON.parse (<anonymous>)
    at /home/dotnet/.vscode/extensions/mohamedbenhida.laravel-intellisense-0.2.0/src/ViewItemProvider.ts:63:30
    at runMicrotasks (<anonymous>)
    at runNextTicks (internal/process/task_queues.js:58:5)
    at listOnTimeout (internal/timers.js:523:9)
    at processTimers (internal/timers.js:497:7)
[2021-11-29 20:42:09.974] [renderer1] [error] Unexpected end of JSON input: SyntaxError: Unexpected end of JSON input
    at JSON.parse (<anonymous>)
    at /home/dotnet/.vscode/extensions/mohamedbenhida.laravel-intellisense-0.2.0/src/ViewItemProvider.ts:63:30
[2021-11-29 20:42:12.988] [renderer1] [error] Unexpected end of JSON input: SyntaxError: Unexpected end of JSON input
    at JSON.parse (<anonymous>)
    at /home/dotnet/.vscode/extensions/mohamedbenhida.laravel-intellisense-0.2.0/src/ViewItemProvider.ts:63:30
[2021-11-29 20:42:14.973] [renderer1] [error] Unexpected end of JSON input: SyntaxError: Unexpected end of JSON input
    at JSON.parse (<anonymous>)
    at /home/dotnet/.vscode/extensions/mohamedbenhida.laravel-intellisense-0.2.0/src/ViewItemProvider.ts:63:30
[2021-11-29 20:42:17.901] [renderer1] [error] Unexpected end of JSON input: SyntaxError: Unexpected end of JSON input
    at JSON.parse (<anonymous>)
    at /home/dotnet/.vscode/extensions/mohamedbenhida.laravel-intellisense-0.2.0/src/ViewItemProvider.ts:63:30
[2021-11-29 20:42:19.989] [renderer1] [error] Unexpected end of JSON input: SyntaxError: Unexpected end of JSON input
    at JSON.parse (<anonymous>)
    at /home/dotnet/.vscode/extensions/mohamedbenhida.laravel-intellisense-0.2.0/src/ViewItemProvider.ts:63:30
[2021-11-29 20:42:22.900] [renderer1] [error] Unexpected end of JSON input: SyntaxError: Unexpected end of JSON input
    at JSON.parse (<anonymous>)
    at /home/dotnet/.vscode/extensions/mohamedbenhida.laravel-intellisense-0.2.0/src/ViewItemProvider.ts:63:30
[2021-11-29 20:42:24.982] [renderer1] [error] Unexpected end of JSON input: SyntaxError: Unexpected end of JSON input
    at JSON.parse (<anonymous>)
    at /home/dotnet/.vscode/extensions/mohamedbenhida.laravel-intellisense-0.2.0/src/ViewItemProvider.ts:63:30
[2021-11-29 20:42:27.900] [renderer1] [error] Unexpected end of JSON input: SyntaxError: Unexpected end of JSON input
    at JSON.parse (<anonymous>)
    at /home/dotnet/.vscode/extensions/mohamedbenhida.laravel-intellisense-0.2.0/src/ViewItemProvider.ts:63:30
[2021-11-29 20:42:29.973] [renderer1] [error] Unexpected end of JSON input: SyntaxError: Unexpected end of JSON input
    at JSON.parse (<anonymous>)
    at /home/dotnet/.vscode/extensions/mohamedbenhida.laravel-intellisense-0.2.0/src/ViewItemProvider.ts:63:30
[2021-11-29 20:42:32.900] [renderer1] [error] Unexpected end of JSON input: SyntaxError: Unexpected end of JSON input
    at JSON.parse (<anonymous>)
    at /home/dotnet/.vscode/extensions/mohamedbenhida.laravel-intellisense-0.2.0/src/ViewItemProvider.ts:63:30
[2021-11-29 20:42:34.972] [renderer1] [error] Unexpected end of JSON input: SyntaxError: Unexpected end of JSON input
    at JSON.parse (<anonymous>)
    at /home/dotnet/.vscode/extensions/mohamedbenhida.laravel-intellisense-0.2.0/src/ViewItemProvider.ts:63:30
[2021-11-29 20:42:37.902] [renderer1] [error] Unexpected end of JSON input: SyntaxError: Unexpected end of JSON input
    at JSON.parse (<anonymous>)
    at /home/dotnet/.vscode/extensions/mohamedbenhida.laravel-intellisense-0.2.0/src/ViewItemProvider.ts:63:30
[2021-11-29 20:42:39.973] [renderer1] [error] Unexpected end of JSON input: SyntaxError: Unexpected end of JSON input
    at JSON.parse (<anonymous>)
    at /home/dotnet/.vscode/extensions/mohamedbenhida.laravel-intellisense-0.2.0/src/ViewItemProvider.ts:63:30
[2021-11-29 20:42:42.899] [renderer1] [error] Unexpected end of JSON input: SyntaxError: Unexpected end of JSON input
    at JSON.parse (<anonymous>)
    at /home/dotnet/.vscode/extensions/mohamedbenhida.laravel-intellisense-0.2.0/src/ViewItemProvider.ts:63:30
[2021-11-29 20:42:44.972] [renderer1] [error] Unexpected end of JSON input: SyntaxError: Unexpected end of JSON input
    at JSON.parse (<anonymous>)
    at /home/dotnet/.vscode/extensions/mohamedbenhida.laravel-intellisense-0.2.0/src/ViewItemProvider.ts:63:30
[2021-11-29 20:42:47.967] [renderer1] [error] Unexpected end of JSON input: SyntaxError: Unexpected end of JSON input
    at JSON.parse (<anonymous>)
    at /home/dotnet/.vscode/extensions/mohamedbenhida.laravel-intellisense-0.2.0/src/ViewItemProvider.ts:63:30
[2021-11-29 20:42:50.077] [renderer1] [error] Unexpected end of JSON input: SyntaxError: Unexpected end of JSON input
    at JSON.parse (<anonymous>)
    at /home/dotnet/.vscode/extensions/mohamedbenhida.laravel-intellisense-0.2.0/src/ViewItemProvider.ts:63:30
[2021-11-29 20:42:53.023] [renderer1] [error] Unexpected end of JSON input: SyntaxError: Unexpected end of JSON input
    at JSON.parse (<anonymous>)
    at /home/dotnet/.vscode/extensions/mohamedbenhida.laravel-intellisense-0.2.0/src/ViewItemProvider.ts:63:30
    at runNextTicks (internal/process/task_queues.js:58:5)
    at processTimers (internal/timers.js:494:9)
[2021-11-29 20:42:53.513] [renderer1] [error] Unexpected end of JSON input: SyntaxError: Unexpected end of JSON input
    at JSON.parse (<anonymous>)
    at /home/dotnet/.vscode/extensions/mohamedbenhida.laravel-intellisense-0.2.0/src/ViewItemProvider.ts:63:30
[2021-11-29 20:42:54.974] [renderer1] [error] Unexpected end of JSON input: SyntaxError: Unexpected end of JSON input
    at JSON.parse (<anonymous>)
    at /home/dotnet/.vscode/extensions/mohamedbenhida.laravel-intellisense-0.2.0/src/ViewItemProvider.ts:63:30
[2021-11-29 20:42:58.073] [renderer1] [error] Unexpected end of JSON input: SyntaxError: Unexpected end of JSON input
    at JSON.parse (<anonymous>)
    at /home/dotnet/.vscode/extensions/mohamedbenhida.laravel-intellisense-0.2.0/src/ViewItemProvider.ts:63:30
[2021-11-29 20:42:59.973] [renderer1] [error] Unexpected end of JSON input: SyntaxError: Unexpected end of JSON input
    at JSON.parse (<anonymous>)
    at /home/dotnet/.vscode/extensions/mohamedbenhida.laravel-intellisense-0.2.0/src/ViewItemProvider.ts:63:30
[2021-11-29 20:43:03.027] [renderer1] [error] Unexpected end of JSON input: SyntaxError: Unexpected end of JSON input
    at JSON.parse (<anonymous>)
    at /home/dotnet/.vscode/extensions/mohamedbenhida.laravel-intellisense-0.2.0/src/ViewItemProvider.ts:63:30
[2021-11-29 20:43:04.974] [renderer1] [error] Unexpected end of JSON input: SyntaxError: Unexpected end of JSON input
    at JSON.parse (<anonymous>)
    at /home/dotnet/.vscode/extensions/mohamedbenhida.laravel-intellisense-0.2.0/src/ViewItemProvider.ts:63:30
[2021-11-29 20:43:08.067] [renderer1] [error] Unexpected end of JSON input: SyntaxError: Unexpected end of JSON input
    at JSON.parse (<anonymous>)
    at /home/dotnet/.vscode/extensions/mohamedbenhida.laravel-intellisense-0.2.0/src/ViewItemProvider.ts:63:30
[2021-11-29 20:43:09.974] [renderer1] [error] Unexpected end of JSON input: SyntaxError: Unexpected end of JSON input
    at JSON.parse (<anonymous>)
    at /home/dotnet/.vscode/extensions/mohamedbenhida.laravel-intellisense-0.2.0/src/ViewItemProvider.ts:63:30
[2021-11-29 20:43:13.067] [renderer1] [error] Unexpected end of JSON input: SyntaxError: Unexpected end of JSON input
    at JSON.parse (<anonymous>)
    at /home/dotnet/.vscode/extensions/mohamedbenhida.laravel-intellisense-0.2.0/src/ViewItemProvider.ts:63:30
[2021-11-29 20:43:14.973] [renderer1] [error] Unexpected end of JSON input: SyntaxError: Unexpected end of JSON input
    at JSON.parse (<anonymous>)
    at /home/dotnet/.vscode/extensions/mohamedbenhida.laravel-intellisense-0.2.0/src/ViewItemProvider.ts:63:30
[2021-11-29 20:43:18.068] [renderer1] [error] Unexpected end of JSON input: SyntaxError: Unexpected end of JSON input
    at JSON.parse (<anonymous>)
    at /home/dotnet/.vscode/extensions/mohamedbenhida.laravel-intellisense-0.2.0/src/ViewItemProvider.ts:63:30
[2021-11-29 20:43:18.521] [renderer1] [error] Unexpected end of JSON input: SyntaxError: Unexpected end of JSON input
    at JSON.parse (<anonymous>)
    at /home/dotnet/.vscode/extensions/mohamedbenhida.laravel-intellisense-0.2.0/src/ViewItemProvider.ts:63:30
    at runMicrotasks (<anonymous>)
    at runNextTicks (internal/process/task_queues.js:58:5)
    at listOnTimeout (internal/timers.js:523:9)
    at processTimers (internal/timers.js:497:7)
[2021-11-29 20:43:18.521] [renderer1] [error] Unexpected end of JSON input: SyntaxError: Unexpected end of JSON input
    at JSON.parse (<anonymous>)
    at /home/dotnet/.vscode/extensions/mohamedbenhida.laravel-intellisense-0.2.0/src/ViewItemProvider.ts:63:30
[2021-11-29 20:43:19.978] [renderer1] [error] Unexpected end of JSON input: SyntaxError: Unexpected end of JSON input
    at JSON.parse (<anonymous>)
    at /home/dotnet/.vscode/extensions/mohamedbenhida.laravel-intellisense-0.2.0/src/ViewItemProvider.ts:63:30
[2021-11-29 20:43:23.066] [renderer1] [error] Unexpected end of JSON input: SyntaxError: Unexpected end of JSON input
    at JSON.parse (<anonymous>)
    at /home/dotnet/.vscode/extensions/mohamedbenhida.laravel-intellisense-0.2.0/src/ViewItemProvider.ts:63:30
[2021-11-29 20:43:24.976] [renderer1] [error] Unexpected end of JSON input: SyntaxError: Unexpected end of JSON input
    at JSON.parse (<anonymous>)
    at /home/dotnet/.vscode/extensions/mohamedbenhida.laravel-intellisense-0.2.0/src/ViewItemProvider.ts:63:30
[2021-11-29 20:43:28.026] [renderer1] [error] Unexpected end of JSON input: SyntaxError: Unexpected end of JSON input
    at JSON.parse (<anonymous>)
    at /home/dotnet/.vscode/extensions/mohamedbenhida.laravel-intellisense-0.2.0/src/ViewItemProvider.ts:63:30
[2021-11-29 20:43:28.522] [renderer1] [error] Unexpected end of JSON input: SyntaxError: Unexpected end of JSON input
    at JSON.parse (<anonymous>)
    at /home/dotnet/.vscode/extensions/mohamedbenhida.laravel-intellisense-0.2.0/src/ViewItemProvider.ts:63:30
    at runMicrotasks (<anonymous>)
    at runNextTicks (internal/process/task_queues.js:58:5)
    at listOnTimeout (internal/timers.js:523:9)
    at processTimers (internal/timers.js:497:7)
[2021-11-29 20:43:28.523] [renderer1] [error] Unexpected end of JSON input: SyntaxError: Unexpected end of JSON input
    at JSON.parse (<anonymous>)
    at /home/dotnet/.vscode/extensions/mohamedbenhida.laravel-intellisense-0.2.0/src/ViewItemProvider.ts:63:30
[2021-11-29 20:43:29.976] [renderer1] [error] Unexpected end of JSON input: SyntaxError: Unexpected end of JSON input
    at JSON.parse (<anonymous>)
    at /home/dotnet/.vscode/extensions/mohamedbenhida.laravel-intellisense-0.2.0/src/ViewItemProvider.ts:63:30
[2021-11-29 20:43:33.124] [renderer1] [error] Unexpected end of JSON input: SyntaxError: Unexpected end of JSON input
    at JSON.parse (<anonymous>)
    at /home/dotnet/.vscode/extensions/mohamedbenhida.laravel-intellisense-0.2.0/src/ViewItemProvider.ts:63:30
[2021-11-29 20:43:33.522] [renderer1] [error] Unexpected end of JSON input: SyntaxError: Unexpected end of JSON input
    at JSON.parse (<anonymous>)
    at /home/dotnet/.vscode/extensions/mohamedbenhida.laravel-intellisense-0.2.0/src/ViewItemProvider.ts:63:30
    at runMicrotasks (<anonymous>)
    at runNextTicks (internal/process/task_queues.js:58:5)
    at listOnTimeout (internal/timers.js:523:9)
    at processTimers (internal/timers.js:497:7)
[2021-11-29 20:43:33.522] [renderer1] [error] Unexpected end of JSON input: SyntaxError: Unexpected end of JSON input
    at JSON.parse (<anonymous>)
    at /home/dotnet/.vscode/extensions/mohamedbenhida.laravel-intellisense-0.2.0/src/ViewItemProvider.ts:63:30
[2021-11-29 20:43:34.977] [renderer1] [error] Unexpected end of JSON input: SyntaxError: Unexpected end of JSON input
    at JSON.parse (<anonymous>)
    at /home/dotnet/.vscode/extensions/mohamedbenhida.laravel-intellisense-0.2.0/src/ViewItemProvider.ts:63:30
[2021-11-29 20:43:38.028] [renderer1] [error] Unexpected end of JSON input: SyntaxError: Unexpected end of JSON input
    at JSON.parse (<anonymous>)
    at /home/dotnet/.vscode/extensions/mohamedbenhida.laravel-intellisense-0.2.0/src/ViewItemProvider.ts:63:30
[2021-11-29 20:43:38.522] [renderer1] [error] Unexpected end of JSON input: SyntaxError: Unexpected end of JSON input
    at JSON.parse (<anonymous>)
    at /home/dotnet/.vscode/extensions/mohamedbenhida.laravel-intellisense-0.2.0/src/ViewItemProvider.ts:63:30
    at runMicrotasks (<anonymous>)
    at runNextTicks (internal/process/task_queues.js:58:5)
    at listOnTimeout (internal/timers.js:523:9)
    at processTimers (internal/timers.js:497:7)
[2021-11-29 20:43:38.522] [renderer1] [error] Unexpected end of JSON input: SyntaxError: Unexpected end of JSON input
    at JSON.parse (<anonymous>)
    at /home/dotnet/.vscode/extensions/mohamedbenhida.laravel-intellisense-0.2.0/src/ViewItemProvider.ts:63:30
[2021-11-29 20:43:39.977] [renderer1] [error] Unexpected end of JSON input: SyntaxError: Unexpected end of JSON input
    at JSON.parse (<anonymous>)
    at /home/dotnet/.vscode/extensions/mohamedbenhida.laravel-intellisense-0.2.0/src/ViewItemProvider.ts:63:30
[2021-11-29 20:43:43.093] [renderer1] [error] Unexpected end of JSON input: SyntaxError: Unexpected end of JSON input
    at JSON.parse (<anonymous>)
    at /home/dotnet/.vscode/extensions/mohamedbenhida.laravel-intellisense-0.2.0/src/ViewItemProvider.ts:63:30
[2021-11-29 20:43:43.527] [renderer1] [error] Unexpected end of JSON input: SyntaxError: Unexpected end of JSON input
    at JSON.parse (<anonymous>)
    at /home/dotnet/.vscode/extensions/mohamedbenhida.laravel-intellisense-0.2.0/src/ViewItemProvider.ts:63:30
    at runMicrotasks (<anonymous>)
    at runNextTicks (internal/process/task_queues.js:58:5)
    at listOnTimeout (internal/timers.js:523:9)
    at processTimers (internal/timers.js:497:7)
[2021-11-29 20:43:43.528] [renderer1] [error] Unexpected end of JSON input: SyntaxError: Unexpected end of JSON input
    at JSON.parse (<anonymous>)
    at /home/dotnet/.vscode/extensions/mohamedbenhida.laravel-intellisense-0.2.0/src/ViewItemProvider.ts:63:30
[2021-11-29 20:43:44.978] [renderer1] [error] Unexpected end of JSON input: SyntaxError: Unexpected end of JSON input
    at JSON.parse (<anonymous>)
    at /home/dotnet/.vscode/extensions/mohamedbenhida.laravel-intellisense-0.2.0/src/ViewItemProvider.ts:63:30
[2021-11-29 20:43:48.133] [renderer1] [error] Unexpected end of JSON input: SyntaxError: Unexpected end of JSON input
    at JSON.parse (<anonymous>)
    at /home/dotnet/.vscode/extensions/mohamedbenhida.laravel-intellisense-0.2.0/src/ViewItemProvider.ts:63:30
[2021-11-29 20:43:49.978] [renderer1] [error] Unexpected end of JSON input: SyntaxError: Unexpected end of JSON input
    at JSON.parse (<anonymous>)
    at /home/dotnet/.vscode/extensions/mohamedbenhida.laravel-intellisense-0.2.0/src/ViewItemProvider.ts:63:30
[2021-11-29 20:43:53.123] [renderer1] [error] Unexpected end of JSON input: SyntaxError: Unexpected end of JSON input
    at JSON.parse (<anonymous>)
    at /home/dotnet/.vscode/extensions/mohamedbenhida.laravel-intellisense-0.2.0/src/ViewItemProvider.ts:63:30
[2021-11-29 20:43:54.978] [renderer1] [error] Unexpected end of JSON input: SyntaxError: Unexpected end of JSON input
    at JSON.parse (<anonymous>)
    at /home/dotnet/.vscode/extensions/mohamedbenhida.laravel-intellisense-0.2.0/src/ViewItemProvider.ts:63:30
[2021-11-29 20:43:58.131] [renderer1] [error] Unexpected end of JSON input: SyntaxError: Unexpected end of JSON input
    at JSON.parse (<anonymous>)
    at /home/dotnet/.vscode/extensions/mohamedbenhida.laravel-intellisense-0.2.0/src/ViewItemProvider.ts:63:30
[2021-11-29 20:43:59.978] [renderer1] [error] Unexpected end of JSON input: SyntaxError: Unexpected end of JSON input
    at JSON.parse (<anonymous>)
    at /home/dotnet/.vscode/extensions/mohamedbenhida.laravel-intellisense-0.2.0/src/ViewItemProvider.ts:63:30
[2021-11-29 20:44:03.095] [renderer1] [error] Unexpected end of JSON input: SyntaxError: Unexpected end of JSON input
    at JSON.parse (<anonymous>)
    at /home/dotnet/.vscode/extensions/mohamedbenhida.laravel-intellisense-0.2.0/src/ViewItemProvider.ts:63:30
[2021-11-29 20:44:03.545] [renderer1] [error] Unexpected end of JSON input: SyntaxError: Unexpected end of JSON input
    at JSON.parse (<anonymous>)
    at /home/dotnet/.vscode/extensions/mohamedbenhida.laravel-intellisense-0.2.0/src/ViewItemProvider.ts:63:30
    at runMicrotasks (<anonymous>)
    at runNextTicks (internal/process/task_queues.js:58:5)
    at listOnTimeout (internal/timers.js:523:9)
    at processTimers (internal/timers.js:497:7)
[2021-11-29 20:44:03.545] [renderer1] [error] Unexpected end of JSON input: SyntaxError: Unexpected end of JSON input
    at JSON.parse (<anonymous>)
    at /home/dotnet/.vscode/extensions/mohamedbenhida.laravel-intellisense-0.2.0/src/ViewItemProvider.ts:63:30
    at runNextTicks (internal/process/task_queues.js:58:5)
    at processTimers (internal/timers.js:494:9)
[2021-11-29 20:44:04.978] [renderer1] [error] Unexpected end of JSON input: SyntaxError: Unexpected end of JSON input
    at JSON.parse (<anonymous>)
    at /home/dotnet/.vscode/extensions/mohamedbenhida.laravel-intellisense-0.2.0/src/ViewItemProvider.ts:63:30
[2021-11-29 20:44:08.085] [renderer1] [error] Unexpected end of JSON input: SyntaxError: Unexpected end of JSON input
    at JSON.parse (<anonymous>)
    at /home/dotnet/.vscode/extensions/mohamedbenhida.laravel-intellisense-0.2.0/src/ViewItemProvider.ts:63:30
[2021-11-29 20:44:09.979] [renderer1] [error] Unexpected end of JSON input: SyntaxError: Unexpected end of JSON input
    at JSON.parse (<anonymous>)
    at /home/dotnet/.vscode/extensions/mohamedbenhida.laravel-intellisense-0.2.0/src/ViewItemProvider.ts:63:30
[2021-11-29 20:44:13.085] [renderer1] [error] Unexpected end of JSON input: SyntaxError: Unexpected end of JSON input
    at JSON.parse (<anonymous>)
    at /home/dotnet/.vscode/extensions/mohamedbenhida.laravel-intellisense-0.2.0/src/ViewItemProvider.ts:63:30
[2021-11-29 20:44:14.980] [renderer1] [error] Unexpected end of JSON input: SyntaxError: Unexpected end of JSON input
    at JSON.parse (<anonymous>)
    at /home/dotnet/.vscode/extensions/mohamedbenhida.laravel-intellisense-0.2.0/src/ViewItemProvider.ts:63:30
[2021-11-29 20:44:18.175] [renderer1] [error] Unexpected end of JSON input: SyntaxError: Unexpected end of JSON input
    at JSON.parse (<anonymous>)
    at /home/dotnet/.vscode/extensions/mohamedbenhida.laravel-intellisense-0.2.0/src/ViewItemProvider.ts:63:30
[2021-11-29 20:44:19.992] [renderer1] [error] Unexpected end of JSON input: SyntaxError: Unexpected end of JSON input
    at JSON.parse (<anonymous>)
    at /home/dotnet/.vscode/extensions/mohamedbenhida.laravel-intellisense-0.2.0/src/ViewItemProvider.ts:63:30
    at runMicrotasks (<anonymous>)
    at runNextTicks (internal/process/task_queues.js:58:5)
    at listOnTimeout (internal/timers.js:523:9)
    at processTimers (internal/timers.js:497:7)
[2021-11-29 20:44:19.992] [renderer1] [error] Unexpected end of JSON input: SyntaxError: Unexpected end of JSON input
    at JSON.parse (<anonymous>)
    at /home/dotnet/.vscode/extensions/mohamedbenhida.laravel-intellisense-0.2.0/src/ViewItemProvider.ts:63:30
[2021-11-29 20:44:23.123] [renderer1] [error] Unexpected end of JSON input: SyntaxError: Unexpected end of JSON input
    at JSON.parse (<anonymous>)
    at /home/dotnet/.vscode/extensions/mohamedbenhida.laravel-intellisense-0.2.0/src/ViewItemProvider.ts:63:30
[2021-11-29 20:44:24.996] [renderer1] [error] Unexpected end of JSON input: SyntaxError: Unexpected end of JSON input
    at JSON.parse (<anonymous>)
    at /home/dotnet/.vscode/extensions/mohamedbenhida.laravel-intellisense-0.2.0/src/ViewItemProvider.ts:63:30
    at runMicrotasks (<anonymous>)
    at runNextTicks (internal/process/task_queues.js:58:5)
    at listOnTimeout (internal/timers.js:523:9)
    at processTimers (internal/timers.js:497:7)
[2021-11-29 20:44:24.996] [renderer1] [error] Unexpected end of JSON input: SyntaxError: Unexpected end of JSON input
    at JSON.parse (<anonymous>)
    at /home/dotnet/.vscode/extensions/mohamedbenhida.laravel-intellisense-0.2.0/src/ViewItemProvider.ts:63:30
[2021-11-29 20:44:28.133] [renderer1] [error] Unexpected end of JSON input: SyntaxError: Unexpected end of JSON input
    at JSON.parse (<anonymous>)
    at /home/dotnet/.vscode/extensions/mohamedbenhida.laravel-intellisense-0.2.0/src/ViewItemProvider.ts:63:30
[2021-11-29 20:44:29.992] [renderer1] [error] Unexpected end of JSON input: SyntaxError: Unexpected end of JSON input
    at JSON.parse (<anonymous>)
    at /home/dotnet/.vscode/extensions/mohamedbenhida.laravel-intellisense-0.2.0/src/ViewItemProvider.ts:63:30
    at runMicrotasks (<anonymous>)
    at runNextTicks (internal/process/task_queues.js:58:5)
    at listOnTimeout (internal/timers.js:523:9)
    at processTimers (internal/timers.js:497:7)
[2021-11-29 20:44:29.993] [renderer1] [error] Unexpected end of JSON input: SyntaxError: Unexpected end of JSON input
    at JSON.parse (<anonymous>)
    at /home/dotnet/.vscode/extensions/mohamedbenhida.laravel-intellisense-0.2.0/src/ViewItemProvider.ts:63:30
[2021-11-29 20:44:33.125] [renderer1] [error] Unexpected end of JSON input: SyntaxError: Unexpected end of JSON input
    at JSON.parse (<anonymous>)
    at /home/dotnet/.vscode/extensions/mohamedbenhida.laravel-intellisense-0.2.0/src/ViewItemProvider.ts:63:30
[2021-11-29 20:44:34.993] [renderer1] [error] Unexpected end of JSON input: SyntaxError: Unexpected end of JSON input
    at JSON.parse (<anonymous>)
    at /home/dotnet/.vscode/extensions/mohamedbenhida.laravel-intellisense-0.2.0/src/ViewItemProvider.ts:63:30
    at runMicrotasks (<anonymous>)
    at runNextTicks (internal/process/task_queues.js:58:5)
    at listOnTimeout (internal/timers.js:523:9)
    at processTimers (internal/timers.js:497:7)
[2021-11-29 20:44:34.994] [renderer1] [error] Unexpected end of JSON input: SyntaxError: Unexpected end of JSON input
    at JSON.parse (<anonymous>)
    at /home/dotnet/.vscode/extensions/mohamedbenhida.laravel-intellisense-0.2.0/src/ViewItemProvider.ts:63:30
[2021-11-29 20:44:38.132] [renderer1] [error] Unexpected end of JSON input: SyntaxError: Unexpected end of JSON input
    at JSON.parse (<anonymous>)
    at /home/dotnet/.vscode/extensions/mohamedbenhida.laravel-intellisense-0.2.0/src/ViewItemProvider.ts:63:30
[2021-11-29 20:44:39.995] [renderer1] [error] Unexpected end of JSON input: SyntaxError: Unexpected end of JSON input
    at JSON.parse (<anonymous>)
    at /home/dotnet/.vscode/extensions/mohamedbenhida.laravel-intellisense-0.2.0/src/ViewItemProvider.ts:63:30
    at runMicrotasks (<anonymous>)
    at runNextTicks (internal/process/task_queues.js:58:5)
    at listOnTimeout (internal/timers.js:523:9)
    at processTimers (internal/timers.js:497:7)
[2021-11-29 20:44:39.995] [renderer1] [error] Unexpected end of JSON input: SyntaxError: Unexpected end of JSON input
    at JSON.parse (<anonymous>)
    at /home/dotnet/.vscode/extensions/mohamedbenhida.laravel-intellisense-0.2.0/src/ViewItemProvider.ts:63:30
[2021-11-29 20:44:43.118] [renderer1] [error] Unexpected end of JSON input: SyntaxError: Unexpected end of JSON input
    at JSON.parse (<anonymous>)
    at /home/dotnet/.vscode/extensions/mohamedbenhida.laravel-intellisense-0.2.0/src/ViewItemProvider.ts:63:30
[2021-11-29 20:44:44.993] [renderer1] [error] Unexpected end of JSON input: SyntaxError: Unexpected end of JSON input
    at JSON.parse (<anonymous>)
    at /home/dotnet/.vscode/extensions/mohamedbenhida.laravel-intellisense-0.2.0/src/ViewItemProvider.ts:63:30
[2021-11-29 20:44:48.086] [renderer1] [error] Unexpected end of JSON input: SyntaxError: Unexpected end of JSON input
    at JSON.parse (<anonymous>)
    at /home/dotnet/.vscode/extensions/mohamedbenhida.laravel-intellisense-0.2.0/src/ViewItemProvider.ts:63:30
[2021-11-29 20:44:48.551] [renderer1] [error] Unexpected end of JSON input: SyntaxError: Unexpected end of JSON input
    at JSON.parse (<anonymous>)
    at /home/dotnet/.vscode/extensions/mohamedbenhida.laravel-intellisense-0.2.0/src/ViewItemProvider.ts:63:30
    at runMicrotasks (<anonymous>)
    at runNextTicks (internal/process/task_queues.js:58:5)
    at listOnTimeout (internal/timers.js:523:9)
    at processTimers (internal/timers.js:497:7)
[2021-11-29 20:44:48.553] [renderer1] [error] Unexpected end of JSON input: SyntaxError: Unexpected end of JSON input
    at JSON.parse (<anonymous>)
    at /home/dotnet/.vscode/extensions/mohamedbenhida.laravel-intellisense-0.2.0/src/ViewItemProvider.ts:63:30
[2021-11-29 20:44:49.993] [renderer1] [error] Unexpected end of JSON input: SyntaxError: Unexpected end of JSON input
    at JSON.parse (<anonymous>)
    at /home/dotnet/.vscode/extensions/mohamedbenhida.laravel-intellisense-0.2.0/src/ViewItemProvider.ts:63:30
[2021-11-29 20:44:53.086] [renderer1] [error] Unexpected end of JSON input: SyntaxError: Unexpected end of JSON input
    at JSON.parse (<anonymous>)
    at /home/dotnet/.vscode/extensions/mohamedbenhida.laravel-intellisense-0.2.0/src/ViewItemProvider.ts:63:30
[2021-11-29 20:44:53.545] [renderer1] [error] Unexpected end of JSON input: SyntaxError: Unexpected end of JSON input
    at JSON.parse (<anonymous>)
    at /home/dotnet/.vscode/extensions/mohamedbenhida.laravel-intellisense-0.2.0/src/ViewItemProvider.ts:63:30
    at runMicrotasks (<anonymous>)
    at runNextTicks (internal/process/task_queues.js:58:5)
    at listOnTimeout (internal/timers.js:523:9)
    at processTimers (internal/timers.js:497:7)
[2021-11-29 20:44:53.545] [renderer1] [error] Unexpected end of JSON input: SyntaxError: Unexpected end of JSON input
    at JSON.parse (<anonymous>)
    at /home/dotnet/.vscode/extensions/mohamedbenhida.laravel-intellisense-0.2.0/src/ViewItemProvider.ts:63:30
[2021-11-29 20:44:54.993] [renderer1] [error] Unexpected end of JSON input: SyntaxError: Unexpected end of JSON input
    at JSON.parse (<anonymous>)
    at /home/dotnet/.vscode/extensions/mohamedbenhida.laravel-intellisense-0.2.0/src/ViewItemProvider.ts:63:30
[2021-11-29 20:44:58.130] [renderer1] [error] Unexpected end of JSON input: SyntaxError: Unexpected end of JSON input
    at JSON.parse (<anonymous>)
    at /home/dotnet/.vscode/extensions/mohamedbenhida.laravel-intellisense-0.2.0/src/ViewItemProvider.ts:63:30
[2021-11-29 20:44:58.546] [renderer1] [error] Unexpected end of JSON input: SyntaxError: Unexpected end of JSON input
    at JSON.parse (<anonymous>)
    at /home/dotnet/.vscode/extensions/mohamedbenhida.laravel-intellisense-0.2.0/src/ViewItemProvider.ts:63:30
    at runMicrotasks (<anonymous>)
    at runNextTicks (internal/process/task_queues.js:58:5)
    at listOnTimeout (internal/timers.js:523:9)
    at processTimers (internal/timers.js:497:7)
[2021-11-29 20:44:58.547] [renderer1] [error] Unexpected end of JSON input: SyntaxError: Unexpected end of JSON input
    at JSON.parse (<anonymous>)
    at /home/dotnet/.vscode/extensions/mohamedbenhida.laravel-intellisense-0.2.0/src/ViewItemProvider.ts:63:30
[2021-11-29 20:44:59.993] [renderer1] [error] Unexpected end of JSON input: SyntaxError: Unexpected end of JSON input
    at JSON.parse (<anonymous>)
    at /home/dotnet/.vscode/extensions/mohamedbenhida.laravel-intellisense-0.2.0/src/ViewItemProvider.ts:63:30
[2021-11-29 20:45:03.085] [renderer1] [error] Unexpected end of JSON input: SyntaxError: Unexpected end of JSON input
    at JSON.parse (<anonymous>)
    at /home/dotnet/.vscode/extensions/mohamedbenhida.laravel-intellisense-0.2.0/src/ViewItemProvider.ts:63:30
[2021-11-29 20:45:05.016] [renderer1] [error] Unexpected end of JSON input: SyntaxError: Unexpected end of JSON input
    at JSON.parse (<anonymous>)
    at /home/dotnet/.vscode/extensions/mohamedbenhida.laravel-intellisense-0.2.0/src/ViewItemProvider.ts:63:30
[2021-11-29 20:45:08.128] [renderer1] [error] Unexpected end of JSON input: SyntaxError: Unexpected end of JSON input
    at JSON.parse (<anonymous>)
    at /home/dotnet/.vscode/extensions/mohamedbenhida.laravel-intellisense-0.2.0/src/ViewItemProvider.ts:63:30
[2021-11-29 20:45:09.994] [renderer1] [error] Unexpected end of JSON input: SyntaxError: Unexpected end of JSON input
    at JSON.parse (<anonymous>)
    at /home/dotnet/.vscode/extensions/mohamedbenhida.laravel-intellisense-0.2.0/src/ViewItemProvider.ts:63:30
[2021-11-29 20:45:13.136] [renderer1] [error] Unexpected end of JSON input: SyntaxError: Unexpected end of JSON input
    at JSON.parse (<anonymous>)
    at /home/dotnet/.vscode/extensions/mohamedbenhida.laravel-intellisense-0.2.0/src/ViewItemProvider.ts:63:30
[2021-11-29 20:45:13.549] [renderer1] [error] Unexpected end of JSON input: SyntaxError: Unexpected end of JSON input
    at JSON.parse (<anonymous>)
    at /home/dotnet/.vscode/extensions/mohamedbenhida.laravel-intellisense-0.2.0/src/ViewItemProvider.ts:63:30
    at runMicrotasks (<anonymous>)
    at runNextTicks (internal/process/task_queues.js:58:5)
    at listOnTimeout (internal/timers.js:523:9)
    at processTimers (internal/timers.js:497:7)
[2021-11-29 20:45:13.549] [renderer1] [error] Unexpected end of JSON input: SyntaxError: Unexpected end of JSON input
    at JSON.parse (<anonymous>)
    at /home/dotnet/.vscode/extensions/mohamedbenhida.laravel-intellisense-0.2.0/src/ViewItemProvider.ts:63:30
[2021-11-29 20:45:15.003] [renderer1] [error] Unexpected end of JSON input: SyntaxError: Unexpected end of JSON input
    at JSON.parse (<anonymous>)
    at /home/dotnet/.vscode/extensions/mohamedbenhida.laravel-intellisense-0.2.0/src/ViewItemProvider.ts:63:30
    at runMicrotasks (<anonymous>)
    at runNextTicks (internal/process/task_queues.js:58:5)
    at listOnTimeout (internal/timers.js:523:9)
    at processTimers (internal/timers.js:497:7)
[2021-11-29 20:45:15.004] [renderer1] [error] Unexpected end of JSON input: SyntaxError: Unexpected end of JSON input
    at JSON.parse (<anonymous>)
    at /home/dotnet/.vscode/extensions/mohamedbenhida.laravel-intellisense-0.2.0/src/ViewItemProvider.ts:63:30
[2021-11-29 20:45:18.129] [renderer1] [error] Unexpected end of JSON input: SyntaxError: Unexpected end of JSON input
    at JSON.parse (<anonymous>)
    at /home/dotnet/.vscode/extensions/mohamedbenhida.laravel-intellisense-0.2.0/src/ViewItemProvider.ts:63:30
[2021-11-29 20:45:19.997] [renderer1] [error] Unexpected end of JSON input: SyntaxError: Unexpected end of JSON input
    at JSON.parse (<anonymous>)
    at /home/dotnet/.vscode/extensions/mohamedbenhida.laravel-intellisense-0.2.0/src/ViewItemProvider.ts:63:30
    at runMicrotasks (<anonymous>)
    at runNextTicks (internal/process/task_queues.js:58:5)
    at listOnTimeout (internal/timers.js:523:9)
    at processTimers (internal/timers.js:497:7)
[2021-11-29 20:45:19.998] [renderer1] [error] Unexpected end of JSON input: SyntaxError: Unexpected end of JSON input
    at JSON.parse (<anonymous>)
    at /home/dotnet/.vscode/extensions/mohamedbenhida.laravel-intellisense-0.2.0/src/ViewItemProvider.ts:63:30
[2021-11-29 20:45:23.132] [renderer1] [error] Unexpected end of JSON input: SyntaxError: Unexpected end of JSON input
    at JSON.parse (<anonymous>)
    at /home/dotnet/.vscode/extensions/mohamedbenhida.laravel-intellisense-0.2.0/src/ViewItemProvider.ts:63:30
[2021-11-29 20:45:24.998] [renderer1] [error] Unexpected end of JSON input: SyntaxError: Unexpected end of JSON input
    at JSON.parse (<anonymous>)
    at /home/dotnet/.vscode/extensions/mohamedbenhida.laravel-intellisense-0.2.0/src/ViewItemProvider.ts:63:30
    at runMicrotasks (<anonymous>)
    at runNextTicks (internal/process/task_queues.js:58:5)
    at listOnTimeout (internal/timers.js:523:9)
    at processTimers (internal/timers.js:497:7)
[2021-11-29 20:45:24.998] [renderer1] [error] Unexpected end of JSON input: SyntaxError: Unexpected end of JSON input
    at JSON.parse (<anonymous>)
    at /home/dotnet/.vscode/extensions/mohamedbenhida.laravel-intellisense-0.2.0/src/ViewItemProvider.ts:63:30
[2021-11-29 20:45:28.128] [renderer1] [error] Unexpected end of JSON input: SyntaxError: Unexpected end of JSON input
    at JSON.parse (<anonymous>)
    at /home/dotnet/.vscode/extensions/mohamedbenhida.laravel-intellisense-0.2.0/src/ViewItemProvider.ts:63:30
[2021-11-29 20:45:29.998] [renderer1] [error] Unexpected end of JSON input: SyntaxError: Unexpected end of JSON input
    at JSON.parse (<anonymous>)
    at /home/dotnet/.vscode/extensions/mohamedbenhida.laravel-intellisense-0.2.0/src/ViewItemProvider.ts:63:30
    at runMicrotasks (<anonymous>)
    at runNextTicks (internal/process/task_queues.js:58:5)
    at listOnTimeout (internal/timers.js:523:9)
    at processTimers (internal/timers.js:497:7)
[2021-11-29 20:45:29.998] [renderer1] [error] Unexpected end of JSON input: SyntaxError: Unexpected end of JSON input
    at JSON.parse (<anonymous>)
    at /home/dotnet/.vscode/extensions/mohamedbenhida.laravel-intellisense-0.2.0/src/ViewItemProvider.ts:63:30
[2021-11-29 20:45:33.085] [renderer1] [error] Unexpected end of JSON input: SyntaxError: Unexpected end of JSON input
    at JSON.parse (<anonymous>)
    at /home/dotnet/.vscode/extensions/mohamedbenhida.laravel-intellisense-0.2.0/src/ViewItemProvider.ts:63:30
[2021-11-29 20:45:34.998] [renderer1] [error] Unexpected end of JSON input: SyntaxError: Unexpected end of JSON input
    at JSON.parse (<anonymous>)
    at /home/dotnet/.vscode/extensions/mohamedbenhida.laravel-intellisense-0.2.0/src/ViewItemProvider.ts:63:30
    at runMicrotasks (<anonymous>)
    at runNextTicks (internal/process/task_queues.js:58:5)
    at listOnTimeout (internal/timers.js:523:9)
    at processTimers (internal/timers.js:497:7)
[2021-11-29 20:45:34.998] [renderer1] [error] Unexpected end of JSON input: SyntaxError: Unexpected end of JSON input
    at JSON.parse (<anonymous>)
    at /home/dotnet/.vscode/extensions/mohamedbenhida.laravel-intellisense-0.2.0/src/ViewItemProvider.ts:63:30
[2021-11-29 20:45:38.396] [renderer1] [error] Unexpected end of JSON input: SyntaxError: Unexpected end of JSON input
    at JSON.parse (<anonymous>)
    at /home/dotnet/.vscode/extensions/mohamedbenhida.laravel-intellisense-0.2.0/src/ViewItemProvider.ts:63:30
[2021-11-29 20:45:40.007] [renderer1] [error] Unexpected end of JSON input: SyntaxError: Unexpected end of JSON input
    at JSON.parse (<anonymous>)
    at /home/dotnet/.vscode/extensions/mohamedbenhida.laravel-intellisense-0.2.0/src/ViewItemProvider.ts:63:30
[2021-11-29 20:45:43.084] [renderer1] [error] Unexpected end of JSON input: SyntaxError: Unexpected end of JSON input
    at JSON.parse (<anonymous>)
    at /home/dotnet/.vscode/extensions/mohamedbenhida.laravel-intellisense-0.2.0/src/ViewItemProvider.ts:63:30
[2021-11-29 20:45:44.998] [renderer1] [error] Unexpected end of JSON input: SyntaxError: Unexpected end of JSON input
    at JSON.parse (<anonymous>)
    at /home/dotnet/.vscode/extensions/mohamedbenhida.laravel-intellisense-0.2.0/src/ViewItemProvider.ts:63:30
    at runMicrotasks (<anonymous>)
    at runNextTicks (internal/process/task_queues.js:58:5)
    at listOnTimeout (internal/timers.js:523:9)
    at processTimers (internal/timers.js:497:7)
[2021-11-29 20:45:44.998] [renderer1] [error] Unexpected end of JSON input: SyntaxError: Unexpected end of JSON input
    at JSON.parse (<anonymous>)
    at /home/dotnet/.vscode/extensions/mohamedbenhida.laravel-intellisense-0.2.0/src/ViewItemProvider.ts:63:30
[2021-11-29 20:45:48.085] [renderer1] [error] Unexpected end of JSON input: SyntaxError: Unexpected end of JSON input
    at JSON.parse (<anonymous>)
    at /home/dotnet/.vscode/extensions/mohamedbenhida.laravel-intellisense-0.2.0/src/ViewItemProvider.ts:63:30
[2021-11-29 20:45:49.998] [renderer1] [error] Unexpected end of JSON input: SyntaxError: Unexpected end of JSON input
    at JSON.parse (<anonymous>)
    at /home/dotnet/.vscode/extensions/mohamedbenhida.laravel-intellisense-0.2.0/src/ViewItemProvider.ts:63:30
    at runMicrotasks (<anonymous>)
    at runNextTicks (internal/process/task_queues.js:58:5)
    at listOnTimeout (internal/timers.js:523:9)
    at processTimers (internal/timers.js:497:7)
[2021-11-29 20:45:49.998] [renderer1] [error] Unexpected end of JSON input: SyntaxError: Unexpected end of JSON input
    at JSON.parse (<anonymous>)
    at /home/dotnet/.vscode/extensions/mohamedbenhida.laravel-intellisense-0.2.0/src/ViewItemProvider.ts:63:30
