Initializing document watcher...
soft1.myvirtualtours.io/resources/js/src/views/pages/whitelabel.vue: {}
soft1.myvirtualtours.io/resources/js/src/views/pages/whitelabel.vue: {}
soft1.myvirtualtours.io/resources/js/src/views/pages/whitelabel.vue: {}
soft1.myvirtualtours.io/database/migrations/2021_11_06_004543_create_whitelabels_table.php: {}
soft1.myvirtualtours.io/database/migrations/2021_11_06_004543_create_whitelabels_table.php: Using EditorConfig core...
soft1.myvirtualtours.io/database/migrations/2021_11_06_004543_create_whitelabels_table.php: Using EditorConfig core...
soft1.myvirtualtours.io/database/migrations/2021_11_06_004543_create_whitelabels_table.php: {}
soft1.myvirtualtours.io/database/migrations/2021_11_06_004543_create_whitelabels_table.php: {}
soft1.myvirtualtours.io/database/migrations/2021_11_06_004543_create_whitelabels_table.php: {}
soft1.myvirtualtours.io/resources/js/src/views/pages/whitelabel.vue: {}
soft1.myvirtualtours.io/resources/js/src/views/pages/whitelabel.vue: {}
soft1.myvirtualtours.io/resources/js/src/views/pages/whitelabel.vue: Using EditorConfig core...
soft1.myvirtualtours.io/resources/js/src/views/pages/whitelabel.vue: Using EditorConfig core...
soft1.myvirtualtours.io/resources/js/src/views/pages/whitelabel.vue: {}
soft1.myvirtualtours.io/resources/js/src/views/pages/whitelabel.vue: Using EditorConfig core...
soft1.myvirtualtours.io/resources/js/src/views/pages/whitelabel.vue: Using EditorConfig core...
soft1.myvirtualtours.io/resources/js/src/views/pages/whitelabel.vue: {}
soft1.myvirtualtours.io/resources/js/src/views/pages/whitelabel.vue: {}
soft1.myvirtualtours.io/resources/js/src/views/pages/whitelabel.vue: {}
soft1.myvirtualtours.io/resources/js/src/views/pages/Login.vue: {}
soft1.myvirtualtours.io/resources/js/src/store/actions.js: {}
soft1.myvirtualtours.io/routes/api.php: {}
soft1.myvirtualtours.io/app/Http/Controllers/API/UserController.php: {}
soft1.myvirtualtours.io/routes/api.php: {}
soft1.myvirtualtours.io/app/Http/Controllers/API/UserController.php: {}
soft1.myvirtualtours.io/routes/api.php: {}
soft1.myvirtualtours.io/app/Http/Controllers/API/UserController.php: {}
soft1.myvirtualtours.io/routes/api.php: {}
soft1.myvirtualtours.io/resources/js/src/store/actions.js: {}
soft1.myvirtualtours.io/routes/api.php: {}
soft1.myvirtualtours.io/resources/js/src/store/actions.js: {}
soft1.myvirtualtours.io/app/Http/Controllers/API/UserController.php: {}
soft1.myvirtualtours.io/resources/js/src/store/actions.js: {}
soft1.myvirtualtours.io/app/Http/Controllers/API/UserController.php: {}
soft1.myvirtualtours.io/resources/js/src/store/actions.js: {}
soft1.myvirtualtours.io/resources/js/src/store/actions.js: Using EditorConfig core...
soft1.myvirtualtours.io/resources/js/src/store/actions.js: {}
soft1.myvirtualtours.io/app/Http/Controllers/API/UserController.php: {}
soft1.myvirtualtours.io/app/Http/Controllers/API/UserController.php: Using EditorConfig core...
soft1.myvirtualtours.io/resources/js/src/store/actions.js: {}
soft1.myvirtualtours.io/resources/js/src/store/actions.js: Using EditorConfig core...
soft1.myvirtualtours.io/resources/js/src/store/actions.js: {}
soft1.myvirtualtours.io/resources/js/src/views/pages/Login.vue: {}
soft1.myvirtualtours.io/resources/js/src/views/pages/whitelabel.vue: {}
soft1.myvirtualtours.io/resources/js/src/views/pages/whitelabel.vue: Using EditorConfig core...
soft1.myvirtualtours.io/resources/js/src/store/actions.js: {}
soft1.myvirtualtours.io/resources/js/src/store/actions.js: Using EditorConfig core...
soft1.myvirtualtours.io/resources/js/src/store/actions.js: Using EditorConfig core...
soft1.myvirtualtours.io/resources/js/src/store/actions.js: {}
soft1.myvirtualtours.io/resources/js/src/store/actions.js: {}
soft1.myvirtualtours.io/resources/js/src/store/actions.js: Using EditorConfig core...
soft1.myvirtualtours.io/resources/js/src/store/actions.js: Using EditorConfig core...
soft1.myvirtualtours.io/resources/js/src/views/pages/whitelabel.vue: {}
soft1.myvirtualtours.io/resources/js/src/views/pages/whitelabel.vue: Using EditorConfig core...
soft1.myvirtualtours.io/resources/js/src/views/pages/whitelabel.vue: Using EditorConfig core...
soft1.myvirtualtours.io/resources/js/src/views/pages/whitelabel.vue: Using EditorConfig core...
soft1.myvirtualtours.io/resources/js/src/views/pages/whitelabel.vue: Using EditorConfig core...
soft1.myvirtualtours.io/resources/js/src/views/pages/whitelabel.vue: Using EditorConfig core...
soft1.myvirtualtours.io/resources/js/src/views/pages/whitelabel.vue: Using EditorConfig core...
soft1.myvirtualtours.io/resources/js/src/views/pages/whitelabel.vue: Using EditorConfig core...
soft1.myvirtualtours.io/resources/js/src/views/pages/whitelabel.vue: Using EditorConfig core...
soft1.myvirtualtours.io/resources/js/src/views/pages/whitelabel.vue: Using EditorConfig core...
soft1.myvirtualtours.io/resources/js/src/views/pages/whitelabel.vue: Using EditorConfig core...
soft1.myvirtualtours.io/resources/js/src/views/pages/whitelabel.vue: Using EditorConfig core...
soft1.myvirtualtours.io/resources/js/src/views/pages/whitelabel.vue: Using EditorConfig core...
soft1.myvirtualtours.io/resources/js/src/views/pages/whitelabel.vue: Using EditorConfig core...
soft1.myvirtualtours.io/resources/js/src/views/pages/whitelabel.vue: Using EditorConfig core...
soft1.myvirtualtours.io/resources/js/src/views/pages/whitelabel.vue: Using EditorConfig core...
soft1.myvirtualtours.io/resources/js/src/views/pages/whitelabel.vue: Using EditorConfig core...
soft1.myvirtualtours.io/resources/js/src/views/pages/whitelabel.vue: Using EditorConfig core...
soft1.myvirtualtours.io/resources/js/src/views/pages/whitelabel.vue: Using EditorConfig core...
soft1.myvirtualtours.io/resources/js/src/views/pages/whitelabel.vue: Using EditorConfig core...
soft1.myvirtualtours.io/resources/js/src/views/pages/whitelabel.vue: {}
soft1.myvirtualtours.io/resources/js/src/views/pages/whitelabel.vue: Using EditorConfig core...
soft1.myvirtualtours.io/resources/js/src/views/pages/whitelabel.vue: Using EditorConfig core...
soft1.myvirtualtours.io/resources/js/src/views/pages/whitelabel.vue: Using EditorConfig core...
soft1.myvirtualtours.io/resources/js/src/views/pages/whitelabel.vue: Using EditorConfig core...
soft1.myvirtualtours.io/app/Http/Controllers/API/WhitelabelController.php: {}
soft1.myvirtualtours.io/app/Http/Controllers/API/WhitelabelController.php: Using EditorConfig core...
soft1.myvirtualtours.io/app/Http/Controllers/API/WhitelabelController.php: Using EditorConfig core...
soft1.myvirtualtours.io/app/Http/Controllers/API/WhitelabelController.php: Using EditorConfig core...
soft1.myvirtualtours.io/app/Http/Controllers/API/WhitelabelController.php: Using EditorConfig core...
soft1.myvirtualtours.io/app/Http/Controllers/API/WhitelabelController.php: Using EditorConfig core...
soft1.myvirtualtours.io/resources/js/src/views/pages/whitelabel.vue: {}
soft1.myvirtualtours.io/resources/js/src/views/pages/whitelabel.vue: {}
soft1.myvirtualtours.io/app/Http/Controllers/API/UserController.php: {}
soft1.myvirtualtours.io/app/Http/Controllers/API/WhitelabelController.php: {}
soft1.myvirtualtours.io/database/migrations/2021_11_06_004543_create_whitelabels_table.php: {}
soft1.myvirtualtours.io/database/migrations/2021_11_06_004543_create_whitelabels_table.php: {}
soft1.myvirtualtours.io/database/migrations/2021_11_06_004543_create_whitelabels_table.php: {}
soft1.myvirtualtours.io/app/Http/Controllers/API/WhitelabelController.php: {}
soft1.myvirtualtours.io/app/Http/Controllers/API/UserController.php: {}
soft1.myvirtualtours.io/resources/js/src/views/pages/whitelabel.vue: {}
soft1.myvirtualtours.io/app/Http/Controllers/API/WhitelabelController.php: {}
soft1.myvirtualtours.io/routes/api.php: {}
soft1.myvirtualtours.io/app/Http/Controllers/API/WhitelabelController.php: {}
soft1.myvirtualtours.io/app/Http/Controllers/API/WhitelabelController.php: {}
soft1.myvirtualtours.io/app/Http/Controllers/API/WhitelabelController.php: {}
soft1.myvirtualtours.io/app/Http/Controllers/API/WhitelabelController.php: {}
soft1.myvirtualtours.io/resources/js/src/views/pages/whitelabel.vue: {}
soft1.myvirtualtours.io/resources/js/src/views/pages/whitelabel.vue: {}
soft1.myvirtualtours.io/resources/js/src/views/pages/whitelabel.vue: {}
soft1.myvirtualtours.io/resources/js/src/views/pages/whitelabel.vue: {}
soft1.myvirtualtours.io/resources/js/src/views/pages/whitelabel.vue: {}
soft1.myvirtualtours.io/resources/js/src/views/pages/whitelabel.vue: {}
/home/dotnet/.config/Code/User/keybindings.json: Using EditorConfig core...
soft1.myvirtualtours.io/resources/js/src/views/pages/whitelabel.vue: {}
/home/dotnet/.config/Code/User/keybindings.json: Using EditorConfig core...
soft1.myvirtualtours.io/resources/js/src/views/pages/whitelabel.vue: {}
soft1.myvirtualtours.io/resources/js/src/views/pages/whitelabel.vue: Using EditorConfig core...
soft1.myvirtualtours.io/resources/js/src/views/pages/whitelabel.vue: Using EditorConfig core...
soft1.myvirtualtours.io/resources/js/src/views/pages/whitelabel.vue: Using EditorConfig core...
soft1.myvirtualtours.io/resources/js/src/views/pages/whitelabel.vue: {}
soft1.myvirtualtours.io/resources/js/src/views/pages/whitelabel.vue: {}
soft1.myvirtualtours.io/resources/js/src/views/pages/whitelabel.vue: Using EditorConfig core...
soft1.myvirtualtours.io/resources/js/src/views/pages/whitelabel.vue: Using EditorConfig core...
soft1.myvirtualtours.io/resources/js/src/views/pages/whitelabel.vue: Using EditorConfig core...
soft1.myvirtualtours.io/resources/js/src/views/pages/whitelabel.vue: {}
soft1.myvirtualtours.io/resources/js/src/views/pages/whitelabel.vue: Using EditorConfig core...
soft1.myvirtualtours.io/resources/js/src/views/pages/whitelabel.vue: Using EditorConfig core...
soft1.myvirtualtours.io/resources/js/src/views/pages/whitelabel.vue: Using EditorConfig core...
soft1.myvirtualtours.io/resources/js/src/views/pages/whitelabel.vue: Using EditorConfig core...
soft1.myvirtualtours.io/resources/js/src/views/pages/whitelabel.vue: {}
soft1.myvirtualtours.io/resources/js/src/views/pages/whitelabel.vue: Using EditorConfig core...
soft1.myvirtualtours.io/resources/js/src/views/pages/whitelabel.vue: Using EditorConfig core...
soft1.myvirtualtours.io/resources/js/src/views/pages/whitelabel.vue: Using EditorConfig core...
soft1.myvirtualtours.io/resources/js/src/views/pages/whitelabel.vue: Using EditorConfig core...
soft1.myvirtualtours.io/resources/js/src/views/pages/whitelabel.vue: Using EditorConfig core...
soft1.myvirtualtours.io/resources/js/src/views/pages/whitelabel.vue: Using EditorConfig core...
soft1.myvirtualtours.io/resources/js/src/views/pages/whitelabel.vue: Using EditorConfig core...
soft1.myvirtualtours.io/resources/js/src/views/pages/whitelabel.vue: Using EditorConfig core...
soft1.myvirtualtours.io/resources/js/src/views/pages/whitelabel.vue: Using EditorConfig core...
soft1.myvirtualtours.io/resources/js/src/views/pages/whitelabel.vue: Using EditorConfig core...
soft1.myvirtualtours.io/resources/js/src/views/pages/whitelabel.vue: Using EditorConfig core...
soft1.myvirtualtours.io/resources/js/src/views/pages/whitelabel.vue: Using EditorConfig core...
soft1.myvirtualtours.io/resources/js/src/views/pages/whitelabel.vue: {}
soft1.myvirtualtours.io/resources/js/src/views/pages/whitelabel.vue: {}
soft1.myvirtualtours.io/resources/js/src/views/pages/whitelabel.vue: {}
soft1.myvirtualtours.io/resources/js/src/views/pages/whitelabel.vue: {}
soft1.myvirtualtours.io/resources/js/src/views/pages/whitelabel.vue: {}
soft1.myvirtualtours.io/resources/js/src/views/pages/whitelabel.vue: {}
soft1.myvirtualtours.io/resources/js/src/views/pages/whitelabel.vue: {}
soft1.myvirtualtours.io/resources/js/src/views/pages/whitelabel.vue: {}
soft1.myvirtualtours.io/resources/js/src/views/pages/whitelabel.vue: {}
soft1.myvirtualtours.io/resources/js/src/views/pages/whitelabel.vue: Using EditorConfig core...
soft1.myvirtualtours.io/resources/js/src/views/pages/whitelabel.vue: Using EditorConfig core...
soft1.myvirtualtours.io/resources/js/src/components/excel/ImportExcel.vue: {}
soft1.myvirtualtours.io/resources/js/src/views/embed.vue: {}
soft1.myvirtualtours.io/resources/js/src/components/excel/ImportExcel.vue: {}
soft1.myvirtualtours.io/resources/js/src/views/pages/whitelabel.vue: {}
soft1.myvirtualtours.io/resources/js/src/views/pages/whitelabel.vue: Using EditorConfig core...
soft1.myvirtualtours.io/resources/js/src/views/pages/whitelabel.vue: Using EditorConfig core...
soft1.myvirtualtours.io/resources/js/src/views/pages/whitelabel.vue: Using EditorConfig core...
soft1.myvirtualtours.io/resources/js/src/views/pages/whitelabel.vue: Using EditorConfig core...
soft1.myvirtualtours.io/resources/js/src/views/pages/whitelabel.vue: Using EditorConfig core...
soft1.myvirtualtours.io/resources/js/src/views/pages/whitelabel.vue: Using EditorConfig core...
soft1.myvirtualtours.io/resources/js/src/views/pages/whitelabel.vue: Using EditorConfig core...
soft1.myvirtualtours.io/resources/js/src/views/pages/whitelabel.vue: Using EditorConfig core...
soft1.myvirtualtours.io/resources/js/src/views/pages/whitelabel.vue: Using EditorConfig core...
soft1.myvirtualtours.io/resources/js/src/views/embed.vue: {}
soft1.myvirtualtours.io/resources/js/src/views/Faq.vue: {}
soft1.myvirtualtours.io/resources/js/src/views/preview-scene.vue: {}
soft1.myvirtualtours.io/resources/js/src/views/Reseller.vue: {}
soft1.myvirtualtours.io/resources/js/src/views/Youzign.vue: {}
soft1.myvirtualtours.io/resources/js/src/views/components/extra-components/clipboard/ClipboardDirective.vue: {}
soft1.myvirtualtours.io/resources/js/src/views/Youzign.vue: {}
soft1.myvirtualtours.io/resources/js/src/views/pages/whitelabel.vue: {}
soft1.myvirtualtours.io/resources/js/src/views/pages/whitelabel.vue: Using EditorConfig core...
soft1.myvirtualtours.io/resources/js/src/views/pages/whitelabel.vue: Using EditorConfig core...
soft1.myvirtualtours.io/resources/js/src/views/pages/whitelabel.vue: Using EditorConfig core...
soft1.myvirtualtours.io/resources/js/src/views/pages/whitelabel.vue: {}
soft1.myvirtualtours.io/resources/js/src/views/pages/whitelabel.vue: {}
soft1.myvirtualtours.io/resources/js/src/views/pages/Login.vue: {}
soft1.myvirtualtours.io/resources/js/src/views/pages/Login.vue: Using EditorConfig core...
soft1.myvirtualtours.io/resources/js/src/views/pages/Login.vue: Using EditorConfig core...
soft1.myvirtualtours.io/resources/js/src/views/pages/Login.vue: Using EditorConfig core...
soft1.myvirtualtours.io/resources/js/src/views/pages/Login.vue: Using EditorConfig core...
soft1.myvirtualtours.io/resources/js/src/views/pages/Login.vue: Using EditorConfig core...
soft1.myvirtualtours.io/resources/js/src/views/pages/Login.vue: Using EditorConfig core...
soft1.myvirtualtours.io/resources/js/src/views/pages/Login.vue: Using EditorConfig core...
soft1.myvirtualtours.io/resources/js/src/views/pages/Login.vue: Using EditorConfig core...
soft1.myvirtualtours.io/resources/js/src/views/pages/Login.vue: Using EditorConfig core...
soft1.myvirtualtours.io/resources/js/src/views/pages/Login.vue: Using EditorConfig core...
soft1.myvirtualtours.io/resources/js/src/views/pages/Login.vue: Using EditorConfig core...
soft1.myvirtualtours.io/resources/js/src/views/pages/Login.vue: Using EditorConfig core...
soft1.myvirtualtours.io/resources/js/src/views/pages/Login.vue: Using EditorConfig core...
soft1.myvirtualtours.io/resources/js/src/views/pages/Login.vue: Using EditorConfig core...
soft1.myvirtualtours.io/resources/js/src/views/pages/Login.vue: Using EditorConfig core...
soft1.myvirtualtours.io/resources/js/src/views/pages/Login.vue: Using EditorConfig core...
soft1.myvirtualtours.io/resources/js/src/views/pages/Login.vue: Using EditorConfig core...
soft1.myvirtualtours.io/resources/js/src/views/pages/Login.vue: Using EditorConfig core...
soft1.myvirtualtours.io/resources/js/src/views/pages/Login.vue: Using EditorConfig core...
soft1.myvirtualtours.io/resources/js/src/views/pages/Login.vue: Using EditorConfig core...
soft1.myvirtualtours.io/resources/js/src/views/pages/Login.vue: Using EditorConfig core...
soft1.myvirtualtours.io/resources/js/src/views/pages/Login.vue: Using EditorConfig core...
soft1.myvirtualtours.io/resources/js/src/views/pages/Login.vue: Using EditorConfig core...
soft1.myvirtualtours.io/resources/js/src/views/pages/Login.vue: Using EditorConfig core...
soft1.myvirtualtours.io/resources/js/src/views/pages/Login.vue: Using EditorConfig core...
soft1.myvirtualtours.io/resources/js/src/views/pages/Login.vue: Using EditorConfig core...
soft1.myvirtualtours.io/resources/js/src/views/pages/Login.vue: Using EditorConfig core...
soft1.myvirtualtours.io/resources/js/src/views/pages/Login.vue: Using EditorConfig core...
soft1.myvirtualtours.io/resources/js/src/views/pages/Login.vue: Using EditorConfig core...
soft1.myvirtualtours.io/resources/js/src/views/pages/Login.vue: Using EditorConfig core...
soft1.myvirtualtours.io/resources/js/src/views/pages/Login.vue: Using EditorConfig core...
soft1.myvirtualtours.io/resources/js/src/views/pages/Login.vue: Using EditorConfig core...
soft1.myvirtualtours.io/resources/js/src/views/pages/Login.vue: Using EditorConfig core...
soft1.myvirtualtours.io/resources/js/src/views/pages/Login.vue: Using EditorConfig core...
soft1.myvirtualtours.io/resources/js/src/views/pages/Login.vue: Using EditorConfig core...
soft1.myvirtualtours.io/resources/js/src/views/pages/Login.vue: Using EditorConfig core...
soft1.myvirtualtours.io/resources/js/src/views/pages/Login.vue: Using EditorConfig core...
soft1.myvirtualtours.io/resources/js/src/views/pages/Login.vue: Using EditorConfig core...
soft1.myvirtualtours.io/resources/js/src/views/pages/Login.vue: Using EditorConfig core...
soft1.myvirtualtours.io/resources/js/src/views/pages/Login.vue: Using EditorConfig core...
soft1.myvirtualtours.io/resources/js/src/views/pages/Login.vue: Using EditorConfig core...
soft1.myvirtualtours.io/resources/js/src/views/pages/Login.vue: Using EditorConfig core...
soft1.myvirtualtours.io/resources/js/src/views/pages/Login.vue: Using EditorConfig core...
soft1.myvirtualtours.io/resources/js/src/views/pages/Login.vue: Using EditorConfig core...
soft1.myvirtualtours.io/resources/js/src/views/pages/Login.vue: Using EditorConfig core...
soft1.myvirtualtours.io/resources/js/src/views/pages/Login.vue: Using EditorConfig core...
soft1.myvirtualtours.io/resources/js/src/views/pages/Login.vue: Using EditorConfig core...
soft1.myvirtualtours.io/resources/js/src/views/pages/Login.vue: Using EditorConfig core...
soft1.myvirtualtours.io/resources/js/src/views/pages/Login.vue: Using EditorConfig core...
soft1.myvirtualtours.io/resources/js/src/views/pages/Login.vue: Using EditorConfig core...
soft1.myvirtualtours.io/resources/js/src/views/pages/Login.vue: Using EditorConfig core...
soft1.myvirtualtours.io/resources/js/src/views/pages/Login.vue: Using EditorConfig core...
soft1.myvirtualtours.io/resources/js/src/views/pages/Login.vue: Using EditorConfig core...
soft1.myvirtualtours.io/resources/js/src/views/pages/Login.vue: Using EditorConfig core...
soft1.myvirtualtours.io/resources/js/src/views/pages/Login.vue: Using EditorConfig core...
soft1.myvirtualtours.io/resources/js/src/views/pages/Login.vue: Using EditorConfig core...
soft1.myvirtualtours.io/resources/js/src/views/pages/Login.vue: Using EditorConfig core...
soft1.myvirtualtours.io/resources/js/src/views/pages/Login.vue: Using EditorConfig core...
soft1.myvirtualtours.io/resources/js/src/views/pages/Login.vue: Using EditorConfig core...
soft1.myvirtualtours.io/resources/js/src/views/pages/Login.vue: Using EditorConfig core...
soft1.myvirtualtours.io/resources/js/src/views/pages/Login.vue: Using EditorConfig core...
soft1.myvirtualtours.io/resources/js/src/views/pages/Login.vue: Using EditorConfig core...
soft1.myvirtualtours.io/resources/js/src/views/pages/Login.vue: Using EditorConfig core...
soft1.myvirtualtours.io/resources/js/src/views/pages/Login.vue: {}
soft1.myvirtualtours.io/resources/js/src/views/pages/Login.vue: Using EditorConfig core...
soft1.myvirtualtours.io/resources/js/src/views/pages/Login.vue: Using EditorConfig core...
soft1.myvirtualtours.io/resources/js/src/views/pages/Login.vue: Using EditorConfig core...
soft1.myvirtualtours.io/resources/js/src/views/pages/Login.vue: Using EditorConfig core...
soft1.myvirtualtours.io/resources/js/src/views/pages/Login.vue: Using EditorConfig core...
soft1.myvirtualtours.io/resources/js/src/views/pages/Login.vue: Using EditorConfig core...
soft1.myvirtualtours.io/resources/js/src/views/pages/Login.vue: {}
soft1.myvirtualtours.io/resources/js/src/views/pages/Login.vue: {}
soft1.myvirtualtours.io/resources/js/src/views/pages/Login.vue: {}
soft1.myvirtualtours.io/resources/js/src/views/pages/Login.vue: {}
soft1.myvirtualtours.io/resources/js/src/views/pages/whitelabel.vue: {}
soft1.myvirtualtours.io/resources/js/src/views/pages/whitelabel.vue: {}
soft1.myvirtualtours.io/resources/js/src/views/pages/Login.vue: {}
soft1.myvirtualtours.io/resources/js/src/views/pages/Login.vue: {}
soft1.myvirtualtours.io/resources/js/src/views/pages/Login.vue: Using EditorConfig core...
soft1.myvirtualtours.io/resources/js/src/views/pages/Login.vue: Using EditorConfig core...
soft1.myvirtualtours.io/resources/sass/vuexy/_themes.scss: {}
soft1.myvirtualtours.io/resources/sass/vuexy/_themes.scss: Using EditorConfig core...
soft1.myvirtualtours.io/resources/sass/vuexy/_themes.scss: {}
soft1.myvirtualtours.io/resources/js/src/views/pages/whitelabel.vue: {}
soft1.myvirtualtours.io/resources/js/src/views/pages/whitelabel.vue: {}
soft1.myvirtualtours.io/resources/js/src/views/pages/whitelabel.vue: {}
soft1.myvirtualtours.io/resources/js/src/views/pages/whitelabel.vue: {}
soft1.myvirtualtours.io/resources/js/src/views/pages/whitelabel.vue: {}
soft1.myvirtualtours.io/resources/js/src/views/pages/whitelabel.vue: {}
soft1.myvirtualtours.io/resources/js/src/views/pages/Login.vue: {}
soft1.myvirtualtours.io/resources/js/src/views/pages/Login.vue: Using EditorConfig core...
soft1.myvirtualtours.io/resources/js/src/views/dashboard.vue: {}
soft1.myvirtualtours.io/resources/js/src/views/dashboard.vue: Using EditorConfig core...
soft1.myvirtualtours.io/resources/js/src/views/dashboard.vue: Using EditorConfig core...
soft1.myvirtualtours.io/resources/js/src/views/dashboard.vue: Using EditorConfig core...
soft1.myvirtualtours.io/resources/js/src/views/dashboard.vue: Using EditorConfig core...
soft1.myvirtualtours.io/resources/js/src/views/dashboard.vue: Using EditorConfig core...
soft1.myvirtualtours.io/resources/js/src/views/dashboard.vue: Using EditorConfig core...
soft1.myvirtualtours.io/resources/js/src/views/dashboard.vue: Using EditorConfig core...
soft1.myvirtualtours.io/resources/js/src/views/dashboard.vue: Using EditorConfig core...
soft1.myvirtualtours.io/resources/js/src/views/dashboard.vue: Using EditorConfig core...
soft1.myvirtualtours.io/resources/js/src/views/dashboard.vue: Using EditorConfig core...
soft1.myvirtualtours.io/resources/js/src/views/dashboard.vue: {}
soft1.myvirtualtours.io/resources/js/src/views/dashboard.vue: Using EditorConfig core...
soft1.myvirtualtours.io/resources/js/src/views/dashboard.vue: {}
soft1.myvirtualtours.io/resources/js/src/views/dashboard.vue: Using EditorConfig core...
soft1.myvirtualtours.io/resources/js/src/views/dashboard.vue: {}
soft1.myvirtualtours.io/resources/js/src/views/dashboard.vue: Using EditorConfig core...
soft1.myvirtualtours.io/resources/js/src/views/dashboard.vue: Using EditorConfig core...
soft1.myvirtualtours.io/resources/js/src/views/dashboard.vue: Using EditorConfig core...
soft1.myvirtualtours.io/resources/js/src/views/dashboard.vue: Using EditorConfig core...
soft1.myvirtualtours.io/resources/js/src/views/dashboard.vue: Using EditorConfig core...
soft1.myvirtualtours.io/resources/js/src/views/dashboard.vue: Using EditorConfig core...
soft1.myvirtualtours.io/resources/js/src/views/dashboard.vue: Using EditorConfig core...
soft1.myvirtualtours.io/resources/js/src/views/dashboard.vue: Using EditorConfig core...
soft1.myvirtualtours.io/resources/js/src/views/dashboard.vue: Using EditorConfig core...
soft1.myvirtualtours.io/resources/js/src/router.js: {}
soft1.myvirtualtours.io/resources/js/src/views/Bonus.vue: {}
soft1.myvirtualtours.io/resources/js/src/views/Bonus.vue: Using EditorConfig core...
soft1.myvirtualtours.io/resources/js/src/router.js: {}
soft1.myvirtualtours.io/resources/js/src/views/dashboard.vue: {}
soft1.myvirtualtours.io/resources/js/src/views/dashboard.vue: Using EditorConfig core...
soft1.myvirtualtours.io/resources/js/src/views/dashboard.vue: Using EditorConfig core...
soft1.myvirtualtours.io/resources/js/src/views/dashboard.vue: Using EditorConfig core...
soft1.myvirtualtours.io/resources/js/src/views/dashboard.vue: Using EditorConfig core...
soft1.myvirtualtours.io/resources/js/src/views/dashboard.vue: Using EditorConfig core...
soft1.myvirtualtours.io/resources/js/src/views/dashboard.vue: {}
soft1.myvirtualtours.io/resources/js/src/views/dashboard.vue: {}
soft1.myvirtualtours.io/resources/js/src/views/pages/Login.vue: {}
soft1.myvirtualtours.io/resources/js/src/views/pages/Login.vue: {}
soft1.myvirtualtours.io/resources/js/src/views/pages/Login.vue: {}
soft1.myvirtualtours.io/resources/js/src/views/pages/Login.vue: {}
soft1.myvirtualtours.io/resources/js/src/views/pages/Login.vue: {}
soft1.myvirtualtours.io/resources/js/src/views/pages/Login.vue: {}
soft1.myvirtualtours.io/resources/js/src/views/pages/Login.vue: Using EditorConfig core...
soft1.myvirtualtours.io/resources/js/src/views/pages/Login.vue: Using EditorConfig core...
soft1.myvirtualtours.io/resources/js/src/views/pages/Login.vue: Using EditorConfig core...
soft1.myvirtualtours.io/resources/js/src/views/pages/Login.vue: {}
soft1.myvirtualtours.io/resources/js/src/views/pages/Login.vue: {}
soft1.myvirtualtours.io/resources/js/src/views/pages/Login.vue: {}
soft1.myvirtualtours.io/resources/sass/vuexy/_themes.scss: {}
soft1.myvirtualtours.io/resources/js/src/views/dashboard.vue: {}
soft1.myvirtualtours.io/resources/js/src/views/Bonus.vue: {}
soft1.myvirtualtours.io/resources/js/src/views/Bonus.vue: {}
soft1.myvirtualtours.io/resources/js/src/views/Bonus.vue: {}
soft1.myvirtualtours.io/resources/js/src/views/Bonus.vue: {}
soft1.myvirtualtours.io/resources/js/src/views/Bonus.vue: {}
soft1.myvirtualtours.io/resources/js/src/views/pages/new.vue: {}
soft1.myvirtualtours.io/resources/js/src/views/pages/new.vue: Using EditorConfig core...
soft1.myvirtualtours.io/resources/js/src/views/pages/new.vue: Using EditorConfig core...
soft1.myvirtualtours.io/resources/sass/vuexy/_themes.scss: {}
soft1.myvirtualtours.io/resources/sass/vuexy/_variables.scss: {}
soft1.myvirtualtours.io/resources/sass/vuexy/_variables.scss: Using EditorConfig core...
soft1.myvirtualtours.io/resources/sass/vuexy/_variables.scss: Using EditorConfig core...
soft1.myvirtualtours.io/resources/sass/vuexy/_variables.scss: {}
soft1.myvirtualtours.io/resources/sass/vuexy/_variables.scss: Using EditorConfig core...
soft1.myvirtualtours.io/resources/sass/vuexy/_variables.scss: {}
soft1.myvirtualtours.io/resources/sass/vuexy/_variables.scss: {}
soft1.myvirtualtours.io/resources/js/src/views/pages/new.vue: {}
soft1.myvirtualtours.io/resources/sass/vuexy/_variables.scss: {}
soft1.myvirtualtours.io/resources/sass/vuexy/_variables.scss: {}
No more open editors.
soft1.myvirtualtours.io/app/Http/Controllers/Auth/ResetPasswordController.php: {}
soft1.myvirtualtours.io/app/Mail/PasswordResete.php: {}
soft1.myvirtualtours.io/app/Http/Controllers/Auth/ForgotPasswordController.php: {}
soft1.myvirtualtours.io/app/Http/api/UserController.php: {}
soft1.myvirtualtours.io/app/Http/api/UserController.php: {}
soft1.myvirtualtours.io/app/Http/api/UserController.php: Using EditorConfig core...
soft1.myvirtualtours.io/app/Http/api/UserController.php: Using EditorConfig core...
soft1.myvirtualtours.io/app/Http/api/UserController.php: Using EditorConfig core...
soft1.myvirtualtours.io/resources/js/src/views/pages/passwordReset.vue: {}
soft1.myvirtualtours.io/resources/js/src/views/pages/passwordReset.vue: Using EditorConfig core...
soft1.myvirtualtours.io/resources/js/src/views/pages/passwordReset.vue: Using EditorConfig core...
soft1.myvirtualtours.io/resources/js/src/views/pages/passwordReset.vue: Using EditorConfig core...
soft1.myvirtualtours.io/resources/js/src/views/pages/passwordReset.vue: Using EditorConfig core...
soft1.myvirtualtours.io/resources/js/src/views/pages/passwordReset.vue: Using EditorConfig core...
soft1.myvirtualtours.io/resources/js/src/views/pages/passwordReset.vue: Using EditorConfig core...
soft1.myvirtualtours.io/resources/js/src/views/pages/passwordReset.vue: {}
soft1.myvirtualtours.io/resources/js/src/views/pages/passwordReset.vue: {}
soft1.myvirtualtours.io/resources/js/src/views/pages/passwordReset.vue: {}
soft1.myvirtualtours.io/app/Http/api/UserController.php: {}
soft1.myvirtualtours.io/resources/js/src/views/pages/new.vue: {}
soft1.myvirtualtours.io/resources/js/src/views/pages/new.vue: Using EditorConfig core...
soft1.myvirtualtours.io/resources/js/src/views/pages/new.vue: Using EditorConfig core...
soft1.myvirtualtours.io/resources/js/src/views/pages/new.vue: Using EditorConfig core...
soft1.myvirtualtours.io/resources/js/src/views/pages/new.vue: Using EditorConfig core...
soft1.myvirtualtours.io/resources/js/src/views/pages/new.vue: Using EditorConfig core...
soft1.myvirtualtours.io/resources/js/src/views/pages/new.vue: Using EditorConfig core...
soft1.myvirtualtours.io/resources/js/src/views/pages/new.vue: Using EditorConfig core...
soft1.myvirtualtours.io/resources/js/src/views/pages/new.vue: Using EditorConfig core...
soft1.myvirtualtours.io/resources/js/src/views/pages/new.vue: Using EditorConfig core...
soft1.myvirtualtours.io/resources/js/src/views/pages/new.vue: Using EditorConfig core...
soft1.myvirtualtours.io/resources/js/src/views/pages/new.vue: Using EditorConfig core...
soft1.myvirtualtours.io/resources/js/src/views/pages/new.vue: Using EditorConfig core...
soft1.myvirtualtours.io/resources/js/src/views/pages/new.vue: Using EditorConfig core...
soft1.myvirtualtours.io/resources/js/src/views/pages/new.vue: Using EditorConfig core...
soft1.myvirtualtours.io/resources/js/src/views/pages/new.vue: Using EditorConfig core...
soft1.myvirtualtours.io/resources/js/src/views/pages/new.vue: Using EditorConfig core...
soft1.myvirtualtours.io/resources/js/src/views/pages/new.vue: Using EditorConfig core...
soft1.myvirtualtours.io/resources/js/src/views/pages/new.vue: Using EditorConfig core...
soft1.myvirtualtours.io/resources/js/src/views/pages/new.vue: Using EditorConfig core...
soft1.myvirtualtours.io/resources/js/src/views/pages/new.vue: Using EditorConfig core...
soft1.myvirtualtours.io/resources/js/src/views/pages/new.vue: Using EditorConfig core...
soft1.myvirtualtours.io/resources/js/src/views/pages/new.vue: Using EditorConfig core...
soft1.myvirtualtours.io/resources/js/src/views/pages/new.vue: Using EditorConfig core...
soft1.myvirtualtours.io/resources/js/src/views/pages/new.vue: Using EditorConfig core...
soft1.myvirtualtours.io/resources/js/src/views/pages/new.vue: Using EditorConfig core...
soft1.myvirtualtours.io/resources/js/src/views/pages/new.vue: Using EditorConfig core...
soft1.myvirtualtours.io/resources/js/src/views/pages/new.vue: Using EditorConfig core...
soft1.myvirtualtours.io/resources/js/src/views/pages/new.vue: Using EditorConfig core...
soft1.myvirtualtours.io/resources/js/src/views/pages/new.vue: Using EditorConfig core...
soft1.myvirtualtours.io/resources/js/src/views/pages/new.vue: Using EditorConfig core...
soft1.myvirtualtours.io/resources/js/src/views/pages/new.vue: Using EditorConfig core...
soft1.myvirtualtours.io/resources/js/src/views/pages/new.vue: {}
soft1.myvirtualtours.io/resources/js/src/views/pages/new.vue: Using EditorConfig core...
soft1.myvirtualtours.io/resources/js/src/views/pages/new.vue: Using EditorConfig core...
soft1.myvirtualtours.io/resources/js/src/views/pages/new.vue: Using EditorConfig core...
soft1.myvirtualtours.io/resources/js/src/views/pages/new.vue: Using EditorConfig core...
soft1.myvirtualtours.io/resources/js/src/views/pages/new.vue: Using EditorConfig core...
soft1.myvirtualtours.io/resources/js/src/views/pages/new.vue: Using EditorConfig core...
soft1.myvirtualtours.io/resources/js/src/views/pages/new.vue: Using EditorConfig core...
soft1.myvirtualtours.io/resources/js/src/views/pages/new.vue: Using EditorConfig core...
soft1.myvirtualtours.io/resources/js/src/views/pages/new.vue: Using EditorConfig core...
soft1.myvirtualtours.io/resources/js/src/views/pages/new.vue: Using EditorConfig core...
soft1.myvirtualtours.io/resources/js/src/views/pages/new.vue: Using EditorConfig core...
soft1.myvirtualtours.io/resources/js/src/views/pages/new.vue: Using EditorConfig core...
soft1.myvirtualtours.io/resources/js/src/views/pages/new.vue: Using EditorConfig core...
soft1.myvirtualtours.io/resources/js/src/views/pages/new.vue: Using EditorConfig core...
soft1.myvirtualtours.io/resources/js/src/views/pages/new.vue: Using EditorConfig core...
soft1.myvirtualtours.io/resources/js/src/views/pages/new.vue: Using EditorConfig core...
soft1.myvirtualtours.io/resources/js/src/views/pages/new.vue: Using EditorConfig core...
soft1.myvirtualtours.io/resources/js/src/views/pages/new.vue: Using EditorConfig core...
soft1.myvirtualtours.io/resources/js/src/views/pages/new.vue: Using EditorConfig core...
soft1.myvirtualtours.io/resources/js/src/views/pages/new.vue: Using EditorConfig core...
soft1.myvirtualtours.io/resources/js/src/views/pages/new.vue: Using EditorConfig core...
soft1.myvirtualtours.io/resources/js/src/views/pages/new.vue: Using EditorConfig core...
soft1.myvirtualtours.io/resources/js/src/views/pages/new.vue: {}
soft1.myvirtualtours.io/resources/js/src/views/pages/new.vue: Using EditorConfig core...
soft1.myvirtualtours.io/resources/js/src/views/pages/new.vue: Using EditorConfig core...
soft1.myvirtualtours.io/resources/js/src/views/pages/new.vue: Using EditorConfig core...
soft1.myvirtualtours.io/resources/js/src/views/pages/new.vue: Using EditorConfig core...
soft1.myvirtualtours.io/resources/js/src/views/pages/new.vue: Using EditorConfig core...
soft1.myvirtualtours.io/resources/js/src/views/pages/new.vue: Using EditorConfig core...
soft1.myvirtualtours.io/resources/js/src/views/pages/new.vue: Using EditorConfig core...
soft1.myvirtualtours.io/resources/js/src/views/pages/new.vue: Using EditorConfig core...
soft1.myvirtualtours.io/resources/js/src/views/pages/new.vue: Using EditorConfig core...
soft1.myvirtualtours.io/resources/js/src/views/pages/new.vue: Using EditorConfig core...
soft1.myvirtualtours.io/resources/js/src/views/pages/new.vue: Using EditorConfig core...
soft1.myvirtualtours.io/resources/js/src/views/pages/new.vue: Using EditorConfig core...
soft1.myvirtualtours.io/resources/js/src/views/pages/new.vue: Using EditorConfig core...
soft1.myvirtualtours.io/resources/js/src/views/pages/new.vue: Using EditorConfig core...
soft1.myvirtualtours.io/resources/js/src/views/pages/new.vue: Using EditorConfig core...
soft1.myvirtualtours.io/resources/js/src/views/pages/new.vue: Using EditorConfig core...
soft1.myvirtualtours.io/resources/js/src/views/pages/new.vue: Using EditorConfig core...
soft1.myvirtualtours.io/resources/js/src/views/pages/new.vue: Using EditorConfig core...
soft1.myvirtualtours.io/resources/js/src/views/pages/new.vue: Using EditorConfig core...
soft1.myvirtualtours.io/resources/js/src/views/pages/new.vue: Using EditorConfig core...
soft1.myvirtualtours.io/resources/js/src/views/pages/new.vue: Using EditorConfig core...
soft1.myvirtualtours.io/resources/js/src/views/pages/new.vue: Using EditorConfig core...
soft1.myvirtualtours.io/resources/js/src/views/pages/new.vue: Using EditorConfig core...
soft1.myvirtualtours.io/resources/js/src/views/pages/new.vue: Using EditorConfig core...
soft1.myvirtualtours.io/resources/js/src/views/pages/new.vue: Using EditorConfig core...
soft1.myvirtualtours.io/resources/js/src/views/pages/new.vue: {}
soft1.myvirtualtours.io/resources/js/src/views/pages/passwordReset.vue: {}
soft1.myvirtualtours.io/app/Http/api/UserController.php: {}
soft1.myvirtualtours.io/app/Http/api/UserController.php: {}
soft1.myvirtualtours.io/app/Http/api/UserController.php: {}
soft1.myvirtualtours.io/app/Http/api/UserController.php: {}
soft1.myvirtualtours.io/app/Http/api/UserController.php: {}
soft1.myvirtualtours.io/resources/js/src/views/pages/Login.vue: {}
soft1.myvirtualtours.io/resources/js/src/views/pages/Login.vue: Using EditorConfig core...
soft1.myvirtualtours.io/resources/js/src/views/pages/Login.vue: {}
soft1.myvirtualtours.io/resources/js/src/views/pages/Login.vue: {}
soft1.myvirtualtours.io/resources/js/src/views/pages/Login.vue: Using EditorConfig core...
soft1.myvirtualtours.io/resources/js/src/views/pages/Login.vue: Using EditorConfig core...
soft1.myvirtualtours.io/resources/js/src/views/pages/Login.vue: Using EditorConfig core...
soft1.myvirtualtours.io/resources/js/src/views/pages/Login.vue: Using EditorConfig core...
soft1.myvirtualtours.io/resources/js/src/views/pages/Login.vue: Using EditorConfig core...
soft1.myvirtualtours.io/resources/js/src/views/pages/Login.vue: Using EditorConfig core...
soft1.myvirtualtours.io/resources/js/src/views/pages/Login.vue: Using EditorConfig core...
soft1.myvirtualtours.io/resources/js/src/views/pages/Login.vue: {}
soft1.myvirtualtours.io/resources/js/src/views/pages/Login.vue: Using EditorConfig core...
soft1.myvirtualtours.io/resources/js/src/views/pages/Login.vue: {}
soft1.myvirtualtours.io/resources/js/src/views/pages/Login.vue: Using EditorConfig core...
soft1.myvirtualtours.io/resources/js/src/views/pages/Login.vue: Using EditorConfig core...
soft1.myvirtualtours.io/resources/js/src/views/pages/Login.vue: Using EditorConfig core...
soft1.myvirtualtours.io/resources/js/src/views/pages/Login.vue: Using EditorConfig core...
soft1.myvirtualtours.io/resources/js/src/views/pages/Login.vue: Using EditorConfig core...
soft1.myvirtualtours.io/resources/js/src/views/pages/Login.vue: Using EditorConfig core...
soft1.myvirtualtours.io/resources/js/src/views/pages/Login.vue: Using EditorConfig core...
soft1.myvirtualtours.io/resources/js/src/views/pages/Login.vue: Using EditorConfig core...
soft1.myvirtualtours.io/resources/js/src/views/pages/Login.vue: Using EditorConfig core...
soft1.myvirtualtours.io/resources/js/src/views/pages/Login.vue: {}
soft1.myvirtualtours.io/resources/js/src/views/pages/Login.vue: {}
soft1.myvirtualtours.io/resources/js/src/views/pages/Login.vue: {}
soft1.myvirtualtours.io/resources/js/src/views/pages/Login.vue: {}
soft1.myvirtualtours.io/resources/js/src/views/pages/Login.vue: {}
soft1.myvirtualtours.io/resources/js/src/views/pages/Login.vue: {}
soft1.myvirtualtours.io/resources/js/src/views/pages/Login.vue: {}
soft1.myvirtualtours.io/resources/js/src/views/pages/Login.vue: {}
soft1.myvirtualtours.io/resources/js/src/views/pages/Login.vue: {}
soft1.myvirtualtours.io/resources/js/src/views/pages/Login.vue: {}
soft1.myvirtualtours.io/resources/js/src/views/pages/Login.vue: Using EditorConfig core...
soft1.myvirtualtours.io/resources/js/src/views/pages/Login.vue: {}
soft1.myvirtualtours.io/resources/js/src/views/pages/Login.vue: {}
soft1.myvirtualtours.io/resources/js/src/views/pages/Login.vue: {}
soft1.myvirtualtours.io/resources/js/src/views/pages/Login.vue: {}
soft1.myvirtualtours.io/resources/js/src/views/pages/Login.vue: {}
soft1.myvirtualtours.io/resources/js/src/views/pages/Login.vue: {}
soft1.myvirtualtours.io/resources/js/src/views/pages/Login.vue: {}
soft1.myvirtualtours.io/resources/js/src/views/pages/Login.vue: Using EditorConfig core...
soft1.myvirtualtours.io/resources/js/src/views/pages/Login.vue: {}
soft1.myvirtualtours.io/resources/js/src/views/pages/Login.vue: {}
soft1.myvirtualtours.io/resources/js/src/views/pages/Login.vue: {}
soft1.myvirtualtours.io/resources/js/src/views/pages/Login.vue: {}
soft1.myvirtualtours.io/resources/js/src/views/pages/Login.vue: {}
soft1.myvirtualtours.io/resources/js/src/views/pages/Login.vue: {}
soft1.myvirtualtours.io/resources/js/src/views/pages/passwordReset.vue: {}
soft1.myvirtualtours.io/resources/js/src/views/pages/passwordReset.vue: Using EditorConfig core...
soft1.myvirtualtours.io/resources/js/src/views/pages/passwordReset.vue: Using EditorConfig core...
soft1.myvirtualtours.io/resources/js/src/views/pages/passwordReset.vue: Using EditorConfig core...
soft1.myvirtualtours.io/resources/js/src/views/pages/passwordReset.vue: Using EditorConfig core...
soft1.myvirtualtours.io/resources/js/src/views/pages/passwordReset.vue: Using EditorConfig core...
soft1.myvirtualtours.io/resources/js/src/views/pages/passwordReset.vue: Using EditorConfig core...
soft1.myvirtualtours.io/resources/js/src/views/pages/passwordReset.vue: Using EditorConfig core...
soft1.myvirtualtours.io/resources/js/src/views/pages/passwordReset.vue: {}
soft1.myvirtualtours.io/resources/js/src/views/pages/passwordReset.vue: Using EditorConfig core...
soft1.myvirtualtours.io/app/Http/Controllers/API/UserController.php: {}
soft1.myvirtualtours.io/app/Http/Controllers/API/UserController.php: Using EditorConfig core...
soft1.myvirtualtours.io/app/Http/Controllers/API/UserController.php: Using EditorConfig core...
soft1.myvirtualtours.io/app/Http/Controllers/API/UserController.php: Using EditorConfig core...
soft1.myvirtualtours.io/resources/js/src/router.js: {}
soft1.myvirtualtours.io/resources/js/src/router.js: Using EditorConfig core...
soft1.myvirtualtours.io/resources/js/src/router.js: Using EditorConfig core...
soft1.myvirtualtours.io/resources/js/src/views/pages/change_password.vue: {}
soft1.myvirtualtours.io/resources/js/src/views/pages/change_password.vue: Using EditorConfig core...
soft1.myvirtualtours.io/resources/js/src/views/pages/change_password.vue: Using EditorConfig core...
soft1.myvirtualtours.io/resources/js/src/views/pages/change_password.vue: Using EditorConfig core...
soft1.myvirtualtours.io/resources/js/src/views/pages/change_password.vue: Using EditorConfig core...
soft1.myvirtualtours.io/resources/js/src/views/pages/change_password.vue: Using EditorConfig core...
soft1.myvirtualtours.io/resources/js/src/views/pages/change_password.vue: Using EditorConfig core...
soft1.myvirtualtours.io/resources/js/src/views/pages/change_password.vue: Using EditorConfig core...
soft1.myvirtualtours.io/resources/js/src/views/pages/change_password.vue: Using EditorConfig core...
soft1.myvirtualtours.io/resources/js/src/views/pages/change_password.vue: Using EditorConfig core...
soft1.myvirtualtours.io/resources/js/src/views/pages/change_password.vue: Using EditorConfig core...
soft1.myvirtualtours.io/resources/js/src/views/pages/passwordReset.vue: {}
soft1.myvirtualtours.io/resources/js/src/views/pages/passwordReset.vue: Using EditorConfig core...
soft1.myvirtualtours.io/resources/js/src/views/pages/passwordReset.vue: Using EditorConfig core...
soft1.myvirtualtours.io/resources/js/src/views/pages/passwordReset.vue: Using EditorConfig core...
soft1.myvirtualtours.io/resources/js/src/views/pages/passwordReset.vue: Using EditorConfig core...
soft1.myvirtualtours.io/resources/js/src/views/pages/passwordReset.vue: Using EditorConfig core...
soft1.myvirtualtours.io/resources/js/src/views/pages/passwordReset.vue: Using EditorConfig core...
soft1.myvirtualtours.io/resources/js/src/views/pages/passwordReset.vue: Using EditorConfig core...
soft1.myvirtualtours.io/resources/js/src/views/pages/passwordReset.vue: Using EditorConfig core...
soft1.myvirtualtours.io/resources/js/src/views/pages/change_password.vue: {}
soft1.myvirtualtours.io/resources/js/src/views/pages/change_password.vue: Using EditorConfig core...
soft1.myvirtualtours.io/resources/js/src/views/pages/passwordReset.vue: {}
soft1.myvirtualtours.io/resources/js/src/views/pages/change_password.vue: {}
soft1.myvirtualtours.io/resources/js/src/views/pages/change_password.vue: Using EditorConfig core...
soft1.myvirtualtours.io/resources/js/src/views/pages/change_password.vue: Using EditorConfig core...
soft1.myvirtualtours.io/resources/js/src/views/pages/change_password.vue: Using EditorConfig core...
soft1.myvirtualtours.io/resources/js/src/views/pages/change_password.vue: Using EditorConfig core...
soft1.myvirtualtours.io/resources/js/src/views/pages/change_password.vue: Using EditorConfig core...
soft1.myvirtualtours.io/resources/js/src/views/pages/change_password.vue: Using EditorConfig core...
soft1.myvirtualtours.io/resources/js/src/views/pages/change_password.vue: Using EditorConfig core...
soft1.myvirtualtours.io/resources/js/src/views/pages/change_password.vue: Using EditorConfig core...
soft1.myvirtualtours.io/resources/js/src/views/pages/change_password.vue: Using EditorConfig core...
soft1.myvirtualtours.io/resources/js/src/views/pages/change_password.vue: Using EditorConfig core...
soft1.myvirtualtours.io/resources/js/src/views/pages/change_password.vue: Using EditorConfig core...
soft1.myvirtualtours.io/resources/js/src/views/pages/change_password.vue: Using EditorConfig core...
soft1.myvirtualtours.io/resources/js/src/views/pages/change_password.vue: Using EditorConfig core...
soft1.myvirtualtours.io/resources/js/src/views/pages/change_password.vue: Using EditorConfig core...
soft1.myvirtualtours.io/resources/js/src/views/pages/change_password.vue: Using EditorConfig core...
soft1.myvirtualtours.io/resources/js/src/views/pages/change_password.vue: Using EditorConfig core...
soft1.myvirtualtours.io/resources/js/src/views/pages/change_password.vue: Using EditorConfig core...
soft1.myvirtualtours.io/resources/js/src/views/pages/change_password.vue: Using EditorConfig core...
soft1.myvirtualtours.io/resources/js/src/views/pages/change_password.vue: Using EditorConfig core...
soft1.myvirtualtours.io/resources/js/src/views/pages/passwordReset.vue: {}
soft1.myvirtualtours.io/resources/js/src/views/pages/change_password.vue: {}
soft1.myvirtualtours.io/app/Http/Controllers/API/UserController.php: {}
soft1.myvirtualtours.io/app/Http/Controllers/API/UserController.php: {}
soft1.myvirtualtours.io/app/Http/Controllers/API/UserController.php: Using EditorConfig core...
soft1.myvirtualtours.io/app/Http/Controllers/API/UserController.php: {}
soft1.myvirtualtours.io/app/Http/Controllers/API/UserController.php: {}
soft1.myvirtualtours.io/resources/js/src/views/pages/change_password.vue: {}
soft1.myvirtualtours.io/resources/js/src/views/pages/passwordReset.vue: {}
soft1.myvirtualtours.io/resources/js/src/views/pages/passwordReset.vue: {}
soft1.myvirtualtours.io/resources/js/src/views/pages/passwordReset.vue: {}
soft1.myvirtualtours.io/resources/js/src/views/dashboard.vue: {}
soft1.myvirtualtours.io/resources/js/src/views/dashboard.vue: Using EditorConfig core...
soft1.myvirtualtours.io/resources/js/src/views/dashboard.vue: Using EditorConfig core...
soft1.myvirtualtours.io/resources/js/src/views/dashboard.vue: Using EditorConfig core...
soft1.myvirtualtours.io/resources/js/src/views/dashboard.vue: Using EditorConfig core...
soft1.myvirtualtours.io/resources/js/src/views/dashboard.vue: Using EditorConfig core...
soft1.myvirtualtours.io/resources/js/src/views/dashboard.vue: Using EditorConfig core...
soft1.myvirtualtours.io/resources/js/src/views/dashboard.vue: {}
soft1.myvirtualtours.io/resources/js/src/views/dashboard.vue: {}
soft1.myvirtualtours.io/resources/js/src/views/dashboard.vue: Using EditorConfig core...
soft1.myvirtualtours.io/resources/js/src/views/dashboard.vue: Using EditorConfig core...
soft1.myvirtualtours.io/resources/js/src/views/dashboard.vue: Using EditorConfig core...
soft1.myvirtualtours.io/resources/js/src/views/dashboard.vue: Using EditorConfig core...
soft1.myvirtualtours.io/resources/js/src/views/dashboard.vue: Using EditorConfig core...
soft1.myvirtualtours.io/resources/js/src/views/dashboard.vue: Using EditorConfig core...
soft1.myvirtualtours.io/resources/js/src/views/dashboard.vue: Using EditorConfig core...
soft1.myvirtualtours.io/resources/js/src/views/dashboard.vue: Using EditorConfig core...
soft1.myvirtualtours.io/resources/js/src/views/dashboard.vue: Using EditorConfig core...
soft1.myvirtualtours.io/resources/js/src/views/dashboard.vue: Using EditorConfig core...
soft1.myvirtualtours.io/resources/js/src/views/dashboard.vue: Using EditorConfig core...
soft1.myvirtualtours.io/resources/js/src/views/dashboard.vue: Using EditorConfig core...
soft1.myvirtualtours.io/resources/js/src/views/dashboard.vue: Using EditorConfig core...
soft1.myvirtualtours.io/resources/js/src/views/dashboard.vue: Using EditorConfig core...
soft1.myvirtualtours.io/resources/js/src/views/dashboard.vue: Using EditorConfig core...
soft1.myvirtualtours.io/resources/js/src/views/dashboard.vue: Using EditorConfig core...
soft1.myvirtualtours.io/resources/js/src/views/dashboard.vue: Using EditorConfig core...
soft1.myvirtualtours.io/resources/js/src/views/dashboard.vue: Using EditorConfig core...
soft1.myvirtualtours.io/resources/js/src/views/dashboard.vue: Using EditorConfig core...
soft1.myvirtualtours.io/resources/js/src/views/dashboard.vue: Using EditorConfig core...
soft1.myvirtualtours.io/resources/js/src/views/dashboard.vue: Using EditorConfig core...
soft1.myvirtualtours.io/resources/js/src/views/dashboard.vue: Using EditorConfig core...
soft1.myvirtualtours.io/resources/js/src/views/dashboard.vue: Using EditorConfig core...
soft1.myvirtualtours.io/resources/js/src/views/dashboard.vue: Using EditorConfig core...
soft1.myvirtualtours.io/resources/js/src/views/dashboard.vue: Using EditorConfig core...
soft1.myvirtualtours.io/resources/js/src/views/dashboard.vue: {}
soft1.myvirtualtours.io/resources/js/src/views/dashboard.vue: {}
soft1.myvirtualtours.io/resources/js/src/views/dashboard.vue: {}
soft1.myvirtualtours.io/resources/js/src/views/dashboard.vue: {}
soft1.myvirtualtours.io/resources/js/src/views/pages/creator.vue: {}
soft1.myvirtualtours.io/resources/js/src/views/pages/creator.vue: Using EditorConfig core...
soft1.myvirtualtours.io/resources/js/src/views/pages/creator.vue: Using EditorConfig core...
soft1.myvirtualtours.io/resources/js/src/views/pages/creator.vue: {}
soft1.myvirtualtours.io/resources/js/src/views/pages/creator.vue: Using EditorConfig core...
soft1.myvirtualtours.io/resources/js/src/views/pages/creator.vue: Using EditorConfig core...
soft1.myvirtualtours.io/resources/js/src/views/pages/creator.vue: Using EditorConfig core...
soft1.myvirtualtours.io/resources/js/src/views/pages/creator.vue: Using EditorConfig core...
soft1.myvirtualtours.io/resources/js/src/views/pages/creator.vue: Using EditorConfig core...
soft1.myvirtualtours.io/resources/js/src/views/pages/creator.vue: Using EditorConfig core...
soft1.myvirtualtours.io/resources/js/src/views/pages/creator.vue: {}
soft1.myvirtualtours.io/resources/js/src/views/pages/creator.vue: {}
soft1.myvirtualtours.io/resources/js/src/views/pages/creator.vue: Using EditorConfig core...
soft1.myvirtualtours.io/resources/js/src/views/pages/creator.vue: Using EditorConfig core...
soft1.myvirtualtours.io/resources/js/src/views/pages/creator.vue: Using EditorConfig core...
soft1.myvirtualtours.io/resources/js/src/views/pages/creator.vue: Using EditorConfig core...
soft1.myvirtualtours.io/resources/js/src/views/pages/creator.vue: Using EditorConfig core...
soft1.myvirtualtours.io/resources/js/src/views/pages/creator.vue: Using EditorConfig core...
soft1.myvirtualtours.io/resources/js/src/views/pages/creator.vue: Using EditorConfig core...
soft1.myvirtualtours.io/resources/js/src/views/pages/creator.vue: Using EditorConfig core...
soft1.myvirtualtours.io/resources/js/src/views/pages/creator.vue: Using EditorConfig core...
soft1.myvirtualtours.io/resources/js/src/views/pages/creator.vue: Using EditorConfig core...
soft1.myvirtualtours.io/resources/js/src/views/pages/creator.vue: Using EditorConfig core...
soft1.myvirtualtours.io/resources/js/src/views/pages/creator.vue: Using EditorConfig core...
soft1.myvirtualtours.io/resources/js/src/views/pages/creator.vue: Using EditorConfig core...
soft1.myvirtualtours.io/resources/js/src/views/pages/creator.vue: {}
soft1.myvirtualtours.io/resources/js/src/views/pages/creator.vue: {}
soft1.myvirtualtours.io/resources/js/src/views/pages/creator.vue: Using EditorConfig core...
soft1.myvirtualtours.io/resources/js/src/views/pages/creator.vue: Using EditorConfig core...
soft1.myvirtualtours.io/resources/js/src/views/pages/creator.vue: Using EditorConfig core...
soft1.myvirtualtours.io/resources/js/src/views/pages/creator.vue: Using EditorConfig core...
soft1.myvirtualtours.io/resources/js/src/views/pages/creator.vue: Using EditorConfig core...
soft1.myvirtualtours.io/resources/js/src/views/pages/creator.vue: Using EditorConfig core...
soft1.myvirtualtours.io/resources/js/src/views/pages/creator.vue: Using EditorConfig core...
soft1.myvirtualtours.io/resources/sass/vuexy/components/creator.scss: {}
soft1.myvirtualtours.io/resources/js/src/views/pages/creator.vue: {}
soft1.myvirtualtours.io/resources/js/src/views/pages/creator.vue: Using EditorConfig core...
soft1.myvirtualtours.io/resources/sass/vuexy/components/creator.scss: {}
soft1.myvirtualtours.io/resources/sass/vuexy/components/creator.scss: Using EditorConfig core...
soft1.myvirtualtours.io/resources/js/src/views/pages/creator.vue: {}
soft1.myvirtualtours.io/resources/js/src/views/pages/creator.vue: Using EditorConfig core...
soft1.myvirtualtours.io/resources/js/src/views/pages/new.vue: {}
soft1.myvirtualtours.io/resources/js/src/views/pages/new.vue: Using EditorConfig core...
soft1.myvirtualtours.io/resources/js/src/views/pages/new.vue: Using EditorConfig core...
soft1.myvirtualtours.io/resources/js/src/views/pages/new.vue: Using EditorConfig core...
soft1.myvirtualtours.io/resources/js/src/views/pages/new.vue: Using EditorConfig core...
soft1.myvirtualtours.io/resources/js/src/views/pages/new.vue: Using EditorConfig core...
soft1.myvirtualtours.io/resources/js/src/views/pages/creator.vue: {}
soft1.myvirtualtours.io/resources/js/src/views/pages/creator.vue: Using EditorConfig core...
soft1.myvirtualtours.io/resources/js/src/views/pages/creator.vue: Using EditorConfig core...
soft1.myvirtualtours.io/resources/js/src/views/pages/js/audios.js: {}
soft1.myvirtualtours.io/resources/js/src/views/pages/js/audios.js: {}
soft1.myvirtualtours.io/resources/js/src/views/pages/js/audios.js: {}
