Validating found git in: git
Using git 2.31.1 from git
> git rev-parse --git-dir
Open repository: /var/www/lilya.com
> git status -z -u
> git symbolic-ref --short HEAD
> git for-each-ref --format=%(refname)%00%(upstream:short)%00%(objectname)%00%(upstream:track) refs/heads/LI-21-whichlist-heart refs/remotes/LI-21-whichlist-heart
> git for-each-ref --sort -committerdate --format %(refname) %(objectname) %(*objectname)
> git remote --verbose
> git config --get commit.template
> git check-ignore -v -z --stdin
> git status -z -u
> git symbolic-ref --short HEAD
> git for-each-ref --format=%(refname)%00%(upstream:short)%00%(objectname)%00%(upstream:track) refs/heads/LI-21-whichlist-heart refs/remotes/LI-21-whichlist-heart
> git for-each-ref --sort -committerdate --format %(refname) %(objectname) %(*objectname)
> git remote --verbose
> git config --get commit.template
> git status -z -u
> git symbolic-ref --short HEAD
> git for-each-ref --format=%(refname)%00%(upstream:short)%00%(objectname)%00%(upstream:track) refs/heads/LI-21-whichlist-heart refs/remotes/LI-21-whichlist-heart
> git for-each-ref --sort -committerdate --format %(refname) %(objectname) %(*objectname)
> git remote --verbose
> git config --get commit.template
> git status -z -u
> git symbolic-ref --short HEAD
> git for-each-ref --format=%(refname)%00%(upstream:short)%00%(objectname)%00%(upstream:track) refs/heads/LI-21-whichlist-heart refs/remotes/LI-21-whichlist-heart
> git for-each-ref --sort -committerdate --format %(refname) %(objectname) %(*objectname)
> git remote --verbose
> git config --get commit.template
> git check-ignore -v -z --stdin
> git show --textconv :resources/js/app.js
> git ls-files --stage -- /var/www/lilya.com/resources/js/app.js
> git cat-file -s 9ae93488588c77baa8f359a7d61b7ee8191a6bb6
> git check-ignore -v -z --stdin
> git show --textconv :resources/views/welcome.blade.php
> git ls-files --stage -- /var/www/lilya.com/resources/views/welcome.blade.php
> git cat-file -s aa3c4bb52044ac0903a84faa5937e0700920434a
> git check-ignore -v -z --stdin
> git check-ignore -v -z --stdin
> git status -z -u
> git symbolic-ref --short HEAD
> git for-each-ref --format=%(refname)%00%(upstream:short)%00%(objectname)%00%(upstream:track) refs/heads/LI-21-whichlist-heart refs/remotes/LI-21-whichlist-heart
> git for-each-ref --sort -committerdate --format %(refname) %(objectname) %(*objectname)
> git remote --verbose
> git config --get commit.template
> git status -z -u
> git symbolic-ref --short HEAD
> git for-each-ref --format=%(refname)%00%(upstream:short)%00%(objectname)%00%(upstream:track) refs/heads/LI-21-whichlist-heart refs/remotes/LI-21-whichlist-heart
> git for-each-ref --sort -committerdate --format %(refname) %(objectname) %(*objectname)
> git remote --verbose
> git config --get commit.template
> git status -z -u
> git symbolic-ref --short HEAD
> git for-each-ref --format=%(refname)%00%(upstream:short)%00%(objectname)%00%(upstream:track) refs/heads/LI-21-whichlist-heart refs/remotes/LI-21-whichlist-heart
> git for-each-ref --sort -committerdate --format %(refname) %(objectname) %(*objectname)
> git remote --verbose
> git config --get commit.template
> git status -z -u
> git symbolic-ref --short HEAD
> git for-each-ref --format=%(refname)%00%(upstream:short)%00%(objectname)%00%(upstream:track) refs/heads/LI-21-whichlist-heart refs/remotes/LI-21-whichlist-heart
> git for-each-ref --sort -committerdate --format %(refname) %(objectname) %(*objectname)
> git remote --verbose
> git config --get commit.template
> git status -z -u
> git symbolic-ref --short HEAD
> git for-each-ref --format=%(refname)%00%(upstream:short)%00%(objectname)%00%(upstream:track) refs/heads/LI-21-whichlist-heart refs/remotes/LI-21-whichlist-heart
> git for-each-ref --sort -committerdate --format %(refname) %(objectname) %(*objectname)
> git remote --verbose
> git config --get commit.template
> git status -z -u
> git symbolic-ref --short HEAD
> git for-each-ref --format=%(refname)%00%(upstream:short)%00%(objectname)%00%(upstream:track) refs/heads/LI-21-whichlist-heart refs/remotes/LI-21-whichlist-heart
> git for-each-ref --sort -committerdate --format %(refname) %(objectname) %(*objectname)
> git remote --verbose
> git config --get commit.template
> git status -z -u
> git symbolic-ref --short HEAD
> git for-each-ref --format=%(refname)%00%(upstream:short)%00%(objectname)%00%(upstream:track) refs/heads/LI-21-whichlist-heart refs/remotes/LI-21-whichlist-heart
> git for-each-ref --sort -committerdate --format %(refname) %(objectname) %(*objectname)
> git remote --verbose
> git config --get commit.template
> git show --textconv :resources/js/app.js
> git ls-files --stage -- /var/www/lilya.com/resources/js/app.js
> git cat-file -s 9ae93488588c77baa8f359a7d61b7ee8191a6bb6
> git show --textconv :resources/views/welcome.blade.php
> git ls-files --stage -- /var/www/lilya.com/resources/views/welcome.blade.php
> git cat-file -s aa3c4bb52044ac0903a84faa5937e0700920434a
> git status -z -u
> git symbolic-ref --short HEAD
> git for-each-ref --format=%(refname)%00%(upstream:short)%00%(objectname)%00%(upstream:track) refs/heads/LI-21-whichlist-heart refs/remotes/LI-21-whichlist-heart
> git for-each-ref --sort -committerdate --format %(refname) %(objectname) %(*objectname)
> git remote --verbose
> git config --get commit.template
> git status -z -u
> git symbolic-ref --short HEAD
> git for-each-ref --format=%(refname)%00%(upstream:short)%00%(objectname)%00%(upstream:track) refs/heads/LI-21-whichlist-heart refs/remotes/LI-21-whichlist-heart
> git for-each-ref --sort -committerdate --format %(refname) %(objectname) %(*objectname)
> git remote --verbose
> git config --get commit.template
> git status -z -u
> git symbolic-ref --short HEAD
> git for-each-ref --format=%(refname)%00%(upstream:short)%00%(objectname)%00%(upstream:track) refs/heads/LI-21-whichlist-heart refs/remotes/LI-21-whichlist-heart
> git for-each-ref --sort -committerdate --format %(refname) %(objectname) %(*objectname)
> git remote --verbose
> git config --get commit.template
> git status -z -u
> git symbolic-ref --short HEAD
> git for-each-ref --format=%(refname)%00%(upstream:short)%00%(objectname)%00%(upstream:track) refs/heads/LI-21-whichlist-heart refs/remotes/LI-21-whichlist-heart
> git for-each-ref --sort -committerdate --format %(refname) %(objectname) %(*objectname)
> git remote --verbose
> git config --get commit.template
> git status -z -u
> git symbolic-ref --short HEAD
> git for-each-ref --format=%(refname)%00%(upstream:short)%00%(objectname)%00%(upstream:track) refs/heads/LI-21-whichlist-heart refs/remotes/LI-21-whichlist-heart
> git for-each-ref --sort -committerdate --format %(refname) %(objectname) %(*objectname)
> git remote --verbose
> git config --get commit.template
> git show --textconv :resources/js/app.js
> git ls-files --stage -- /var/www/lilya.com/resources/js/app.js
> git cat-file -s 9ae93488588c77baa8f359a7d61b7ee8191a6bb6
> git show --textconv :resources/views/welcome.blade.php
> git ls-files --stage -- /var/www/lilya.com/resources/views/welcome.blade.php
> git cat-file -s aa3c4bb52044ac0903a84faa5937e0700920434a
> git check-ignore -v -z --stdin
> git check-ignore -v -z --stdin
> git show --textconv :resources/js/components/ExampleComponent.vue
> git ls-files --stage -- /var/www/lilya.com/resources/js/components/ExampleComponent.vue
> git cat-file -s 3fb9f9aa7c0e893972bf9cefc86c6c4a32941182
> git show --textconv :resources/views/welcome.blade.php
> git ls-files --stage -- /var/www/lilya.com/resources/views/welcome.blade.php
> git cat-file -s aa3c4bb52044ac0903a84faa5937e0700920434a
> git status -z -u
> git symbolic-ref --short HEAD
> git for-each-ref --format=%(refname)%00%(upstream:short)%00%(objectname)%00%(upstream:track) refs/heads/LI-21-whichlist-heart refs/remotes/LI-21-whichlist-heart
> git for-each-ref --sort -committerdate --format %(refname) %(objectname) %(*objectname)
> git remote --verbose
> git config --get commit.template
> git status -z -u
> git symbolic-ref --short HEAD
> git for-each-ref --format=%(refname)%00%(upstream:short)%00%(objectname)%00%(upstream:track) refs/heads/LI-21-whichlist-heart refs/remotes/LI-21-whichlist-heart
> git for-each-ref --sort -committerdate --format %(refname) %(objectname) %(*objectname)
> git remote --verbose
> git config --get commit.template
> git status -z -u
> git symbolic-ref --short HEAD
> git for-each-ref --format=%(refname)%00%(upstream:short)%00%(objectname)%00%(upstream:track) refs/heads/LI-21-whichlist-heart refs/remotes/LI-21-whichlist-heart
> git for-each-ref --sort -committerdate --format %(refname) %(objectname) %(*objectname)
> git remote --verbose
> git config --get commit.template
> git show --textconv :resources/js/components/ExampleComponent.vue
> git ls-files --stage -- /var/www/lilya.com/resources/js/components/ExampleComponent.vue
> git cat-file -s 3fb9f9aa7c0e893972bf9cefc86c6c4a32941182
> git show --textconv :resources/js/app.js
> git ls-files --stage -- /var/www/lilya.com/resources/js/app.js
> git cat-file -s 9ae93488588c77baa8f359a7d61b7ee8191a6bb6
> git show --textconv :resources/js/components/ExampleComponent.vue
> git ls-files --stage -- /var/www/lilya.com/resources/js/components/ExampleComponent.vue
> git cat-file -s 3fb9f9aa7c0e893972bf9cefc86c6c4a32941182
> git show --textconv :resources/js/app.js
> git ls-files --stage -- /var/www/lilya.com/resources/js/app.js
> git cat-file -s 9ae93488588c77baa8f359a7d61b7ee8191a6bb6
> git show --textconv :resources/views/welcome.blade.php
> git ls-files --stage -- /var/www/lilya.com/resources/views/welcome.blade.php
> git cat-file -s aa3c4bb52044ac0903a84faa5937e0700920434a
> git status -z -u
> git symbolic-ref --short HEAD
> git for-each-ref --format=%(refname)%00%(upstream:short)%00%(objectname)%00%(upstream:track) refs/heads/LI-21-whichlist-heart refs/remotes/LI-21-whichlist-heart
> git for-each-ref --sort -committerdate --format %(refname) %(objectname) %(*objectname)
> git remote --verbose
> git config --get commit.template
> git status -z -u
> git symbolic-ref --short HEAD
> git for-each-ref --format=%(refname)%00%(upstream:short)%00%(objectname)%00%(upstream:track) refs/heads/LI-21-whichlist-heart refs/remotes/LI-21-whichlist-heart
> git for-each-ref --sort -committerdate --format %(refname) %(objectname) %(*objectname)
> git remote --verbose
> git config --get commit.template
> git status -z -u
> git symbolic-ref --short HEAD
> git for-each-ref --format=%(refname)%00%(upstream:short)%00%(objectname)%00%(upstream:track) refs/heads/LI-21-whichlist-heart refs/remotes/LI-21-whichlist-heart
> git for-each-ref --sort -committerdate --format %(refname) %(objectname) %(*objectname)
> git remote --verbose
> git config --get commit.template
> git status -z -u
> git symbolic-ref --short HEAD
> git for-each-ref --format=%(refname)%00%(upstream:short)%00%(objectname)%00%(upstream:track) refs/heads/LI-21-whichlist-heart refs/remotes/LI-21-whichlist-heart
> git for-each-ref --sort -committerdate --format %(refname) %(objectname) %(*objectname)
> git remote --verbose
> git config --get commit.template
> git status -z -u
> git symbolic-ref --short HEAD
> git for-each-ref --format=%(refname)%00%(upstream:short)%00%(objectname)%00%(upstream:track) refs/heads/LI-21-whichlist-heart refs/remotes/LI-21-whichlist-heart
> git for-each-ref --sort -committerdate --format %(refname) %(objectname) %(*objectname)
> git remote --verbose
> git config --get commit.template
> git status -z -u
> git symbolic-ref --short HEAD
> git for-each-ref --format=%(refname)%00%(upstream:short)%00%(objectname)%00%(upstream:track) refs/heads/LI-21-whichlist-heart refs/remotes/LI-21-whichlist-heart
> git for-each-ref --sort -committerdate --format %(refname) %(objectname) %(*objectname)
> git remote --verbose
> git config --get commit.template
> git status -z -u
> git symbolic-ref --short HEAD
> git for-each-ref --format=%(refname)%00%(upstream:short)%00%(objectname)%00%(upstream:track) refs/heads/LI-21-whichlist-heart refs/remotes/LI-21-whichlist-heart
> git for-each-ref --sort -committerdate --format %(refname) %(objectname) %(*objectname)
> git remote --verbose
> git config --get commit.template
> git status -z -u
> git symbolic-ref --short HEAD
> git for-each-ref --format=%(refname)%00%(upstream:short)%00%(objectname)%00%(upstream:track) refs/heads/LI-21-whichlist-heart refs/remotes/LI-21-whichlist-heart
> git for-each-ref --sort -committerdate --format %(refname) %(objectname) %(*objectname)
> git remote --verbose
> git config --get commit.template
> git status -z -u
> git symbolic-ref --short HEAD
> git for-each-ref --format=%(refname)%00%(upstream:short)%00%(objectname)%00%(upstream:track) refs/heads/LI-21-whichlist-heart refs/remotes/LI-21-whichlist-heart
> git for-each-ref --sort -committerdate --format %(refname) %(objectname) %(*objectname)
> git remote --verbose
> git config --get commit.template
> git status -z -u
> git symbolic-ref --short HEAD
> git for-each-ref --format=%(refname)%00%(upstream:short)%00%(objectname)%00%(upstream:track) refs/heads/LI-21-whichlist-heart refs/remotes/LI-21-whichlist-heart
> git for-each-ref --sort -committerdate --format %(refname) %(objectname) %(*objectname)
> git remote --verbose
> git config --get commit.template
> git status -z -u
> git symbolic-ref --short HEAD
> git for-each-ref --format=%(refname)%00%(upstream:short)%00%(objectname)%00%(upstream:track) refs/heads/LI-21-whichlist-heart refs/remotes/LI-21-whichlist-heart
> git for-each-ref --sort -committerdate --format %(refname) %(objectname) %(*objectname)
> git remote --verbose
> git config --get commit.template
> git status -z -u
> git symbolic-ref --short HEAD
> git for-each-ref --format=%(refname)%00%(upstream:short)%00%(objectname)%00%(upstream:track) refs/heads/LI-21-whichlist-heart refs/remotes/LI-21-whichlist-heart
> git for-each-ref --sort -committerdate --format %(refname) %(objectname) %(*objectname)
> git remote --verbose
> git config --get commit.template
> git status -z -u
> git symbolic-ref --short HEAD
> git for-each-ref --format=%(refname)%00%(upstream:short)%00%(objectname)%00%(upstream:track) refs/heads/LI-21-whichlist-heart refs/remotes/LI-21-whichlist-heart
> git for-each-ref --sort -committerdate --format %(refname) %(objectname) %(*objectname)
> git remote --verbose
> git config --get commit.template
> git status -z -u
> git symbolic-ref --short HEAD
> git for-each-ref --format=%(refname)%00%(upstream:short)%00%(objectname)%00%(upstream:track) refs/heads/LI-21-whichlist-heart refs/remotes/LI-21-whichlist-heart
> git for-each-ref --sort -committerdate --format %(refname) %(objectname) %(*objectname)
> git remote --verbose
> git config --get commit.template
> git status -z -u
> git symbolic-ref --short HEAD
> git for-each-ref --format=%(refname)%00%(upstream:short)%00%(objectname)%00%(upstream:track) refs/heads/LI-21-whichlist-heart refs/remotes/LI-21-whichlist-heart
> git for-each-ref --sort -committerdate --format %(refname) %(objectname) %(*objectname)
> git remote --verbose
> git config --get commit.template
> git status -z -u
> git symbolic-ref --short HEAD
> git for-each-ref --format=%(refname)%00%(upstream:short)%00%(objectname)%00%(upstream:track) refs/heads/LI-21-whichlist-heart refs/remotes/LI-21-whichlist-heart
> git for-each-ref --sort -committerdate --format %(refname) %(objectname) %(*objectname)
> git remote --verbose
> git config --get commit.template
> git status -z -u
> git symbolic-ref --short HEAD
> git for-each-ref --format=%(refname)%00%(upstream:short)%00%(objectname)%00%(upstream:track) refs/heads/LI-21-whichlist-heart refs/remotes/LI-21-whichlist-heart
> git for-each-ref --sort -committerdate --format %(refname) %(objectname) %(*objectname)
> git remote --verbose
> git config --get commit.template
> git status -z -u
> git symbolic-ref --short HEAD
> git for-each-ref --format=%(refname)%00%(upstream:short)%00%(objectname)%00%(upstream:track) refs/heads/LI-21-whichlist-heart refs/remotes/LI-21-whichlist-heart
> git for-each-ref --sort -committerdate --format %(refname) %(objectname) %(*objectname)
> git remote --verbose
> git config --get commit.template
> git status -z -u
> git symbolic-ref --short HEAD
> git for-each-ref --format=%(refname)%00%(upstream:short)%00%(objectname)%00%(upstream:track) refs/heads/LI-21-whichlist-heart refs/remotes/LI-21-whichlist-heart
> git for-each-ref --sort -committerdate --format %(refname) %(objectname) %(*objectname)
> git remote --verbose
> git config --get commit.template
> git status -z -u
> git symbolic-ref --short HEAD
> git for-each-ref --format=%(refname)%00%(upstream:short)%00%(objectname)%00%(upstream:track) refs/heads/LI-21-whichlist-heart refs/remotes/LI-21-whichlist-heart
> git for-each-ref --sort -committerdate --format %(refname) %(objectname) %(*objectname)
> git remote --verbose
> git config --get commit.template
> git status -z -u
> git symbolic-ref --short HEAD
> git for-each-ref --format=%(refname)%00%(upstream:short)%00%(objectname)%00%(upstream:track) refs/heads/LI-21-whichlist-heart refs/remotes/LI-21-whichlist-heart
> git for-each-ref --sort -committerdate --format %(refname) %(objectname) %(*objectname)
> git remote --verbose
> git config --get commit.template
> git show --textconv :resources/js/components/ExampleComponent.vue
> git ls-files --stage -- /var/www/lilya.com/resources/js/components/ExampleComponent.vue
> git cat-file -s 3fb9f9aa7c0e893972bf9cefc86c6c4a32941182
> git show --textconv :resources/views/welcome.blade.php
> git ls-files --stage -- /var/www/lilya.com/resources/views/welcome.blade.php
> git cat-file -s aa3c4bb52044ac0903a84faa5937e0700920434a
> git show --textconv :resources/js/components/ExampleComponent.vue
> git ls-files --stage -- /var/www/lilya.com/resources/js/components/ExampleComponent.vue
> git cat-file -s 3fb9f9aa7c0e893972bf9cefc86c6c4a32941182
> git show --textconv :resources/js/components/ExampleComponent copy.vue
> git ls-files --stage -- /var/www/lilya.com/resources/js/components/ExampleComponent copy.vue
> git check-ignore -v -z --stdin
> git status -z -u
> git symbolic-ref --short HEAD
> git for-each-ref --format=%(refname)%00%(upstream:short)%00%(objectname)%00%(upstream:track) refs/heads/LI-21-whichlist-heart refs/remotes/LI-21-whichlist-heart
> git for-each-ref --sort -committerdate --format %(refname) %(objectname) %(*objectname)
> git remote --verbose
> git config --get commit.template
> git show --textconv :resources/js/components/WishlistHeart.vue
> git ls-files --stage -- /var/www/lilya.com/resources/js/components/WishlistHeart.vue
> git check-ignore -v -z --stdin
> git status -z -u
> git symbolic-ref --short HEAD
> git for-each-ref --format=%(refname)%00%(upstream:short)%00%(objectname)%00%(upstream:track) refs/heads/LI-21-whichlist-heart refs/remotes/LI-21-whichlist-heart
> git for-each-ref --sort -committerdate --format %(refname) %(objectname) %(*objectname)
> git remote --verbose
> git config --get commit.template
> git status -z -u
> git symbolic-ref --short HEAD
> git for-each-ref --format=%(refname)%00%(upstream:short)%00%(objectname)%00%(upstream:track) refs/heads/LI-21-whichlist-heart refs/remotes/LI-21-whichlist-heart
> git for-each-ref --sort -committerdate --format %(refname) %(objectname) %(*objectname)
> git remote --verbose
> git config --get commit.template
> git show --textconv :resources/js/components/ExampleComponent.vue
> git ls-files --stage -- /var/www/lilya.com/resources/js/components/ExampleComponent.vue
> git cat-file -s 3fb9f9aa7c0e893972bf9cefc86c6c4a32941182
> git show --textconv :resources/js/components/WishlistHeart.vue
> git ls-files --stage -- /var/www/lilya.com/resources/js/components/WishlistHeart.vue
> git show --textconv :resources/views/welcome.blade.php
> git ls-files --stage -- /var/www/lilya.com/resources/views/welcome.blade.php
> git cat-file -s aa3c4bb52044ac0903a84faa5937e0700920434a
> git status -z -u
> git symbolic-ref --short HEAD
> git for-each-ref --format=%(refname)%00%(upstream:short)%00%(objectname)%00%(upstream:track) refs/heads/LI-21-whichlist-heart refs/remotes/LI-21-whichlist-heart
> git for-each-ref --sort -committerdate --format %(refname) %(objectname) %(*objectname)
> git remote --verbose
> git config --get commit.template
> git show --textconv :resources/js/components/WishlistHeart.vue
> git ls-files --stage -- /var/www/lilya.com/resources/js/components/WishlistHeart.vue
> git status -z -u
> git symbolic-ref --short HEAD
> git for-each-ref --format=%(refname)%00%(upstream:short)%00%(objectname)%00%(upstream:track) refs/heads/LI-21-whichlist-heart refs/remotes/LI-21-whichlist-heart
> git for-each-ref --sort -committerdate --format %(refname) %(objectname) %(*objectname)
> git remote --verbose
> git config --get commit.template
> git status -z -u
> git symbolic-ref --short HEAD
> git for-each-ref --format=%(refname)%00%(upstream:short)%00%(objectname)%00%(upstream:track) refs/heads/LI-21-whichlist-heart refs/remotes/LI-21-whichlist-heart
> git for-each-ref --sort -committerdate --format %(refname) %(objectname) %(*objectname)
> git remote --verbose
> git config --get commit.template
> git show --textconv :resources/views/welcome.blade.php
> git ls-files --stage -- /var/www/lilya.com/resources/views/welcome.blade.php
> git cat-file -s aa3c4bb52044ac0903a84faa5937e0700920434a
> git status -z -u
> git symbolic-ref --short HEAD
> git for-each-ref --format=%(refname)%00%(upstream:short)%00%(objectname)%00%(upstream:track) refs/heads/LI-21-whichlist-heart refs/remotes/LI-21-whichlist-heart
> git for-each-ref --sort -committerdate --format %(refname) %(objectname) %(*objectname)
> git remote --verbose
> git config --get commit.template
> git show --textconv :resources/js/components/WishlistHeart.vue
> git ls-files --stage -- /var/www/lilya.com/resources/js/components/WishlistHeart.vue
> git status -z -u
> git symbolic-ref --short HEAD
> git for-each-ref --format=%(refname)%00%(upstream:short)%00%(objectname)%00%(upstream:track) refs/heads/LI-21-whichlist-heart refs/remotes/LI-21-whichlist-heart
> git for-each-ref --sort -committerdate --format %(refname) %(objectname) %(*objectname)
> git remote --verbose
> git config --get commit.template
> git status -z -u
> git symbolic-ref --short HEAD
> git for-each-ref --format=%(refname)%00%(upstream:short)%00%(objectname)%00%(upstream:track) refs/heads/LI-21-whichlist-heart refs/remotes/LI-21-whichlist-heart
> git for-each-ref --sort -committerdate --format %(refname) %(objectname) %(*objectname)
> git remote --verbose
> git config --get commit.template
> git status -z -u
> git symbolic-ref --short HEAD
> git for-each-ref --format=%(refname)%00%(upstream:short)%00%(objectname)%00%(upstream:track) refs/heads/LI-21-whichlist-heart refs/remotes/LI-21-whichlist-heart
> git for-each-ref --sort -committerdate --format %(refname) %(objectname) %(*objectname)
> git remote --verbose
> git config --get commit.template
> git show --textconv :resources/js/app.js
> git ls-files --stage -- /var/www/lilya.com/resources/js/app.js
> git cat-file -s 9ae93488588c77baa8f359a7d61b7ee8191a6bb6
> git status -z -u
> git symbolic-ref --short HEAD
> git for-each-ref --format=%(refname)%00%(upstream:short)%00%(objectname)%00%(upstream:track) refs/heads/LI-21-whichlist-heart refs/remotes/LI-21-whichlist-heart
> git for-each-ref --sort -committerdate --format %(refname) %(objectname) %(*objectname)
> git remote --verbose
> git config --get commit.template
> git status -z -u
> git symbolic-ref --short HEAD
> git for-each-ref --format=%(refname)%00%(upstream:short)%00%(objectname)%00%(upstream:track) refs/heads/LI-21-whichlist-heart refs/remotes/LI-21-whichlist-heart
> git for-each-ref --sort -committerdate --format %(refname) %(objectname) %(*objectname)
> git remote --verbose
> git config --get commit.template
> git status -z -u
> git symbolic-ref --short HEAD
> git for-each-ref --format=%(refname)%00%(upstream:short)%00%(objectname)%00%(upstream:track) refs/heads/LI-21-whichlist-heart refs/remotes/LI-21-whichlist-heart
> git for-each-ref --sort -committerdate --format %(refname) %(objectname) %(*objectname)
> git remote --verbose
> git config --get commit.template
> git status -z -u
> git symbolic-ref --short HEAD
> git for-each-ref --format=%(refname)%00%(upstream:short)%00%(objectname)%00%(upstream:track) refs/heads/LI-21-whichlist-heart refs/remotes/LI-21-whichlist-heart
> git for-each-ref --sort -committerdate --format %(refname) %(objectname) %(*objectname)
> git remote --verbose
> git config --get commit.template
> git status -z -u
> git symbolic-ref --short HEAD
> git for-each-ref --format=%(refname)%00%(upstream:short)%00%(objectname)%00%(upstream:track) refs/heads/LI-21-whichlist-heart refs/remotes/LI-21-whichlist-heart
> git for-each-ref --sort -committerdate --format %(refname) %(objectname) %(*objectname)
> git remote --verbose
> git config --get commit.template
> git status -z -u
> git symbolic-ref --short HEAD
> git for-each-ref --format=%(refname)%00%(upstream:short)%00%(objectname)%00%(upstream:track) refs/heads/LI-21-whichlist-heart refs/remotes/LI-21-whichlist-heart
> git for-each-ref --sort -committerdate --format %(refname) %(objectname) %(*objectname)
> git remote --verbose
> git config --get commit.template
> git status -z -u
> git symbolic-ref --short HEAD
> git for-each-ref --format=%(refname)%00%(upstream:short)%00%(objectname)%00%(upstream:track) refs/heads/LI-21-whichlist-heart refs/remotes/LI-21-whichlist-heart
> git for-each-ref --sort -committerdate --format %(refname) %(objectname) %(*objectname)
> git remote --verbose
> git config --get commit.template
> git status -z -u
> git symbolic-ref --short HEAD
> git for-each-ref --format=%(refname)%00%(upstream:short)%00%(objectname)%00%(upstream:track) refs/heads/LI-21-whichlist-heart refs/remotes/LI-21-whichlist-heart
> git for-each-ref --sort -committerdate --format %(refname) %(objectname) %(*objectname)
> git remote --verbose
> git config --get commit.template
> git status -z -u
> git symbolic-ref --short HEAD
> git for-each-ref --format=%(refname)%00%(upstream:short)%00%(objectname)%00%(upstream:track) refs/heads/LI-21-whichlist-heart refs/remotes/LI-21-whichlist-heart
> git for-each-ref --sort -committerdate --format %(refname) %(objectname) %(*objectname)
> git remote --verbose
> git config --get commit.template
> git status -z -u
> git symbolic-ref --short HEAD
> git for-each-ref --format=%(refname)%00%(upstream:short)%00%(objectname)%00%(upstream:track) refs/heads/LI-21-whichlist-heart refs/remotes/LI-21-whichlist-heart
> git for-each-ref --sort -committerdate --format %(refname) %(objectname) %(*objectname)
> git remote --verbose
> git config --get commit.template
> git show --textconv :resources/views/welcome.blade.php
> git ls-files --stage -- /var/www/lilya.com/resources/views/welcome.blade.php
> git cat-file -s aa3c4bb52044ac0903a84faa5937e0700920434a
> git status -z -u
> git symbolic-ref --short HEAD
> git for-each-ref --format=%(refname)%00%(upstream:short)%00%(objectname)%00%(upstream:track) refs/heads/LI-21-whichlist-heart refs/remotes/LI-21-whichlist-heart
> git for-each-ref --sort -committerdate --format %(refname) %(objectname) %(*objectname)
> git remote --verbose
> git config --get commit.template
> git status -z -u
> git symbolic-ref --short HEAD
> git for-each-ref --format=%(refname)%00%(upstream:short)%00%(objectname)%00%(upstream:track) refs/heads/LI-21-whichlist-heart refs/remotes/LI-21-whichlist-heart
> git for-each-ref --sort -committerdate --format %(refname) %(objectname) %(*objectname)
> git remote --verbose
> git config --get commit.template
> git show --textconv :resources/js/app.js
> git ls-files --stage -- /var/www/lilya.com/resources/js/app.js
> git cat-file -s 9ae93488588c77baa8f359a7d61b7ee8191a6bb6
> git show --textconv :resources/views/welcome.blade.php
> git ls-files --stage -- /var/www/lilya.com/resources/views/welcome.blade.php
> git cat-file -s aa3c4bb52044ac0903a84faa5937e0700920434a
> git show --textconv :resources/js/components/WishlistHeart.vue
> git ls-files --stage -- /var/www/lilya.com/resources/js/components/WishlistHeart.vue
> git status -z -u
> git symbolic-ref --short HEAD
> git for-each-ref --format=%(refname)%00%(upstream:short)%00%(objectname)%00%(upstream:track) refs/heads/LI-21-whichlist-heart refs/remotes/LI-21-whichlist-heart
> git for-each-ref --sort -committerdate --format %(refname) %(objectname) %(*objectname)
> git remote --verbose
> git config --get commit.template
> git status -z -u
> git symbolic-ref --short HEAD
> git for-each-ref --format=%(refname)%00%(upstream:short)%00%(objectname)%00%(upstream:track) refs/heads/LI-21-whichlist-heart refs/remotes/LI-21-whichlist-heart
> git for-each-ref --sort -committerdate --format %(refname) %(objectname) %(*objectname)
> git remote --verbose
> git config --get commit.template
> git status -z -u
> git symbolic-ref --short HEAD
> git for-each-ref --format=%(refname)%00%(upstream:short)%00%(objectname)%00%(upstream:track) refs/heads/LI-21-whichlist-heart refs/remotes/LI-21-whichlist-heart
> git for-each-ref --sort -committerdate --format %(refname) %(objectname) %(*objectname)
> git remote --verbose
> git config --get commit.template
> git status -z -u
> git symbolic-ref --short HEAD
> git for-each-ref --format=%(refname)%00%(upstream:short)%00%(objectname)%00%(upstream:track) refs/heads/LI-21-whichlist-heart refs/remotes/LI-21-whichlist-heart
> git for-each-ref --sort -committerdate --format %(refname) %(objectname) %(*objectname)
> git remote --verbose
> git config --get commit.template
> git status -z -u
> git symbolic-ref --short HEAD
> git for-each-ref --format=%(refname)%00%(upstream:short)%00%(objectname)%00%(upstream:track) refs/heads/LI-21-whichlist-heart refs/remotes/LI-21-whichlist-heart
> git for-each-ref --sort -committerdate --format %(refname) %(objectname) %(*objectname)
> git remote --verbose
> git config --get commit.template
> git show --textconv :resources/views/welcome.blade.php
> git ls-files --stage -- /var/www/lilya.com/resources/views/welcome.blade.php
> git cat-file -s aa3c4bb52044ac0903a84faa5937e0700920434a
> git show --textconv :resources/js/components/WishlistHeart.vue
> git ls-files --stage -- /var/www/lilya.com/resources/js/components/WishlistHeart.vue
> git show --textconv :resources/views/welcome.blade.php
> git ls-files --stage -- /var/www/lilya.com/resources/views/welcome.blade.php
> git cat-file -s aa3c4bb52044ac0903a84faa5937e0700920434a
> git show --textconv :resources/js/components/WishlistHeart.vue
> git ls-files --stage -- /var/www/lilya.com/resources/js/components/WishlistHeart.vue
> git status -z -u
> git symbolic-ref --short HEAD
> git for-each-ref --format=%(refname)%00%(upstream:short)%00%(objectname)%00%(upstream:track) refs/heads/LI-21-whichlist-heart refs/remotes/LI-21-whichlist-heart
> git for-each-ref --sort -committerdate --format %(refname) %(objectname) %(*objectname)
> git remote --verbose
> git config --get commit.template
> git status -z -u
> git symbolic-ref --short HEAD
> git for-each-ref --format=%(refname)%00%(upstream:short)%00%(objectname)%00%(upstream:track) refs/heads/LI-21-whichlist-heart refs/remotes/LI-21-whichlist-heart
> git for-each-ref --sort -committerdate --format %(refname) %(objectname) %(*objectname)
> git remote --verbose
> git config --get commit.template
> git show --textconv :resources/views/welcome.blade.php
> git ls-files --stage -- /var/www/lilya.com/resources/views/welcome.blade.php
> git cat-file -s aa3c4bb52044ac0903a84faa5937e0700920434a
> git show --textconv :resources/js/components/WishlistHeart.vue
> git ls-files --stage -- /var/www/lilya.com/resources/js/components/WishlistHeart.vue
> git status -z -u
> git symbolic-ref --short HEAD
> git for-each-ref --format=%(refname)%00%(upstream:short)%00%(objectname)%00%(upstream:track) refs/heads/LI-21-whichlist-heart refs/remotes/LI-21-whichlist-heart
> git for-each-ref --sort -committerdate --format %(refname) %(objectname) %(*objectname)
> git remote --verbose
> git config --get commit.template
> git status -z -u
> git symbolic-ref --short HEAD
> git for-each-ref --format=%(refname)%00%(upstream:short)%00%(objectname)%00%(upstream:track) refs/heads/LI-21-whichlist-heart refs/remotes/LI-21-whichlist-heart
> git for-each-ref --sort -committerdate --format %(refname) %(objectname) %(*objectname)
> git remote --verbose
> git config --get commit.template
> git status -z -u
> git symbolic-ref --short HEAD
> git for-each-ref --format=%(refname)%00%(upstream:short)%00%(objectname)%00%(upstream:track) refs/heads/LI-21-whichlist-heart refs/remotes/LI-21-whichlist-heart
> git for-each-ref --sort -committerdate --format %(refname) %(objectname) %(*objectname)
> git remote --verbose
> git config --get commit.template
> git status -z -u
> git symbolic-ref --short HEAD
> git for-each-ref --format=%(refname)%00%(upstream:short)%00%(objectname)%00%(upstream:track) refs/heads/LI-21-whichlist-heart refs/remotes/LI-21-whichlist-heart
> git for-each-ref --sort -committerdate --format %(refname) %(objectname) %(*objectname)
> git remote --verbose
> git config --get commit.template
> git status -z -u
> git symbolic-ref --short HEAD
> git for-each-ref --format=%(refname)%00%(upstream:short)%00%(objectname)%00%(upstream:track) refs/heads/LI-21-whichlist-heart refs/remotes/LI-21-whichlist-heart
> git for-each-ref --sort -committerdate --format %(refname) %(objectname) %(*objectname)
> git remote --verbose
> git config --get commit.template
> git show --textconv :resources/views/welcome.blade.php
> git ls-files --stage -- /var/www/lilya.com/resources/views/welcome.blade.php
> git cat-file -s aa3c4bb52044ac0903a84faa5937e0700920434a
> git status -z -u
> git symbolic-ref --short HEAD
> git for-each-ref --format=%(refname)%00%(upstream:short)%00%(objectname)%00%(upstream:track) refs/heads/LI-21-whichlist-heart refs/remotes/LI-21-whichlist-heart
> git for-each-ref --sort -committerdate --format %(refname) %(objectname) %(*objectname)
> git remote --verbose
> git config --get commit.template
> git status -z -u
> git symbolic-ref --short HEAD
> git for-each-ref --format=%(refname)%00%(upstream:short)%00%(objectname)%00%(upstream:track) refs/heads/LI-21-whichlist-heart refs/remotes/LI-21-whichlist-heart
> git for-each-ref --sort -committerdate --format %(refname) %(objectname) %(*objectname)
> git remote --verbose
> git config --get commit.template
> git status -z -u
> git symbolic-ref --short HEAD
> git for-each-ref --format=%(refname)%00%(upstream:short)%00%(objectname)%00%(upstream:track) refs/heads/LI-21-whichlist-heart refs/remotes/LI-21-whichlist-heart
> git for-each-ref --sort -committerdate --format %(refname) %(objectname) %(*objectname)
> git remote --verbose
> git config --get commit.template
> git show --textconv :resources/js/components/WishlistHeart.vue
> git ls-files --stage -- /var/www/lilya.com/resources/js/components/WishlistHeart.vue
> git show --textconv :resources/views/welcome.blade.php
> git ls-files --stage -- /var/www/lilya.com/resources/views/welcome.blade.php
> git cat-file -s aa3c4bb52044ac0903a84faa5937e0700920434a
> git status -z -u
> git symbolic-ref --short HEAD
> git for-each-ref --format=%(refname)%00%(upstream:short)%00%(objectname)%00%(upstream:track) refs/heads/LI-21-whichlist-heart refs/remotes/LI-21-whichlist-heart
> git for-each-ref --sort -committerdate --format %(refname) %(objectname) %(*objectname)
> git remote --verbose
> git config --get commit.template
> git status -z -u
> git symbolic-ref --short HEAD
> git for-each-ref --format=%(refname)%00%(upstream:short)%00%(objectname)%00%(upstream:track) refs/heads/LI-21-whichlist-heart refs/remotes/LI-21-whichlist-heart
> git for-each-ref --sort -committerdate --format %(refname) %(objectname) %(*objectname)
> git remote --verbose
> git config --get commit.template
> git show --textconv :resources/js/components/WishlistHeart.vue
> git ls-files --stage -- /var/www/lilya.com/resources/js/components/WishlistHeart.vue
> git show --textconv :resources/views/welcome.blade.php
> git ls-files --stage -- /var/www/lilya.com/resources/views/welcome.blade.php
> git cat-file -s aa3c4bb52044ac0903a84faa5937e0700920434a
> git show --textconv :resources/js/components/WishlistHeart.vue
> git ls-files --stage -- /var/www/lilya.com/resources/js/components/WishlistHeart.vue
