Initializing document watcher...
lilya.com/resources/js/app.js: {"insertSpaces":true,"tabSize":4}
lilya.com/resources/views/welcome.blade.php: {"insertSpaces":true,"tabSize":4}
lilya.com/resources/views/welcome.blade.php: {"insertSpaces":true,"tabSize":4}
lilya.com/resources/views/welcome.blade.php: Using EditorConfig core...
resources/views/welcome.blade.php: editor.action.trimTrailingWhitespace
lilya.com/resources/views/welcome.blade.php: Using EditorConfig core...
resources/views/welcome.blade.php: editor.action.trimTrailingWhitespace
lilya.com/resources/js/app.js: {"insertSpaces":true,"tabSize":4}
lilya.com/resources/views/welcome.blade.php: {"insertSpaces":true,"tabSize":4}
lilya.com/resources/views/welcome.blade.php: Using EditorConfig core...
resources/views/welcome.blade.php: editor.action.trimTrailingWhitespace
lilya.com/resources/views/welcome.blade.php: Using EditorConfig core...
resources/views/welcome.blade.php: editor.action.trimTrailingWhitespace
lilya.com/resources/views/welcome.blade.php: Using EditorConfig core...
resources/views/welcome.blade.php: editor.action.trimTrailingWhitespace
lilya.com/resources/js/app.js: {"insertSpaces":true,"tabSize":4}
lilya.com/resources/views/welcome.blade.php: {"insertSpaces":true,"tabSize":4}
lilya.com/resources/js/components/ExampleComponent.vue: {"insertSpaces":true,"tabSize":4}
lilya.com/resources/views/welcome.blade.php: {"insertSpaces":true,"tabSize":4}
lilya.com/resources/views/welcome.blade.php: Using EditorConfig core...
resources/views/welcome.blade.php: editor.action.trimTrailingWhitespace
lilya.com/resources/views/welcome.blade.php: Using EditorConfig core...
resources/views/welcome.blade.php: editor.action.trimTrailingWhitespace
lilya.com/resources/js/components/ExampleComponent.vue: {"insertSpaces":true,"tabSize":4}
lilya.com/resources/js/app.js: {"insertSpaces":true,"tabSize":4}
lilya.com/resources/js/components/ExampleComponent.vue: {"insertSpaces":true,"tabSize":4}
lilya.com/resources/js/app.js: {"insertSpaces":true,"tabSize":4}
lilya.com/resources/views/welcome.blade.php: {"insertSpaces":true,"tabSize":4}
lilya.com/resources/views/welcome.blade.php: Using EditorConfig core...
resources/views/welcome.blade.php: editor.action.trimTrailingWhitespace
lilya.com/resources/views/welcome.blade.php: Using EditorConfig core...
resources/views/welcome.blade.php: editor.action.trimTrailingWhitespace
lilya.com/resources/views/welcome.blade.php: Using EditorConfig core...
resources/views/welcome.blade.php: editor.action.trimTrailingWhitespace
lilya.com/resources/views/welcome.blade.php: Using EditorConfig core...
resources/views/welcome.blade.php: editor.action.trimTrailingWhitespace
lilya.com/resources/views/welcome.blade.php: Using EditorConfig core...
resources/views/welcome.blade.php: editor.action.trimTrailingWhitespace
lilya.com/resources/views/welcome.blade.php: {"insertSpaces":true,"tabSize":4}
lilya.com/resources/views/welcome.blade.php: Using EditorConfig core...
resources/views/welcome.blade.php: editor.action.trimTrailingWhitespace
lilya.com/resources/views/welcome.blade.php: Using EditorConfig core...
resources/views/welcome.blade.php: editor.action.trimTrailingWhitespace
lilya.com/resources/views/welcome.blade.php: Using EditorConfig core...
resources/views/welcome.blade.php: editor.action.trimTrailingWhitespace
lilya.com/resources/views/welcome.blade.php: Using EditorConfig core...
resources/views/welcome.blade.php: editor.action.trimTrailingWhitespace
lilya.com/resources/views/welcome.blade.php: Using EditorConfig core...
resources/views/welcome.blade.php: editor.action.trimTrailingWhitespace
lilya.com/resources/views/welcome.blade.php: Using EditorConfig core...
resources/views/welcome.blade.php: editor.action.trimTrailingWhitespace
lilya.com/resources/views/welcome.blade.php: Using EditorConfig core...
resources/views/welcome.blade.php: editor.action.trimTrailingWhitespace
lilya.com/resources/views/welcome.blade.php: Using EditorConfig core...
resources/views/welcome.blade.php: editor.action.trimTrailingWhitespace
lilya.com/resources/views/welcome.blade.php: Using EditorConfig core...
resources/views/welcome.blade.php: editor.action.trimTrailingWhitespace
lilya.com/resources/views/welcome.blade.php: Using EditorConfig core...
resources/views/welcome.blade.php: editor.action.trimTrailingWhitespace
lilya.com/resources/views/welcome.blade.php: Using EditorConfig core...
resources/views/welcome.blade.php: editor.action.trimTrailingWhitespace
lilya.com/resources/views/welcome.blade.php: Using EditorConfig core...
resources/views/welcome.blade.php: editor.action.trimTrailingWhitespace
lilya.com/resources/views/welcome.blade.php: Using EditorConfig core...
resources/views/welcome.blade.php: editor.action.trimTrailingWhitespace
lilya.com/resources/views/welcome.blade.php: Using EditorConfig core...
resources/views/welcome.blade.php: editor.action.trimTrailingWhitespace
lilya.com/resources/js/components/ExampleComponent.vue: {"insertSpaces":true,"tabSize":4}
lilya.com/resources/views/welcome.blade.php: {"insertSpaces":true,"tabSize":4}
lilya.com/resources/js/components/ExampleComponent.vue: {"insertSpaces":true,"tabSize":4}
lilya.com/resources/js/components/ExampleComponent copy.vue: {"insertSpaces":true,"tabSize":4}
lilya.com/resources/js/components/WishlistHeart.vue: {"insertSpaces":true,"tabSize":4}
lilya.com/resources/js/components/WishlistHeart.vue: Using EditorConfig core...
resources/js/components/WishlistHeart.vue: editor.action.trimTrailingWhitespace
lilya.com/resources/js/components/WishlistHeart.vue: Using EditorConfig core...
resources/js/components/WishlistHeart.vue: editor.action.trimTrailingWhitespace
lilya.com/resources/js/components/ExampleComponent.vue: {"insertSpaces":true,"tabSize":4}
lilya.com/resources/js/components/WishlistHeart.vue: {"insertSpaces":true,"tabSize":4}
lilya.com/resources/views/welcome.blade.php: {"insertSpaces":true,"tabSize":4}
lilya.com/resources/js/components/WishlistHeart.vue: {"insertSpaces":true,"tabSize":4}
lilya.com/resources/js/components/WishlistHeart.vue: Using EditorConfig core...
resources/js/components/WishlistHeart.vue: editor.action.trimTrailingWhitespace
lilya.com/resources/js/components/WishlistHeart.vue: Using EditorConfig core...
resources/js/components/WishlistHeart.vue: editor.action.trimTrailingWhitespace
lilya.com/resources/js/components/WishlistHeart.vue: Using EditorConfig core...
resources/js/components/WishlistHeart.vue: editor.action.trimTrailingWhitespace
lilya.com/resources/js/components/WishlistHeart.vue: Using EditorConfig core...
resources/js/components/WishlistHeart.vue: editor.action.trimTrailingWhitespace
lilya.com/resources/views/welcome.blade.php: {"insertSpaces":true,"tabSize":4}
lilya.com/resources/views/welcome.blade.php: {"insertSpaces":true,"tabSize":4}
lilya.com/resources/js/components/WishlistHeart.vue: {"insertSpaces":true,"tabSize":4}
lilya.com/resources/js/components/WishlistHeart.vue: Using EditorConfig core...
resources/js/components/WishlistHeart.vue: editor.action.trimTrailingWhitespace
lilya.com/resources/js/components/WishlistHeart.vue: Using EditorConfig core...
resources/js/components/WishlistHeart.vue: editor.action.trimTrailingWhitespace
lilya.com/resources/js/app.js: {"insertSpaces":true,"tabSize":4}
lilya.com/resources/js/app.js: Using EditorConfig core...
resources/js/app.js: editor.action.trimTrailingWhitespace
lilya.com/resources/js/app.js: Using EditorConfig core...
resources/js/app.js: editor.action.trimTrailingWhitespace
lilya.com/resources/js/app.js: Using EditorConfig core...
resources/js/app.js: editor.action.trimTrailingWhitespace
lilya.com/resources/js/app.js: Using EditorConfig core...
resources/js/app.js: editor.action.trimTrailingWhitespace
lilya.com/resources/js/app.js: Using EditorConfig core...
resources/js/app.js: editor.action.trimTrailingWhitespace
lilya.com/resources/js/app.js: Using EditorConfig core...
resources/js/app.js: editor.action.trimTrailingWhitespace
lilya.com/resources/js/app.js: Using EditorConfig core...
resources/js/app.js: editor.action.trimTrailingWhitespace
lilya.com/resources/js/app.js: Using EditorConfig core...
resources/js/app.js: editor.action.trimTrailingWhitespace
lilya.com/resources/js/app.js: Using EditorConfig core...
resources/js/app.js: editor.action.trimTrailingWhitespace
lilya.com/resources/js/app.js: Using EditorConfig core...
resources/js/app.js: editor.action.trimTrailingWhitespace
lilya.com/resources/js/app.js: {"insertSpaces":true,"tabSize":4}
lilya.com/resources/views/welcome.blade.php: {"insertSpaces":true,"tabSize":4}
lilya.com/resources/views/welcome.blade.php: Using EditorConfig core...
resources/views/welcome.blade.php: editor.action.trimTrailingWhitespace
lilya.com/resources/js/app.js: {"insertSpaces":true,"tabSize":4}
lilya.com/resources/views/welcome.blade.php: {"insertSpaces":true,"tabSize":4}
lilya.com/resources/js/components/WishlistHeart.vue: {"insertSpaces":true,"tabSize":4}
lilya.com/resources/js/components/WishlistHeart.vue: Using EditorConfig core...
resources/js/components/WishlistHeart.vue: editor.action.trimTrailingWhitespace
lilya.com/resources/js/components/WishlistHeart.vue: Using EditorConfig core...
resources/js/components/WishlistHeart.vue: editor.action.trimTrailingWhitespace
lilya.com/resources/js/components/WishlistHeart.vue: Using EditorConfig core...
resources/js/components/WishlistHeart.vue: editor.action.trimTrailingWhitespace
lilya.com/resources/js/components/WishlistHeart.vue: {"insertSpaces":true,"tabSize":4}
lilya.com/resources/js/components/WishlistHeart.vue: Using EditorConfig core...
resources/js/components/WishlistHeart.vue: editor.action.trimTrailingWhitespace
lilya.com/resources/js/components/WishlistHeart.vue: {"insertSpaces":true,"tabSize":4}
lilya.com/resources/js/components/WishlistHeart.vue: {"insertSpaces":true,"tabSize":4}
lilya.com/resources/views/welcome.blade.php: {"insertSpaces":true,"tabSize":4}
lilya.com/resources/js/components/WishlistHeart.vue: {"insertSpaces":true,"tabSize":4}
lilya.com/resources/views/welcome.blade.php: {"insertSpaces":true,"tabSize":4}
lilya.com/resources/js/components/WishlistHeart.vue: {"insertSpaces":true,"tabSize":4}
lilya.com/resources/js/components/WishlistHeart.vue: Using EditorConfig core...
resources/js/components/WishlistHeart.vue: editor.action.trimTrailingWhitespace
lilya.com/resources/js/components/WishlistHeart.vue: Using EditorConfig core...
resources/js/components/WishlistHeart.vue: editor.action.trimTrailingWhitespace
lilya.com/resources/views/welcome.blade.php: {"insertSpaces":true,"tabSize":4}
lilya.com/resources/js/components/WishlistHeart.vue: {"insertSpaces":true,"tabSize":4}
lilya.com/resources/views/welcome.blade.php: Using EditorConfig core...
resources/views/welcome.blade.php: trimTrailingWhitespace()
lilya.com/resources/js/components/WishlistHeart.vue: Using EditorConfig core...
resources/js/components/WishlistHeart.vue: editor.action.trimTrailingWhitespace
lilya.com/resources/js/components/WishlistHeart.vue: Using EditorConfig core...
resources/js/components/WishlistHeart.vue: editor.action.trimTrailingWhitespace
lilya.com/resources/js/components/WishlistHeart.vue: Using EditorConfig core...
resources/js/components/WishlistHeart.vue: editor.action.trimTrailingWhitespace
lilya.com/resources/js/components/WishlistHeart.vue: Using EditorConfig core...
resources/js/components/WishlistHeart.vue: editor.action.trimTrailingWhitespace
lilya.com/resources/js/components/WishlistHeart.vue: Using EditorConfig core...
resources/js/components/WishlistHeart.vue: editor.action.trimTrailingWhitespace
lilya.com/resources/views/welcome.blade.php: {"insertSpaces":true,"tabSize":4}
lilya.com/resources/views/welcome.blade.php: Using EditorConfig core...
resources/views/welcome.blade.php: editor.action.trimTrailingWhitespace
lilya.com/resources/views/welcome.blade.php: Using EditorConfig core...
resources/views/welcome.blade.php: editor.action.trimTrailingWhitespace
lilya.com/resources/js/components/WishlistHeart.vue: {"insertSpaces":true,"tabSize":4}
lilya.com/resources/views/welcome.blade.php: {"insertSpaces":true,"tabSize":4}
lilya.com/resources/views/welcome.blade.php: Using EditorConfig core...
resources/views/welcome.blade.php: editor.action.trimTrailingWhitespace
lilya.com/resources/views/welcome.blade.php: Using EditorConfig core...
resources/views/welcome.blade.php: editor.action.trimTrailingWhitespace
lilya.com/resources/js/components/WishlistHeart.vue: {"insertSpaces":true,"tabSize":4}
lilya.com/resources/views/welcome.blade.php: {"insertSpaces":true,"tabSize":4}
lilya.com/resources/js/components/WishlistHeart.vue: {"insertSpaces":true,"tabSize":4}
