Vetur initialized
[INFO ] Loaded bundled typescript@4.4.4.
[INFO ] Loaded bundled prettier.
[INFO ] Loaded bundled @starptech/prettyhtml.
[INFO ] Loaded bundled prettier-eslint.
[INFO ] Loaded bundled prettier-tslint.
[INFO ] Loaded bundled stylus-supremacy.
[INFO ] Loaded bundled @prettier/plugin-pug.
[INFO ] update /var/www/elearning/resources/js/src/router.js in ts language service.
[INFO ] update /var/www/elearning/resources/js/src/router.js in ts language service.
[INFO ] update /var/www/elearning/resources/js/src/router.js in ts language service.
[INFO ] update /var/www/elearning/public/mix-manifest.json in ts language service.
[INFO ] update /var/www/elearning/public/mix-manifest.json in ts language service.
[INFO ] update /var/www/elearning/public/mix-manifest.json in ts language service.
[INFO ] update /var/www/elearning/public/js/chunks/11.js in ts language service.
[INFO ] update /var/www/elearning/public/js/chunks/11.js in ts language service.
[INFO ] update /var/www/elearning/public/js/chunks/11.js in ts language service.
[INFO ] update /var/www/elearning/public/js/chunks/5.js in ts language service.
[INFO ] update /var/www/elearning/public/js/chunks/5.js in ts language service.
[INFO ] update /var/www/elearning/public/js/chunks/5.js in ts language service.
[INFO ] update /var/www/elearning/public/js/app.js in ts language service.
[INFO ] update /var/www/elearning/public/js/app.js in ts language service.
[INFO ] update /var/www/elearning/public/js/app.js in ts language service.
[INFO ] update /var/www/elearning/public/css/material-icons/codepoints.json in ts language service.
[INFO ] update /var/www/elearning/public/css/material-icons/codepoints.json in ts language service.
[INFO ] update /var/www/elearning/public/css/material-icons/codepoints.json in ts language service.
[Error - 9:48:42 PM] Request textDocument/semanticTokens/full failed.
  Message: Request textDocument/semanticTokens/full failed with message: Cannot read property 'flags' of undefined
  Code: -32603 
[Error - 9:48:42 PM] Request textDocument/semanticTokens/range failed.
  Message: Request textDocument/semanticTokens/range failed with message: Cannot read property 'flags' of undefined
  Code: -32603 
[Error - 9:48:42 PM] Request textDocument/semanticTokens/range failed.
  Message: Request textDocument/semanticTokens/range failed with message: Cannot read property 'flags' of undefined
  Code: -32603 
[Error - 9:48:43 PM] Request textDocument/semanticTokens/range failed.
  Message: Request textDocument/semanticTokens/range failed with message: Cannot read property 'flags' of undefined
  Code: -32603 
[INFO ] update /var/www/elearning/public/mix-manifest.json in ts language service.
[INFO ] update /var/www/elearning/public/mix-manifest.json in ts language service.
[INFO ] update /var/www/elearning/public/mix-manifest.json in ts language service.
[INFO ] update /var/www/elearning/public/js/chunks/0.js in ts language service.
[INFO ] update /var/www/elearning/public/js/chunks/0.js in ts language service.
[INFO ] update /var/www/elearning/public/js/chunks/0.js in ts language service.
[INFO ] update /var/www/elearning/public/js/chunks/1.js in ts language service.
[INFO ] update /var/www/elearning/public/js/chunks/1.js in ts language service.
[INFO ] update /var/www/elearning/public/js/chunks/1.js in ts language service.
[INFO ] update /var/www/elearning/public/js/chunks/2.js in ts language service.
[INFO ] update /var/www/elearning/public/js/chunks/2.js in ts language service.
[INFO ] update /var/www/elearning/public/js/chunks/2.js in ts language service.
[INFO ] update /var/www/elearning/public/js/chunks/5.js in ts language service.
[INFO ] update /var/www/elearning/public/js/chunks/5.js in ts language service.
[INFO ] update /var/www/elearning/public/js/chunks/5.js in ts language service.
[INFO ] update /var/www/elearning/public/js/chunks/7.js in ts language service.
[INFO ] update /var/www/elearning/public/js/chunks/7.js in ts language service.
[INFO ] update /var/www/elearning/public/js/chunks/7.js in ts language service.
[INFO ] update /var/www/elearning/public/js/chunks/8.js in ts language service.
[INFO ] update /var/www/elearning/public/js/chunks/8.js in ts language service.
[INFO ] update /var/www/elearning/public/js/chunks/8.js in ts language service.
[INFO ] update /var/www/elearning/public/js/chunks/11.js in ts language service.
[INFO ] update /var/www/elearning/public/js/chunks/11.js in ts language service.
[INFO ] update /var/www/elearning/public/js/chunks/11.js in ts language service.
[INFO ] update /var/www/elearning/public/js/chunks/12.js in ts language service.
[INFO ] update /var/www/elearning/public/js/chunks/12.js in ts language service.
[INFO ] update /var/www/elearning/public/js/chunks/12.js in ts language service.
[INFO ] update /var/www/elearning/public/js/chunks/21.js in ts language service.
[INFO ] update /var/www/elearning/public/js/chunks/21.js in ts language service.
[INFO ] update /var/www/elearning/public/js/chunks/21.js in ts language service.
[INFO ] update /var/www/elearning/public/js/app.js in ts language service.
[INFO ] update /var/www/elearning/public/js/app.js in ts language service.
[INFO ] update /var/www/elearning/public/js/app.js in ts language service.
[INFO ] update /var/www/elearning/public/css/material-icons/codepoints.json in ts language service.
[INFO ] update /var/www/elearning/public/css/material-icons/codepoints.json in ts language service.
[INFO ] update /var/www/elearning/public/css/material-icons/codepoints.json in ts language service.
[INFO ] update /var/www/elearning/public/mix-manifest.json in ts language service.
[INFO ] update /var/www/elearning/public/mix-manifest.json in ts language service.
[INFO ] update /var/www/elearning/public/mix-manifest.json in ts language service.
[INFO ] update /var/www/elearning/public/js/chunks/0.js in ts language service.
[INFO ] update /var/www/elearning/public/js/chunks/0.js in ts language service.
[INFO ] update /var/www/elearning/public/js/chunks/0.js in ts language service.
[INFO ] update /var/www/elearning/public/js/chunks/1.js in ts language service.
[INFO ] update /var/www/elearning/public/js/chunks/1.js in ts language service.
[INFO ] update /var/www/elearning/public/js/chunks/1.js in ts language service.
[INFO ] update /var/www/elearning/public/js/chunks/2.js in ts language service.
[INFO ] update /var/www/elearning/public/js/chunks/2.js in ts language service.
[INFO ] update /var/www/elearning/public/js/chunks/2.js in ts language service.
[INFO ] update /var/www/elearning/public/js/chunks/4.js in ts language service.
[INFO ] update /var/www/elearning/public/js/chunks/4.js in ts language service.
[INFO ] update /var/www/elearning/public/js/chunks/4.js in ts language service.
[INFO ] update /var/www/elearning/public/js/chunks/7.js in ts language service.
[INFO ] update /var/www/elearning/public/js/chunks/7.js in ts language service.
[INFO ] update /var/www/elearning/public/js/chunks/7.js in ts language service.
[INFO ] update /var/www/elearning/public/js/chunks/8.js in ts language service.
[INFO ] update /var/www/elearning/public/js/chunks/8.js in ts language service.
[INFO ] update /var/www/elearning/public/js/chunks/8.js in ts language service.
[INFO ] update /var/www/elearning/public/js/chunks/20.js in ts language service.
[INFO ] update /var/www/elearning/public/js/chunks/20.js in ts language service.
[INFO ] update /var/www/elearning/public/js/chunks/20.js in ts language service.
[INFO ] update /var/www/elearning/public/js/chunks/21.js in ts language service.
[INFO ] update /var/www/elearning/public/js/chunks/21.js in ts language service.
[INFO ] update /var/www/elearning/public/js/chunks/21.js in ts language service.
[INFO ] update /var/www/elearning/public/js/chunks/54.js in ts language service.
[INFO ] update /var/www/elearning/public/js/chunks/54.js in ts language service.
[INFO ] update /var/www/elearning/public/js/chunks/54.js in ts language service.
[INFO ] update /var/www/elearning/public/js/app.js in ts language service.
[INFO ] update /var/www/elearning/public/js/app.js in ts language service.
[INFO ] update /var/www/elearning/public/js/app.js in ts language service.
[INFO ] update /var/www/elearning/public/css/material-icons/codepoints.json in ts language service.
[INFO ] update /var/www/elearning/public/css/material-icons/codepoints.json in ts language service.
[INFO ] update /var/www/elearning/public/css/material-icons/codepoints.json in ts language service.
[INFO ] update /var/www/elearning/public/mix-manifest.json in ts language service.
[INFO ] update /var/www/elearning/public/mix-manifest.json in ts language service.
[INFO ] update /var/www/elearning/public/mix-manifest.json in ts language service.
[INFO ] update /var/www/elearning/public/js/chunks/1.js in ts language service.
[INFO ] update /var/www/elearning/public/js/chunks/1.js in ts language service.
[INFO ] update /var/www/elearning/public/js/chunks/1.js in ts language service.
[INFO ] update /var/www/elearning/public/js/chunks/2.js in ts language service.
[INFO ] update /var/www/elearning/public/js/chunks/2.js in ts language service.
[INFO ] update /var/www/elearning/public/js/chunks/2.js in ts language service.
[INFO ] update /var/www/elearning/public/js/chunks/7.js in ts language service.
[INFO ] update /var/www/elearning/public/js/chunks/7.js in ts language service.
[INFO ] update /var/www/elearning/public/js/chunks/7.js in ts language service.
[INFO ] update /var/www/elearning/public/js/chunks/8.js in ts language service.
[INFO ] update /var/www/elearning/public/js/chunks/8.js in ts language service.
[INFO ] update /var/www/elearning/public/js/chunks/8.js in ts language service.
[INFO ] update /var/www/elearning/public/js/chunks/12.js in ts language service.
[INFO ] update /var/www/elearning/public/js/chunks/12.js in ts language service.
[INFO ] update /var/www/elearning/public/js/chunks/12.js in ts language service.
[INFO ] update /var/www/elearning/public/js/chunks/20.js in ts language service.
[INFO ] update /var/www/elearning/public/js/chunks/20.js in ts language service.
[INFO ] update /var/www/elearning/public/js/chunks/20.js in ts language service.
[INFO ] update /var/www/elearning/public/js/chunks/21.js in ts language service.
[INFO ] update /var/www/elearning/public/js/chunks/21.js in ts language service.
[INFO ] update /var/www/elearning/public/js/chunks/21.js in ts language service.
[INFO ] update /var/www/elearning/public/js/chunks/54.js in ts language service.
[INFO ] update /var/www/elearning/public/js/chunks/54.js in ts language service.
[INFO ] update /var/www/elearning/public/js/chunks/54.js in ts language service.
[INFO ] update /var/www/elearning/public/js/app.js in ts language service.
[INFO ] update /var/www/elearning/public/js/app.js in ts language service.
[INFO ] update /var/www/elearning/public/js/app.js in ts language service.
[INFO ] update /var/www/elearning/public/css/material-icons/codepoints.json in ts language service.
[INFO ] update /var/www/elearning/public/css/material-icons/codepoints.json in ts language service.
[INFO ] update /var/www/elearning/public/css/material-icons/codepoints.json in ts language service.
[INFO ] update /var/www/elearning/public/mix-manifest.json in ts language service.
[INFO ] update /var/www/elearning/public/mix-manifest.json in ts language service.
[INFO ] update /var/www/elearning/public/mix-manifest.json in ts language service.
[INFO ] update /var/www/elearning/public/js/chunks/0.js in ts language service.
[INFO ] update /var/www/elearning/public/js/chunks/0.js in ts language service.
[INFO ] update /var/www/elearning/public/js/chunks/0.js in ts language service.
[INFO ] update /var/www/elearning/public/js/chunks/1.js in ts language service.
[INFO ] update /var/www/elearning/public/js/chunks/1.js in ts language service.
[INFO ] update /var/www/elearning/public/js/chunks/1.js in ts language service.
[INFO ] update /var/www/elearning/public/js/chunks/2.js in ts language service.
[INFO ] update /var/www/elearning/public/js/chunks/2.js in ts language service.
[INFO ] update /var/www/elearning/public/js/chunks/2.js in ts language service.
[INFO ] update /var/www/elearning/public/js/chunks/4.js in ts language service.
[INFO ] update /var/www/elearning/public/js/chunks/4.js in ts language service.
[INFO ] update /var/www/elearning/public/js/chunks/4.js in ts language service.
[INFO ] update /var/www/elearning/public/js/chunks/7.js in ts language service.
[INFO ] update /var/www/elearning/public/js/chunks/7.js in ts language service.
[INFO ] update /var/www/elearning/public/js/chunks/7.js in ts language service.
[INFO ] update /var/www/elearning/public/js/chunks/8.js in ts language service.
[INFO ] update /var/www/elearning/public/js/chunks/8.js in ts language service.
[INFO ] update /var/www/elearning/public/js/chunks/8.js in ts language service.
[INFO ] update /var/www/elearning/public/js/chunks/20.js in ts language service.
[INFO ] update /var/www/elearning/public/js/chunks/20.js in ts language service.
[INFO ] update /var/www/elearning/public/js/chunks/20.js in ts language service.
[INFO ] update /var/www/elearning/public/js/chunks/21.js in ts language service.
[INFO ] update /var/www/elearning/public/js/chunks/21.js in ts language service.
[INFO ] update /var/www/elearning/public/js/chunks/21.js in ts language service.
[INFO ] update /var/www/elearning/public/js/chunks/54.js in ts language service.
[INFO ] update /var/www/elearning/public/js/chunks/54.js in ts language service.
[INFO ] update /var/www/elearning/public/js/chunks/54.js in ts language service.
[INFO ] update /var/www/elearning/public/js/app.js in ts language service.
[INFO ] update /var/www/elearning/public/js/app.js in ts language service.
[INFO ] update /var/www/elearning/public/js/app.js in ts language service.
[INFO ] update /var/www/elearning/public/css/material-icons/codepoints.json in ts language service.
[INFO ] update /var/www/elearning/public/css/material-icons/codepoints.json in ts language service.
[INFO ] update /var/www/elearning/public/css/material-icons/codepoints.json in ts language service.
[INFO ] update /var/www/elearning/public/mix-manifest.json in ts language service.
[INFO ] update /var/www/elearning/public/mix-manifest.json in ts language service.
[INFO ] update /var/www/elearning/public/mix-manifest.json in ts language service.
[INFO ] update /var/www/elearning/public/js/chunks/1.js in ts language service.
[INFO ] update /var/www/elearning/public/js/chunks/1.js in ts language service.
[INFO ] update /var/www/elearning/public/js/chunks/1.js in ts language service.
[INFO ] update /var/www/elearning/public/js/chunks/2.js in ts language service.
[INFO ] update /var/www/elearning/public/js/chunks/2.js in ts language service.
[INFO ] update /var/www/elearning/public/js/chunks/2.js in ts language service.
[INFO ] update /var/www/elearning/public/js/chunks/4.js in ts language service.
[INFO ] update /var/www/elearning/public/js/chunks/4.js in ts language service.
[INFO ] update /var/www/elearning/public/js/chunks/4.js in ts language service.
[INFO ] update /var/www/elearning/public/js/chunks/7.js in ts language service.
[INFO ] update /var/www/elearning/public/js/chunks/7.js in ts language service.
[INFO ] update /var/www/elearning/public/js/chunks/7.js in ts language service.
[INFO ] update /var/www/elearning/public/js/chunks/8.js in ts language service.
[INFO ] update /var/www/elearning/public/js/chunks/8.js in ts language service.
[INFO ] update /var/www/elearning/public/js/chunks/8.js in ts language service.
[INFO ] update /var/www/elearning/public/js/chunks/12.js in ts language service.
[INFO ] update /var/www/elearning/public/js/chunks/12.js in ts language service.
[INFO ] update /var/www/elearning/public/js/chunks/12.js in ts language service.
[INFO ] update /var/www/elearning/public/js/chunks/20.js in ts language service.
[INFO ] update /var/www/elearning/public/js/chunks/20.js in ts language service.
[INFO ] update /var/www/elearning/public/js/chunks/20.js in ts language service.
[INFO ] update /var/www/elearning/public/js/chunks/21.js in ts language service.
[INFO ] update /var/www/elearning/public/js/chunks/21.js in ts language service.
[INFO ] update /var/www/elearning/public/js/chunks/21.js in ts language service.
[INFO ] update /var/www/elearning/public/js/app.js in ts language service.
[INFO ] update /var/www/elearning/public/js/app.js in ts language service.
[INFO ] update /var/www/elearning/public/js/app.js in ts language service.
[INFO ] update /var/www/elearning/public/css/material-icons/codepoints.json in ts language service.
[INFO ] update /var/www/elearning/public/css/material-icons/codepoints.json in ts language service.
[INFO ] update /var/www/elearning/public/css/material-icons/codepoints.json in ts language service.
[Error - 9:56:17 PM] Request textDocument/documentHighlight failed.
  Message: Request textDocument/documentHighlight failed with message: Debug Failure.
  Code: -32603 
[Error - 9:56:18 PM] Request textDocument/documentHighlight failed.
  Message: Request textDocument/documentHighlight failed with message: Debug Failure.
  Code: -32603 
[INFO ] update /var/www/elearning/public/mix-manifest.json in ts language service.
[INFO ] update /var/www/elearning/public/mix-manifest.json in ts language service.
[INFO ] update /var/www/elearning/public/mix-manifest.json in ts language service.
[INFO ] update /var/www/elearning/public/js/chunks/12.js in ts language service.
[INFO ] update /var/www/elearning/public/js/chunks/12.js in ts language service.
[INFO ] update /var/www/elearning/public/js/chunks/12.js in ts language service.
[INFO ] update /var/www/elearning/public/css/material-icons/codepoints.json in ts language service.
[INFO ] update /var/www/elearning/public/css/material-icons/codepoints.json in ts language service.
[INFO ] update /var/www/elearning/public/css/material-icons/codepoints.json in ts language service.
[INFO ] update /var/www/elearning/public/mix-manifest.json in ts language service.
[INFO ] update /var/www/elearning/public/mix-manifest.json in ts language service.
[INFO ] update /var/www/elearning/public/mix-manifest.json in ts language service.
[INFO ] update /var/www/elearning/public/js/chunks/12.js in ts language service.
[INFO ] update /var/www/elearning/public/js/chunks/12.js in ts language service.
[INFO ] update /var/www/elearning/public/js/chunks/12.js in ts language service.
[INFO ] update /var/www/elearning/public/css/material-icons/codepoints.json in ts language service.
[INFO ] update /var/www/elearning/public/css/material-icons/codepoints.json in ts language service.
[INFO ] update /var/www/elearning/public/css/material-icons/codepoints.json in ts language service.
[Error - 10:09:16 PM] Request textDocument/documentHighlight failed.
  Message: Request textDocument/documentHighlight failed with message: Debug Failure.
  Code: -32603 
[Error - 10:09:24 PM] Request textDocument/documentHighlight failed.
  Message: Request textDocument/documentHighlight failed with message: Debug Failure.
  Code: -32603 
[Error - 10:09:24 PM] Request textDocument/documentHighlight failed.
  Message: Request textDocument/documentHighlight failed with message: Debug Failure.
  Code: -32603 
[Error - 10:09:30 PM] Request textDocument/documentHighlight failed.
  Message: Request textDocument/documentHighlight failed with message: Debug Failure.
  Code: -32603 
[Error - 10:09:30 PM] Request textDocument/documentHighlight failed.
  Message: Request textDocument/documentHighlight failed with message: Debug Failure.
  Code: -32603 
[Error - 10:09:46 PM] Request textDocument/documentHighlight failed.
  Message: Request textDocument/documentHighlight failed with message: Debug Failure.
  Code: -32603 
[Error - 10:09:46 PM] Request textDocument/documentHighlight failed.
  Message: Request textDocument/documentHighlight failed with message: Debug Failure.
  Code: -32603 
[INFO ] update /var/www/elearning/public/mix-manifest.json in ts language service.
[INFO ] update /var/www/elearning/public/mix-manifest.json in ts language service.
[INFO ] update /var/www/elearning/public/mix-manifest.json in ts language service.
[INFO ] update /var/www/elearning/public/js/chunks/12.js in ts language service.
[INFO ] update /var/www/elearning/public/js/chunks/12.js in ts language service.
[INFO ] update /var/www/elearning/public/js/chunks/12.js in ts language service.
[INFO ] update /var/www/elearning/public/css/material-icons/codepoints.json in ts language service.
[INFO ] update /var/www/elearning/public/css/material-icons/codepoints.json in ts language service.
[INFO ] update /var/www/elearning/public/css/material-icons/codepoints.json in ts language service.
[INFO ] update /var/www/elearning/public/mix-manifest.json in ts language service.
[INFO ] update /var/www/elearning/public/mix-manifest.json in ts language service.
[INFO ] update /var/www/elearning/public/mix-manifest.json in ts language service.
[INFO ] update /var/www/elearning/public/mix-manifest.json in ts language service.
[INFO ] update /var/www/elearning/public/mix-manifest.json in ts language service.
[INFO ] update /var/www/elearning/public/mix-manifest.json in ts language service.
[INFO ] update /var/www/elearning/public/js/chunks/12.js in ts language service.
[INFO ] update /var/www/elearning/public/js/chunks/12.js in ts language service.
[INFO ] update /var/www/elearning/public/js/chunks/12.js in ts language service.
[INFO ] update /var/www/elearning/public/css/material-icons/codepoints.json in ts language service.
[INFO ] update /var/www/elearning/public/css/material-icons/codepoints.json in ts language service.
[INFO ] update /var/www/elearning/public/css/material-icons/codepoints.json in ts language service.
[INFO ] update /var/www/elearning/public/mix-manifest.json in ts language service.
[INFO ] update /var/www/elearning/public/mix-manifest.json in ts language service.
[INFO ] update /var/www/elearning/public/mix-manifest.json in ts language service.
[INFO ] update /var/www/elearning/public/js/chunks/12.js in ts language service.
[INFO ] update /var/www/elearning/public/js/chunks/12.js in ts language service.
[INFO ] update /var/www/elearning/public/js/chunks/12.js in ts language service.
[INFO ] update /var/www/elearning/public/css/material-icons/codepoints.json in ts language service.
[INFO ] update /var/www/elearning/public/css/material-icons/codepoints.json in ts language service.
[INFO ] update /var/www/elearning/public/css/material-icons/codepoints.json in ts language service.
[INFO ] update /var/www/elearning/public/mix-manifest.json in ts language service.
[INFO ] update /var/www/elearning/public/mix-manifest.json in ts language service.
[INFO ] update /var/www/elearning/public/mix-manifest.json in ts language service.
[INFO ] update /var/www/elearning/public/css/material-icons/codepoints.json in ts language service.
[INFO ] update /var/www/elearning/public/css/material-icons/codepoints.json in ts language service.
[INFO ] update /var/www/elearning/public/css/material-icons/codepoints.json in ts language service.
